
     Program LD1       v.4.1    starts ...
     Today is 19Sep2009 at 15:17: 5 
     Message from routine scf:
     errors in KS equations
     --------------------------- All-electron run ----------------------------

     C-                                                                         

     atomic number is  6.00
     dft =LDA   lsd =1 sic =1 latt =0  beta=0.30 tr2=1.0E-14 fref=5.0E-01 rhobarfact=1.0E+00
     mesh =1551 r(mesh) = 100.30751 xmin = -6.00 dx = 0.00800
     1 Ry =  13.60569193 eV

     n l     nl                  e(Ry)          e(Ha)          e(eV)
     1 0     1S 1( 1.00)       -21.3489       -10.6744      -290.4662
     2 0     2S 1( 1.00)        -0.7095        -0.3548        -9.6533
     2 1     2P 1( 3.00)        -0.1003        -0.0502        -1.3650
     1 0     1S 2( 1.00)       -21.2394       -10.6197      -288.9770
     2 0     2S 2( 1.00)        -0.4150        -0.2075        -5.6462
     2 1     2P 2( 0.00)        -0.0000        -0.0000        -0.0000

     eps = 1.9E-15  iter = 47

     Etot =     -75.199825 Ry,     -37.599913 Ha,   -1023.145657 eV
     Total magnetization:    3.00 Bohr mag. 

     Ekin =      79.596208 Ry,      39.798104 Ha,    1082.961485 eV
     Encl =    -186.201455 Ry,     -93.100728 Ha,   -2533.399636 eV
     Eh   =      42.209959 Ry,      21.104979 Ha,     574.295693 eV
     Exc  =     -10.548167 Ry,      -5.274083 Ha,    -143.515110 eV

     SIC information:
     Esich=       0.000000 Ry,       0.000000 Ha,       0.000000 eV
     Esicxc=     -0.256370 Ry,      -0.128185 Ha,      -3.488089 eV
     Esictot=    -0.256370 Ry,      -0.128185 Ha,      -3.488089 eV

     tot-Exc=   -10.291797 Ry,      -5.145899 Ha,    -140.027021 eV
     int-Exc=   -10.804537 Ry,      -5.402268 Ha,    -147.003199 eV
     int-Eh=     42.209959 Ry,      21.104979 Ha,     574.295693 eV


     normalization and overlap integrals

     s(1S/1S) =  1.000000  <r> =   0.2633  <r2> =    0.0935  r(max) =   0.1707
     s(1S/2S) =  0.022830
     s(2S/2S) =  1.000000  <r> =   1.6074  <r2> =    3.1441  r(max) =   1.2315
     s(2P/2P) =  1.000000  <r> =   1.9312  <r2> =    5.0391  r(max) =   1.2120
     s(1S/1S) =  1.000000  <r> =   0.2623  <r2> =    0.0926  r(max) =   0.1707
     s(1S/2S) =  0.022677
     s(2S/2S) =  1.000000  <r> =   1.7085  <r2> =    3.6005  r(max) =   1.2716
     s(2P/2P) =  1.000000  <r> =   1.1192  <r2> =    1.5909  r(max) =   0.8189

     ------------------------ End of All-electron run ------------------------


     occupation(    3 ) =  2.000
     --------------------------- All-electron run ----------------------------

     C-                                                                         

     atomic number is  6.00
     dft =LDA   lsd =1 sic =1 latt =0  beta=0.30 tr2=1.0E-14 fref=5.0E-01 rhobarfact=1.0E+00
     mesh =1551 r(mesh) = 100.30751 xmin = -6.00 dx = 0.00800
     1 Ry =  13.60569193 eV

     n l     nl                  e(Ry)          e(Ha)          e(eV)
     1 0     1S 1( 1.00)       -21.3489       -10.6744      -290.4662
     2 0     2S 1( 1.00)        -0.7095        -0.3548        -9.6533
     2 1     2P 1( 2.00)        -0.1003        -0.0502        -1.3650
     1 0     1S 2( 1.00)       -21.2394       -10.6197      -288.9770
     2 0     2S 2( 1.00)        -0.4150        -0.2075        -5.6462
     2 1     2P 2( 0.00)        -0.0000        -0.0000        -0.0000

     eps = 1.9E-15  iter = 47

     Etot =     -75.100216 Ry,     -37.550108 Ha,   -1021.790398 eV
     Total magnetization:    2.00 Bohr mag. 

     Ekin =      77.343498 Ry,      38.671749 Ha,    1052.311810 eV
     Encl =    -177.398428 Ry,     -88.699214 Ha,   -2413.628355 eV
     Eh   =      34.792229 Ry,      17.396115 Ha,     473.372355 eV
     Exc  =      -9.576972 Ry,      -4.788486 Ha,    -130.301335 eV

     SIC information:
     Esich=       0.000000 Ry,       0.000000 Ha,       0.000000 eV
     Esicxc=     -0.260543 Ry,      -0.130272 Ha,      -3.544874 eV
     Esictot=    -0.260543 Ry,      -0.130272 Ha,      -3.544874 eV

     tot-Exc=    -9.316429 Ry,      -4.658214 Ha,    -126.756461 eV
     int-Exc=    -9.837516 Ry,      -4.918758 Ha,    -133.846208 eV
     int-Eh=     34.792229 Ry,      17.396115 Ha,     473.372355 eV


     normalization and overlap integrals

     s(1S/1S) =  1.000000  <r> =   0.2633  <r2> =    0.0935  r(max) =   0.1707
     s(1S/2S) =  0.022830
     s(2S/2S) =  1.000000  <r> =   1.6074  <r2> =    3.1441  r(max) =   1.2315
     s(2P/2P) =  1.000000  <r> =   1.9312  <r2> =    5.0391  r(max) =   1.2120
     s(1S/1S) =  1.000000  <r> =   0.2623  <r2> =    0.0926  r(max) =   0.1707
     s(1S/2S) =  0.022677
     s(2S/2S) =  1.000000  <r> =   1.7085  <r2> =    3.6005  r(max) =   1.2716
     s(2P/2P) =  1.000000  <r> =   1.1192  <r2> =    1.5909  r(max) =   0.8189

     ------------------------ End of All-electron run ------------------------


     occupation(    3 ) =  2.050
     --------------------------- All-electron run ----------------------------

     C-                                                                         

     atomic number is  6.00
     dft =LDA   lsd =1 sic =1 latt =0  beta=0.30 tr2=1.0E-14 fref=5.0E-01 rhobarfact=1.0E+00
     mesh =1551 r(mesh) = 100.30751 xmin = -6.00 dx = 0.00800
     1 Ry =  13.60569193 eV

     n l     nl                  e(Ry)          e(Ha)          e(eV)
     1 0     1S 1( 1.00)       -21.3489       -10.6744      -290.4662
     2 0     2S 1( 1.00)        -0.7095        -0.3548        -9.6533
     2 1     2P 1( 2.05)        -0.1003        -0.0502        -1.3650
     1 0     1S 2( 1.00)       -21.2394       -10.6197      -288.9770
     2 0     2S 2( 1.00)        -0.4150        -0.2075        -5.6462
     2 1     2P 2( 0.00)        -0.0000        -0.0000        -0.0000

     eps = 1.9E-15  iter = 47

     Etot =     -75.105153 Ry,     -37.552576 Ha,   -1021.857571 eV
     Total magnetization:    2.05 Bohr mag. 

     Ekin =      77.456134 Ry,      38.728067 Ha,    1053.844294 eV
     Encl =    -177.838579 Ry,     -88.919289 Ha,   -2419.616919 eV
     Eh   =      35.139921 Ry,      17.569961 Ha,     478.102941 eV
     Exc  =      -9.623760 Ry,      -4.811880 Ha,    -130.937908 eV

     SIC information:
     Esich=       0.023195 Ry,       0.011597 Ha,       0.315582 eV
     Esicxc=     -0.262064 Ry,      -0.131032 Ha,      -3.565560 eV
     Esictot=    -0.238869 Ry,      -0.119435 Ha,      -3.249978 eV

     tot-Exc=    -9.384891 Ry,      -4.692445 Ha,    -127.687930 eV
     int-Exc=    -9.885823 Ry,      -4.942912 Ha,    -134.503468 eV
     int-Eh=     35.163116 Ry,      17.581558 Ha,     478.418522 eV


     normalization and overlap integrals

     s(1S/1S) =  1.000000  <r> =   0.2633  <r2> =    0.0935  r(max) =   0.1707
     s(1S/2S) =  0.022830
     s(2S/2S) =  1.000000  <r> =   1.6074  <r2> =    3.1441  r(max) =   1.2315
     s(2P/2P) =  1.000000  <r> =   1.9312  <r2> =    5.0391  r(max) =   1.2120
     s(1S/1S) =  1.000000  <r> =   0.2623  <r2> =    0.0926  r(max) =   0.1707
     s(1S/2S) =  0.022677
     s(2S/2S) =  1.000000  <r> =   1.7085  <r2> =    3.6005  r(max) =   1.2716
     s(2P/2P) =  1.000000  <r> =   1.1192  <r2> =    1.5909  r(max) =   0.8189

     ------------------------ End of All-electron run ------------------------


     occupation(    3 ) =  2.100
     --------------------------- All-electron run ----------------------------

     C-                                                                         

     atomic number is  6.00
     dft =LDA   lsd =1 sic =1 latt =0  beta=0.30 tr2=1.0E-14 fref=5.0E-01 rhobarfact=1.0E+00
     mesh =1551 r(mesh) = 100.30751 xmin = -6.00 dx = 0.00800
     1 Ry =  13.60569193 eV

     n l     nl                  e(Ry)          e(Ha)          e(eV)
     1 0     1S 1( 1.00)       -21.3489       -10.6744      -290.4662
     2 0     2S 1( 1.00)        -0.7095        -0.3548        -9.6533
     2 1     2P 1( 2.10)        -0.1003        -0.0502        -1.3650
     1 0     1S 2( 1.00)       -21.2394       -10.6197      -288.9770
     2 0     2S 2( 1.00)        -0.4150        -0.2075        -5.6462
     2 1     2P 2( 0.00)        -0.0000        -0.0000        -0.0000

     eps = 1.9E-15  iter = 47

     Etot =     -75.110098 Ry,     -37.555049 Ha,   -1021.924850 eV
     Total magnetization:    2.10 Bohr mag. 

     Ekin =      77.568769 Ry,      38.784385 Ha,    1055.376777 eV
     Encl =    -178.278730 Ry,     -89.139365 Ha,   -2425.605483 eV
     Eh   =      35.490054 Ry,      17.745027 Ha,     482.866745 eV
     Exc  =      -9.670743 Ry,      -4.835371 Ha,    -131.577149 eV

     SIC information:
     Esich=       0.043948 Ry,       0.021974 Ha,       0.597944 eV
     Esicxc=     -0.263396 Ry,      -0.131698 Ha,      -3.583684 eV
     Esictot=    -0.219448 Ry,      -0.109724 Ha,      -2.985740 eV

     tot-Exc=    -9.451295 Ry,      -4.725648 Ha,    -128.591409 eV
     int-Exc=    -9.934139 Ry,      -4.967069 Ha,    -135.160833 eV
     int-Eh=     35.534002 Ry,      17.767001 Ha,     483.464689 eV


     normalization and overlap integrals

     s(1S/1S) =  1.000000  <r> =   0.2633  <r2> =    0.0935  r(max) =   0.1707
     s(1S/2S) =  0.022830
     s(2S/2S) =  1.000000  <r> =   1.6074  <r2> =    3.1441  r(max) =   1.2315
     s(2P/2P) =  1.000000  <r> =   1.9312  <r2> =    5.0391  r(max) =   1.2120
     s(1S/1S) =  1.000000  <r> =   0.2623  <r2> =    0.0926  r(max) =   0.1707
     s(1S/2S) =  0.022677
     s(2S/2S) =  1.000000  <r> =   1.7085  <r2> =    3.6005  r(max) =   1.2716
     s(2P/2P) =  1.000000  <r> =   1.1192  <r2> =    1.5909  r(max) =   0.8189

     ------------------------ End of All-electron run ------------------------


     occupation(    3 ) =  2.150
     --------------------------- All-electron run ----------------------------

     C-                                                                         

     atomic number is  6.00
     dft =LDA   lsd =1 sic =1 latt =0  beta=0.30 tr2=1.0E-14 fref=5.0E-01 rhobarfact=1.0E+00
     mesh =1551 r(mesh) = 100.30751 xmin = -6.00 dx = 0.00800
     1 Ry =  13.60569193 eV

     n l     nl                  e(Ry)          e(Ha)          e(eV)
     1 0     1S 1( 1.00)       -21.3489       -10.6744      -290.4662
     2 0     2S 1( 1.00)        -0.7095        -0.3548        -9.6533
     2 1     2P 1( 2.15)        -0.1003        -0.0502        -1.3650
     1 0     1S 2( 1.00)       -21.2394       -10.6197      -288.9770
     2 0     2S 2( 1.00)        -0.4150        -0.2075        -5.6462
     2 1     2P 2( 0.00)        -0.0000        -0.0000        -0.0000

     eps = 1.9E-15  iter = 47

     Etot =     -75.115042 Ry,     -37.557521 Ha,   -1021.992119 eV
     Total magnetization:    2.15 Bohr mag. 

     Ekin =      77.681405 Ry,      38.840702 Ha,    1056.909261 eV
     Encl =    -178.718882 Ry,     -89.359441 Ha,   -2431.594047 eV
     Eh   =      35.842629 Ry,      17.921315 Ha,     487.663769 eV
     Exc  =      -9.717921 Ry,      -4.858961 Ha,    -132.219044 eV

     SIC information:
     Esich=       0.062260 Ry,       0.031130 Ha,       0.847087 eV
     Esicxc=     -0.264532 Ry,      -0.132266 Ha,      -3.599145 eV
     Esictot=    -0.202273 Ry,      -0.101136 Ha,      -2.752058 eV

     tot-Exc=    -9.515649 Ry,      -4.757824 Ha,    -129.466986 eV
     int-Exc=    -9.982454 Ry,      -4.991227 Ha,    -135.818189 eV
     int-Eh=     35.904889 Ry,      17.952444 Ha,     488.510856 eV


     normalization and overlap integrals

     s(1S/1S) =  1.000000  <r> =   0.2633  <r2> =    0.0935  r(max) =   0.1707
     s(1S/2S) =  0.022830
     s(2S/2S) =  1.000000  <r> =   1.6074  <r2> =    3.1441  r(max) =   1.2315
     s(2P/2P) =  1.000000  <r> =   1.9312  <r2> =    5.0391  r(max) =   1.2120
     s(1S/1S) =  1.000000  <r> =   0.2623  <r2> =    0.0926  r(max) =   0.1707
     s(1S/2S) =  0.022677
     s(2S/2S) =  1.000000  <r> =   1.7085  <r2> =    3.6005  r(max) =   1.2716
     s(2P/2P) =  1.000000  <r> =   1.1192  <r2> =    1.5909  r(max) =   0.8189

     ------------------------ End of All-electron run ------------------------


     occupation(    3 ) =  2.200
     --------------------------- All-electron run ----------------------------

     C-                                                                         

     atomic number is  6.00
     dft =LDA   lsd =1 sic =1 latt =0  beta=0.30 tr2=1.0E-14 fref=5.0E-01 rhobarfact=1.0E+00
     mesh =1551 r(mesh) = 100.30751 xmin = -6.00 dx = 0.00800
     1 Ry =  13.60569193 eV

     n l     nl                  e(Ry)          e(Ha)          e(eV)
     1 0     1S 1( 1.00)       -21.3489       -10.6744      -290.4662
     2 0     2S 1( 1.00)        -0.7095        -0.3548        -9.6533
     2 1     2P 1( 2.20)        -0.1003        -0.0502        -1.3650
     1 0     1S 2( 1.00)       -21.2394       -10.6197      -288.9770
     2 0     2S 2( 1.00)        -0.4150        -0.2075        -5.6462
     2 1     2P 2( 0.00)        -0.0000        -0.0000        -0.0000

     eps = 1.9E-15  iter = 47

     Etot =     -75.119987 Ry,     -37.559994 Ha,   -1022.059405 eV
     Total magnetization:    2.20 Bohr mag. 

     Ekin =      77.794040 Ry,      38.897020 Ha,    1058.441745 eV
     Encl =    -179.159033 Ry,     -89.579517 Ha,   -2437.582611 eV
     Eh   =      36.197645 Ry,      18.098823 Ha,     492.494011 eV
     Exc  =      -9.765292 Ry,      -4.882646 Ha,    -132.863557 eV

     SIC information:
     Esich=       0.078130 Ry,       0.039065 Ha,       1.063012 eV
     Esicxc=     -0.265477 Ry,      -0.132739 Ha,      -3.612004 eV
     Esictot=    -0.187348 Ry,      -0.093674 Ha,      -2.548993 eV

     tot-Exc=    -9.577945 Ry,      -4.788972 Ha,    -130.314565 eV
     int-Exc=   -10.030770 Ry,      -5.015385 Ha,    -136.475562 eV
     int-Eh=     36.275775 Ry,      18.137888 Ha,     493.557023 eV


     normalization and overlap integrals

     s(1S/1S) =  1.000000  <r> =   0.2633  <r2> =    0.0935  r(max) =   0.1707
     s(1S/2S) =  0.022830
     s(2S/2S) =  1.000000  <r> =   1.6074  <r2> =    3.1441  r(max) =   1.2315
     s(2P/2P) =  1.000000  <r> =   1.9312  <r2> =    5.0391  r(max) =   1.2120
     s(1S/1S) =  1.000000  <r> =   0.2623  <r2> =    0.0926  r(max) =   0.1707
     s(1S/2S) =  0.022677
     s(2S/2S) =  1.000000  <r> =   1.7085  <r2> =    3.6005  r(max) =   1.2716
     s(2P/2P) =  1.000000  <r> =   1.1192  <r2> =    1.5909  r(max) =   0.8189

     ------------------------ End of All-electron run ------------------------


     occupation(    3 ) =  2.250
     --------------------------- All-electron run ----------------------------

     C-                                                                         

     atomic number is  6.00
     dft =LDA   lsd =1 sic =1 latt =0  beta=0.30 tr2=1.0E-14 fref=5.0E-01 rhobarfact=1.0E+00
     mesh =1551 r(mesh) = 100.30751 xmin = -6.00 dx = 0.00800
     1 Ry =  13.60569193 eV

     n l     nl                  e(Ry)          e(Ha)          e(eV)
     1 0     1S 1( 1.00)       -21.3489       -10.6744      -290.4662
     2 0     2S 1( 1.00)        -0.7095        -0.3548        -9.6533
     2 1     2P 1( 2.25)        -0.1003        -0.0502        -1.3650
     1 0     1S 2( 1.00)       -21.2394       -10.6197      -288.9770
     2 0     2S 2( 1.00)        -0.4150        -0.2075        -5.6462
     2 1     2P 2( 0.00)        -0.0000        -0.0000        -0.0000

     eps = 1.9E-15  iter = 47

     Etot =     -75.124945 Ry,     -37.562473 Ha,   -1022.126860 eV
     Total magnetization:    2.25 Bohr mag. 

     Ekin =      77.906676 Ry,      38.953338 Ha,    1059.974229 eV
     Encl =    -179.599185 Ry,     -89.799592 Ha,   -2443.571175 eV
     Eh   =      36.555103 Ry,      18.277552 Ha,     497.357473 eV
     Exc  =      -9.812854 Ry,      -4.906427 Ha,    -133.510675 eV

     SIC information:
     Esich=       0.091559 Ry,       0.045779 Ha,       1.245717 eV
     Esicxc=     -0.266244 Ry,      -0.133122 Ha,      -3.622428 eV
     Esictot=    -0.174685 Ry,      -0.087343 Ha,      -2.376711 eV

     tot-Exc=    -9.638169 Ry,      -4.819085 Ha,    -131.133964 eV
     int-Exc=   -10.079098 Ry,      -5.039549 Ha,    -137.133103 eV
     int-Eh=     36.646662 Ry,      18.323331 Ha,     498.603190 eV


     normalization and overlap integrals

     s(1S/1S) =  1.000000  <r> =   0.2633  <r2> =    0.0935  r(max) =   0.1707
     s(1S/2S) =  0.022830
     s(2S/2S) =  1.000000  <r> =   1.6074  <r2> =    3.1441  r(max) =   1.2315
     s(2P/2P) =  1.000000  <r> =   1.9312  <r2> =    5.0391  r(max) =   1.2120
     s(1S/1S) =  1.000000  <r> =   0.2623  <r2> =    0.0926  r(max) =   0.1707
     s(1S/2S) =  0.022677
     s(2S/2S) =  1.000000  <r> =   1.7085  <r2> =    3.6005  r(max) =   1.2716
     s(2P/2P) =  1.000000  <r> =   1.1192  <r2> =    1.5909  r(max) =   0.8189

     ------------------------ End of All-electron run ------------------------


     occupation(    3 ) =  2.300
     --------------------------- All-electron run ----------------------------

     C-                                                                         

     atomic number is  6.00
     dft =LDA   lsd =1 sic =1 latt =0  beta=0.30 tr2=1.0E-14 fref=5.0E-01 rhobarfact=1.0E+00
     mesh =1551 r(mesh) = 100.30751 xmin = -6.00 dx = 0.00800
     1 Ry =  13.60569193 eV

     n l     nl                  e(Ry)          e(Ha)          e(eV)
     1 0     1S 1( 1.00)       -21.3489       -10.6744      -290.4662
     2 0     2S 1( 1.00)        -0.7095        -0.3548        -9.6533
     2 1     2P 1( 2.30)        -0.1003        -0.0502        -1.3650
     1 0     1S 2( 1.00)       -21.2394       -10.6197      -288.9770
     2 0     2S 2( 1.00)        -0.4150        -0.2075        -5.6462
     2 1     2P 2( 0.00)        -0.0000        -0.0000        -0.0000

     eps = 1.9E-15  iter = 47

     Etot =     -75.129910 Ry,     -37.564955 Ha,   -1022.194415 eV
     Total magnetization:    2.30 Bohr mag. 

     Ekin =      78.019311 Ry,      39.009656 Ha,    1061.506712 eV
     Encl =    -180.039336 Ry,     -90.019668 Ha,   -2449.559739 eV
     Eh   =      36.915003 Ry,      18.457501 Ha,     502.254154 eV
     Exc  =      -9.860606 Ry,      -4.930303 Ha,    -134.160366 eV

     SIC information:
     Esich=       0.102546 Ry,       0.051273 Ha,       1.395203 eV
     Esicxc=     -0.266828 Ry,      -0.133414 Ha,      -3.630378 eV
     Esictot=    -0.164282 Ry,      -0.082141 Ha,      -2.235175 eV

     tot-Exc=    -9.696324 Ry,      -4.848162 Ha,    -131.925191 eV
     int-Exc=   -10.127434 Ry,      -5.063717 Ha,    -137.790745 eV
     int-Eh=     37.017548 Ry,      18.508774 Ha,     503.649357 eV


     normalization and overlap integrals

     s(1S/1S) =  1.000000  <r> =   0.2633  <r2> =    0.0935  r(max) =   0.1707
     s(1S/2S) =  0.022830
     s(2S/2S) =  1.000000  <r> =   1.6074  <r2> =    3.1441  r(max) =   1.2315
     s(2P/2P) =  1.000000  <r> =   1.9312  <r2> =    5.0391  r(max) =   1.2120
     s(1S/1S) =  1.000000  <r> =   0.2623  <r2> =    0.0926  r(max) =   0.1707
     s(1S/2S) =  0.022677
     s(2S/2S) =  1.000000  <r> =   1.7085  <r2> =    3.6005  r(max) =   1.2716
     s(2P/2P) =  1.000000  <r> =   1.1192  <r2> =    1.5909  r(max) =   0.8189

     ------------------------ End of All-electron run ------------------------


     occupation(    3 ) =  2.350
     --------------------------- All-electron run ----------------------------

     C-                                                                         

     atomic number is  6.00
     dft =LDA   lsd =1 sic =1 latt =0  beta=0.30 tr2=1.0E-14 fref=5.0E-01 rhobarfact=1.0E+00
     mesh =1551 r(mesh) = 100.30751 xmin = -6.00 dx = 0.00800
     1 Ry =  13.60569193 eV

     n l     nl                  e(Ry)          e(Ha)          e(eV)
     1 0     1S 1( 1.00)       -21.3489       -10.6744      -290.4662
     2 0     2S 1( 1.00)        -0.7095        -0.3548        -9.6533
     2 1     2P 1( 2.35)        -0.1003        -0.0502        -1.3650
     1 0     1S 2( 1.00)       -21.2394       -10.6197      -288.9770
     2 0     2S 2( 1.00)        -0.4150        -0.2075        -5.6462
     2 1     2P 2( 0.00)        -0.0000        -0.0000        -0.0000

     eps = 1.9E-15  iter = 47

     Etot =     -75.134878 Ry,     -37.567439 Ha,   -1022.262010 eV
     Total magnetization:    2.35 Bohr mag. 

     Ekin =      78.131947 Ry,      39.065973 Ha,    1063.039196 eV
     Encl =    -180.479487 Ry,     -90.239744 Ha,   -2455.548303 eV
     Eh   =      37.277344 Ry,      18.638672 Ha,     507.184054 eV
     Exc  =      -9.908545 Ry,      -4.954273 Ha,    -134.812617 eV

     SIC information:
     Esich=       0.111091 Ry,       0.055545 Ha,       1.511470 eV
     Esicxc=     -0.267227 Ry,      -0.133614 Ha,      -3.635810 eV
     Esictot=    -0.156136 Ry,      -0.078068 Ha,      -2.124340 eV

     tot-Exc=    -9.752409 Ry,      -4.876205 Ha,    -132.688277 eV
     int-Exc=   -10.175773 Ry,      -5.087886 Ha,    -138.448426 eV
     int-Eh=     37.388435 Ry,      18.694217 Ha,     508.695524 eV


     normalization and overlap integrals

     s(1S/1S) =  1.000000  <r> =   0.2633  <r2> =    0.0935  r(max) =   0.1707
     s(1S/2S) =  0.022830
     s(2S/2S) =  1.000000  <r> =   1.6074  <r2> =    3.1441  r(max) =   1.2315
     s(2P/2P) =  1.000000  <r> =   1.9312  <r2> =    5.0391  r(max) =   1.2120
     s(1S/1S) =  1.000000  <r> =   0.2623  <r2> =    0.0926  r(max) =   0.1707
     s(1S/2S) =  0.022677
     s(2S/2S) =  1.000000  <r> =   1.7085  <r2> =    3.6005  r(max) =   1.2716
     s(2P/2P) =  1.000000  <r> =   1.1192  <r2> =    1.5909  r(max) =   0.8189

     ------------------------ End of All-electron run ------------------------


     occupation(    3 ) =  2.400
     --------------------------- All-electron run ----------------------------

     C-                                                                         

     atomic number is  6.00
     dft =LDA   lsd =1 sic =1 latt =0  beta=0.30 tr2=1.0E-14 fref=5.0E-01 rhobarfact=1.0E+00
     mesh =1551 r(mesh) = 100.30751 xmin = -6.00 dx = 0.00800
     1 Ry =  13.60569193 eV

     n l     nl                  e(Ry)          e(Ha)          e(eV)
     1 0     1S 1( 1.00)       -21.3489       -10.6744      -290.4662
     2 0     2S 1( 1.00)        -0.7095        -0.3548        -9.6533
     2 1     2P 1( 2.40)        -0.1003        -0.0502        -1.3650
     1 0     1S 2( 1.00)       -21.2394       -10.6197      -288.9770
     2 0     2S 2( 1.00)        -0.4150        -0.2075        -5.6462
     2 1     2P 2( 0.00)        -0.0000        -0.0000        -0.0000

     eps = 1.9E-15  iter = 47

     Etot =     -75.139850 Ry,     -37.569925 Ha,   -1022.329649 eV
     Total magnetization:    2.40 Bohr mag. 

     Ekin =      78.244582 Ry,      39.122291 Ha,    1064.571680 eV
     Encl =    -180.919639 Ry,     -90.459819 Ha,   -2461.536867 eV
     Eh   =      37.642126 Ry,      18.821063 Ha,     512.147173 eV
     Exc  =      -9.956671 Ry,      -4.978335 Ha,    -135.467393 eV

     SIC information:
     Esich=       0.117195 Ry,       0.058597 Ha,       1.594518 eV
     Esicxc=     -0.267444 Ry,      -0.133722 Ha,      -3.638759 eV
     Esictot=    -0.150249 Ry,      -0.075125 Ha,      -2.044242 eV

     tot-Exc=    -9.806422 Ry,      -4.903211 Ha,    -133.423151 eV
     int-Exc=   -10.224114 Ry,      -5.112057 Ha,    -139.106152 eV
     int-Eh=     37.759321 Ry,      18.879661 Ha,     513.741690 eV


     normalization and overlap integrals

     s(1S/1S) =  1.000000  <r> =   0.2633  <r2> =    0.0935  r(max) =   0.1707
     s(1S/2S) =  0.022830
     s(2S/2S) =  1.000000  <r> =   1.6074  <r2> =    3.1441  r(max) =   1.2315
     s(2P/2P) =  1.000000  <r> =   1.9312  <r2> =    5.0391  r(max) =   1.2120
     s(1S/1S) =  1.000000  <r> =   0.2623  <r2> =    0.0926  r(max) =   0.1707
     s(1S/2S) =  0.022677
     s(2S/2S) =  1.000000  <r> =   1.7085  <r2> =    3.6005  r(max) =   1.2716
     s(2P/2P) =  1.000000  <r> =   1.1192  <r2> =    1.5909  r(max) =   0.8189

     ------------------------ End of All-electron run ------------------------


     occupation(    3 ) =  2.450
     --------------------------- All-electron run ----------------------------

     C-                                                                         

     atomic number is  6.00
     dft =LDA   lsd =1 sic =1 latt =0  beta=0.30 tr2=1.0E-14 fref=5.0E-01 rhobarfact=1.0E+00
     mesh =1551 r(mesh) = 100.30751 xmin = -6.00 dx = 0.00800
     1 Ry =  13.60569193 eV

     n l     nl                  e(Ry)          e(Ha)          e(eV)
     1 0     1S 1( 1.00)       -21.3489       -10.6744      -290.4662
     2 0     2S 1( 1.00)        -0.7095        -0.3548        -9.6533
     2 1     2P 1( 2.45)        -0.1003        -0.0502        -1.3650
     1 0     1S 2( 1.00)       -21.2394       -10.6197      -288.9770
     2 0     2S 2( 1.00)        -0.4150        -0.2075        -5.6462
     2 1     2P 2( 0.00)        -0.0000        -0.0000        -0.0000

     eps = 1.9E-15  iter = 47

     Etot =     -75.144826 Ry,     -37.572413 Ha,   -1022.397359 eV
     Total magnetization:    2.45 Bohr mag. 

     Ekin =      78.357218 Ry,      39.178609 Ha,    1066.104164 eV
     Encl =    -181.359790 Ry,     -90.679895 Ha,   -2467.525432 eV
     Eh   =      38.009350 Ry,      19.004675 Ha,     517.143511 eV
     Exc  =     -10.004981 Ry,      -5.002490 Ha,    -136.124685 eV

     SIC information:
     Esich=       0.120857 Ry,       0.060429 Ha,       1.644346 eV
     Esicxc=     -0.267481 Ry,      -0.133740 Ha,      -3.639264 eV
     Esictot=    -0.146624 Ry,      -0.073312 Ha,      -1.994917 eV

     tot-Exc=    -9.858357 Ry,      -4.929178 Ha,    -134.129768 eV
     int-Exc=   -10.272462 Ry,      -5.136231 Ha,    -139.763949 eV
     int-Eh=     38.130208 Ry,      19.065104 Ha,     518.787857 eV


     normalization and overlap integrals

     s(1S/1S) =  1.000000  <r> =   0.2633  <r2> =    0.0935  r(max) =   0.1707
     s(1S/2S) =  0.022830
     s(2S/2S) =  1.000000  <r> =   1.6074  <r2> =    3.1441  r(max) =   1.2315
     s(2P/2P) =  1.000000  <r> =   1.9312  <r2> =    5.0391  r(max) =   1.2120
     s(1S/1S) =  1.000000  <r> =   0.2623  <r2> =    0.0926  r(max) =   0.1707
     s(1S/2S) =  0.022677
     s(2S/2S) =  1.000000  <r> =   1.7085  <r2> =    3.6005  r(max) =   1.2716
     s(2P/2P) =  1.000000  <r> =   1.1192  <r2> =    1.5909  r(max) =   0.8189

     ------------------------ End of All-electron run ------------------------


     occupation(    3 ) =  2.500
     --------------------------- All-electron run ----------------------------

     C-                                                                         

     atomic number is  6.00
     dft =LDA   lsd =1 sic =1 latt =0  beta=0.30 tr2=1.0E-14 fref=5.0E-01 rhobarfact=1.0E+00
     mesh =1551 r(mesh) = 100.30751 xmin = -6.00 dx = 0.00800
     1 Ry =  13.60569193 eV

     n l     nl                  e(Ry)          e(Ha)          e(eV)
     1 0     1S 1( 1.00)       -21.3489       -10.6744      -290.4662
     2 0     2S 1( 1.00)        -0.7095        -0.3548        -9.6533
     2 1     2P 1( 2.50)        -0.1003        -0.0502        -1.3650
     1 0     1S 2( 1.00)       -21.2394       -10.6197      -288.9770
     2 0     2S 2( 1.00)        -0.4150        -0.2075        -5.6462
     2 1     2P 2( 0.00)        -0.0000        -0.0000        -0.0000

     eps = 1.9E-15  iter = 47

     Etot =     -75.149807 Ry,     -37.574903 Ha,   -1022.465116 eV
     Total magnetization:    2.50 Bohr mag. 

     Ekin =      78.469853 Ry,      39.234927 Ha,    1067.636648 eV
     Encl =    -181.799941 Ry,     -90.899971 Ha,   -2473.513996 eV
     Eh   =      38.379016 Ry,      19.189508 Ha,     522.173068 eV
     Exc  =     -10.053474 Ry,      -5.026737 Ha,    -136.784474 eV

     SIC information:
     Esich=       0.122078 Ry,       0.061039 Ha,       1.660956 eV
     Esicxc=     -0.267338 Ry,      -0.133669 Ha,      -3.637318 eV
     Esictot=    -0.145260 Ry,      -0.072630 Ha,      -1.976362 eV

     tot-Exc=    -9.908214 Ry,      -4.954107 Ha,    -134.808112 eV
     int-Exc=   -10.320812 Ry,      -5.160406 Ha,    -140.421792 eV
     int-Eh=     38.501094 Ry,      19.250547 Ha,     523.834024 eV


     normalization and overlap integrals

     s(1S/1S) =  1.000000  <r> =   0.2633  <r2> =    0.0935  r(max) =   0.1707
     s(1S/2S) =  0.022830
     s(2S/2S) =  1.000000  <r> =   1.6074  <r2> =    3.1441  r(max) =   1.2315
     s(2P/2P) =  1.000000  <r> =   1.9312  <r2> =    5.0391  r(max) =   1.2120
     s(1S/1S) =  1.000000  <r> =   0.2623  <r2> =    0.0926  r(max) =   0.1707
     s(1S/2S) =  0.022677
     s(2S/2S) =  1.000000  <r> =   1.7085  <r2> =    3.6005  r(max) =   1.2716
     s(2P/2P) =  1.000000  <r> =   1.1192  <r2> =    1.5909  r(max) =   0.8189

     ------------------------ End of All-electron run ------------------------


     occupation(    3 ) =  2.550
     --------------------------- All-electron run ----------------------------

     C-                                                                         

     atomic number is  6.00
     dft =LDA   lsd =1 sic =1 latt =0  beta=0.30 tr2=1.0E-14 fref=5.0E-01 rhobarfact=1.0E+00
     mesh =1551 r(mesh) = 100.30751 xmin = -6.00 dx = 0.00800
     1 Ry =  13.60569193 eV

     n l     nl                  e(Ry)          e(Ha)          e(eV)
     1 0     1S 1( 1.00)       -21.3489       -10.6744      -290.4662
     2 0     2S 1( 1.00)        -0.7095        -0.3548        -9.6533
     2 1     2P 1( 2.55)        -0.1003        -0.0502        -1.3650
     1 0     1S 2( 1.00)       -21.2394       -10.6197      -288.9770
     2 0     2S 2( 1.00)        -0.4150        -0.2075        -5.6462
     2 1     2P 2( 0.00)        -0.0000        -0.0000        -0.0000

     eps = 1.9E-15  iter = 47

     Etot =     -75.154797 Ry,     -37.577399 Ha,   -1022.533016 eV
     Total magnetization:    2.55 Bohr mag. 

     Ekin =      78.582489 Ry,      39.291244 Ha,    1069.169131 eV
     Encl =    -182.240093 Ry,     -91.120046 Ha,   -2479.502560 eV
     Eh   =      38.751123 Ry,      19.375562 Ha,     527.235845 eV
     Exc  =     -10.102149 Ry,      -5.051074 Ha,    -137.446726 eV

     SIC information:
     Esich=       0.120857 Ry,       0.060429 Ha,       1.644346 eV
     Esicxc=     -0.267024 Ry,      -0.133512 Ha,      -3.633053 eV
     Esictot=    -0.146167 Ry,      -0.073084 Ha,      -1.988706 eV

     tot-Exc=    -9.955982 Ry,      -4.977991 Ha,    -135.458020 eV
     int-Exc=   -10.369173 Ry,      -5.184587 Ha,    -141.079779 eV
     int-Eh=     38.871980 Ry,      19.435990 Ha,     528.880191 eV


     normalization and overlap integrals

     s(1S/1S) =  1.000000  <r> =   0.2633  <r2> =    0.0935  r(max) =   0.1707
     s(1S/2S) =  0.022830
     s(2S/2S) =  1.000000  <r> =   1.6074  <r2> =    3.1441  r(max) =   1.2315
     s(2P/2P) =  1.000000  <r> =   1.9312  <r2> =    5.0391  r(max) =   1.2120
     s(1S/1S) =  1.000000  <r> =   0.2623  <r2> =    0.0926  r(max) =   0.1707
     s(1S/2S) =  0.022677
     s(2S/2S) =  1.000000  <r> =   1.7085  <r2> =    3.6005  r(max) =   1.2716
     s(2P/2P) =  1.000000  <r> =   1.1192  <r2> =    1.5909  r(max) =   0.8189

     ------------------------ End of All-electron run ------------------------


     occupation(    3 ) =  2.600
     --------------------------- All-electron run ----------------------------

     C-                                                                         

     atomic number is  6.00
     dft =LDA   lsd =1 sic =1 latt =0  beta=0.30 tr2=1.0E-14 fref=5.0E-01 rhobarfact=1.0E+00
     mesh =1551 r(mesh) = 100.30751 xmin = -6.00 dx = 0.00800
     1 Ry =  13.60569193 eV

     n l     nl                  e(Ry)          e(Ha)          e(eV)
     1 0     1S 1( 1.00)       -21.3489       -10.6744      -290.4662
     2 0     2S 1( 1.00)        -0.7095        -0.3548        -9.6533
     2 1     2P 1( 2.60)        -0.1003        -0.0502        -1.3650
     1 0     1S 2( 1.00)       -21.2394       -10.6197      -288.9770
     2 0     2S 2( 1.00)        -0.4150        -0.2075        -5.6462
     2 1     2P 2( 0.00)        -0.0000        -0.0000        -0.0000

     eps = 1.9E-15  iter = 47

     Etot =     -75.159786 Ry,     -37.579893 Ha,   -1022.600895 eV
     Total magnetization:    2.60 Bohr mag. 

     Ekin =      78.695124 Ry,      39.347562 Ha,    1070.701615 eV
     Encl =    -182.680244 Ry,     -91.340122 Ha,   -2485.491124 eV
     Eh   =      39.125672 Ry,      19.562836 Ha,     532.331840 eV
     Exc  =     -10.151004 Ry,      -5.075502 Ha,    -138.111434 eV

     SIC information:
     Esich=       0.117195 Ry,       0.058597 Ha,       1.594518 eV
     Esicxc=     -0.266529 Ry,      -0.133264 Ha,      -3.626310 eV
     Esictot=    -0.149334 Ry,      -0.074667 Ha,      -2.031793 eV

     tot-Exc=   -10.001670 Ry,      -5.000835 Ha,    -136.079641 eV
     int-Exc=   -10.417533 Ry,      -5.208766 Ha,    -141.737745 eV
     int-Eh=     39.242867 Ry,      19.621433 Ha,     533.926358 eV


     normalization and overlap integrals

     s(1S/1S) =  1.000000  <r> =   0.2633  <r2> =    0.0935  r(max) =   0.1707
     s(1S/2S) =  0.022830
     s(2S/2S) =  1.000000  <r> =   1.6074  <r2> =    3.1441  r(max) =   1.2315
     s(2P/2P) =  1.000000  <r> =   1.9312  <r2> =    5.0391  r(max) =   1.2120
     s(1S/1S) =  1.000000  <r> =   0.2623  <r2> =    0.0926  r(max) =   0.1707
     s(1S/2S) =  0.022677
     s(2S/2S) =  1.000000  <r> =   1.7085  <r2> =    3.6005  r(max) =   1.2716
     s(2P/2P) =  1.000000  <r> =   1.1192  <r2> =    1.5909  r(max) =   0.8189

     ------------------------ End of All-electron run ------------------------


     occupation(    3 ) =  2.650
     --------------------------- All-electron run ----------------------------

     C-                                                                         

     atomic number is  6.00
     dft =LDA   lsd =1 sic =1 latt =0  beta=0.30 tr2=1.0E-14 fref=5.0E-01 rhobarfact=1.0E+00
     mesh =1551 r(mesh) = 100.30751 xmin = -6.00 dx = 0.00800
     1 Ry =  13.60569193 eV

     n l     nl                  e(Ry)          e(Ha)          e(eV)
     1 0     1S 1( 1.00)       -21.3489       -10.6744      -290.4662
     2 0     2S 1( 1.00)        -0.7095        -0.3548        -9.6533
     2 1     2P 1( 2.65)        -0.1003        -0.0502        -1.3650
     1 0     1S 2( 1.00)       -21.2394       -10.6197      -288.9770
     2 0     2S 2( 1.00)        -0.4150        -0.2075        -5.6462
     2 1     2P 2( 0.00)        -0.0000        -0.0000        -0.0000

     eps = 1.9E-15  iter = 47

     Etot =     -75.164769 Ry,     -37.582385 Ha,   -1022.668692 eV
     Total magnetization:    2.65 Bohr mag. 

     Ekin =      78.807760 Ry,      39.403880 Ha,    1072.234099 eV
     Encl =    -183.120396 Ry,     -91.560198 Ha,   -2491.479688 eV
     Eh   =      39.502662 Ry,      19.751331 Ha,     537.461055 eV
     Exc  =     -10.200038 Ry,      -5.100019 Ha,    -138.778579 eV

     SIC information:
     Esich=       0.111091 Ry,       0.055545 Ha,       1.511470 eV
     Esicxc=     -0.265848 Ry,      -0.132924 Ha,      -3.617049 eV
     Esictot=    -0.154757 Ry,      -0.077379 Ha,      -2.105579 eV

     tot-Exc=   -10.045281 Ry,      -5.022641 Ha,    -136.673001 eV
     int-Exc=   -10.465887 Ry,      -5.232943 Ha,    -142.395628 eV
     int-Eh=     39.613753 Ry,      19.806877 Ha,     538.972525 eV


     normalization and overlap integrals

     s(1S/1S) =  1.000000  <r> =   0.2633  <r2> =    0.0935  r(max) =   0.1707
     s(1S/2S) =  0.022830
     s(2S/2S) =  1.000000  <r> =   1.6074  <r2> =    3.1441  r(max) =   1.2315
     s(2P/2P) =  1.000000  <r> =   1.9312  <r2> =    5.0391  r(max) =   1.2120
     s(1S/1S) =  1.000000  <r> =   0.2623  <r2> =    0.0926  r(max) =   0.1707
     s(1S/2S) =  0.022677
     s(2S/2S) =  1.000000  <r> =   1.7085  <r2> =    3.6005  r(max) =   1.2716
     s(2P/2P) =  1.000000  <r> =   1.1192  <r2> =    1.5909  r(max) =   0.8189

     ------------------------ End of All-electron run ------------------------


     occupation(    3 ) =  2.700
     --------------------------- All-electron run ----------------------------

     C-                                                                         

     atomic number is  6.00
     dft =LDA   lsd =1 sic =1 latt =0  beta=0.30 tr2=1.0E-14 fref=5.0E-01 rhobarfact=1.0E+00
     mesh =1551 r(mesh) = 100.30751 xmin = -6.00 dx = 0.00800
     1 Ry =  13.60569193 eV

     n l     nl                  e(Ry)          e(Ha)          e(eV)
     1 0     1S 1( 1.00)       -21.3489       -10.6744      -290.4662
     2 0     2S 1( 1.00)        -0.7095        -0.3548        -9.6533
     2 1     2P 1( 2.70)        -0.1003        -0.0502        -1.3650
     1 0     1S 2( 1.00)       -21.2394       -10.6197      -288.9770
     2 0     2S 2( 1.00)        -0.4150        -0.2075        -5.6462
     2 1     2P 2( 0.00)        -0.0000        -0.0000        -0.0000

     eps = 1.9E-15  iter = 47

     Etot =     -75.169772 Ry,     -37.584886 Ha,   -1022.736760 eV
     Total magnetization:    2.70 Bohr mag. 

     Ekin =      78.920395 Ry,      39.460198 Ha,    1073.766583 eV
     Encl =    -183.560547 Ry,     -91.780273 Ha,   -2497.468252 eV
     Eh   =      39.882094 Ry,      19.941047 Ha,     542.623489 eV
     Exc  =     -10.249249 Ry,      -5.124625 Ha,    -139.448128 eV

     SIC information:
     Esich=       0.102546 Ry,       0.051273 Ha,       1.395203 eV
     Esicxc=     -0.265011 Ry,      -0.132505 Ha,      -3.605654 eV
     Esictot=    -0.162465 Ry,      -0.081233 Ha,      -2.210451 eV

     tot-Exc=   -10.086784 Ry,      -5.043392 Ha,    -137.237678 eV
     int-Exc=   -10.514260 Ry,      -5.257130 Ha,    -143.053782 eV
     int-Eh=     39.984640 Ry,      19.992320 Ha,     544.018692 eV


     normalization and overlap integrals

     s(1S/1S) =  1.000000  <r> =   0.2633  <r2> =    0.0935  r(max) =   0.1707
     s(1S/2S) =  0.022830
     s(2S/2S) =  1.000000  <r> =   1.6074  <r2> =    3.1441  r(max) =   1.2315
     s(2P/2P) =  1.000000  <r> =   1.9312  <r2> =    5.0391  r(max) =   1.2120
     s(1S/1S) =  1.000000  <r> =   0.2623  <r2> =    0.0926  r(max) =   0.1707
     s(1S/2S) =  0.022677
     s(2S/2S) =  1.000000  <r> =   1.7085  <r2> =    3.6005  r(max) =   1.2716
     s(2P/2P) =  1.000000  <r> =   1.1192  <r2> =    1.5909  r(max) =   0.8189

     ------------------------ End of All-electron run ------------------------


     occupation(    3 ) =  2.750
     --------------------------- All-electron run ----------------------------

     C-                                                                         

     atomic number is  6.00
     dft =LDA   lsd =1 sic =1 latt =0  beta=0.30 tr2=1.0E-14 fref=5.0E-01 rhobarfact=1.0E+00
     mesh =1551 r(mesh) = 100.30751 xmin = -6.00 dx = 0.00800
     1 Ry =  13.60569193 eV

     n l     nl                  e(Ry)          e(Ha)          e(eV)
     1 0     1S 1( 1.00)       -21.3489       -10.6744      -290.4662
     2 0     2S 1( 1.00)        -0.7095        -0.3548        -9.6533
     2 1     2P 1( 2.75)        -0.1003        -0.0502        -1.3650
     1 0     1S 2( 1.00)       -21.2394       -10.6197      -288.9770
     2 0     2S 2( 1.00)        -0.4150        -0.2075        -5.6462
     2 1     2P 2( 0.00)        -0.0000        -0.0000        -0.0000

     eps = 1.9E-15  iter = 47

     Etot =     -75.174771 Ry,     -37.587386 Ha,   -1022.804779 eV
     Total magnetization:    2.75 Bohr mag. 

     Ekin =      79.033031 Ry,      39.516515 Ha,    1075.299066 eV
     Encl =    -184.000698 Ry,     -92.000349 Ha,   -2503.456816 eV
     Eh   =      40.263968 Ry,      20.131984 Ha,     547.819142 eV
     Exc  =     -10.298637 Ry,      -5.149318 Ha,    -140.120077 eV

     SIC information:
     Esich=       0.091559 Ry,       0.045779 Ha,       1.245717 eV
     Esicxc=     -0.263993 Ry,      -0.131997 Ha,      -3.591811 eV
     Esictot=    -0.172435 Ry,      -0.086217 Ha,      -2.346094 eV

     tot-Exc=   -10.126202 Ry,      -5.063101 Ha,    -137.773982 eV
     int-Exc=   -10.562630 Ry,      -5.281315 Ha,    -143.711888 eV
     int-Eh=     40.355526 Ry,      20.177763 Ha,     549.064859 eV


     normalization and overlap integrals

     s(1S/1S) =  1.000000  <r> =   0.2633  <r2> =    0.0935  r(max) =   0.1707
     s(1S/2S) =  0.022830
     s(2S/2S) =  1.000000  <r> =   1.6074  <r2> =    3.1441  r(max) =   1.2315
     s(2P/2P) =  1.000000  <r> =   1.9312  <r2> =    5.0391  r(max) =   1.2120
     s(1S/1S) =  1.000000  <r> =   0.2623  <r2> =    0.0926  r(max) =   0.1707
     s(1S/2S) =  0.022677
     s(2S/2S) =  1.000000  <r> =   1.7085  <r2> =    3.6005  r(max) =   1.2716
     s(2P/2P) =  1.000000  <r> =   1.1192  <r2> =    1.5909  r(max) =   0.8189

     ------------------------ End of All-electron run ------------------------


     occupation(    3 ) =  2.800
     --------------------------- All-electron run ----------------------------

     C-                                                                         

     atomic number is  6.00
     dft =LDA   lsd =1 sic =1 latt =0  beta=0.30 tr2=1.0E-14 fref=5.0E-01 rhobarfact=1.0E+00
     mesh =1551 r(mesh) = 100.30751 xmin = -6.00 dx = 0.00800
     1 Ry =  13.60569193 eV

     n l     nl                  e(Ry)          e(Ha)          e(eV)
     1 0     1S 1( 1.00)       -21.3489       -10.6744      -290.4662
     2 0     2S 1( 1.00)        -0.7095        -0.3548        -9.6533
     2 1     2P 1( 2.80)        -0.1003        -0.0502        -1.3650
     1 0     1S 2( 1.00)       -21.2394       -10.6197      -288.9770
     2 0     2S 2( 1.00)        -0.4150        -0.2075        -5.6462
     2 1     2P 2( 0.00)        -0.0000        -0.0000        -0.0000

     eps = 1.9E-15  iter = 47

     Etot =     -75.179772 Ry,     -37.589886 Ha,   -1022.872814 eV
     Total magnetization:    2.80 Bohr mag. 

     Ekin =      79.145666 Ry,      39.572833 Ha,    1076.831550 eV
     Encl =    -184.440850 Ry,     -92.220425 Ha,   -2509.445380 eV
     Eh   =      40.648283 Ry,      20.324141 Ha,     553.048014 eV
     Exc  =     -10.348199 Ry,      -5.174099 Ha,    -140.794407 eV

     SIC information:
     Esich=       0.078130 Ry,       0.039065 Ha,       1.063012 eV
     Esicxc=     -0.262802 Ry,      -0.131401 Ha,      -3.575602 eV
     Esictot=    -0.184672 Ry,      -0.092336 Ha,      -2.512591 eV

     tot-Exc=   -10.163527 Ry,      -5.081763 Ha,    -138.281816 eV
     int-Exc=   -10.611001 Ry,      -5.305500 Ha,    -144.370009 eV
     int-Eh=     40.726413 Ry,      20.363206 Ha,     554.111025 eV


     normalization and overlap integrals

     s(1S/1S) =  1.000000  <r> =   0.2633  <r2> =    0.0935  r(max) =   0.1707
     s(1S/2S) =  0.022830
     s(2S/2S) =  1.000000  <r> =   1.6074  <r2> =    3.1441  r(max) =   1.2315
     s(2P/2P) =  1.000000  <r> =   1.9312  <r2> =    5.0391  r(max) =   1.2120
     s(1S/1S) =  1.000000  <r> =   0.2623  <r2> =    0.0926  r(max) =   0.1707
     s(1S/2S) =  0.022677
     s(2S/2S) =  1.000000  <r> =   1.7085  <r2> =    3.6005  r(max) =   1.2716
     s(2P/2P) =  1.000000  <r> =   1.1192  <r2> =    1.5909  r(max) =   0.8189

     ------------------------ End of All-electron run ------------------------


     occupation(    3 ) =  2.850
     --------------------------- All-electron run ----------------------------

     C-                                                                         

     atomic number is  6.00
     dft =LDA   lsd =1 sic =1 latt =0  beta=0.30 tr2=1.0E-14 fref=5.0E-01 rhobarfact=1.0E+00
     mesh =1551 r(mesh) = 100.30751 xmin = -6.00 dx = 0.00800
     1 Ry =  13.60569193 eV

     n l     nl                  e(Ry)          e(Ha)          e(eV)
     1 0     1S 1( 1.00)       -21.3489       -10.6744      -290.4662
     2 0     2S 1( 1.00)        -0.7095        -0.3548        -9.6533
     2 1     2P 1( 2.85)        -0.1003        -0.0502        -1.3650
     1 0     1S 2( 1.00)       -21.2394       -10.6197      -288.9770
     2 0     2S 2( 1.00)        -0.4150        -0.2075        -5.6462
     2 1     2P 2( 0.00)        -0.0000        -0.0000        -0.0000

     eps = 1.9E-15  iter = 47

     Etot =     -75.184781 Ry,     -37.592390 Ha,   -1022.940965 eV
     Total magnetization:    2.85 Bohr mag. 

     Ekin =      79.258302 Ry,      39.629151 Ha,    1078.364034 eV
     Encl =    -184.881001 Ry,     -92.440501 Ha,   -2515.433944 eV
     Eh   =      41.035039 Ry,      20.517520 Ha,     558.310105 eV
     Exc  =     -10.397934 Ry,      -5.198967 Ha,    -141.471085 eV

     SIC information:
     Esich=       0.062260 Ry,       0.031130 Ha,       0.847087 eV
     Esicxc=     -0.261447 Ry,      -0.130723 Ha,      -3.557162 eV
     Esictot=    -0.199187 Ry,      -0.099593 Ha,      -2.710074 eV

     tot-Exc=   -10.198747 Ry,      -5.099374 Ha,    -138.761010 eV
     int-Exc=   -10.659380 Ry,      -5.329690 Ha,    -145.028247 eV
     int-Eh=     41.097299 Ry,      20.548650 Ha,     559.157192 eV


     normalization and overlap integrals

     s(1S/1S) =  1.000000  <r> =   0.2633  <r2> =    0.0935  r(max) =   0.1707
     s(1S/2S) =  0.022830
     s(2S/2S) =  1.000000  <r> =   1.6074  <r2> =    3.1441  r(max) =   1.2315
     s(2P/2P) =  1.000000  <r> =   1.9312  <r2> =    5.0391  r(max) =   1.2120
     s(1S/1S) =  1.000000  <r> =   0.2623  <r2> =    0.0926  r(max) =   0.1707
     s(1S/2S) =  0.022677
     s(2S/2S) =  1.000000  <r> =   1.7085  <r2> =    3.6005  r(max) =   1.2716
     s(2P/2P) =  1.000000  <r> =   1.1192  <r2> =    1.5909  r(max) =   0.8189

     ------------------------ End of All-electron run ------------------------


     occupation(    3 ) =  2.900
     --------------------------- All-electron run ----------------------------

     C-                                                                         

     atomic number is  6.00
     dft =LDA   lsd =1 sic =1 latt =0  beta=0.30 tr2=1.0E-14 fref=5.0E-01 rhobarfact=1.0E+00
     mesh =1551 r(mesh) = 100.30751 xmin = -6.00 dx = 0.00800
     1 Ry =  13.60569193 eV

     n l     nl                  e(Ry)          e(Ha)          e(eV)
     1 0     1S 1( 1.00)       -21.3489       -10.6744      -290.4662
     2 0     2S 1( 1.00)        -0.7095        -0.3548        -9.6533
     2 1     2P 1( 2.90)        -0.1003        -0.0502        -1.3650
     1 0     1S 2( 1.00)       -21.2394       -10.6197      -288.9770
     2 0     2S 2( 1.00)        -0.4150        -0.2075        -5.6462
     2 1     2P 2( 0.00)        -0.0000        -0.0000        -0.0000

     eps = 1.9E-15  iter = 47

     Etot =     -75.189793 Ry,     -37.594897 Ha,   -1023.009165 eV
     Total magnetization:    2.90 Bohr mag. 

     Ekin =      79.370937 Ry,      39.685469 Ha,    1079.896518 eV
     Encl =    -185.321152 Ry,     -92.660576 Ha,   -2521.422508 eV
     Eh   =      41.424238 Ry,      20.712119 Ha,     563.605415 eV
     Exc  =     -10.447841 Ry,      -5.223921 Ha,    -142.150109 eV

     SIC information:
     Esich=       0.043948 Ry,       0.021974 Ha,       0.597944 eV
     Esicxc=     -0.259922 Ry,      -0.129961 Ha,      -3.536424 eV
     Esictot=    -0.215974 Ry,      -0.107987 Ha,      -2.938480 eV

     tot-Exc=   -10.231867 Ry,      -5.115933 Ha,    -139.211628 eV
     int-Exc=   -10.707764 Ry,      -5.353882 Ha,    -145.686533 eV
     int-Eh=     41.468186 Ry,      20.734093 Ha,     564.203359 eV


     normalization and overlap integrals

     s(1S/1S) =  1.000000  <r> =   0.2633  <r2> =    0.0935  r(max) =   0.1707
     s(1S/2S) =  0.022830
     s(2S/2S) =  1.000000  <r> =   1.6074  <r2> =    3.1441  r(max) =   1.2315
     s(2P/2P) =  1.000000  <r> =   1.9312  <r2> =    5.0391  r(max) =   1.2120
     s(1S/1S) =  1.000000  <r> =   0.2623  <r2> =    0.0926  r(max) =   0.1707
     s(1S/2S) =  0.022677
     s(2S/2S) =  1.000000  <r> =   1.7085  <r2> =    3.6005  r(max) =   1.2716
     s(2P/2P) =  1.000000  <r> =   1.1192  <r2> =    1.5909  r(max) =   0.8189

     ------------------------ End of All-electron run ------------------------


     occupation(    3 ) =  2.950
     --------------------------- All-electron run ----------------------------

     C-                                                                         

     atomic number is  6.00
     dft =LDA   lsd =1 sic =1 latt =0  beta=0.30 tr2=1.0E-14 fref=5.0E-01 rhobarfact=1.0E+00
     mesh =1551 r(mesh) = 100.30751 xmin = -6.00 dx = 0.00800
     1 Ry =  13.60569193 eV

     n l     nl                  e(Ry)          e(Ha)          e(eV)
     1 0     1S 1( 1.00)       -21.3489       -10.6744      -290.4662
     2 0     2S 1( 1.00)        -0.7095        -0.3548        -9.6533
     2 1     2P 1( 2.95)        -0.1003        -0.0502        -1.3650
     1 0     1S 2( 1.00)       -21.2394       -10.6197      -288.9770
     2 0     2S 2( 1.00)        -0.4150        -0.2075        -5.6462
     2 1     2P 2( 0.00)        -0.0000        -0.0000        -0.0000

     eps = 1.9E-15  iter = 47

     Etot =     -75.194804 Ry,     -37.597402 Ha,   -1023.077342 eV
     Total magnetization:    2.95 Bohr mag. 

     Ekin =      79.483573 Ry,      39.741786 Ha,    1081.429001 eV
     Encl =    -185.761304 Ry,     -92.880652 Ha,   -2527.411072 eV
     Eh   =      41.815877 Ry,      20.907939 Ha,     568.933944 eV
     Exc  =     -10.497920 Ry,      -5.248960 Ha,    -142.831462 eV

     SIC information:
     Esich=       0.023195 Ry,       0.011597 Ha,       0.315582 eV
     Esicxc=     -0.258225 Ry,      -0.129113 Ha,      -3.513336 eV
     Esictot=    -0.235031 Ry,      -0.117515 Ha,      -3.197754 eV

     tot-Exc=   -10.262889 Ry,      -5.131445 Ha,    -139.633708 eV
     int-Exc=   -10.756145 Ry,      -5.378073 Ha,    -146.344798 eV
     int-Eh=     41.839072 Ry,      20.919536 Ha,     569.249526 eV


     normalization and overlap integrals

     s(1S/1S) =  1.000000  <r> =   0.2633  <r2> =    0.0935  r(max) =   0.1707
     s(1S/2S) =  0.022830
     s(2S/2S) =  1.000000  <r> =   1.6074  <r2> =    3.1441  r(max) =   1.2315
     s(2P/2P) =  1.000000  <r> =   1.9312  <r2> =    5.0391  r(max) =   1.2120
     s(1S/1S) =  1.000000  <r> =   0.2623  <r2> =    0.0926  r(max) =   0.1707
     s(1S/2S) =  0.022677
     s(2S/2S) =  1.000000  <r> =   1.7085  <r2> =    3.6005  r(max) =   1.2716
     s(2P/2P) =  1.000000  <r> =   1.1192  <r2> =    1.5909  r(max) =   0.8189

     ------------------------ End of All-electron run ------------------------


     occupation(    3 ) =  3.000
     --------------------------- All-electron run ----------------------------

     C-                                                                         

     atomic number is  6.00
     dft =LDA   lsd =1 sic =1 latt =0  beta=0.30 tr2=1.0E-14 fref=5.0E-01 rhobarfact=1.0E+00
     mesh =1551 r(mesh) = 100.30751 xmin = -6.00 dx = 0.00800
     1 Ry =  13.60569193 eV

     n l     nl                  e(Ry)          e(Ha)          e(eV)
     1 0     1S 1( 1.00)       -21.3489       -10.6744      -290.4662
     2 0     2S 1( 1.00)        -0.7095        -0.3548        -9.6533
     2 1     2P 1( 3.00)        -0.1003        -0.0502        -1.3650
     1 0     1S 2( 1.00)       -21.2394       -10.6197      -288.9770
     2 0     2S 2( 1.00)        -0.4150        -0.2075        -5.6462
     2 1     2P 2( 0.00)        -0.0000        -0.0000        -0.0000

     eps = 1.9E-15  iter = 47

     Etot =     -75.199825 Ry,     -37.599913 Ha,   -1023.145658 eV
     Total magnetization:    3.00 Bohr mag. 

     Ekin =      79.596208 Ry,      39.798104 Ha,    1082.961485 eV
     Encl =    -186.201455 Ry,     -93.100728 Ha,   -2533.399636 eV
     Eh   =      42.209959 Ry,      21.104979 Ha,     574.295693 eV
     Exc  =     -10.548167 Ry,      -5.274083 Ha,    -143.515110 eV

     SIC information:
     Esich=       0.000000 Ry,       0.000000 Ha,       0.000000 eV
     Esicxc=     -0.256370 Ry,      -0.128185 Ha,      -3.488089 eV
     Esictot=    -0.256370 Ry,      -0.128185 Ha,      -3.488089 eV

     tot-Exc=   -10.291797 Ry,      -5.145899 Ha,    -140.027021 eV
     int-Exc=   -10.804537 Ry,      -5.402268 Ha,    -147.003199 eV
     int-Eh=     42.209959 Ry,      21.104979 Ha,     574.295693 eV


     normalization and overlap integrals

     s(1S/1S) =  1.000000  <r> =   0.2633  <r2> =    0.0935  r(max) =   0.1707
     s(1S/2S) =  0.022830
     s(2S/2S) =  1.000000  <r> =   1.6074  <r2> =    3.1441  r(max) =   1.2315
     s(2P/2P) =  1.000000  <r> =   1.9312  <r2> =    5.0391  r(max) =   1.2120
     s(1S/1S) =  1.000000  <r> =   0.2623  <r2> =    0.0926  r(max) =   0.1707
     s(1S/2S) =  0.022677
     s(2S/2S) =  1.000000  <r> =   1.7085  <r2> =    3.6005  r(max) =   1.2716
     s(2P/2P) =  1.000000  <r> =   1.1192  <r2> =    1.5909  r(max) =   0.8189

     ------------------------ End of All-electron run ------------------------

