  _
 | | _____   ___  _ __  _ __ ___   __ _ _ __  ___
 | |/ / _ \ / _ \| '_ \| '_ ` _ \ / _` | '_ \/ __|
 |   < (_) | (_) | |_) | | | | | | (_| | | | \__ \ 
 |_|\_\___/ \___/| .__/|_| |_| |_|\__,_|_| |_|___/
                 |_|

 Koopmans spectral functional calculations with Quantum ESPRESSO

 version 1.0.0b6

 Written by Edward Linscott, Riccardo De Gennaro, and Nicola Colonna

 Please cite the papers listed in si.bib in work involving this calculation
UserWarning: Makov-Payne corrections are not being used; do this with caution for periodic systems
UserWarning: eps_inf missing in input; it will default to 1.0. Proceed with caution for periodic systems; consider setting eps_inf == "auto" to calculate it automatically.

  Initialization of density and variational orbitals
  ==================================================

   Wannierization
   ==============
    Running wannier/scf... done
    Running wannier/nscf... done
    Running wannier/block_1/wann_preproc... done
    Running wannier/block_1/pw2wan... done
    Running wannier/block_1/wann... done
    Running wannier/block_2/wann_preproc... done
    Running wannier/block_2/pw2wan... done
    Running wannier/block_2/wann... done

   Folding to supercell
   --------------------
    Running block_1/w2kcp... done
    Running block_2/w2kcp... done
   Running init/dft_dummy...UserWarning: Small box parameters "nrb" not provided in input: these will be automatically set to safe default values. These values can probably be decreased, but this would require convergence tests.
   Estimated real mesh dimension (nr1, nr2, nr3) = 72 72 72 
   Small box mesh dimension (nr1b, nr2b, nr3b) = 30 30 30

 done
   Running init/dft_init... done

  Calculating screening parameters
  ================================
   Running calc_alpha/ki... done

  Orbitals 1-31
  -------------
   Skipping; will use the screening parameter of an equivalent orbital

  Orbital 32
  ----------
   Running calc_alpha/orbital_32/dft_n-1... done

  Orbital 33
  ----------
   Running calc_alpha/orbital_33/pz_print... done
   Running calc_alpha/orbital_33/dft_n+1_dummy... done
   Running calc_alpha/orbital_33/dft_n+1... done

  Orbitals 34-64
  --------------
   Skipping; will use the screening parameter of an equivalent orbital
   
   alpha
            1         2         3   ...        62        63        64
   0  0.077000  0.077000  0.077000  ...  0.077000  0.077000  0.077000
   1  0.133006  0.133006  0.133006  ...  0.040426  0.040426  0.040426
   
   [2 rows x 64 columns]
   
   Delta E_i - epsilon_i (eV)
            1         2         3   ...        62        63        64
   0 -0.311868 -0.311868 -0.311868  ... -0.113774 -0.113774 -0.113774
   
   [1 rows x 64 columns]

   Screening parameters have been converged

  Final KI calculation
  ====================
   Running final/ki_final...UserWarning: Small box parameters "nrb" not provided in input: these will be automatically set to safe default values. These values can probably be decreased, but this would require convergence tests.
   Estimated real mesh dimension (nr1, nr2, nr3) = 72 72 72 
   Small box mesh dimension (nr1b, nr2b, nr3b) = 30 30 30

 done

  
  Postprocessing
  ===============

    Wannierization
    ==============
     Running wannier/scf... done
     Running wannier/nscf... done
     Running wannier/block_1/wann_preproc... done
     Running wannier/block_1/pw2wan... done
     Running wannier/block_1/wann... done
     Running wannier/block_2/wann_preproc... done
     Running wannier/block_2/pw2wan... done
     Running wannier/block_2/wann... done
     Running wannier/bands... done
     Running pdos/projwfc... done
    Running occ/ki... done
    Running emp/ki... done

 Workflow complete
