  _
 | | _____   ___  _ __  _ __ ___   __ _ _ __  ___
 | |/ / _ \ / _ \| '_ \| '_ ` _ \ / _` | '_ \/ __|
 |   < (_) | (_) | |_) | | | | | | (_| | | | \__ \ 
 |_|\_\___/ \___/| .__/|_| |_| |_|\__,_|_| |_|___/
                 |_|

 Koopmans spectral functional calculations with Quantum ESPRESSO

 version 1.0.0b3

 Written by Edward Linscott, Riccardo De Gennaro, and Nicola Colonna

 Please cite the papers listed in si.bib in work involving this calculation

 Wannierization
 ==============
  Running wannier/scf... done
  Running wannier/nscf... done
  Running wannier/block_1/wann_preproc... done
  Running wannier/block_1/pw2wan... done
  Running wannier/block_1/wann... done
  Running wannier/block_2/wann_preproc... done
  Running wannier/block_2/pw2wan... done
  Running wannier/block_2/wann... done
  Running wannier/bands... done
  Running pdos/projwfc... done

 Workflow complete
