This is pdfeTeX, Version 3.141592-1.21a-2.2 (Web2C 7.5.4) (format=pdflatex 2008.1.7)  19 JUL 2009 12:19
entering extended mode
**user_guide.tex
(./user_guide.tex
LaTeX2e <2003/12/01>
Babel <v3.8d> and hyphenation patterns for american, french, german, ngerman, b
ahasa, basque, bulgarian, catalan, croatian, czech, danish, dutch, esperanto, e
stonian, finnish, greek, icelandic, irish, italian, latin, magyar, norsk, polis
h, portuges, romanian, russian, serbian, slovak, slovene, spanish, swedish, tur
kish, ukrainian, nohyphenation, loaded.
(/usr/share/texmf/tex/latex/base/article.cls
Document Class: article 2004/02/16 v1.4f Standard LaTeX document class
(/usr/share/texmf/tex/latex/base/size12.clo
File: size12.clo 2004/02/16 v1.4f Standard LaTeX file (size option)
)
\c@part=\count79
\c@section=\count80
\c@subsection=\count81
\c@subsubsection=\count82
\c@paragraph=\count83
\c@subparagraph=\count84
\c@figure=\count85
\c@table=\count86
\abovecaptionskip=\skip41
\belowcaptionskip=\skip42
\bibindent=\dimen102
)
(/usr/share/texmf/tex/latex/graphics/epsfig.sty
Package: epsfig 1999/02/16 v1.7a (e)psfig emulation (SPQR)

(/usr/share/texmf/tex/latex/graphics/graphicx.sty
Package: graphicx 1999/02/16 v1.0f Enhanced LaTeX Graphics (DPC,SPQR)

(/usr/share/texmf/tex/latex/graphics/keyval.sty
Package: keyval 1999/03/16 v1.13 key=value parser (DPC)
\KV@toks@=\toks14
)
(/usr/share/texmf/tex/latex/graphics/graphics.sty
Package: graphics 2001/07/07 v1.0n Standard LaTeX Graphics (DPC,SPQR)

(/usr/share/texmf/tex/latex/graphics/trig.sty
Package: trig 1999/03/16 v1.09 sin cos tan (DPC)
)
(/usr/share/texmf/tex/latex/graphics/graphics.cfg
File: graphics.cfg 2005/02/03 v1.3 graphics configuration of teTeX/TeXLive
)
Package graphics Info: Driver file: pdftex.def on input line 80.

(/usr/share/texmf/tex/latex/graphics/pdftex.def
File: pdftex.def 2002/06/19 v0.03k graphics/color for pdftex
\Gread@gobject=\count87
))
\Gin@req@height=\dimen103
\Gin@req@width=\dimen104
)
\epsfxsize=\dimen105
\epsfysize=\dimen106
)
(/usr/share/texmf/tex/latex/html/html.sty
(/usr/share/texmf/tex/latex/hyperref/hyperref.sty
Package: hyperref 2003/11/30 v6.74m Hypertext links for LaTeX
\@linkdim=\dimen107
\Hy@linkcounter=\count88
\Hy@pagecounter=\count89

(/usr/share/texmf/tex/latex/hyperref/pd1enc.def
File: pd1enc.def 2003/11/30 v6.74m Hyperref: PDFDocEncoding definition (HO)
)
(/usr/share/texmf/tex/latex/hyperref/hyperref.cfg
File: hyperref.cfg 2002/06/06 v1.2 hyperref configuration of TeXLive and teTeX
)
Package hyperref Info: Hyper figures OFF on input line 1880.
Package hyperref Info: Link nesting OFF on input line 1885.
Package hyperref Info: Hyper index ON on input line 1888.
Package hyperref Info: Plain pages ON on input line 1893.
Package hyperref Info: Backreferencing OFF on input line 1900.

Implicit mode ON; LaTeX internals redefined
Package hyperref Info: Bookmarks ON on input line 2004.
(/usr/share/texmf/tex/latex/html/url.sty
Package: url 1999/03/02  ver 1.4  Verb mode for urls, email addresses, and file
 names
)
LaTeX Info: Redefining \url on input line 2143.
\Fld@menulength=\count90
\Field@Width=\dimen108
\Fld@charsize=\dimen109
\Choice@toks=\toks15
\Field@toks=\toks16
Package hyperref Info: Hyper figures OFF on input line 2618.
Package hyperref Info: Link nesting OFF on input line 2623.
Package hyperref Info: Hyper index ON on input line 2626.
Package hyperref Info: backreferencing OFF on input line 2633.
Package hyperref Info: Link coloring OFF on input line 2638.
\c@Item=\count91
\c@Hfootnote=\count92
)
*hyperref using default driver hpdftex*
(/usr/share/texmf/tex/latex/hyperref/hpdftex.def
File: hpdftex.def 2003/11/30 v6.74m Hyperref driver for pdfTeX

(/usr/share/texmf/tex/latex/psnfss/pifont.sty
Package: pifont 2004/09/15 PSNFSS-v9.2 Pi font support (SPQR) 
LaTeX Font Info:    Try loading font information for U+pzd on input line 63.

(/usr/share/texmf/tex/latex/psnfss/upzd.fd
File: upzd.fd 2001/06/04 font definitions for U/pzd.
)
LaTeX Font Info:    Try loading font information for U+psy on input line 64.

(/usr/share/texmf/tex/latex/psnfss/upsy.fd
File: upsy.fd 2001/06/04 font definitions for U/psy.
))
\Fld@listcount=\count93
\@outlinefile=\write3
)
Package: html 1999/07/19 v1.38 hypertext commands for latex2html (nd, hws, rrm)

\c@lpart=\count94
\c@lchapter=\count95
\c@chapter=\count96
\c@lsection=\count97
\c@lsubsection=\count98
\c@lsubsubsection=\count99
\c@lparagraph=\count100
\c@lsubparagraph=\count101
\c@lsubsubparagraph=\count102
\ptrfile=\write4
) (./user_guide.aux

LaTeX Warning: Label `Sec:Libraries' multiply defined.

)
\openout1 = `user_guide.aux'.

LaTeX Font Info:    Checking defaults for OML/cmm/m/it on input line 9.
LaTeX Font Info:    ... okay on input line 9.
LaTeX Font Info:    Checking defaults for T1/cmr/m/n on input line 9.
LaTeX Font Info:    ... okay on input line 9.
LaTeX Font Info:    Checking defaults for OT1/cmr/m/n on input line 9.
LaTeX Font Info:    ... okay on input line 9.
LaTeX Font Info:    Checking defaults for OMS/cmsy/m/n on input line 9.
LaTeX Font Info:    ... okay on input line 9.
LaTeX Font Info:    Checking defaults for OMX/cmex/m/n on input line 9.
LaTeX Font Info:    ... okay on input line 9.
LaTeX Font Info:    Checking defaults for U/cmr/m/n on input line 9.
LaTeX Font Info:    ... okay on input line 9.
LaTeX Font Info:    Checking defaults for PD1/pdf/m/n on input line 9.
LaTeX Font Info:    ... okay on input line 9.
 (/usr/share/texmf/tex/context/base/supp-pdf.tex
(/usr/share/texmf/tex/context/base/supp-mis.tex
loading : Context Support Macros / Miscellaneous (2004.10.26)
\protectiondepth=\count103
\scratchcounter=\count104
\scratchtoks=\toks17
\scratchdimen=\dimen110
\scratchskip=\skip43
\scratchmuskip=\muskip10
\scratchbox=\box26
\scratchread=\read1
\scratchwrite=\write5
\zeropoint=\dimen111
\onepoint=\dimen112
\onebasepoint=\dimen113
\minusone=\count105
\thousandpoint=\dimen114
\onerealpoint=\dimen115
\emptytoks=\toks18
\nextbox=\box27
\nextdepth=\dimen116
\everyline=\toks19
\!!counta=\count106
\!!countb=\count107
\recursecounter=\count108
)
loading : Context Support Macros / PDF (2004.03.26)
\nofMPsegments=\count109
\nofMParguments=\count110
\MPscratchCnt=\count111
\MPscratchDim=\dimen117
\MPnumerator=\count112
\everyMPtoPDFconversion=\toks20
)
Package hyperref Info: Link coloring OFF on input line 9.
 (/usr/share/texmf/tex/latex/hyperref/nameref.sty
Package: nameref 2003/12/03 v2.21 Cross-referencing by name of section
\c@section@level=\count113
)
LaTeX Info: Redefining \ref on input line 9.
LaTeX Info: Redefining \pageref on input line 9.
 (./user_guide.out)
(./user_guide.out)
\openout3 = `user_guide.out'.

 <quantum_espresso.pdf, id=355, 532.99126pt x 181.67876pt>
File: quantum_espresso.pdf Graphic file (type pdf)

<use quantum_espresso.pdf> <democritos.pdf, id=356, 496.85625pt x 103.38625pt>
File: democritos.pdf Graphic file (type pdf)

<use democritos.pdf>
LaTeX Font Info:    External font `cmex10' loaded for size
(Font)              <14.4> on input line 20.
LaTeX Font Info:    External font `cmex10' loaded for size
(Font)              <7> on input line 20.
 (./user_guide.toc
LaTeX Font Info:    External font `cmex10' loaded for size
(Font)              <12> on input line 2.
LaTeX Font Info:    External font `cmex10' loaded for size
(Font)              <8> on input line 2.
LaTeX Font Info:    External font `cmex10' loaded for size
(Font)              <6> on input line 2.
 [1

{/usr/share/texmf-var/fonts/map/pdftex/updmap/pdftex.map} <./quantum_espresso.p
df> <./democritos.pdf>] [2] [3])
\tf@toc=\write6
\openout6 = `user_guide.toc'.

LaTeX Font Info:    Try loading font information for OMS+cmr on input line 33.

(/usr/share/texmf/tex/latex/base/omscmr.fd
File: omscmr.fd 1999/05/25 v2.5h Standard LaTeX font definitions
)
LaTeX Font Info:    Font shape `OMS/cmr/m/n' in size <12> not available
(Font)              Font shape `OMS/cmsy/m/n' tried instead on input line 33.
 [4]

Package hyperref Warning: Token not allowed in a PDFDocEncoded string,
(hyperref)                removing `\<def>-command' on input line 93.


Package hyperref Warning: Token not allowed in a PDFDocEncoded string,
(hyperref)                removing `\f@encoding' on input line 93.


Package hyperref Warning: Token not allowed in a PDFDocEncoded string,
(hyperref)                removing `\<let>-command' on input line 93.


Package hyperref Warning: Token not allowed in a PDFDocEncoded string,
(hyperref)                removing `\<def>-command' on input line 93.


Package hyperref Warning: Token not allowed in a PDFDocEncoded string,
(hyperref)                removing `\f@family' on input line 93.


Package hyperref Warning: Token not allowed in a PDFDocEncoded string,
(hyperref)                removing `\<def>-command' on input line 93.


Package hyperref Warning: Token not allowed in a PDFDocEncoded string,
(hyperref)                removing `\f@series' on input line 93.


Package hyperref Warning: Token not allowed in a PDFDocEncoded string,
(hyperref)                removing `\<def>-command' on input line 93.


Package hyperref Warning: Token not allowed in a PDFDocEncoded string,
(hyperref)                removing `\f@shape' on input line 93.


Package hyperref Warning: Token not allowed in a PDFDocEncoded string,
(hyperref)                removing `\<def>-command' on input line 93.


Package hyperref Warning: Token not allowed in a PDFDocEncoded string,
(hyperref)                removing `\font@name' on input line 93.


Package hyperref Warning: Token not allowed in a PDFDocEncoded string,
(hyperref)                removing `\OT1/cmr/m/sc/14.4' on input line 93.


Package hyperref Warning: Token not allowed in a PDFDocEncoded string,
(hyperref)                removing `\ignorespaces' on input line 93.


Package hyperref Warning: Token not allowed in a PDFDocEncoded string,
(hyperref)                removing `\<def>-command' on input line 93.


Package hyperref Warning: Token not allowed in a PDFDocEncoded string,
(hyperref)                removing `\f@shape' on input line 93.


Package hyperref Warning: Token not allowed in a PDFDocEncoded string,
(hyperref)                removing `\<def>-command' on input line 93.


Package hyperref Warning: Token not allowed in a PDFDocEncoded string,
(hyperref)                removing `\font@name' on input line 93.


Package hyperref Warning: Token not allowed in a PDFDocEncoded string,
(hyperref)                removing `\OT1/cmr/m/sc/14.4' on input line 93.

[5]
Overfull \hbox (2.2173pt too wide) in paragraph at lines 148--157
[]\OT1/cmr/m/n/12 The main-te-nance and fur-ther de-vel-op-ment of the \OT1/cmr
/m/sc/12 Quan-tum ESPRESSO
 []

[6] [7]
Overfull \hbox (2.17383pt too wide) in paragraph at lines 213--217
[]\OT1/cmr/m/n/12 GIPAW (http://www.gipaw.org) was writ-ten by Da-vide Ceresoli
 (MIT),
 []


Overfull \hbox (4.60704pt too wide) in paragraph at lines 224--227
[]\OT1/cmr/m/n/12 iotk (http://www.s3.infm.it/iotk) was writ-ten by Gio-vanni B
ussi (ETHZ
 []

[8]
Overfull \hbox (3.9193pt too wide) in paragraph at lines 238--239
[]\OT1/cmr/m/n/12 Gerardo Bal-labio wrote the first \OT1/cmtt/m/n/12 configure 
\OT1/cmr/m/n/12 for \OT1/cmr/m/sc/12 Quan-tum ESPRESSO 
 []


Overfull \hbox (1.36261pt too wide) in paragraph at lines 242--246
\OT1/cmr/m/n/12 abil-ity us-ing the ap-prox-i-mated Thomas-Fermi + von Weiza-ec
ker scheme
 []


Overfull \hbox (25.05267pt too wide) in paragraph at lines 250--258
\OT1/cmr/m/n/12 Da-vide Ceresoli (MIT), An-drea Fer-retti (S3), Guido Fratesi, 
Axel Kohlmeyer
 []


Overfull \hbox (19.22772pt too wide) in paragraph at lines 250--258
\OT1/cmr/m/n/12 (UPenn), Kon-stantin Kudin (Prince-ton), Sergey Lisenkov (Univ.
Arkansas),
 []


Overfull \hbox (0.40848pt too wide) in paragraph at lines 250--258
\OT1/cmr/m/n/12 Nico-las Mounet (MIT), William Parker (Ohio State Univ), Guido 
Roma
 []


Overfull \hbox (17.8838pt too wide) in paragraph at lines 278--282
\OT1/cmr/m/n/12 The web site for \OT1/cmr/m/sc/12 Quan-tum ESPRESSO \OT1/cmr/m/
n/12 is http://www.quantum-espresso.org/.
 []

[9]

Package hyperref Warning: Token not allowed in a PDFDocEncoded string,
(hyperref)                removing `\<def>-command' on input line 327.


Package hyperref Warning: Token not allowed in a PDFDocEncoded string,
(hyperref)                removing `\f@encoding' on input line 327.


Package hyperref Warning: Token not allowed in a PDFDocEncoded string,
(hyperref)                removing `\<let>-command' on input line 327.


Package hyperref Warning: Token not allowed in a PDFDocEncoded string,
(hyperref)                removing `\<def>-command' on input line 327.


Package hyperref Warning: Token not allowed in a PDFDocEncoded string,
(hyperref)                removing `\f@family' on input line 327.


Package hyperref Warning: Token not allowed in a PDFDocEncoded string,
(hyperref)                removing `\<def>-command' on input line 327.


Package hyperref Warning: Token not allowed in a PDFDocEncoded string,
(hyperref)                removing `\f@series' on input line 327.


Package hyperref Warning: Token not allowed in a PDFDocEncoded string,
(hyperref)                removing `\<def>-command' on input line 327.


Package hyperref Warning: Token not allowed in a PDFDocEncoded string,
(hyperref)                removing `\f@shape' on input line 327.


Package hyperref Warning: Token not allowed in a PDFDocEncoded string,
(hyperref)                removing `\<def>-command' on input line 327.


Package hyperref Warning: Token not allowed in a PDFDocEncoded string,
(hyperref)                removing `\font@name' on input line 327.


Package hyperref Warning: Token not allowed in a PDFDocEncoded string,
(hyperref)                removing `\OT1/cmr/m/sc/17.28' on input line 327.


Package hyperref Warning: Token not allowed in a PDFDocEncoded string,
(hyperref)                removing `\ignorespaces' on input line 327.


Package hyperref Warning: Token not allowed in a PDFDocEncoded string,
(hyperref)                removing `\<def>-command' on input line 327.


Package hyperref Warning: Token not allowed in a PDFDocEncoded string,
(hyperref)                removing `\f@shape' on input line 327.


Package hyperref Warning: Token not allowed in a PDFDocEncoded string,
(hyperref)                removing `\<def>-command' on input line 327.


Package hyperref Warning: Token not allowed in a PDFDocEncoded string,
(hyperref)                removing `\font@name' on input line 327.


Package hyperref Warning: Token not allowed in a PDFDocEncoded string,
(hyperref)                removing `\OT1/cmr/m/sc/17.28' on input line 327.

[10]
Overfull \hbox (42.25021pt too wide) in paragraph at lines 377--377
[]  \OT1/cmtt/m/n/12 Modules/    source files for modules that are common to al
l programs[] 
 []


Overfull \hbox (5.2002pt too wide) in paragraph at lines 377--377
[]  \OT1/cmtt/m/n/12 upftools/   converters to unified pseudopotential format (
UPF)[] 
 []

[11]
Overfull \hbox (36.07521pt too wide) in paragraph at lines 394--394
[]  \OT1/cmtt/m/n/12 pwtools/    PWscf: source files for miscellaneous analysis
 programs[] 
 []


Overfull \hbox (66.95023pt too wide) in paragraph at lines 394--394
[]  \OT1/cmtt/m/n/12 PP/         PostProc: source files for post-processing of 
pw.x data file[] 
 []


Overfull \hbox (91.65024pt too wide) in paragraph at lines 394--394
[]  \OT1/cmtt/m/n/12 PH/         PHonon: source files for phonon calculations (
ph.x) and analysis[] 
 []


Overfull \hbox (85.47523pt too wide) in paragraph at lines 394--394
[]  \OT1/cmtt/m/n/12 Gamma/      PHonon: source files for Gamma-only phonon cal
culation (phcg.x)[] 
 []


Overfull \hbox (110.17525pt too wide) in paragraph at lines 394--394
[]  \OT1/cmtt/m/n/12 D3/         PHonon: source files for third-order derivativ
e calculations (d3.x)[] 
 []


Overfull \hbox (66.95023pt too wide) in paragraph at lines 394--394
[]  \OT1/cmtt/m/n/12 PWCOND/     PWcond: source files for conductance calculati
ons (pwcond.x)[] 
 []


Overfull \hbox (97.82524pt too wide) in paragraph at lines 394--394
[]  \OT1/cmtt/m/n/12 vdW/        VdW: source files for calculation of the molec
ular polarizability[] 
 []


Overfull \hbox (85.47523pt too wide) in paragraph at lines 394--394
[]              \OT1/cmtt/m/n/12 at finite (imaginary) frequency using approxim
ated Thomas-Fermi[] 
 []


Overfull \hbox (85.47523pt too wide) in paragraph at lines 394--394
[]  \OT1/cmtt/m/n/12 atomic/     Source files for the pseudopotential generatio
n package (ld1.x)[] 
 []

[12]
LaTeX Font Info:    Font shape `OT1/cmtt/bx/n' in size <14.4> not available
(Font)              Font shape `OT1/cmtt/m/n' tried instead on input line 436.
 [13]
Overfull \hbox (11.3752pt too wide) in paragraph at lines 491--491
[]     \OT1/cmtt/m/n/12 ARCH:         label identifying the machine type (see b
elow)[] 
 []


Overfull \hbox (23.7252pt too wide) in paragraph at lines 491--491
[]     \OT1/cmtt/m/n/12 F90, F77, CC: names of Fortran 95, Fortran 77, and C co
mpilers[] 
 []


Overfull \hbox (23.7252pt too wide) in paragraph at lines 491--491
[]     \OT1/cmtt/m/n/12 MPIF90:       name of parallel Fortran 95 compiler (usi
ng MPI)[] 
 []


Overfull \hbox (5.2002pt too wide) in paragraph at lines 491--491
[]     \OT1/cmtt/m/n/12 CPP:          source file preprocessor (defaults to $CC
 -E)[] 
 []


Overfull \hbox (23.7252pt too wide) in paragraph at lines 491--491
[]     \OT1/cmtt/m/n/12 CFLAGS, FFLAGS, F90FLAGS, CPPFLAGS, LDFLAGS: compilatio
n flags[] 
 []


Overfull \hbox (54.60022pt too wide) in paragraph at lines 491--491
[]     \OT1/cmtt/m/n/12 LIBDIRS:      extra directories to search for libraries
 (see below)[] 
 []


Overfull \hbox (11.3752pt too wide) in paragraph at lines 533--533
[]      \OT1/cmtt/m/n/12 x86_64: Intel and AMD 64-bit running Linux - see note 
below[] 
 []

[14]
Overfull \hbox (79.30023pt too wide) in paragraph at lines 543--543
[]\OT1/cmtt/m/n/12 --disable-parallel: compile serial code, even if parallel co
mpiler available[] 
 []


Overfull \hbox (11.3752pt too wide) in paragraph at lines 543--543
[]\OT1/cmtt/m/n/12 --host=target :     specify target machine for cross-compila
tion.[] 
 []


Overfull \hbox (79.30023pt too wide) in paragraph at lines 543--543
[]                    \OT1/cmtt/m/n/12 target is a string identifying the archi
tecture you want[] 
 []


Overfull \hbox (66.95023pt too wide) in paragraph at lines 543--543
[]                    \OT1/cmtt/m/n/12 to compile for; run config.guess on the 
target machine[] 
 []


Overfull \hbox (73.12523pt too wide) in paragraph at lines 543--543
[]\OT1/cmtt/m/n/12 --disable-shared:   don't use shared libraries: generate sta
tic executables[] 
 []


Overfull \hbox (22.89258pt too wide) in paragraph at lines 544--548
\OT1/cmr/m/n/12 Man-ual. You will need GNU Au-to-conf (http://www.gnu.org/softw
are/autoconf/)
 []

[15] [16]
Overfull \hbox (5.2002pt too wide) in paragraph at lines 644--644
[]   \OT1/cmtt/m/n/12 ./configure BLAS_LIBS="-L/usr/lib/math -lf77blas -latlas_
sse"[] 
 []


Overfull \hbox (0.91843pt too wide) in paragraph at lines 656--661
\OT1/cmr/m/n/12 to write work-ing "make.sys", "in-clude/fft[]defs.h" and "in-cl
ude/c[]defs.h" files.
 []


Overfull \hbox (0.6321pt too wide) in paragraph at lines 656--661
\OT1/cmr/m/n/12 For the lat-ter two files, fol-low the ex-pla-na-tions in "in-c
lude/defs.h.README". 
 []

[17] [18]
Overfull \hbox (19.47018pt too wide) in paragraph at lines 717--719
\OT1/cmr/m/n/12 for pseu-dopo-ten-tial gen-er-a-tion (see spe-cific doc-u-men-t
a-tion in atomic[]doc/). 
 []


Overfull \hbox (19.05687pt too wide) in paragraph at lines 746--748
[]\OT1/cmr/m/n/12 plotband.x reads the out-put of bands.x, pro-duces band struc
-ture PostScript
 []

[19] [20]
Overfull \hbox (1.98209pt too wide) in paragraph at lines 792--795
\OT1/cmr/m/n/12 http://www.ccl.net/cca/software/X-WINDOW/xbsa/README.shtml 
 []


Overfull \hbox (7.20728pt too wide) in paragraph at lines 799--801
[]\OT1/cmr/m/n/12 kvecs[]FS.x, bands[]FS.x: util-i-ties for Fermi Sur-face plot
-ting us-ing XCryS-
 []

[21] [22] [23] [24]
Overfull \hbox (35.21442pt too wide) in paragraph at lines 972--979
 \OT1/cmr/bx/n/12 Linux PCs with Port-land Group com-piler (pgf90)[] \OT1/cmr/m
/sc/12 Quan-tum ESPRESSO
 []

[25] [26] [27]
Overfull \hbox (5.2002pt too wide) in paragraph at lines 1144--1144
[]            \OT1/cmtt/m/n/12 nm /path/to/your/libs/libf77blas.a | grep 'T xer
bla'[] 
 []

[28]
Overfull \hbox (5.2002pt too wide) in paragraph at lines 1170--1170
[]   \OT1/cmtt/m/n/12 -L/location/of/atlas/lib -lf77blas -llapack -lcblas -latl
as \[] 
 []

[29] [30] [31]
Overfull \hbox (5.2002pt too wide) in paragraph at lines 1305--1305
[]  \OT1/cmtt/m/n/12 mpirun -np 16 -exe /path/to/executable/pw.x -args "-npool 
8" \[] 
 []


Overfull \hbox (6.7188pt too wide) in paragraph at lines 1307--1307
[]\OT1/cmr/bx/n/14.4 Understanding Par-al-lelism in \OT1/cmr/m/sc/14.4 Quan-tum
 ESPRESSO 
 []


Package hyperref Warning: Token not allowed in a PDFDocEncoded string,
(hyperref)                removing `\<def>-command' on input line 1307.


Package hyperref Warning: Token not allowed in a PDFDocEncoded string,
(hyperref)                removing `\f@encoding' on input line 1307.


Package hyperref Warning: Token not allowed in a PDFDocEncoded string,
(hyperref)                removing `\<let>-command' on input line 1307.


Package hyperref Warning: Token not allowed in a PDFDocEncoded string,
(hyperref)                removing `\<def>-command' on input line 1307.


Package hyperref Warning: Token not allowed in a PDFDocEncoded string,
(hyperref)                removing `\f@family' on input line 1307.


Package hyperref Warning: Token not allowed in a PDFDocEncoded string,
(hyperref)                removing `\<def>-command' on input line 1307.


Package hyperref Warning: Token not allowed in a PDFDocEncoded string,
(hyperref)                removing `\f@series' on input line 1307.


Package hyperref Warning: Token not allowed in a PDFDocEncoded string,
(hyperref)                removing `\<def>-command' on input line 1307.


Package hyperref Warning: Token not allowed in a PDFDocEncoded string,
(hyperref)                removing `\f@shape' on input line 1307.


Package hyperref Warning: Token not allowed in a PDFDocEncoded string,
(hyperref)                removing `\<def>-command' on input line 1307.


Package hyperref Warning: Token not allowed in a PDFDocEncoded string,
(hyperref)                removing `\font@name' on input line 1307.


Package hyperref Warning: Token not allowed in a PDFDocEncoded string,
(hyperref)                removing `\OT1/cmr/m/sc/14.4' on input line 1307.


Package hyperref Warning: Token not allowed in a PDFDocEncoded string,
(hyperref)                removing `\ignorespaces' on input line 1307.


Package hyperref Warning: Token not allowed in a PDFDocEncoded string,
(hyperref)                removing `\<def>-command' on input line 1307.


Package hyperref Warning: Token not allowed in a PDFDocEncoded string,
(hyperref)                removing `\f@shape' on input line 1307.


Package hyperref Warning: Token not allowed in a PDFDocEncoded string,
(hyperref)                removing `\<def>-command' on input line 1307.


Package hyperref Warning: Token not allowed in a PDFDocEncoded string,
(hyperref)                removing `\font@name' on input line 1307.


Package hyperref Warning: Token not allowed in a PDFDocEncoded string,
(hyperref)                removing `\OT1/cmr/m/sc/14.4' on input line 1307.

[32]
Overfull \hbox (73.12523pt too wide) in paragraph at lines 1376--1376
[]\OT1/cmtt/m/n/12 mpirun -np 4096 ./pw.x -nimage 8 -npool 2 -ntg 8 -ndiag 144 
-input my.input[] 
 []

[33]
Overfull \hbox (110.17525pt too wide) in paragraph at lines 1418--1418
[]\OT1/cmtt/m/n/12 /cineca/prod/libraries/SCALAPACK/1.8.0/openmpi--1.2.5--intel
--10.1/libscalapack.a[] 
 []


Overfull \hbox (48.42522pt too wide) in paragraph at lines 1418--1418
[]\OT1/cmtt/m/n/12 /cineca/prod/libraries/BLACS/1.1/openmpi--1.2.5--intel--10.1
/libblacs.a[] 
 []


Overfull \hbox (91.65024pt too wide) in paragraph at lines 1418--1418
[]\OT1/cmtt/m/n/12 /cineca/prod/libraries/BLACS/1.1/openmpi--1.2.5--intel--10.1
/libblacsF77init.a[] 
 []


Overfull \hbox (66.95023pt too wide) in paragraph at lines 1418--1418
[]\OT1/cmtt/m/n/12 LAPACK_LIBS = $(SCALAPACK_LIBS) $(BLACS_LIBS) $(BLACS_INI) $
(BLACS_LIBS) \[] 
 []


Overfull \hbox (5.2002pt too wide) in paragraph at lines 1418--1418
[]                   \OT1/cmtt/m/n/12 /cineca/prod/acml/4.1.0/ifort64/lib/libac
ml.a[] 
 []


Overfull \hbox (27.00444pt too wide) in paragraph at lines 1424--1438
 \OT1/cmr/bx/n/12 Trou-ble with MKL and OpenMP par-al-leliza-tion[] \OT1/cmr/m/
sc/12 Quan-tum ESPRESSO
 []


Overfull \hbox (54.73874pt too wide) in paragraph at lines 1439--1457
\OT1/cmr/m/n/12 ti-pro-ces-sor ma-chines, you should set the en-vi-ron-men-tal 
vari-able OMP[]NUM[]THREADS
 []

[34]
Overfull \hbox (42.25021pt too wide) in paragraph at lines 1460--1460
[]\OT1/cmtt/m/n/12 -lmkl_intel_lp64 -lmkl_sequential -lmkl_core (on 64-bit: x86
_64, ia64)[] 
 []

[35] [36]
Overfull \hbox (14.06396pt too wide) in paragraph at lines 1577--1582
\OT1/cmr/m/n/12 cluded in the \OT1/cmr/m/sc/12 Quan-tum ESPRESSO \OT1/cmr/m/n/1
2 dis-tri-bu-tion. See PWgui-x.y.z/INSTALL
 []


Overfull \hbox (4.8779pt too wide) in paragraph at lines 1577--1582
\OT1/cmr/m/n/12 (where x.y.z is the ver-sion num-ber) for more info on PWgui, o
r GUI/README
 []

[37]
Overfull \hbox (48.42522pt too wide) in paragraph at lines 1611--1611
[]      \OT1/cmtt/m/n/12 &SYSTEM: structural information on the system under in
vestigation[] 
 []


Overfull \hbox (17.5502pt too wide) in paragraph at lines 1611--1611
[]      \OT1/cmtt/m/n/12 &ELECTRONS: electronic variables: self-consistency, sm
earing[] 
 []


Overfull \hbox (17.5502pt too wide) in paragraph at lines 1611--1611
[]      \OT1/cmtt/m/n/12 &PHONON (optional): information required to produce da
ta for[] 
 []


Overfull \hbox (23.7252pt too wide) in paragraph at lines 1622--1622
[]      \OT1/cmtt/m/n/12 ecutwfc (real): kinetic energy cutoff (Ry) for wavefun
ctions.[] 
 []

[38]
Overfull \hbox (14.28441pt too wide) in paragraph at lines 1665--1668
 \OT1/cmr/bx/n/12 Single-point (fixed-ion) SCF cal-cu-la-tion[] \OT1/cmr/m/n/12
 Set cal-cu-la-tion='scf'. Namelists
 []

[39] [40] [41] [42] [43] [44] [45] [46] [47] [48] [49] [50]
Missing character: There is no Ã in font cmtt12!
Missing character: There is no ¢ in font cmtt12!
 [51] [52] [53]
[54]
Overfull \hbox (54.60022pt too wide) in paragraph at lines 2454--2454
[]             \OT1/cmtt/m/n/12 celldm(1)= 21.694d0, celldm(2)= 1.00D0, celldm(
3)= 2.121D0,[] 
 []


Overfull \hbox (29.9002pt too wide) in paragraph at lines 2454--2454
[]             \OT1/cmtt/m/n/12 celldm(4)= 0.0d0,   celldm(5)= 0.0d0, celldm(6)
= 0.0d0,[] 
 []

[55] [56] [57] [58] [59] [60] [61] [62] [63] [64]
Overfull \hbox (40.55469pt too wide) in paragraph at lines 2842--2851
\OT1/cmr/m/n/12 http://www.democritos.it/pipermail/pw[]forum/2007-September/007
176.html, 
 []


Overfull \hbox (37.29083pt too wide) in paragraph at lines 2842--2851
\OT1/cmr/m/n/12 http://www.democritos.it/pipermail/pw[]forum/2007-September/007
179.html 
 []

[65] [66] [67] [68] [69]

Package hyperref Warning: Token not allowed in a PDFDocEncoded string,
(hyperref)                removing `math shift' on input line 3050.


Package hyperref Warning: Token not allowed in a PDFDocEncoded string,
(hyperref)                removing `math shift' on input line 3050.


Package hyperref Warning: Token not allowed in a PDFDocEncoded string,
(hyperref)                removing `math shift' on input line 3050.


Package hyperref Warning: Token not allowed in a PDFDocEncoded string,
(hyperref)                removing `math shift' on input line 3050.

[70] [71] [72]

Package hyperref Warning: Token not allowed in a PDFDocEncoded string,
(hyperref)                removing `math shift' on input line 3139.


Package hyperref Warning: Token not allowed in a PDFDocEncoded string,
(hyperref)                removing `\omega' on input line 3139.


Package hyperref Warning: Token not allowed in a PDFDocEncoded string,
(hyperref)                removing `math shift' on input line 3139.


Package hyperref Warning: Token not allowed in a PDFDocEncoded string,
(hyperref)                removing `math shift' on input line 3139.


Package hyperref Warning: Token not allowed in a PDFDocEncoded string,
(hyperref)                removing `math shift' on input line 3139.

[73] [74]
LaTeX Font Info:    Font shape `OT1/cmtt/bx/n' in size <12> not available
(Font)              Font shape `OT1/cmtt/m/n' tried instead on input line 3218.


Overfull \hbox (35.25052pt too wide) in paragraph at lines 3218--3222
  \OT1/cmr/bx/n/12 ''Why is \OT1/cmtt/m/n/12 configure \OT1/cmr/bx/n/12 say-ing
 that I have no for-tran com-piler?''[] \OT1/cmr/m/n/12 '''A:'''Because
 []


Overfull \hbox (42.20726pt too wide) in paragraph at lines 3230--3235
\OT1/cmr/m/n/12 suit-able sup-ported ar-chi-tec-ture to \OT1/cmtt/m/n/12 config
ure\OT1/cmr/m/n/12 : see in-struc-tions in README.configure
 []

[75]
Overfull \hbox (1.46483pt too wide) in paragraph at lines 3260--3265
  \OT1/cmr/bx/n/12 ''Com-pi-la-tion fails with "in-ter-nal er-ror", what should
 I do?''[] \OT1/cmr/m/n/12 '''A:'''
 []

[76]
Overfull \hbox (38.30112pt too wide) in paragraph at lines 3319--3327
\OT1/cmr/m/n/12 Min-er-al-o-gist Crys-tal Struc-ture Database (http://rruff.geo
.arizona.edu/AMS/amcsd)
 []


Overfull \hbox (6.83699pt too wide) in paragraph at lines 3330--3334
\OT1/cmr/m/n/12 http://www.cryst.ehu.es/cryst/get[]kvec.html" (info by Cyrille 
Bar-reteau, nov.
 []

[77]
Overfull \hbox (18.37807pt too wide) in paragraph at lines 3348--3354
\OT1/cmr/m/n/12 To make a spin-orbit cal-cu-la-tion non-colin must be true. If 
start-ing[]magnetization
 []


Overfull \hbox (11.22554pt too wide) in paragraph at lines 3388--3393
\OT1/cmr/m/n/12 ma-chines work and how par-al-lelism is im-ple-mented in \OT1/c
mr/m/sc/12 Quan-tum ESPRESSO\OT1/cmr/m/n/12 .
 []

[78]
Overfull \hbox (23.90955pt too wide) in paragraph at lines 3395--3400
\OT1/cmr/m/n/12 ing fea-ture of MKL li-braries. Set the en-vi-ron-ment vari-abl
e OPEN[]MP[]THREADS
 []

[79] [80] [81]
Overfull \hbox (14.84857pt too wide) in paragraph at lines 3545--3549
\OT1/cmr/m/n/12 har-monic com-bi-na-tion is which should look into rou-tine ylm
r2 in flib/ylmr2.f90". 
 []

[82] [83] [84] [85] (./user_guide.aux)

LaTeX Warning: There were multiply-defined labels.

 ) 
Here is how much of TeX's memory you used:
 3228 strings out of 94500
 42551 string characters out of 1173670
 93363 words of memory out of 1000000
 6131 multiletter control sequences out of 10000+50000
 11686 words of font info for 41 fonts, out of 500000 for 2000
 580 hyphenation exceptions out of 1000
 34i,5n,41p,326b,248s stack positions out of 1500i,500n,5000p,200000b,5000s
PDF statistics:
 953 PDF objects out of 300000
 261 named destinations out of 131072
 723 words of extra memory for PDF output out of 65536
</usr/share/texmf/fonts/type1/bluesky/cm/cmex10.pfb></usr/share/texmf/fonts/t
ype1/bluesky/cm/cmmi8.pfb></usr/share/texmf/fonts/type1/bluesky/cm/cmsy8.pfb></
usr/share/texmf/fonts/type1/bluesky/cm/cmr8.pfb></usr/share/texmf/fonts/type1/b
luesky/cm/cmti12.pfb></usr/share/texmf/fonts/type1/bluesky/cm/cmsy10.pfb></usr/
share/texmf/fonts/type1/bluesky/cm/cmmi12.pfb></usr/share/texmf/fonts/type1/blu
esky/cm/cmtt12.pfb></usr/share/texmf/fonts/type1/bluesky/cm/cmr12.pfb></usr/sha
re/texmf/fonts/type1/bluesky/cm/cmbx12.pfb></usr/share/texmf/fonts/type1/bluesk
y/cm/cmcsc10.pfb></usr/share/texmf/fonts/type1/bluesky/cm/cmr17.pfb>
Output written on user_guide.pdf (85 pages, 460129 bytes).
