
     Program LD1       v.4.1    starts ...
     Today is 19Sep2009 at 15:22:19 
     --------------------------- All-electron run ----------------------------

     C                                                                          

     atomic number is  6.00
     dft =LDA   lsd =1 sic =1 latt =0  beta=0.30 tr2=1.0E-14 fref=5.0E-01 rhobarfact=1.0E+00
     mesh =1551 r(mesh) = 100.30751 xmin = -6.00 dx = 0.00800
     1 Ry =  13.60569193 eV

     n l     nl                  e(Ry)          e(Ha)          e(eV)
     1 0     1S 1( 1.00)       -23.4214       -11.7107      -318.6643
     2 0     2S 1( 1.00)        -2.3868        -1.1934       -32.4736
     2 1     2P 1( 1.00)        -1.7946        -0.8973       -24.4165
     1 0     1S 2( 1.00)       -23.3560       -11.6780      -317.7748
     2 0     2S 2( 1.00)        -2.2207        -1.1104       -30.2143
     2 1     2P 2( 0.00)        -0.5282        -0.2641        -7.1862

     eps = 1.3E-15  iter = 47

     Etot =     -74.240489 Ry,     -37.120244 Ha,   -1010.093216 eV
     Total magnetization:    1.00 Bohr mag. 

     Ekin =      78.394396 Ry,      39.197198 Ha,    1066.610003 eV
     Encl =    -174.206148 Ry,     -87.103074 Ha,   -2370.195176 eV
     Eh   =      30.990430 Ry,      15.495215 Ha,     421.646243 eV
     Exc  =      -9.164307 Ry,      -4.582153 Ha,    -124.686735 eV

     SIC information:
     Esich=       0.000000 Ry,       0.000000 Ha,       0.000000 eV
     Esicxc=     -0.254860 Ry,      -0.127430 Ha,      -3.467551 eV
     Esictot=    -0.254860 Ry,      -0.127430 Ha,      -3.467551 eV

     tot-Exc=    -8.909447 Ry,      -4.454723 Ha,    -121.219185 eV
     int-Exc=    -9.419167 Ry,      -4.709584 Ha,    -128.154286 eV
     int-Eh=     30.990430 Ry,      15.495215 Ha,     421.646243 eV


     normalization and overlap integrals

     s(1S/1S) =  1.000000  <r> =   0.2630  <r2> =    0.0932  r(max) =   0.1707
     s(1S/2S) =  0.024596
     s(2S/2S) =  1.000000  <r> =   1.4160  <r2> =    2.3707  r(max) =   1.1552
     s(2P/2P) =  1.000000  <r> =   1.3799  <r2> =    2.3485  r(max) =   1.0494
     s(1S/1S) =  1.000000  <r> =   0.2624  <r2> =    0.0927  r(max) =   0.1707
     s(1S/2S) =  0.024968
     s(2S/2S) =  1.000000  <r> =   1.4404  <r2> =    2.4567  r(max) =   1.1738
     s(2P/2P) =  1.000000  <r> =   1.9068  <r2> =    4.7644  r(max) =   1.2414

     ------------------------ End of All-electron run ------------------------


     occupation(    3 ) =  0.000
     --------------------------- All-electron run ----------------------------

     C                                                                          

     atomic number is  6.00
     dft =LDA   lsd =1 sic =1 latt =0  beta=0.30 tr2=1.0E-14 fref=5.0E-01 rhobarfact=1.0E+00
     mesh =1551 r(mesh) = 100.30751 xmin = -6.00 dx = 0.00800
     1 Ry =  13.60569193 eV

     n l     nl                  e(Ry)          e(Ha)          e(eV)
     1 0     1S 1( 1.00)       -23.4214       -11.7107      -318.6643
     2 0     2S 1( 1.00)        -2.3868        -1.1934       -32.4736
     2 1     2P 1( 0.00)        -1.7946        -0.8973       -24.4165
     1 0     1S 2( 1.00)       -23.3560       -11.6780      -317.7748
     2 0     2S 2( 1.00)        -2.2207        -1.1104       -30.2143
     2 1     2P 2( 0.00)        -0.5282        -0.2641        -7.1862

     eps = 1.3E-15  iter = 47

     Etot =     -72.461849 Ry,     -36.230925 Ha,    -985.893598 eV
     Total magnetization:    0.00 Bohr mag. 

     Ekin =      74.852279 Ry,      37.426139 Ha,    1018.417044 eV
     Encl =    -162.949165 Ry,     -81.474583 Ha,   -2217.036143 eV
     Eh   =      24.042052 Ry,      12.021026 Ha,     327.108756 eV
     Exc  =      -8.128499 Ry,      -4.064250 Ha,    -110.593857 eV

     SIC information:
     Esich=       0.000000 Ry,       0.000000 Ha,       0.000000 eV
     Esicxc=     -0.278516 Ry,      -0.139258 Ha,      -3.789398 eV
     Esictot=    -0.278516 Ry,      -0.139258 Ha,      -3.789398 eV

     tot-Exc=    -7.849984 Ry,      -3.924992 Ha,    -106.804459 eV
     int-Exc=    -8.407015 Ry,      -4.203507 Ha,    -114.383255 eV
     int-Eh=     24.042052 Ry,      12.021026 Ha,     327.108756 eV


     normalization and overlap integrals

     s(1S/1S) =  1.000000  <r> =   0.2630  <r2> =    0.0932  r(max) =   0.1707
     s(1S/2S) =  0.024596
     s(2S/2S) =  1.000000  <r> =   1.4160  <r2> =    2.3707  r(max) =   1.1552
     s(2P/2P) =  1.000000  <r> =   1.3799  <r2> =    2.3485  r(max) =   1.0494
     s(1S/1S) =  1.000000  <r> =   0.2624  <r2> =    0.0927  r(max) =   0.1707
     s(1S/2S) =  0.024968
     s(2S/2S) =  1.000000  <r> =   1.4404  <r2> =    2.4567  r(max) =   1.1738
     s(2P/2P) =  1.000000  <r> =   1.9068  <r2> =    4.7644  r(max) =   1.2414

     ------------------------ End of All-electron run ------------------------


     occupation(    3 ) =  0.050
     --------------------------- All-electron run ----------------------------

     C                                                                          

     atomic number is  6.00
     dft =LDA   lsd =1 sic =1 latt =0  beta=0.30 tr2=1.0E-14 fref=5.0E-01 rhobarfact=1.0E+00
     mesh =1551 r(mesh) = 100.30751 xmin = -6.00 dx = 0.00800
     1 Ry =  13.60569193 eV

     n l     nl                  e(Ry)          e(Ha)          e(eV)
     1 0     1S 1( 1.00)       -23.4214       -11.7107      -318.6643
     2 0     2S 1( 1.00)        -2.3868        -1.1934       -32.4736
     2 1     2P 1( 0.05)        -1.7946        -0.8973       -24.4165
     1 0     1S 2( 1.00)       -23.3560       -11.6780      -317.7748
     2 0     2S 2( 1.00)        -2.2207        -1.1104       -30.2143
     2 1     2P 2( 0.00)        -0.5282        -0.2641        -7.1862

     eps = 1.3E-15  iter = 47

     Etot =     -72.547499 Ry,     -36.273750 Ha,    -987.058922 eV
     Total magnetization:    0.05 Bohr mag. 

     Ekin =      75.029385 Ry,      37.514692 Ha,    1020.826692 eV
     Encl =    -163.512014 Ry,     -81.756007 Ha,   -2224.694095 eV
     Eh   =      24.358004 Ry,      12.179002 Ha,     331.407500 eV
     Exc  =      -8.176229 Ry,      -4.088114 Ha,    -111.243251 eV

     SIC information:
     Esich=       0.031467 Ry,       0.015733 Ha,       0.428130 eV
     Esicxc=     -0.278111 Ry,      -0.139056 Ha,      -3.783898 eV
     Esictot=    -0.246644 Ry,      -0.123322 Ha,      -3.355768 eV

     tot-Exc=    -7.929584 Ry,      -3.964792 Ha,    -107.887483 eV
     int-Exc=    -8.454340 Ry,      -4.227170 Ha,    -115.027149 eV
     int-Eh=     24.389471 Ry,      12.194736 Ha,     331.835630 eV


     normalization and overlap integrals

     s(1S/1S) =  1.000000  <r> =   0.2630  <r2> =    0.0932  r(max) =   0.1707
     s(1S/2S) =  0.024596
     s(2S/2S) =  1.000000  <r> =   1.4160  <r2> =    2.3707  r(max) =   1.1552
     s(2P/2P) =  1.000000  <r> =   1.3799  <r2> =    2.3485  r(max) =   1.0494
     s(1S/1S) =  1.000000  <r> =   0.2624  <r2> =    0.0927  r(max) =   0.1707
     s(1S/2S) =  0.024968
     s(2S/2S) =  1.000000  <r> =   1.4404  <r2> =    2.4567  r(max) =   1.1738
     s(2P/2P) =  1.000000  <r> =   1.9068  <r2> =    4.7644  r(max) =   1.2414

     ------------------------ End of All-electron run ------------------------


     occupation(    3 ) =  0.100
     --------------------------- All-electron run ----------------------------

     C                                                                          

     atomic number is  6.00
     dft =LDA   lsd =1 sic =1 latt =0  beta=0.30 tr2=1.0E-14 fref=5.0E-01 rhobarfact=1.0E+00
     mesh =1551 r(mesh) = 100.30751 xmin = -6.00 dx = 0.00800
     1 Ry =  13.60569193 eV

     n l     nl                  e(Ry)          e(Ha)          e(eV)
     1 0     1S 1( 1.00)       -23.4214       -11.7107      -318.6643
     2 0     2S 1( 1.00)        -2.3868        -1.1934       -32.4736
     2 1     2P 1( 0.10)        -1.7946        -0.8973       -24.4165
     1 0     1S 2( 1.00)       -23.3560       -11.6780      -317.7748
     2 0     2S 2( 1.00)        -2.2207        -1.1104       -30.2143
     2 1     2P 2( 0.00)        -0.5282        -0.2641        -7.1862

     eps = 1.3E-15  iter = 47

     Etot =     -72.634668 Ry,     -36.317334 Ha,    -988.244916 eV
     Total magnetization:    0.10 Bohr mag. 

     Ekin =      75.206490 Ry,      37.603245 Ha,    1023.236340 eV
     Encl =    -164.074863 Ry,     -82.037432 Ha,   -2232.352046 eV
     Eh   =      24.677268 Ry,      12.338634 Ha,     335.751311 eV
     Exc  =      -8.224439 Ry,      -4.112220 Ha,    -111.899190 eV

     SIC information:
     Esich=       0.059622 Ry,       0.029811 Ha,       0.811194 eV
     Esicxc=     -0.278745 Ry,      -0.139373 Ha,      -3.792525 eV
     Esictot=    -0.219124 Ry,      -0.109562 Ha,      -2.981331 eV

     tot-Exc=    -8.005316 Ry,      -4.002658 Ha,    -108.917859 eV
     int-Exc=    -8.503185 Ry,      -4.251592 Ha,    -115.691714 eV
     int-Eh=     24.736890 Ry,      12.368445 Ha,     336.562505 eV


     normalization and overlap integrals

     s(1S/1S) =  1.000000  <r> =   0.2630  <r2> =    0.0932  r(max) =   0.1707
     s(1S/2S) =  0.024596
     s(2S/2S) =  1.000000  <r> =   1.4160  <r2> =    2.3707  r(max) =   1.1552
     s(2P/2P) =  1.000000  <r> =   1.3799  <r2> =    2.3485  r(max) =   1.0494
     s(1S/1S) =  1.000000  <r> =   0.2624  <r2> =    0.0927  r(max) =   0.1707
     s(1S/2S) =  0.024968
     s(2S/2S) =  1.000000  <r> =   1.4404  <r2> =    2.4567  r(max) =   1.1738
     s(2P/2P) =  1.000000  <r> =   1.9068  <r2> =    4.7644  r(max) =   1.2414

     ------------------------ End of All-electron run ------------------------


     occupation(    3 ) =  0.150
     --------------------------- All-electron run ----------------------------

     C                                                                          

     atomic number is  6.00
     dft =LDA   lsd =1 sic =1 latt =0  beta=0.30 tr2=1.0E-14 fref=5.0E-01 rhobarfact=1.0E+00
     mesh =1551 r(mesh) = 100.30751 xmin = -6.00 dx = 0.00800
     1 Ry =  13.60569193 eV

     n l     nl                  e(Ry)          e(Ha)          e(eV)
     1 0     1S 1( 1.00)       -23.4214       -11.7107      -318.6643
     2 0     2S 1( 1.00)        -2.3868        -1.1934       -32.4736
     2 1     2P 1( 0.15)        -1.7946        -0.8973       -24.4165
     1 0     1S 2( 1.00)       -23.3560       -11.6780      -317.7748
     2 0     2S 2( 1.00)        -2.2207        -1.1104       -30.2143
     2 1     2P 2( 0.00)        -0.5282        -0.2641        -7.1862

     eps = 1.3E-15  iter = 47

     Etot =     -72.722526 Ry,     -36.361263 Ha,    -989.440289 eV
     Total magnetization:    0.15 Bohr mag. 

     Ekin =      75.383596 Ry,      37.691798 Ha,    1025.645988 eV
     Encl =    -164.637713 Ry,     -82.318856 Ha,   -2240.009998 eV
     Eh   =      24.999845 Ry,      12.499922 Ha,     340.140188 eV
     Exc  =      -8.273120 Ry,      -4.136560 Ha,    -112.561526 eV

     SIC information:
     Esich=       0.084464 Ry,       0.042232 Ha,       1.149191 eV
     Esicxc=     -0.279599 Ry,      -0.139799 Ha,      -3.804132 eV
     Esictot=    -0.195135 Ry,      -0.097567 Ha,      -2.654940 eV

     tot-Exc=    -8.077986 Ry,      -4.038993 Ha,    -109.906585 eV
     int-Exc=    -8.552719 Ry,      -4.276359 Ha,    -116.365658 eV
     int-Eh=     25.084309 Ry,      12.542154 Ha,     341.289379 eV


     normalization and overlap integrals

     s(1S/1S) =  1.000000  <r> =   0.2630  <r2> =    0.0932  r(max) =   0.1707
     s(1S/2S) =  0.024596
     s(2S/2S) =  1.000000  <r> =   1.4160  <r2> =    2.3707  r(max) =   1.1552
     s(2P/2P) =  1.000000  <r> =   1.3799  <r2> =    2.3485  r(max) =   1.0494
     s(1S/1S) =  1.000000  <r> =   0.2624  <r2> =    0.0927  r(max) =   0.1707
     s(1S/2S) =  0.024968
     s(2S/2S) =  1.000000  <r> =   1.4404  <r2> =    2.4567  r(max) =   1.1738
     s(2P/2P) =  1.000000  <r> =   1.9068  <r2> =    4.7644  r(max) =   1.2414

     ------------------------ End of All-electron run ------------------------


     occupation(    3 ) =  0.200
     --------------------------- All-electron run ----------------------------

     C                                                                          

     atomic number is  6.00
     dft =LDA   lsd =1 sic =1 latt =0  beta=0.30 tr2=1.0E-14 fref=5.0E-01 rhobarfact=1.0E+00
     mesh =1551 r(mesh) = 100.30751 xmin = -6.00 dx = 0.00800
     1 Ry =  13.60569193 eV

     n l     nl                  e(Ry)          e(Ha)          e(eV)
     1 0     1S 1( 1.00)       -23.4214       -11.7107      -318.6643
     2 0     2S 1( 1.00)        -2.3868        -1.1934       -32.4736
     2 1     2P 1( 0.20)        -1.7946        -0.8973       -24.4165
     1 0     1S 2( 1.00)       -23.3560       -11.6780      -317.7748
     2 0     2S 2( 1.00)        -2.2207        -1.1104       -30.2143
     2 1     2P 2( 0.00)        -0.5282        -0.2641        -7.1862

     eps = 1.3E-15  iter = 47

     Etot =     -72.810813 Ry,     -36.405407 Ha,    -990.641495 eV
     Total magnetization:    0.20 Bohr mag. 

     Ekin =      75.560702 Ry,      37.780351 Ha,    1028.055636 eV
     Encl =    -165.200562 Ry,     -82.600281 Ha,   -2247.667950 eV
     Eh   =      25.325734 Ry,      12.662867 Ha,     344.574131 eV
     Exc  =      -8.322260 Ry,      -4.161130 Ha,    -113.230112 eV

     SIC information:
     Esich=       0.105994 Ry,       0.052997 Ha,       1.442123 eV
     Esicxc=     -0.280421 Ry,      -0.140211 Ha,      -3.815323 eV
     Esictot=    -0.174427 Ry,      -0.087213 Ha,      -2.373200 eV

     tot-Exc=    -8.147833 Ry,      -4.073917 Ha,    -110.856912 eV
     int-Exc=    -8.602682 Ry,      -4.301341 Ha,    -117.045435 eV
     int-Eh=     25.431728 Ry,      12.715864 Ha,     346.016253 eV


     normalization and overlap integrals

     s(1S/1S) =  1.000000  <r> =   0.2630  <r2> =    0.0932  r(max) =   0.1707
     s(1S/2S) =  0.024596
     s(2S/2S) =  1.000000  <r> =   1.4160  <r2> =    2.3707  r(max) =   1.1552
     s(2P/2P) =  1.000000  <r> =   1.3799  <r2> =    2.3485  r(max) =   1.0494
     s(1S/1S) =  1.000000  <r> =   0.2624  <r2> =    0.0927  r(max) =   0.1707
     s(1S/2S) =  0.024968
     s(2S/2S) =  1.000000  <r> =   1.4404  <r2> =    2.4567  r(max) =   1.1738
     s(2P/2P) =  1.000000  <r> =   1.9068  <r2> =    4.7644  r(max) =   1.2414

     ------------------------ End of All-electron run ------------------------


     occupation(    3 ) =  0.250
     --------------------------- All-electron run ----------------------------

     C                                                                          

     atomic number is  6.00
     dft =LDA   lsd =1 sic =1 latt =0  beta=0.30 tr2=1.0E-14 fref=5.0E-01 rhobarfact=1.0E+00
     mesh =1551 r(mesh) = 100.30751 xmin = -6.00 dx = 0.00800
     1 Ry =  13.60569193 eV

     n l     nl                  e(Ry)          e(Ha)          e(eV)
     1 0     1S 1( 1.00)       -23.4214       -11.7107      -318.6643
     2 0     2S 1( 1.00)        -2.3868        -1.1934       -32.4736
     2 1     2P 1( 0.25)        -1.7946        -0.8973       -24.4165
     1 0     1S 2( 1.00)       -23.3560       -11.6780      -317.7748
     2 0     2S 2( 1.00)        -2.2207        -1.1104       -30.2143
     2 1     2P 2( 0.00)        -0.5282        -0.2641        -7.1862

     eps = 1.3E-15  iter = 47

     Etot =     -72.899395 Ry,     -36.449698 Ha,    -991.846711 eV
     Total magnetization:    0.25 Bohr mag. 

     Ekin =      75.737808 Ry,      37.868904 Ha,    1030.465284 eV
     Encl =    -165.763411 Ry,     -82.881705 Ha,   -2255.325901 eV
     Eh   =      25.654935 Ry,      12.827467 Ha,     349.053140 eV
     Exc  =      -8.371851 Ry,      -4.185925 Ha,    -113.904820 eV

     SIC information:
     Esich=       0.124212 Ry,       0.062106 Ha,       1.689987 eV
     Esicxc=     -0.281088 Ry,      -0.140544 Ha,      -3.824401 eV
     Esictot=    -0.156877 Ry,      -0.078438 Ha,      -2.134413 eV

     tot-Exc=    -8.214974 Ry,      -4.107487 Ha,    -111.770406 eV
     int-Exc=    -8.652939 Ry,      -4.326469 Ha,    -117.729221 eV
     int-Eh=     25.779147 Ry,      12.889573 Ha,     350.743128 eV


     normalization and overlap integrals

     s(1S/1S) =  1.000000  <r> =   0.2630  <r2> =    0.0932  r(max) =   0.1707
     s(1S/2S) =  0.024596
     s(2S/2S) =  1.000000  <r> =   1.4160  <r2> =    2.3707  r(max) =   1.1552
     s(2P/2P) =  1.000000  <r> =   1.3799  <r2> =    2.3485  r(max) =   1.0494
     s(1S/1S) =  1.000000  <r> =   0.2624  <r2> =    0.0927  r(max) =   0.1707
     s(1S/2S) =  0.024968
     s(2S/2S) =  1.000000  <r> =   1.4404  <r2> =    2.4567  r(max) =   1.1738
     s(2P/2P) =  1.000000  <r> =   1.9068  <r2> =    4.7644  r(max) =   1.2414

     ------------------------ End of All-electron run ------------------------


     occupation(    3 ) =  0.300
     --------------------------- All-electron run ----------------------------

     C                                                                          

     atomic number is  6.00
     dft =LDA   lsd =1 sic =1 latt =0  beta=0.30 tr2=1.0E-14 fref=5.0E-01 rhobarfact=1.0E+00
     mesh =1551 r(mesh) = 100.30751 xmin = -6.00 dx = 0.00800
     1 Ry =  13.60569193 eV

     n l     nl                  e(Ry)          e(Ha)          e(eV)
     1 0     1S 1( 1.00)       -23.4214       -11.7107      -318.6643
     2 0     2S 1( 1.00)        -2.3868        -1.1934       -32.4736
     2 1     2P 1( 0.30)        -1.7946        -0.8973       -24.4165
     1 0     1S 2( 1.00)       -23.3560       -11.6780      -317.7748
     2 0     2S 2( 1.00)        -2.2207        -1.1104       -30.2143
     2 1     2P 2( 0.00)        -0.5282        -0.2641        -7.1862

     eps = 1.3E-15  iter = 47

     Etot =     -72.988197 Ry,     -36.494098 Ha,    -993.054919 eV
     Total magnetization:    0.30 Bohr mag. 

     Ekin =      75.914914 Ry,      37.957457 Ha,    1032.874932 eV
     Encl =    -166.326260 Ry,     -83.163130 Ha,   -2262.983853 eV
     Eh   =      25.987448 Ry,      12.993724 Ha,     353.577216 eV
     Exc  =      -8.421881 Ry,      -4.210940 Ha,    -114.585517 eV

     SIC information:
     Esich=       0.139117 Ry,       0.069559 Ha,       1.892786 eV
     Esicxc=     -0.281535 Ry,      -0.140768 Ha,      -3.830484 eV
     Esictot=    -0.142418 Ry,      -0.071209 Ha,      -1.937698 eV

     tot-Exc=    -8.279463 Ry,      -4.139731 Ha,    -112.647819 eV
     int-Exc=    -8.703416 Ry,      -4.351708 Ha,    -118.416000 eV
     int-Eh=     26.126566 Ry,      13.063283 Ha,     355.470002 eV


     normalization and overlap integrals

     s(1S/1S) =  1.000000  <r> =   0.2630  <r2> =    0.0932  r(max) =   0.1707
     s(1S/2S) =  0.024596
     s(2S/2S) =  1.000000  <r> =   1.4160  <r2> =    2.3707  r(max) =   1.1552
     s(2P/2P) =  1.000000  <r> =   1.3799  <r2> =    2.3485  r(max) =   1.0494
     s(1S/1S) =  1.000000  <r> =   0.2624  <r2> =    0.0927  r(max) =   0.1707
     s(1S/2S) =  0.024968
     s(2S/2S) =  1.000000  <r> =   1.4404  <r2> =    2.4567  r(max) =   1.1738
     s(2P/2P) =  1.000000  <r> =   1.9068  <r2> =    4.7644  r(max) =   1.2414

     ------------------------ End of All-electron run ------------------------


     occupation(    3 ) =  0.350
     --------------------------- All-electron run ----------------------------

     C                                                                          

     atomic number is  6.00
     dft =LDA   lsd =1 sic =1 latt =0  beta=0.30 tr2=1.0E-14 fref=5.0E-01 rhobarfact=1.0E+00
     mesh =1551 r(mesh) = 100.30751 xmin = -6.00 dx = 0.00800
     1 Ry =  13.60569193 eV

     n l     nl                  e(Ry)          e(Ha)          e(eV)
     1 0     1S 1( 1.00)       -23.4214       -11.7107      -318.6643
     2 0     2S 1( 1.00)        -2.3868        -1.1934       -32.4736
     2 1     2P 1( 0.35)        -1.7946        -0.8973       -24.4165
     1 0     1S 2( 1.00)       -23.3560       -11.6780      -317.7748
     2 0     2S 2( 1.00)        -2.2207        -1.1104       -30.2143
     2 1     2P 2( 0.00)        -0.5282        -0.2641        -7.1862

     eps = 1.3E-15  iter = 47

     Etot =     -73.077163 Ry,     -36.538582 Ha,    -994.265373 eV
     Total magnetization:    0.35 Bohr mag. 

     Ekin =      76.092020 Ry,      38.046010 Ha,    1035.284580 eV
     Encl =    -166.889109 Ry,     -83.444555 Ha,   -2270.641804 eV
     Eh   =      26.323274 Ry,      13.161637 Ha,     358.146358 eV
     Exc  =      -8.472343 Ry,      -4.236171 Ha,    -115.272089 eV

     SIC information:
     Esich=       0.150710 Ry,       0.075355 Ha,       2.050518 eV
     Esicxc=     -0.281716 Ry,      -0.140858 Ha,      -3.832936 eV
     Esictot=    -0.131005 Ry,      -0.065503 Ha,      -1.782417 eV

     tot-Exc=    -8.341338 Ry,      -4.170669 Ha,    -113.489671 eV
     int-Exc=    -8.754059 Ry,      -4.377029 Ha,    -119.105024 eV
     int-Eh=     26.473984 Ry,      13.236992 Ha,     360.196876 eV


     normalization and overlap integrals

     s(1S/1S) =  1.000000  <r> =   0.2630  <r2> =    0.0932  r(max) =   0.1707
     s(1S/2S) =  0.024596
     s(2S/2S) =  1.000000  <r> =   1.4160  <r2> =    2.3707  r(max) =   1.1552
     s(2P/2P) =  1.000000  <r> =   1.3799  <r2> =    2.3485  r(max) =   1.0494
     s(1S/1S) =  1.000000  <r> =   0.2624  <r2> =    0.0927  r(max) =   0.1707
     s(1S/2S) =  0.024968
     s(2S/2S) =  1.000000  <r> =   1.4404  <r2> =    2.4567  r(max) =   1.1738
     s(2P/2P) =  1.000000  <r> =   1.9068  <r2> =    4.7644  r(max) =   1.2414

     ------------------------ End of All-electron run ------------------------


     occupation(    3 ) =  0.400
     --------------------------- All-electron run ----------------------------

     C                                                                          

     atomic number is  6.00
     dft =LDA   lsd =1 sic =1 latt =0  beta=0.30 tr2=1.0E-14 fref=5.0E-01 rhobarfact=1.0E+00
     mesh =1551 r(mesh) = 100.30751 xmin = -6.00 dx = 0.00800
     1 Ry =  13.60569193 eV

     n l     nl                  e(Ry)          e(Ha)          e(eV)
     1 0     1S 1( 1.00)       -23.4214       -11.7107      -318.6643
     2 0     2S 1( 1.00)        -2.3868        -1.1934       -32.4736
     2 1     2P 1( 0.40)        -1.7946        -0.8973       -24.4165
     1 0     1S 2( 1.00)       -23.3560       -11.6780      -317.7748
     2 0     2S 2( 1.00)        -2.2207        -1.1104       -30.2143
     2 1     2P 2( 0.00)        -0.5282        -0.2641        -7.1862

     eps = 1.3E-15  iter = 47

     Etot =     -73.166264 Ry,     -36.583132 Ha,    -995.477649 eV
     Total magnetization:    0.40 Bohr mag. 

     Ekin =      76.269126 Ry,      38.134563 Ha,    1037.694227 eV
     Encl =    -167.451958 Ry,     -83.725979 Ha,   -2278.299756 eV
     Eh   =      26.662412 Ry,      13.331206 Ha,     362.760567 eV
     Exc  =      -8.523228 Ry,      -4.261614 Ha,    -115.964416 eV

     SIC information:
     Esich=       0.158991 Ry,       0.079496 Ha,       2.163184 eV
     Esicxc=     -0.281607 Ry,      -0.140803 Ha,      -3.831455 eV
     Esictot=    -0.122616 Ry,      -0.061308 Ha,      -1.668271 eV

     tot-Exc=    -8.400612 Ry,      -4.200306 Ha,    -114.296145 eV
     int-Exc=    -8.804835 Ry,      -4.402417 Ha,    -119.795871 eV
     int-Eh=     26.821403 Ry,      13.410702 Ha,     364.923751 eV


     normalization and overlap integrals

     s(1S/1S) =  1.000000  <r> =   0.2630  <r2> =    0.0932  r(max) =   0.1707
     s(1S/2S) =  0.024596
     s(2S/2S) =  1.000000  <r> =   1.4160  <r2> =    2.3707  r(max) =   1.1552
     s(2P/2P) =  1.000000  <r> =   1.3799  <r2> =    2.3485  r(max) =   1.0494
     s(1S/1S) =  1.000000  <r> =   0.2624  <r2> =    0.0927  r(max) =   0.1707
     s(1S/2S) =  0.024968
     s(2S/2S) =  1.000000  <r> =   1.4404  <r2> =    2.4567  r(max) =   1.1738
     s(2P/2P) =  1.000000  <r> =   1.9068  <r2> =    4.7644  r(max) =   1.2414

     ------------------------ End of All-electron run ------------------------


     occupation(    3 ) =  0.450
     --------------------------- All-electron run ----------------------------

     C                                                                          

     atomic number is  6.00
     dft =LDA   lsd =1 sic =1 latt =0  beta=0.30 tr2=1.0E-14 fref=5.0E-01 rhobarfact=1.0E+00
     mesh =1551 r(mesh) = 100.30751 xmin = -6.00 dx = 0.00800
     1 Ry =  13.60569193 eV

     n l     nl                  e(Ry)          e(Ha)          e(eV)
     1 0     1S 1( 1.00)       -23.4214       -11.7107      -318.6643
     2 0     2S 1( 1.00)        -2.3868        -1.1934       -32.4736
     2 1     2P 1( 0.45)        -1.7946        -0.8973       -24.4165
     1 0     1S 2( 1.00)       -23.3560       -11.6780      -317.7748
     2 0     2S 2( 1.00)        -2.2207        -1.1104       -30.2143
     2 1     2P 2( 0.00)        -0.5282        -0.2641        -7.1862

     eps = 1.3E-15  iter = 47

     Etot =     -73.255470 Ry,     -36.627735 Ha,    -996.691363 eV
     Total magnetization:    0.45 Bohr mag. 

     Ekin =      76.446232 Ry,      38.223116 Ha,    1040.103875 eV
     Encl =    -168.014807 Ry,     -84.007404 Ha,   -2285.957708 eV
     Eh   =      27.004863 Ry,      13.502431 Ha,     367.419842 eV
     Exc  =      -8.574529 Ry,      -4.287264 Ha,    -116.662397 eV

     SIC information:
     Esich=       0.163960 Ry,       0.081980 Ha,       2.230783 eV
     Esicxc=     -0.281188 Ry,      -0.140594 Ha,      -3.825759 eV
     Esictot=    -0.117229 Ry,      -0.058614 Ha,      -1.594976 eV

     tot-Exc=    -8.457300 Ry,      -4.228650 Ha,    -115.067422 eV
     int-Exc=    -8.855717 Ry,      -4.427858 Ha,    -120.488156 eV
     int-Eh=     27.168822 Ry,      13.584411 Ha,     369.650625 eV


     normalization and overlap integrals

     s(1S/1S) =  1.000000  <r> =   0.2630  <r2> =    0.0932  r(max) =   0.1707
     s(1S/2S) =  0.024596
     s(2S/2S) =  1.000000  <r> =   1.4160  <r2> =    2.3707  r(max) =   1.1552
     s(2P/2P) =  1.000000  <r> =   1.3799  <r2> =    2.3485  r(max) =   1.0494
     s(1S/1S) =  1.000000  <r> =   0.2624  <r2> =    0.0927  r(max) =   0.1707
     s(1S/2S) =  0.024968
     s(2S/2S) =  1.000000  <r> =   1.4404  <r2> =    2.4567  r(max) =   1.1738
     s(2P/2P) =  1.000000  <r> =   1.9068  <r2> =    4.7644  r(max) =   1.2414

     ------------------------ End of All-electron run ------------------------


     occupation(    3 ) =  0.500
     --------------------------- All-electron run ----------------------------

     C                                                                          

     atomic number is  6.00
     dft =LDA   lsd =1 sic =1 latt =0  beta=0.30 tr2=1.0E-14 fref=5.0E-01 rhobarfact=1.0E+00
     mesh =1551 r(mesh) = 100.30751 xmin = -6.00 dx = 0.00800
     1 Ry =  13.60569193 eV

     n l     nl                  e(Ry)          e(Ha)          e(eV)
     1 0     1S 1( 1.00)       -23.4214       -11.7107      -318.6643
     2 0     2S 1( 1.00)        -2.3868        -1.1934       -32.4736
     2 1     2P 1( 0.50)        -1.7946        -0.8973       -24.4165
     1 0     1S 2( 1.00)       -23.3560       -11.6780      -317.7748
     2 0     2S 2( 1.00)        -2.2207        -1.1104       -30.2143
     2 1     2P 2( 0.00)        -0.5282        -0.2641        -7.1862

     eps = 1.3E-15  iter = 47

     Etot =     -73.344763 Ry,     -36.672382 Ha,    -997.906253 eV
     Total magnetization:    0.50 Bohr mag. 

     Ekin =      76.623337 Ry,      38.311669 Ha,    1042.513523 eV
     Encl =    -168.577656 Ry,     -84.288828 Ha,   -2293.615659 eV
     Eh   =      27.350625 Ry,      13.675313 Ha,     372.124183 eV
     Exc  =      -8.626237 Ry,      -4.313119 Ha,    -117.365923 eV

     SIC information:
     Esich=       0.165616 Ry,       0.082808 Ha,       2.253317 eV
     Esicxc=     -0.280448 Ry,      -0.140224 Ha,      -3.815693 eV
     Esictot=    -0.114833 Ry,      -0.057416 Ha,      -1.562377 eV

     tot-Exc=    -8.511404 Ry,      -4.255702 Ha,    -115.803547 eV
     int-Exc=    -8.906685 Ry,      -4.453343 Ha,    -121.181616 eV
     int-Eh=     27.516241 Ry,      13.758121 Ha,     374.377499 eV


     normalization and overlap integrals

     s(1S/1S) =  1.000000  <r> =   0.2630  <r2> =    0.0932  r(max) =   0.1707
     s(1S/2S) =  0.024596
     s(2S/2S) =  1.000000  <r> =   1.4160  <r2> =    2.3707  r(max) =   1.1552
     s(2P/2P) =  1.000000  <r> =   1.3799  <r2> =    2.3485  r(max) =   1.0494
     s(1S/1S) =  1.000000  <r> =   0.2624  <r2> =    0.0927  r(max) =   0.1707
     s(1S/2S) =  0.024968
     s(2S/2S) =  1.000000  <r> =   1.4404  <r2> =    2.4567  r(max) =   1.1738
     s(2P/2P) =  1.000000  <r> =   1.9068  <r2> =    4.7644  r(max) =   1.2414

     ------------------------ End of All-electron run ------------------------


     occupation(    3 ) =  0.550
     --------------------------- All-electron run ----------------------------

     C                                                                          

     atomic number is  6.00
     dft =LDA   lsd =1 sic =1 latt =0  beta=0.30 tr2=1.0E-14 fref=5.0E-01 rhobarfact=1.0E+00
     mesh =1551 r(mesh) = 100.30751 xmin = -6.00 dx = 0.00800
     1 Ry =  13.60569193 eV

     n l     nl                  e(Ry)          e(Ha)          e(eV)
     1 0     1S 1( 1.00)       -23.4214       -11.7107      -318.6643
     2 0     2S 1( 1.00)        -2.3868        -1.1934       -32.4736
     2 1     2P 1( 0.55)        -1.7946        -0.8973       -24.4165
     1 0     1S 2( 1.00)       -23.3560       -11.6780      -317.7748
     2 0     2S 2( 1.00)        -2.2207        -1.1104       -30.2143
     2 1     2P 2( 0.00)        -0.5282        -0.2641        -7.1862

     eps = 1.3E-15  iter = 47

     Etot =     -73.434131 Ry,     -36.717066 Ha,    -999.122167 eV
     Total magnetization:    0.55 Bohr mag. 

     Ekin =      76.800443 Ry,      38.400222 Ha,    1044.923171 eV
     Encl =    -169.140506 Ry,     -84.570253 Ha,   -2301.273611 eV
     Eh   =      27.699700 Ry,      13.849850 Ha,     376.873590 eV
     Exc  =      -8.678346 Ry,      -4.339173 Ha,    -118.074903 eV

     SIC information:
     Esich=       0.163960 Ry,       0.081980 Ha,       2.230783 eV
     Esicxc=     -0.279383 Ry,      -0.139691 Ha,      -3.801199 eV
     Esictot=    -0.115423 Ry,      -0.057712 Ha,      -1.570415 eV

     tot-Exc=    -8.562923 Ry,      -4.281461 Ha,    -116.504487 eV
     int-Exc=    -8.957729 Ry,      -4.478865 Ha,    -121.876102 eV
     int-Eh=     27.863660 Ry,      13.931830 Ha,     379.104374 eV


     normalization and overlap integrals

     s(1S/1S) =  1.000000  <r> =   0.2630  <r2> =    0.0932  r(max) =   0.1707
     s(1S/2S) =  0.024596
     s(2S/2S) =  1.000000  <r> =   1.4160  <r2> =    2.3707  r(max) =   1.1552
     s(2P/2P) =  1.000000  <r> =   1.3799  <r2> =    2.3485  r(max) =   1.0494
     s(1S/1S) =  1.000000  <r> =   0.2624  <r2> =    0.0927  r(max) =   0.1707
     s(1S/2S) =  0.024968
     s(2S/2S) =  1.000000  <r> =   1.4404  <r2> =    2.4567  r(max) =   1.1738
     s(2P/2P) =  1.000000  <r> =   1.9068  <r2> =    4.7644  r(max) =   1.2414

     ------------------------ End of All-electron run ------------------------


     occupation(    3 ) =  0.600
     --------------------------- All-electron run ----------------------------

     C                                                                          

     atomic number is  6.00
     dft =LDA   lsd =1 sic =1 latt =0  beta=0.30 tr2=1.0E-14 fref=5.0E-01 rhobarfact=1.0E+00
     mesh =1551 r(mesh) = 100.30751 xmin = -6.00 dx = 0.00800
     1 Ry =  13.60569193 eV

     n l     nl                  e(Ry)          e(Ha)          e(eV)
     1 0     1S 1( 1.00)       -23.4214       -11.7107      -318.6643
     2 0     2S 1( 1.00)        -2.3868        -1.1934       -32.4736
     2 1     2P 1( 0.60)        -1.7946        -0.8973       -24.4165
     1 0     1S 2( 1.00)       -23.3560       -11.6780      -317.7748
     2 0     2S 2( 1.00)        -2.2207        -1.1104       -30.2143
     2 1     2P 2( 0.00)        -0.5282        -0.2641        -7.1862

     eps = 1.3E-15  iter = 47

     Etot =     -73.523564 Ry,     -36.761782 Ha,   -1000.338960 eV
     Total magnetization:    0.60 Bohr mag. 

     Ekin =      76.977549 Ry,      38.488775 Ha,    1047.332819 eV
     Encl =    -169.703355 Ry,     -84.851677 Ha,   -2308.931563 eV
     Eh   =      28.052088 Ry,      14.026044 Ha,     381.668064 eV
     Exc  =      -8.730848 Ry,      -4.365424 Ha,    -118.789232 eV

     SIC information:
     Esich=       0.158991 Ry,       0.079496 Ha,       2.163184 eV
     Esicxc=     -0.277989 Ry,      -0.138995 Ha,      -3.782233 eV
     Esictot=    -0.118998 Ry,      -0.059499 Ha,      -1.619049 eV

     tot-Exc=    -8.611850 Ry,      -4.305925 Ha,    -117.170183 eV
     int-Exc=    -9.008837 Ry,      -4.504419 Ha,    -122.571465 eV
     int-Eh=     28.211079 Ry,      14.105539 Ha,     383.831248 eV


     normalization and overlap integrals

     s(1S/1S) =  1.000000  <r> =   0.2630  <r2> =    0.0932  r(max) =   0.1707
     s(1S/2S) =  0.024596
     s(2S/2S) =  1.000000  <r> =   1.4160  <r2> =    2.3707  r(max) =   1.1552
     s(2P/2P) =  1.000000  <r> =   1.3799  <r2> =    2.3485  r(max) =   1.0494
     s(1S/1S) =  1.000000  <r> =   0.2624  <r2> =    0.0927  r(max) =   0.1707
     s(1S/2S) =  0.024968
     s(2S/2S) =  1.000000  <r> =   1.4404  <r2> =    2.4567  r(max) =   1.1738
     s(2P/2P) =  1.000000  <r> =   1.9068  <r2> =    4.7644  r(max) =   1.2414

     ------------------------ End of All-electron run ------------------------


     occupation(    3 ) =  0.650
     --------------------------- All-electron run ----------------------------

     C                                                                          

     atomic number is  6.00
     dft =LDA   lsd =1 sic =1 latt =0  beta=0.30 tr2=1.0E-14 fref=5.0E-01 rhobarfact=1.0E+00
     mesh =1551 r(mesh) = 100.30751 xmin = -6.00 dx = 0.00800
     1 Ry =  13.60569193 eV

     n l     nl                  e(Ry)          e(Ha)          e(eV)
     1 0     1S 1( 1.00)       -23.4214       -11.7107      -318.6643
     2 0     2S 1( 1.00)        -2.3868        -1.1934       -32.4736
     2 1     2P 1( 0.65)        -1.7946        -0.8973       -24.4165
     1 0     1S 2( 1.00)       -23.3560       -11.6780      -317.7748
     2 0     2S 2( 1.00)        -2.2207        -1.1104       -30.2143
     2 1     2P 2( 0.00)        -0.5282        -0.2641        -7.1862

     eps = 1.3E-15  iter = 47

     Etot =     -73.613048 Ry,     -36.806524 Ha,   -1001.556453 eV
     Total magnetization:    0.65 Bohr mag. 

     Ekin =      77.154655 Ry,      38.577328 Ha,    1049.742467 eV
     Encl =    -170.266204 Ry,     -85.133102 Ha,   -2316.589514 eV
     Eh   =      28.407787 Ry,      14.203894 Ha,     386.507604 eV
     Exc  =      -8.783738 Ry,      -4.391869 Ha,    -119.508832 eV

     SIC information:
     Esich=       0.150710 Ry,       0.075355 Ha,       2.050518 eV
     Esicxc=     -0.276259 Ry,      -0.138130 Ha,      -3.758696 eV
     Esictot=    -0.125549 Ry,      -0.062774 Ha,      -1.708178 eV

     tot-Exc=    -8.658189 Ry,      -4.329095 Ha,    -117.800655 eV
     int-Exc=    -9.059997 Ry,      -4.529999 Ha,    -123.267528 eV
     int-Eh=     28.558498 Ry,      14.279249 Ha,     388.558122 eV


     normalization and overlap integrals

     s(1S/1S) =  1.000000  <r> =   0.2630  <r2> =    0.0932  r(max) =   0.1707
     s(1S/2S) =  0.024596
     s(2S/2S) =  1.000000  <r> =   1.4160  <r2> =    2.3707  r(max) =   1.1552
     s(2P/2P) =  1.000000  <r> =   1.3799  <r2> =    2.3485  r(max) =   1.0494
     s(1S/1S) =  1.000000  <r> =   0.2624  <r2> =    0.0927  r(max) =   0.1707
     s(1S/2S) =  0.024968
     s(2S/2S) =  1.000000  <r> =   1.4404  <r2> =    2.4567  r(max) =   1.1738
     s(2P/2P) =  1.000000  <r> =   1.9068  <r2> =    4.7644  r(max) =   1.2414

     ------------------------ End of All-electron run ------------------------


     occupation(    3 ) =  0.700
     --------------------------- All-electron run ----------------------------

     C                                                                          

     atomic number is  6.00
     dft =LDA   lsd =1 sic =1 latt =0  beta=0.30 tr2=1.0E-14 fref=5.0E-01 rhobarfact=1.0E+00
     mesh =1551 r(mesh) = 100.30751 xmin = -6.00 dx = 0.00800
     1 Ry =  13.60569193 eV

     n l     nl                  e(Ry)          e(Ha)          e(eV)
     1 0     1S 1( 1.00)       -23.4214       -11.7107      -318.6643
     2 0     2S 1( 1.00)        -2.3868        -1.1934       -32.4736
     2 1     2P 1( 0.70)        -1.7946        -0.8973       -24.4165
     1 0     1S 2( 1.00)       -23.3560       -11.6780      -317.7748
     2 0     2S 2( 1.00)        -2.2207        -1.1104       -30.2143
     2 1     2P 2( 0.00)        -0.5282        -0.2641        -7.1862

     eps = 1.3E-15  iter = 47

     Etot =     -73.702579 Ry,     -36.851289 Ha,   -1002.774580 eV
     Total magnetization:    0.70 Bohr mag. 

     Ekin =      77.331761 Ry,      38.665880 Ha,    1052.152115 eV
     Encl =    -170.829053 Ry,     -85.414526 Ha,   -2324.247466 eV
     Eh   =      28.766799 Ry,      14.383400 Ha,     391.392211 eV
     Exc  =      -8.837009 Ry,      -4.418504 Ha,    -120.233618 eV

     SIC information:
     Esich=       0.139117 Ry,       0.069559 Ha,       1.892786 eV
     Esicxc=     -0.274195 Ry,      -0.137097 Ha,      -3.730608 eV
     Esictot=    -0.135077 Ry,      -0.067539 Ha,      -1.837822 eV

     tot-Exc=    -8.701931 Ry,      -4.350966 Ha,    -118.395796 eV
     int-Exc=    -9.111203 Ry,      -4.555602 Ha,    -123.964226 eV
     int-Eh=     28.905917 Ry,      14.452958 Ha,     393.284997 eV


     normalization and overlap integrals

     s(1S/1S) =  1.000000  <r> =   0.2630  <r2> =    0.0932  r(max) =   0.1707
     s(1S/2S) =  0.024596
     s(2S/2S) =  1.000000  <r> =   1.4160  <r2> =    2.3707  r(max) =   1.1552
     s(2P/2P) =  1.000000  <r> =   1.3799  <r2> =    2.3485  r(max) =   1.0494
     s(1S/1S) =  1.000000  <r> =   0.2624  <r2> =    0.0927  r(max) =   0.1707
     s(1S/2S) =  0.024968
     s(2S/2S) =  1.000000  <r> =   1.4404  <r2> =    2.4567  r(max) =   1.1738
     s(2P/2P) =  1.000000  <r> =   1.9068  <r2> =    4.7644  r(max) =   1.2414

     ------------------------ End of All-electron run ------------------------


     occupation(    3 ) =  0.750
     --------------------------- All-electron run ----------------------------

     C                                                                          

     atomic number is  6.00
     dft =LDA   lsd =1 sic =1 latt =0  beta=0.30 tr2=1.0E-14 fref=5.0E-01 rhobarfact=1.0E+00
     mesh =1551 r(mesh) = 100.30751 xmin = -6.00 dx = 0.00800
     1 Ry =  13.60569193 eV

     n l     nl                  e(Ry)          e(Ha)          e(eV)
     1 0     1S 1( 1.00)       -23.4214       -11.7107      -318.6643
     2 0     2S 1( 1.00)        -2.3868        -1.1934       -32.4736
     2 1     2P 1( 0.75)        -1.7946        -0.8973       -24.4165
     1 0     1S 2( 1.00)       -23.3560       -11.6780      -317.7748
     2 0     2S 2( 1.00)        -2.2207        -1.1104       -30.2143
     2 1     2P 2( 0.00)        -0.5282        -0.2641        -7.1862

     eps = 1.3E-15  iter = 47

     Etot =     -73.792152 Ry,     -36.896076 Ha,   -1003.993284 eV
     Total magnetization:    0.75 Bohr mag. 

     Ekin =      77.508867 Ry,      38.754433 Ha,    1054.561763 eV
     Encl =    -171.391902 Ry,     -85.695951 Ha,   -2331.905418 eV
     Eh   =      29.129124 Ry,      14.564562 Ha,     396.321884 eV
     Exc  =      -8.890654 Ry,      -4.445327 Ha,    -120.963496 eV

     SIC information:
     Esich=       0.124212 Ry,       0.062106 Ha,       1.689987 eV
     Esicxc=     -0.271798 Ry,      -0.135899 Ha,      -3.698004 eV
     Esictot=    -0.147587 Ry,      -0.073793 Ha,      -2.008017 eV

     tot-Exc=    -8.743067 Ry,      -4.371534 Ha,    -118.955479 eV
     int-Exc=    -9.162452 Ry,      -4.581226 Ha,    -124.661501 eV
     int-Eh=     29.253336 Ry,      14.626668 Ha,     398.011871 eV


     normalization and overlap integrals

     s(1S/1S) =  1.000000  <r> =   0.2630  <r2> =    0.0932  r(max) =   0.1707
     s(1S/2S) =  0.024596
     s(2S/2S) =  1.000000  <r> =   1.4160  <r2> =    2.3707  r(max) =   1.1552
     s(2P/2P) =  1.000000  <r> =   1.3799  <r2> =    2.3485  r(max) =   1.0494
     s(1S/1S) =  1.000000  <r> =   0.2624  <r2> =    0.0927  r(max) =   0.1707
     s(1S/2S) =  0.024968
     s(2S/2S) =  1.000000  <r> =   1.4404  <r2> =    2.4567  r(max) =   1.1738
     s(2P/2P) =  1.000000  <r> =   1.9068  <r2> =    4.7644  r(max) =   1.2414

     ------------------------ End of All-electron run ------------------------


     occupation(    3 ) =  0.800
     --------------------------- All-electron run ----------------------------

     C                                                                          

     atomic number is  6.00
     dft =LDA   lsd =1 sic =1 latt =0  beta=0.30 tr2=1.0E-14 fref=5.0E-01 rhobarfact=1.0E+00
     mesh =1551 r(mesh) = 100.30751 xmin = -6.00 dx = 0.00800
     1 Ry =  13.60569193 eV

     n l     nl                  e(Ry)          e(Ha)          e(eV)
     1 0     1S 1( 1.00)       -23.4214       -11.7107      -318.6643
     2 0     2S 1( 1.00)        -2.3868        -1.1934       -32.4736
     2 1     2P 1( 0.80)        -1.7946        -0.8973       -24.4165
     1 0     1S 2( 1.00)       -23.3560       -11.6780      -317.7748
     2 0     2S 2( 1.00)        -2.2207        -1.1104       -30.2143
     2 1     2P 2( 0.00)        -0.5282        -0.2641        -7.1862

     eps = 1.3E-15  iter = 47

     Etot =     -73.881762 Ry,     -36.940881 Ha,   -1005.212490 eV
     Total magnetization:    0.80 Bohr mag. 

     Ekin =      77.685973 Ry,      38.842986 Ha,    1056.971411 eV
     Encl =    -171.954751 Ry,     -85.977376 Ha,   -2339.563369 eV
     Eh   =      29.494760 Ry,      14.747380 Ha,     401.296623 eV
     Exc  =      -8.944668 Ry,      -4.472334 Ha,    -121.698396 eV

     SIC information:
     Esich=       0.105994 Ry,       0.052997 Ha,       1.442123 eV
     Esicxc=     -0.269070 Ry,      -0.134535 Ha,      -3.660882 eV
     Esictot=    -0.163076 Ry,      -0.081538 Ha,      -2.218759 eV

     tot-Exc=    -8.781592 Ry,      -4.390796 Ha,    -119.479636 eV
     int-Exc=    -9.213738 Ry,      -4.606869 Ha,    -125.359278 eV
     int-Eh=     29.600754 Ry,      14.800377 Ha,     402.738745 eV


     normalization and overlap integrals

     s(1S/1S) =  1.000000  <r> =   0.2630  <r2> =    0.0932  r(max) =   0.1707
     s(1S/2S) =  0.024596
     s(2S/2S) =  1.000000  <r> =   1.4160  <r2> =    2.3707  r(max) =   1.1552
     s(2P/2P) =  1.000000  <r> =   1.3799  <r2> =    2.3485  r(max) =   1.0494
     s(1S/1S) =  1.000000  <r> =   0.2624  <r2> =    0.0927  r(max) =   0.1707
     s(1S/2S) =  0.024968
     s(2S/2S) =  1.000000  <r> =   1.4404  <r2> =    2.4567  r(max) =   1.1738
     s(2P/2P) =  1.000000  <r> =   1.9068  <r2> =    4.7644  r(max) =   1.2414

     ------------------------ End of All-electron run ------------------------


     occupation(    3 ) =  0.850
     --------------------------- All-electron run ----------------------------

     C                                                                          

     atomic number is  6.00
     dft =LDA   lsd =1 sic =1 latt =0  beta=0.30 tr2=1.0E-14 fref=5.0E-01 rhobarfact=1.0E+00
     mesh =1551 r(mesh) = 100.30751 xmin = -6.00 dx = 0.00800
     1 Ry =  13.60569193 eV

     n l     nl                  e(Ry)          e(Ha)          e(eV)
     1 0     1S 1( 1.00)       -23.4214       -11.7107      -318.6643
     2 0     2S 1( 1.00)        -2.3868        -1.1934       -32.4736
     2 1     2P 1( 0.85)        -1.7946        -0.8973       -24.4165
     1 0     1S 2( 1.00)       -23.3560       -11.6780      -317.7748
     2 0     2S 2( 1.00)        -2.2207        -1.1104       -30.2143
     2 1     2P 2( 0.00)        -0.5282        -0.2641        -7.1862

     eps = 1.3E-15  iter = 47

     Etot =     -73.971401 Ry,     -36.985701 Ha,   -1006.432097 eV
     Total magnetization:    0.85 Bohr mag. 

     Ekin =      77.863079 Ry,      38.931539 Ha,    1059.381059 eV
     Encl =    -172.517600 Ry,     -86.258800 Ha,   -2347.221321 eV
     Eh   =      29.863709 Ry,      14.931855 Ha,     406.316428 eV
     Exc  =      -8.999046 Ry,      -4.499523 Ha,    -122.438244 eV

     SIC information:
     Esich=       0.084464 Ry,       0.042232 Ha,       1.149191 eV
     Esicxc=     -0.266007 Ry,      -0.133004 Ha,      -3.619210 eV
     Esictot=    -0.181543 Ry,      -0.090772 Ha,      -2.470019 eV

     tot-Exc=    -8.817503 Ry,      -4.408751 Ha,    -119.968226 eV
     int-Exc=    -9.265053 Ry,      -4.632526 Ha,    -126.057455 eV
     int-Eh=     29.948173 Ry,      14.974087 Ha,     407.465620 eV


     normalization and overlap integrals

     s(1S/1S) =  1.000000  <r> =   0.2630  <r2> =    0.0932  r(max) =   0.1707
     s(1S/2S) =  0.024596
     s(2S/2S) =  1.000000  <r> =   1.4160  <r2> =    2.3707  r(max) =   1.1552
     s(2P/2P) =  1.000000  <r> =   1.3799  <r2> =    2.3485  r(max) =   1.0494
     s(1S/1S) =  1.000000  <r> =   0.2624  <r2> =    0.0927  r(max) =   0.1707
     s(1S/2S) =  0.024968
     s(2S/2S) =  1.000000  <r> =   1.4404  <r2> =    2.4567  r(max) =   1.1738
     s(2P/2P) =  1.000000  <r> =   1.9068  <r2> =    4.7644  r(max) =   1.2414

     ------------------------ End of All-electron run ------------------------


     occupation(    3 ) =  0.900
     --------------------------- All-electron run ----------------------------

     C                                                                          

     atomic number is  6.00
     dft =LDA   lsd =1 sic =1 latt =0  beta=0.30 tr2=1.0E-14 fref=5.0E-01 rhobarfact=1.0E+00
     mesh =1551 r(mesh) = 100.30751 xmin = -6.00 dx = 0.00800
     1 Ry =  13.60569193 eV

     n l     nl                  e(Ry)          e(Ha)          e(eV)
     1 0     1S 1( 1.00)       -23.4214       -11.7107      -318.6643
     2 0     2S 1( 1.00)        -2.3868        -1.1934       -32.4736
     2 1     2P 1( 0.90)        -1.7946        -0.8973       -24.4165
     1 0     1S 2( 1.00)       -23.3560       -11.6780      -317.7748
     2 0     2S 2( 1.00)        -2.2207        -1.1104       -30.2143
     2 1     2P 2( 0.00)        -0.5282        -0.2641        -7.1862

     eps = 1.3E-15  iter = 47

     Etot =     -74.061071 Ry,     -37.030535 Ha,   -1007.652114 eV
     Total magnetization:    0.90 Bohr mag. 

     Ekin =      78.040184 Ry,      39.020092 Ha,    1061.790707 eV
     Encl =    -173.080449 Ry,     -86.540225 Ha,   -2354.879272 eV
     Eh   =      30.235971 Ry,      15.117985 Ha,     411.381300 eV
     Exc  =      -9.053782 Ry,      -4.526891 Ha,    -123.182962 eV

     SIC information:
     Esich=       0.059622 Ry,       0.029811 Ha,       0.811194 eV
     Esicxc=     -0.262617 Ry,      -0.131308 Ha,      -3.573081 eV
     Esictot=    -0.202995 Ry,      -0.101497 Ha,      -2.761887 eV

     tot-Exc=    -8.850787 Ry,      -4.425393 Ha,    -120.421076 eV
     int-Exc=    -9.316398 Ry,      -4.658199 Ha,    -126.756043 eV
     int-Eh=     30.295592 Ry,      15.147796 Ha,     412.192494 eV


     normalization and overlap integrals

     s(1S/1S) =  1.000000  <r> =   0.2630  <r2> =    0.0932  r(max) =   0.1707
     s(1S/2S) =  0.024596
     s(2S/2S) =  1.000000  <r> =   1.4160  <r2> =    2.3707  r(max) =   1.1552
     s(2P/2P) =  1.000000  <r> =   1.3799  <r2> =    2.3485  r(max) =   1.0494
     s(1S/1S) =  1.000000  <r> =   0.2624  <r2> =    0.0927  r(max) =   0.1707
     s(1S/2S) =  0.024968
     s(2S/2S) =  1.000000  <r> =   1.4404  <r2> =    2.4567  r(max) =   1.1738
     s(2P/2P) =  1.000000  <r> =   1.9068  <r2> =    4.7644  r(max) =   1.2414

     ------------------------ End of All-electron run ------------------------


     occupation(    3 ) =  0.950
     --------------------------- All-electron run ----------------------------

     C                                                                          

     atomic number is  6.00
     dft =LDA   lsd =1 sic =1 latt =0  beta=0.30 tr2=1.0E-14 fref=5.0E-01 rhobarfact=1.0E+00
     mesh =1551 r(mesh) = 100.30751 xmin = -6.00 dx = 0.00800
     1 Ry =  13.60569193 eV

     n l     nl                  e(Ry)          e(Ha)          e(eV)
     1 0     1S 1( 1.00)       -23.4214       -11.7107      -318.6643
     2 0     2S 1( 1.00)        -2.3868        -1.1934       -32.4736
     2 1     2P 1( 0.95)        -1.7946        -0.8973       -24.4165
     1 0     1S 2( 1.00)       -23.3560       -11.6780      -317.7748
     2 0     2S 2( 1.00)        -2.2207        -1.1104       -30.2143
     2 1     2P 2( 0.00)        -0.5282        -0.2641        -7.1862

     eps = 1.3E-15  iter = 47

     Etot =     -74.150768 Ry,     -37.075384 Ha,   -1008.872499 eV
     Total magnetization:    0.95 Bohr mag. 

     Ekin =      78.217290 Ry,      39.108645 Ha,    1064.200355 eV
     Encl =    -173.643298 Ry,     -86.821649 Ha,   -2362.537224 eV
     Eh   =      30.611544 Ry,      15.305772 Ha,     416.491238 eV
     Exc  =      -9.108870 Ry,      -4.554435 Ha,    -123.932483 eV

     SIC information:
     Esich=       0.031467 Ry,       0.015733 Ha,       0.428130 eV
     Esicxc=     -0.258900 Ry,      -0.129450 Ha,      -3.522515 eV
     Esictot=    -0.227433 Ry,      -0.113717 Ha,      -3.094385 eV

     tot-Exc=    -8.881437 Ry,      -4.440719 Ha,    -120.838098 eV
     int-Exc=    -9.367770 Ry,      -4.683885 Ha,    -127.454999 eV
     int-Eh=     30.643011 Ry,      15.321506 Ha,     416.919368 eV


     normalization and overlap integrals

     s(1S/1S) =  1.000000  <r> =   0.2630  <r2> =    0.0932  r(max) =   0.1707
     s(1S/2S) =  0.024596
     s(2S/2S) =  1.000000  <r> =   1.4160  <r2> =    2.3707  r(max) =   1.1552
     s(2P/2P) =  1.000000  <r> =   1.3799  <r2> =    2.3485  r(max) =   1.0494
     s(1S/1S) =  1.000000  <r> =   0.2624  <r2> =    0.0927  r(max) =   0.1707
     s(1S/2S) =  0.024968
     s(2S/2S) =  1.000000  <r> =   1.4404  <r2> =    2.4567  r(max) =   1.1738
     s(2P/2P) =  1.000000  <r> =   1.9068  <r2> =    4.7644  r(max) =   1.2414

     ------------------------ End of All-electron run ------------------------


     occupation(    3 ) =  1.000
     --------------------------- All-electron run ----------------------------

     C                                                                          

     atomic number is  6.00
     dft =LDA   lsd =1 sic =1 latt =0  beta=0.30 tr2=1.0E-14 fref=5.0E-01 rhobarfact=1.0E+00
     mesh =1551 r(mesh) = 100.30751 xmin = -6.00 dx = 0.00800
     1 Ry =  13.60569193 eV

     n l     nl                  e(Ry)          e(Ha)          e(eV)
     1 0     1S 1( 1.00)       -23.4214       -11.7107      -318.6643
     2 0     2S 1( 1.00)        -2.3868        -1.1934       -32.4736
     2 1     2P 1( 1.00)        -1.7946        -0.8973       -24.4165
     1 0     1S 2( 1.00)       -23.3560       -11.6780      -317.7748
     2 0     2S 2( 1.00)        -2.2207        -1.1104       -30.2143
     2 1     2P 2( 0.00)        -0.5282        -0.2641        -7.1862

     eps = 1.3E-15  iter = 47

     Etot =     -74.240489 Ry,     -37.120244 Ha,   -1010.093216 eV
     Total magnetization:    1.00 Bohr mag. 

     Ekin =      78.394396 Ry,      39.197198 Ha,    1066.610003 eV
     Encl =    -174.206148 Ry,     -87.103074 Ha,   -2370.195176 eV
     Eh   =      30.990430 Ry,      15.495215 Ha,     421.646243 eV
     Exc  =      -9.164307 Ry,      -4.582153 Ha,    -124.686735 eV

     SIC information:
     Esich=       0.000000 Ry,       0.000000 Ha,       0.000000 eV
     Esicxc=     -0.254860 Ry,      -0.127430 Ha,      -3.467551 eV
     Esictot=    -0.254860 Ry,      -0.127430 Ha,      -3.467551 eV

     tot-Exc=    -8.909446 Ry,      -4.454723 Ha,    -121.219184 eV
     int-Exc=    -9.419167 Ry,      -4.709584 Ha,    -128.154286 eV
     int-Eh=     30.990430 Ry,      15.495215 Ha,     421.646243 eV


     normalization and overlap integrals

     s(1S/1S) =  1.000000  <r> =   0.2630  <r2> =    0.0932  r(max) =   0.1707
     s(1S/2S) =  0.024596
     s(2S/2S) =  1.000000  <r> =   1.4160  <r2> =    2.3707  r(max) =   1.1552
     s(2P/2P) =  1.000000  <r> =   1.3799  <r2> =    2.3485  r(max) =   1.0494
     s(1S/1S) =  1.000000  <r> =   0.2624  <r2> =    0.0927  r(max) =   0.1707
     s(1S/2S) =  0.024968
     s(2S/2S) =  1.000000  <r> =   1.4404  <r2> =    2.4567  r(max) =   1.1738
     s(2P/2P) =  1.000000  <r> =   1.9068  <r2> =    4.7644  r(max) =   1.2414

     ------------------------ End of All-electron run ------------------------

