  _                                                
 | | _____   ___  _ __  _ __ ___   __ _ _ __  ___  
 | |/ / _ \ / _ \| '_ \| '_ ` _ \ / _` | '_ \/ __| 
 |   < (_) | (_) | |_) | | | | | | (_| | | | \__ \ 
 |_|\_\___/ \___/| .__/|_| |_| |_|\__,_|_| |_|___/ 
                 |_|                               

 Koopmans spectral functional calculations with Quantum ESPRESSO

 Written by Edward Linscott, Riccardo De Gennaro, and Nicola Colonna

 using QE version qe-6.7MaX-Release-19-gfd10090a8, workflow manager version v0.3.2-1-gbbdafd4d, and ASE version 3f4f12595

 ecutwfc = 20.0, cell_size = 1.0
 -------------------------------
    Running ./dft... done

 ecutwfc = 20.0, cell_size = 1.1
 -------------------------------
    Running ./dft... done

 ecutwfc = 20.0, cell_size = 1.2
 -------------------------------
    Running ./dft... done

 ecutwfc = 30.0, cell_size = 1.0
 -------------------------------
    Running ./dft... done

 ecutwfc = 30.0, cell_size = 1.1
 -------------------------------
    Running ./dft... done

 ecutwfc = 30.0, cell_size = 1.2
 -------------------------------
    Running ./dft... done

 ecutwfc = 40.0, cell_size = 1.0
 -------------------------------
    Running ./dft... done

 ecutwfc = 40.0, cell_size = 1.1
 -------------------------------
    Running ./dft... done

 ecutwfc = 40.0, cell_size = 1.2
 -------------------------------
    Running ./dft... done

 ecutwfc = 20.0, cell_size = 1.3
 -------------------------------
    Running ./dft... done

 ecutwfc = 30.0, cell_size = 1.3
 -------------------------------
    Running ./dft... done

 ecutwfc = 40.0, cell_size = 1.3
 -------------------------------
    Running ./dft... done

 ecutwfc = 50.0, cell_size = 1.0
 -------------------------------
    Running ./dft... done

 ecutwfc = 50.0, cell_size = 1.1
 -------------------------------
    Running ./dft... done

 ecutwfc = 50.0, cell_size = 1.2
 -------------------------------
    Running ./dft... done

 ecutwfc = 50.0, cell_size = 1.3
 -------------------------------
    Running ./dft... done

 ecutwfc = 20.0, cell_size = 1.4
 -------------------------------
    Running ./dft... done

 ecutwfc = 30.0, cell_size = 1.4
 -------------------------------
    Running ./dft... done

 ecutwfc = 40.0, cell_size = 1.4
 -------------------------------
    Running ./dft... done

 ecutwfc = 50.0, cell_size = 1.4
 -------------------------------
    Running ./dft... done

 ecutwfc = 60.0, cell_size = 1.0
 -------------------------------
    Running ./dft... done

 ecutwfc = 60.0, cell_size = 1.1
 -------------------------------
    Running ./dft... done

 ecutwfc = 60.0, cell_size = 1.2
 -------------------------------
    Running ./dft... done

 ecutwfc = 60.0, cell_size = 1.3
 -------------------------------
    Running ./dft... done

 ecutwfc = 60.0, cell_size = 1.4
 -------------------------------
    Running ./dft... done
  
   Converged parameters are ecutwfc = 50.0, cell_size = 1.3

 Workflow complete
