[1m  _
 | | _____   ___  _ __  _ __ ___   __ _ _ __  ___
 | |/ / _ \ / _ \| '_ \| '_ ` _ \ / _` | '_ \/ __|
 |   < (_) | (_) | |_) | | | | | | (_| | | | \__ \ 
 |_|\_\___/ \___/| .__/|_| |_| |_|\__,_|_| |_|___/
                 |_|

 Koopmans spectral functional calculations with Quantum ESPRESSO

 version 1.0.1

 Written by Edward Linscott, Riccardo De Gennaro, and Nicola Colonna[0m

 Please cite the papers listed in h2o_train.bib in work involving this calculation
   

------------------------------------------------------------------------------------------------------------------------
 UserWarning: This system is not cubic and will therefore not have a uniform dielectric tensor. However, the image-
              correction schemes that are currently implemented assume a uniform dielectric. Proceed with caution
------------------------------------------------------------------------------------------------------------------------

------------------------------------------------------------------------------------------------------------------------
 UserWarning: Predicting screening parameters with machine-learning is an experimental feature; proceed with caution
------------------------------------------------------------------------------------------------------------------------
   [1m- Koopmans DSCF Snapshot 1 of 5[0m
     [1m- Initialization[0m
       [1m- Wannierize[0m
         - Running 01-scf... done
         - Running 02-nscf... done
         [1m- Wannierize Block 1[0m
           - Running 01-wannier90_preproc... done
           - Running 02-pw2wannier90... done
           - Running 03-wannier90... done
         [1m- Wannierize Block 2[0m
           - Running 01-wannier90_preproc... done
           - Running 02-pw2wannier90... done
           - Running 03-wannier90... done
       [1m- Fold To Supercell[0m
         - Running 01-convert_block_1_to_supercell... done
         - Running 02-convert_block_2_to_supercell... done
       - Running 03-dft_dummy... done
       - Running 04-dft_init... done

------------------------------------------------------------------------------------------------------------------------
 UserWarning: Not sure why this was necessary but might need to implement something to cover this behaviour
------------------------------------------------------------------------------------------------------------------------
     [1m- Calculate Screening Via DSCF[0m
       [1m- Iteration 1[0m
         - Running 01-ki... done
         [1m- Power Spectrum Decomposition[0m
           [1m- Convert Orbital Files To XML[0m

------------------------------------------------------------------------------------------------------------------------
 UserWarning: Need to implement check if compute decomposition is complete (add it as an optional input)
------------------------------------------------------------------------------------------------------------------------
             - Running 01-bin2xml_total_density... done
             - Running 02-bin2xml_occ_spin_0_orb_1_density... done
             - Running 03-bin2xml_occ_spin_0_orb_2_density... done
             - Running 04-bin2xml_occ_spin_0_orb_3_density... done
             - Running 05-bin2xml_occ_spin_0_orb_4_density... done
             - Running 06-bin2xml_emp_spin_0_orb_5_density... done
             - Running 07-bin2xml_emp_spin_0_orb_6_density... done
           - Running 02-extract_coefficients_from_xml...
------------------------------------------------------------------------------------------------------------------------
 UserWarning: Need to implement check_if_compute_decomposition_is_complete (add it as an optional input?)
------------------------------------------------------------------------------------------------------------------------
 done
           - Running 03-compute_power_spectrum_orbital_0... done
           - Running 04-compute_power_spectrum_orbital_1... done
           - Running 05-compute_power_spectrum_orbital_2... done
           - Running 06-compute_power_spectrum_orbital_3... done
           - Running 07-compute_power_spectrum_orbital_4... done
           - Running 08-compute_power_spectrum_orbital_5... done
         [1m- Orbital 1[0m
           - Running 01-dft_n-1... done
         [1m- Orbital 2[0m
           - Running 01-dft_n-1... done
         [1m- Orbital 3[0m
           - Running 01-dft_n-1... done
         [1m- Orbital 4[0m
           - Running 01-dft_n-1... done
         [1m- Orbital 5[0m
           - Running 01-pz_print... done
           - Running 02-dft_n+1_dummy... done
           - Running 03-dft_n+1... done
         [1m- Orbital 6[0m
           - Running 01-pz_print... done
           - Running 02-dft_n+1_dummy... done
           - Running 03-dft_n+1... done
        
        α
                  1        2        3         4         5        6
        0  0.600000  0.60000  0.60000  0.600000  0.600000  0.60000
        1  0.574716  0.56594  0.49966  0.499231  0.566399  0.54828
        
        ΔE_i - λ_ii (eV)
                  1         2         3         4         5         6
        0  0.213412  0.300457  0.930696  0.938597 -0.096451 -0.137783


------------------------------------------------------------------------------------------------------------------------
 UserWarning: The screening parameters have been calculated but are not necessarily self-consistent. You may want to
              increase alpha_numsteps to obtain a more accurate result.
------------------------------------------------------------------------------------------------------------------------
     - Running 03-ki_final... done
   [1m- Koopmans DSCF Snapshot 2 of 5[0m
     [1m- Initialization[0m
       [1m- Wannierize[0m
         - Running 01-scf... done
         - Running 02-nscf... done
         [1m- Wannierize Block 1[0m
           - Running 01-wannier90_preproc... done
           - Running 02-pw2wannier90... done
           - Running 03-wannier90... done
         [1m- Wannierize Block 2[0m
           - Running 01-wannier90_preproc... done
           - Running 02-pw2wannier90... done
           - Running 03-wannier90... done
       [1m- Fold To Supercell[0m
         - Running 01-convert_block_1_to_supercell... done
         - Running 02-convert_block_2_to_supercell... done
       - Running 03-dft_dummy... done
       - Running 04-dft_init... done

------------------------------------------------------------------------------------------------------------------------
 UserWarning: Not sure why this was necessary but might need to implement something to cover this behaviour
------------------------------------------------------------------------------------------------------------------------
     [1m- Calculate Screening Via DSCF[0m
       [1m- Iteration 1[0m
         - Running 01-ki... done
         [1m- Power Spectrum Decomposition[0m
           [1m- Convert Orbital Files To XML[0m

------------------------------------------------------------------------------------------------------------------------
 UserWarning: Need to implement check if compute decomposition is complete (add it as an optional input)
------------------------------------------------------------------------------------------------------------------------
             - Running 01-bin2xml_total_density... done
             - Running 02-bin2xml_occ_spin_0_orb_1_density... done
             - Running 03-bin2xml_occ_spin_0_orb_2_density... done
             - Running 04-bin2xml_occ_spin_0_orb_3_density... done
             - Running 05-bin2xml_occ_spin_0_orb_4_density... done
             - Running 06-bin2xml_emp_spin_0_orb_5_density... done
             - Running 07-bin2xml_emp_spin_0_orb_6_density... done
           - Running 02-extract_coefficients_from_xml...
------------------------------------------------------------------------------------------------------------------------
 UserWarning: Need to implement check_if_compute_decomposition_is_complete (add it as an optional input?)
------------------------------------------------------------------------------------------------------------------------
 done
           - Running 03-compute_power_spectrum_orbital_0... done
           - Running 04-compute_power_spectrum_orbital_1... done
           - Running 05-compute_power_spectrum_orbital_2... done
           - Running 06-compute_power_spectrum_orbital_3... done
           - Running 07-compute_power_spectrum_orbital_4... done
           - Running 08-compute_power_spectrum_orbital_5... done
         [1m- Orbital 1[0m
           - Running 01-dft_n-1... done
         [1m- Orbital 2[0m
           - Running 01-dft_n-1... done
         [1m- Orbital 3[0m
           - Running 01-dft_n-1... done
         [1m- Orbital 4[0m
           - Running 01-dft_n-1... done
         [1m- Orbital 5[0m
           - Running 01-pz_print... done
           - Running 02-dft_n+1_dummy... done
           - Running 03-dft_n+1... done
         [1m- Orbital 6[0m
           - Running 01-pz_print... done
           - Running 02-dft_n+1_dummy... done
           - Running 03-dft_n+1... done
        
        α
                  1         2         3        4         5         6
        0  0.600000  0.600000  0.600000  0.60000  0.600000  0.600000
        1  0.569337  0.582594  0.508371  0.50811  0.519749  0.570484
        
        ΔE_i - λ_ii (eV)
                  1         2         3         4         5         6
        0  0.278618  0.148526  0.850251  0.856718 -0.165157 -0.094028


------------------------------------------------------------------------------------------------------------------------
 UserWarning: The screening parameters have been calculated but are not necessarily self-consistent. You may want to
              increase alpha_numsteps to obtain a more accurate result.
------------------------------------------------------------------------------------------------------------------------
     - Running 03-ki_final... done
   [1m- Koopmans DSCF Snapshot 3 of 5[0m
     [1m- Initialization[0m
       [1m- Wannierize[0m
         - Running 01-scf... done
         - Running 02-nscf... done
         [1m- Wannierize Block 1[0m
           - Running 01-wannier90_preproc... done
           - Running 02-pw2wannier90... done
           - Running 03-wannier90... done
         [1m- Wannierize Block 2[0m
           - Running 01-wannier90_preproc... done
           - Running 02-pw2wannier90... done
           - Running 03-wannier90... done
       [1m- Fold To Supercell[0m
         - Running 01-convert_block_1_to_supercell... done
         - Running 02-convert_block_2_to_supercell... done
       - Running 03-dft_dummy... done
       - Running 04-dft_init... done

------------------------------------------------------------------------------------------------------------------------
 UserWarning: Not sure why this was necessary but might need to implement something to cover this behaviour
------------------------------------------------------------------------------------------------------------------------
     [1m- Calculate Screening Via DSCF[0m
       [1m- Iteration 1[0m
         - Running 01-ki... done
         [1m- Power Spectrum Decomposition[0m
           [1m- Convert Orbital Files To XML[0m

------------------------------------------------------------------------------------------------------------------------
 UserWarning: Need to implement check if compute decomposition is complete (add it as an optional input)
------------------------------------------------------------------------------------------------------------------------
             - Running 01-bin2xml_total_density... done
             - Running 02-bin2xml_occ_spin_0_orb_1_density... done
             - Running 03-bin2xml_occ_spin_0_orb_2_density... done
             - Running 04-bin2xml_occ_spin_0_orb_3_density... done
             - Running 05-bin2xml_occ_spin_0_orb_4_density... done
             - Running 06-bin2xml_emp_spin_0_orb_5_density... done
             - Running 07-bin2xml_emp_spin_0_orb_6_density... done
           - Running 02-extract_coefficients_from_xml...
------------------------------------------------------------------------------------------------------------------------
 UserWarning: Need to implement check_if_compute_decomposition_is_complete (add it as an optional input?)
------------------------------------------------------------------------------------------------------------------------
 done
           - Running 03-compute_power_spectrum_orbital_0... done
           - Running 04-compute_power_spectrum_orbital_1... done
           - Running 05-compute_power_spectrum_orbital_2... done
           - Running 06-compute_power_spectrum_orbital_3... done
           - Running 07-compute_power_spectrum_orbital_4... done
           - Running 08-compute_power_spectrum_orbital_5... done
         [1m- Orbital 1[0m
           - Running 01-dft_n-1... done
         [1m- Orbital 2[0m
           - Running 01-dft_n-1... done
         [1m- Orbital 3[0m
           - Running 01-dft_n-1... done
         [1m- Orbital 4[0m
           - Running 01-dft_n-1... done
         [1m- Orbital 5[0m
           - Running 01-pz_print... done
           - Running 02-dft_n+1_dummy... done
           - Running 03-dft_n+1... done
         [1m- Orbital 6[0m
           - Running 01-pz_print... done
           - Running 02-dft_n+1_dummy... done
           - Running 03-dft_n+1... done
        
        α
                  1         2         3        4        5         6
        0  0.600000  0.600000  0.600000  0.60000  0.60000  0.600000
        1  0.578944  0.552147  0.492751  0.49322  0.58534  0.419386
        
        ΔE_i - λ_ii (eV)
                  1         2         3         4         5         6
        0  0.169357  0.434248  0.998794  0.991985 -0.059664 -0.256215


------------------------------------------------------------------------------------------------------------------------
 UserWarning: The screening parameters have been calculated but are not necessarily self-consistent. You may want to
              increase alpha_numsteps to obtain a more accurate result.
------------------------------------------------------------------------------------------------------------------------
     - Running 03-ki_final... done
   [1m- Koopmans DSCF Snapshot 4 of 5[0m
     [1m- Initialization[0m
       [1m- Wannierize[0m
         - Running 01-scf... done
         - Running 02-nscf... done
         [1m- Wannierize Block 1[0m
           - Running 01-wannier90_preproc... done
           - Running 02-pw2wannier90... done
           - Running 03-wannier90... done
         [1m- Wannierize Block 2[0m
           - Running 01-wannier90_preproc... done
           - Running 02-pw2wannier90... done
           - Running 03-wannier90... done
       [1m- Fold To Supercell[0m
         - Running 01-convert_block_1_to_supercell... done
         - Running 02-convert_block_2_to_supercell... done
       - Running 03-dft_dummy... done
       - Running 04-dft_init... done

------------------------------------------------------------------------------------------------------------------------
 UserWarning: Not sure why this was necessary but might need to implement something to cover this behaviour
------------------------------------------------------------------------------------------------------------------------
     [1m- Calculate Screening Via DSCF[0m
       [1m- Iteration 1[0m
         - Running 01-ki... done
         [1m- Power Spectrum Decomposition[0m
           [1m- Convert Orbital Files To XML[0m

------------------------------------------------------------------------------------------------------------------------
 UserWarning: Need to implement check if compute decomposition is complete (add it as an optional input)
------------------------------------------------------------------------------------------------------------------------
             - Running 01-bin2xml_total_density... done
             - Running 02-bin2xml_occ_spin_0_orb_1_density... done
             - Running 03-bin2xml_occ_spin_0_orb_2_density... done
             - Running 04-bin2xml_occ_spin_0_orb_3_density... done
             - Running 05-bin2xml_occ_spin_0_orb_4_density... done
             - Running 06-bin2xml_emp_spin_0_orb_5_density... done
             - Running 07-bin2xml_emp_spin_0_orb_6_density... done
           - Running 02-extract_coefficients_from_xml...
------------------------------------------------------------------------------------------------------------------------
 UserWarning: Need to implement check_if_compute_decomposition_is_complete (add it as an optional input?)
------------------------------------------------------------------------------------------------------------------------
 done
           - Running 03-compute_power_spectrum_orbital_0... done
           - Running 04-compute_power_spectrum_orbital_1... done
           - Running 05-compute_power_spectrum_orbital_2... done
           - Running 06-compute_power_spectrum_orbital_3... done
           - Running 07-compute_power_spectrum_orbital_4... done
           - Running 08-compute_power_spectrum_orbital_5... done
         [1m- Orbital 1[0m
           - Running 01-dft_n-1... done
         [1m- Orbital 2[0m
           - Running 01-dft_n-1... done
         [1m- Orbital 3[0m
           - Running 01-dft_n-1... done
         [1m- Orbital 4[0m
           - Running 01-dft_n-1... done
         [1m- Orbital 5[0m
           - Running 01-pz_print... done
           - Running 02-dft_n+1_dummy... done
           - Running 03-dft_n+1... done
         [1m- Orbital 6[0m
           - Running 01-pz_print... done
           - Running 02-dft_n+1_dummy... done
           - Running 03-dft_n+1... done
        
        α
                  1         2         3         4         5         6
        0  0.600000  0.600000  0.600000  0.600000  0.600000  0.600000
        1  0.565378  0.589445  0.523162  0.522763  0.454254  0.565805
        
        ΔE_i - λ_ii (eV)
                  1         2         3         4         5         6
        0  0.339028  0.092266  0.708686  0.715767 -0.233903 -0.108281


------------------------------------------------------------------------------------------------------------------------
 UserWarning: The screening parameters have been calculated but are not necessarily self-consistent. You may want to
              increase alpha_numsteps to obtain a more accurate result.
------------------------------------------------------------------------------------------------------------------------
     - Running 03-ki_final... done
   [1m- Koopmans DSCF Snapshot 5 of 5[0m
     [1m- Initialization[0m
       [1m- Wannierize[0m
         - Running 01-scf... done
         - Running 02-nscf... done
         [1m- Wannierize Block 1[0m
           - Running 01-wannier90_preproc... done
           - Running 02-pw2wannier90... done
           - Running 03-wannier90... done
         [1m- Wannierize Block 2[0m
           - Running 01-wannier90_preproc... done
           - Running 02-pw2wannier90... done
           - Running 03-wannier90... done
       [1m- Fold To Supercell[0m
         - Running 01-convert_block_1_to_supercell... done
         - Running 02-convert_block_2_to_supercell... done
       - Running 03-dft_dummy... done
       - Running 04-dft_init... done

------------------------------------------------------------------------------------------------------------------------
 UserWarning: Not sure why this was necessary but might need to implement something to cover this behaviour
------------------------------------------------------------------------------------------------------------------------
     [1m- Calculate Screening Via DSCF[0m
       [1m- Iteration 1[0m
         - Running 01-ki... done
         [1m- Power Spectrum Decomposition[0m
           [1m- Convert Orbital Files To XML[0m

------------------------------------------------------------------------------------------------------------------------
 UserWarning: Need to implement check if compute decomposition is complete (add it as an optional input)
------------------------------------------------------------------------------------------------------------------------
             - Running 01-bin2xml_total_density... done
             - Running 02-bin2xml_occ_spin_0_orb_1_density... done
             - Running 03-bin2xml_occ_spin_0_orb_2_density... done
             - Running 04-bin2xml_occ_spin_0_orb_3_density... done
             - Running 05-bin2xml_occ_spin_0_orb_4_density... done
             - Running 06-bin2xml_emp_spin_0_orb_5_density... done
             - Running 07-bin2xml_emp_spin_0_orb_6_density... done
           - Running 02-extract_coefficients_from_xml...
------------------------------------------------------------------------------------------------------------------------
 UserWarning: Need to implement check_if_compute_decomposition_is_complete (add it as an optional input?)
------------------------------------------------------------------------------------------------------------------------
 done
           - Running 03-compute_power_spectrum_orbital_0... done
           - Running 04-compute_power_spectrum_orbital_1... done
           - Running 05-compute_power_spectrum_orbital_2... done
           - Running 06-compute_power_spectrum_orbital_3... done
           - Running 07-compute_power_spectrum_orbital_4... done
           - Running 08-compute_power_spectrum_orbital_5... done
         [1m- Orbital 1[0m
           - Running 01-dft_n-1... done
         [1m- Orbital 2[0m
           - Running 01-dft_n-1... done
         [1m- Orbital 3[0m
           - Running 01-dft_n-1... done
         [1m- Orbital 4[0m
           - Running 01-dft_n-1... done
         [1m- Orbital 5[0m
           - Running 01-pz_print... done
           - Running 02-dft_n+1_dummy... done
           - Running 03-dft_n+1... done
         [1m- Orbital 6[0m
           - Running 01-pz_print... done
           - Running 02-dft_n+1_dummy... done
           - Running 03-dft_n+1... done
        
        α
                  1        2         3         4         5         6
        0  0.600000  0.60000  0.600000  0.600000  0.600000  0.600000
        1  0.583025  0.59729  0.559323  0.558505  0.382952  0.447094
        
        ΔE_i - λ_ii (eV)
                  1         2        3        4         5         6
        0  0.181934  0.027064  0.37397  0.38485 -0.287828 -0.308915


------------------------------------------------------------------------------------------------------------------------
 UserWarning: The screening parameters have been calculated but are not necessarily self-consistent. You may want to
              increase alpha_numsteps to obtain a more accurate result.
------------------------------------------------------------------------------------------------------------------------
     - Running 03-ki_final... done

------------------------------------------------------------------------------------------------------------------------
 UserWarning: Serialization of Bin2XMLProcess is not implemented (would require rewriting the serialization module to
              support circular references)
------------------------------------------------------------------------------------------------------------------------

------------------------------------------------------------------------------------------------------------------------
 UserWarning: Serialization of ExtractCoefficientsFromXMLProcess is not implemented (would require rewriting the
              serialization module to support circular references)
------------------------------------------------------------------------------------------------------------------------

------------------------------------------------------------------------------------------------------------------------
 UserWarning: Serialization of ComputePowerSpectrumProcess is not implemented (would require rewriting the
              serialization module to support circular references)
------------------------------------------------------------------------------------------------------------------------

 [1mWorkflow complete[0m
