  _                                                
 | | _____   ___  _ __  _ __ ___   __ _ _ __  ___  
 | |/ / _ \ / _ \| '_ \| '_ ` _ \ / _` | '_ \/ __| 
 |   < (_) | (_) | |_) | | | | | | (_| | | | \__ \ 
 |_|\_\___/ \___/| .__/|_| |_| |_|\__,_|_| |_|___/ 
                 |_|                               

 Koopmans spectral functional calculations with Quantum ESPRESSO

 Written by Edward Linscott, Riccardo De Gennaro, and Nicola Colonna

 using QE version qe-6.7MaX-Release-19-gfd10090a8, workflow manager version v0.2-6-gc7225ede, and ASE version a1c04417c


 Wannierisation
 ==============
  Running wannier/scf... done
  Running wannier/nscf... done
  Running wannier/occ/wann_preproc... done
  Running wannier/occ/pw2wan... done
  Running wannier/occ/wann... done
  Running wannier/emp/wann_preproc... done
  Running wannier/emp/pw2wan... done
  Running wannier/emp/wann... done
  Running wannier/bands... done

 Workflow complete
