
     Program LD1       v.4.1    starts ...
     Today is 19Sep2009 at 15:16:33 
     Message from routine scf:
     errors in KS equations
     --------------------------- All-electron run ----------------------------

     C                                                                          

     atomic number is  6.00
     dft =LDA   lsd =1 sic =1 latt =0  beta=0.30 tr2=1.0E-14 fref=5.0E-01 rhobarfact=1.0E+00
     mesh =1801 r(mesh) = 100.30751 xmin = -8.00 dx = 0.00800
     1 Ry =  13.60569193 eV

     n l     nl                  e(Ry)          e(Ha)          e(eV)
     1 0     1S 1( 1.00)       -22.1930       -11.0965      -301.9518
     2 0     2S 1( 1.00)        -1.4489        -0.7244       -19.7132
     2 1     2P 1( 2.00)        -0.8427        -0.4213       -11.4649
     1 0     1S 2( 1.00)       -22.0952       -11.0476      -300.6201
     2 0     2S 2( 1.00)        -1.1966        -0.5983       -16.2812
     2 1     2P 2( 0.00)        -0.0000        -0.0000        -0.0000

     eps = 2.0E-15  iter = 46

     Etot =     -75.088732 Ry,     -37.544366 Ha,   -1021.634155 eV
     Total magnetization:    2.00 Bohr mag. 

     Ekin =      79.403664 Ry,      39.701832 Ha,    1080.341784 eV
     Encl =    -181.346747 Ry,     -90.673374 Ha,   -2467.347978 eV
     Eh   =      37.071109 Ry,      18.535555 Ha,     504.378094 eV
     Exc  =      -9.962073 Ry,      -4.981037 Ha,    -135.540897 eV

     SIC information:
     Esich=       0.000000 Ry,       0.000000 Ha,       0.000000 eV
     Esicxc=     -0.254684 Ry,      -0.127342 Ha,      -3.465158 eV
     Esictot=    -0.254684 Ry,      -0.127342 Ha,      -3.465158 eV

     tot-Exc=    -9.707389 Ry,      -4.853694 Ha,    -132.075739 eV
     int-Exc=   -10.216757 Ry,      -5.108379 Ha,    -139.006055 eV
     int-Eh=     37.071109 Ry,      18.535555 Ha,     504.378094 eV


     normalization and overlap integrals

     s(1S/1S) =  1.000000  <r> =   0.2633  <r2> =    0.0935  r(max) =   0.1707
     s(1S/2S) =  0.023605
     s(2S/2S) =  1.000000  <r> =   1.5159  <r2> =    2.7506  r(max) =   1.2023
     s(2P/2P) =  1.000000  <r> =   1.5782  <r2> =    3.1518  r(max) =   1.1278
     s(1S/1S) =  1.000000  <r> =   0.2624  <r2> =    0.0927  r(max) =   0.1707
     s(1S/2S) =  0.023744
     s(2S/2S) =  1.000000  <r> =   1.5738  <r2> =    2.9799  r(max) =   1.2315
     s(2P/2P) =  1.000000  <r> =   2.0353  <r2> =    5.9594  r(max) =   1.3341

     ------------------------ End of All-electron run ------------------------


     occupation(    3 ) =  1.000
     --------------------------- All-electron run ----------------------------

     C                                                                          

     atomic number is  6.00
     dft =LDA   lsd =1 sic =1 latt =0  beta=0.30 tr2=1.0E-14 fref=5.0E-01 rhobarfact=1.0E+00
     mesh =1801 r(mesh) = 100.30751 xmin = -8.00 dx = 0.00800
     1 Ry =  13.60569193 eV

     n l     nl                  e(Ry)          e(Ha)          e(eV)
     1 0     1S 1( 1.00)       -22.1930       -11.0965      -301.9518
     2 0     2S 1( 1.00)        -1.4489        -0.7244       -19.7132
     2 1     2P 1( 1.00)        -0.8427        -0.4213       -11.4649
     1 0     1S 2( 1.00)       -22.0952       -11.0476      -300.6201
     2 0     2S 2( 1.00)        -1.1966        -0.5983       -16.2812
     2 1     2P 2( 0.00)        -0.0000        -0.0000        -0.0000

     eps = 2.0E-15  iter = 46

     Etot =     -74.248068 Ry,     -37.124034 Ha,   -1010.196337 eV
     Total magnetization:    1.00 Bohr mag. 

     Ekin =      76.510233 Ry,      38.255116 Ha,    1040.974659 eV
     Encl =    -171.224176 Ry,     -85.612088 Ha,   -2329.623394 eV
     Eh   =      29.644548 Ry,      14.822274 Ha,     403.334589 eV
     Exc  =      -8.917157 Ry,      -4.458578 Ha,    -121.324086 eV

     SIC information:
     Esich=       0.000000 Ry,       0.000000 Ha,       0.000000 eV
     Esicxc=     -0.261516 Ry,      -0.130758 Ha,      -3.558106 eV
     Esictot=    -0.261516 Ry,      -0.130758 Ha,      -3.558106 eV

     tot-Exc=    -8.655641 Ry,      -4.327820 Ha,    -117.765980 eV
     int-Exc=    -9.178673 Ry,      -4.589336 Ha,    -124.882191 eV
     int-Eh=     29.644548 Ry,      14.822274 Ha,     403.334589 eV


     normalization and overlap integrals

     s(1S/1S) =  1.000000  <r> =   0.2633  <r2> =    0.0935  r(max) =   0.1707
     s(1S/2S) =  0.023605
     s(2S/2S) =  1.000000  <r> =   1.5159  <r2> =    2.7506  r(max) =   1.2023
     s(2P/2P) =  1.000000  <r> =   1.5782  <r2> =    3.1518  r(max) =   1.1278
     s(1S/1S) =  1.000000  <r> =   0.2624  <r2> =    0.0927  r(max) =   0.1707
     s(1S/2S) =  0.023744
     s(2S/2S) =  1.000000  <r> =   1.5738  <r2> =    2.9799  r(max) =   1.2315
     s(2P/2P) =  1.000000  <r> =   2.0353  <r2> =    5.9594  r(max) =   1.3341

     ------------------------ End of All-electron run ------------------------


     occupation(    3 ) =  1.050
     --------------------------- All-electron run ----------------------------

     C                                                                          

     atomic number is  6.00
     dft =LDA   lsd =1 sic =1 latt =0  beta=0.30 tr2=1.0E-14 fref=5.0E-01 rhobarfact=1.0E+00
     mesh =1801 r(mesh) = 100.30751 xmin = -8.00 dx = 0.00800
     1 Ry =  13.60569193 eV

     n l     nl                  e(Ry)          e(Ha)          e(eV)
     1 0     1S 1( 1.00)       -22.1930       -11.0965      -301.9518
     2 0     2S 1( 1.00)        -1.4489        -0.7244       -19.7132
     2 1     2P 1( 1.05)        -0.8427        -0.4213       -11.4649
     1 0     1S 2( 1.00)       -22.0952       -11.0476      -300.6201
     2 0     2S 2( 1.00)        -1.1966        -0.5983       -16.2812
     2 1     2P 2( 0.00)        -0.0000        -0.0000        -0.0000

     eps = 2.0E-15  iter = 46

     Etot =     -74.289951 Ry,     -37.144975 Ha,   -1010.766183 eV
     Total magnetization:    1.05 Bohr mag. 

     Ekin =      76.654904 Ry,      38.327452 Ha,    1042.943015 eV
     Encl =    -171.730305 Ry,     -85.865152 Ha,   -2336.509623 eV
     Eh   =      29.988146 Ry,      14.994073 Ha,     408.009478 eV
     Exc  =      -8.966788 Ry,      -4.483394 Ha,    -121.999357 eV

     SIC information:
     Esich=       0.027730 Ry,       0.013865 Ha,       0.377287 eV
     Esicxc=     -0.263638 Ry,      -0.131819 Ha,      -3.586983 eV
     Esictot=    -0.235908 Ry,      -0.117954 Ha,      -3.209696 eV

     tot-Exc=    -8.730880 Ry,      -4.365440 Ha,    -118.789661 eV
     int-Exc=    -9.230427 Ry,      -4.615213 Ha,    -125.586340 eV
     int-Eh=     30.015876 Ry,      15.007938 Ha,     408.386765 eV


     normalization and overlap integrals

     s(1S/1S) =  1.000000  <r> =   0.2633  <r2> =    0.0935  r(max) =   0.1707
     s(1S/2S) =  0.023605
     s(2S/2S) =  1.000000  <r> =   1.5159  <r2> =    2.7506  r(max) =   1.2023
     s(2P/2P) =  1.000000  <r> =   1.5782  <r2> =    3.1518  r(max) =   1.1278
     s(1S/1S) =  1.000000  <r> =   0.2624  <r2> =    0.0927  r(max) =   0.1707
     s(1S/2S) =  0.023744
     s(2S/2S) =  1.000000  <r> =   1.5738  <r2> =    2.9799  r(max) =   1.2315
     s(2P/2P) =  1.000000  <r> =   2.0353  <r2> =    5.9594  r(max) =   1.3341

     ------------------------ End of All-electron run ------------------------


     occupation(    3 ) =  1.100
     --------------------------- All-electron run ----------------------------

     C                                                                          

     atomic number is  6.00
     dft =LDA   lsd =1 sic =1 latt =0  beta=0.30 tr2=1.0E-14 fref=5.0E-01 rhobarfact=1.0E+00
     mesh =1801 r(mesh) = 100.30751 xmin = -8.00 dx = 0.00800
     1 Ry =  13.60569193 eV

     n l     nl                  e(Ry)          e(Ha)          e(eV)
     1 0     1S 1( 1.00)       -22.1930       -11.0965      -301.9518
     2 0     2S 1( 1.00)        -1.4489        -0.7244       -19.7132
     2 1     2P 1( 1.10)        -0.8427        -0.4213       -11.4649
     1 0     1S 2( 1.00)       -22.0952       -11.0476      -300.6201
     2 0     2S 2( 1.00)        -1.1966        -0.5983       -16.2812
     2 1     2P 2( 0.00)        -0.0000        -0.0000        -0.0000

     eps = 2.0E-15  iter = 46

     Etot =     -74.331859 Ry,     -37.165929 Ha,   -1011.336369 eV
     Total magnetization:    1.10 Bohr mag. 

     Ekin =      76.799576 Ry,      38.399788 Ha,    1044.911372 eV
     Encl =    -172.236433 Ry,     -86.118217 Ha,   -2343.395853 eV
     Eh   =      30.334663 Ry,      15.167332 Ha,     412.724080 eV
     Exc  =      -9.016715 Ry,      -4.508358 Ha,    -122.678650 eV

     SIC information:
     Esich=       0.052541 Ry,       0.026271 Ha,       0.714860 eV
     Esicxc=     -0.265490 Ry,      -0.132745 Ha,      -3.612178 eV
     Esictot=    -0.212949 Ry,      -0.106475 Ha,      -2.897319 eV

     tot-Exc=    -8.803766 Ry,      -4.401883 Ha,    -119.781332 eV
     int-Exc=    -9.282205 Ry,      -4.641103 Ha,    -126.290828 eV
     int-Eh=     30.387204 Ry,      15.193602 Ha,     413.438940 eV


     normalization and overlap integrals

     s(1S/1S) =  1.000000  <r> =   0.2633  <r2> =    0.0935  r(max) =   0.1707
     s(1S/2S) =  0.023605
     s(2S/2S) =  1.000000  <r> =   1.5159  <r2> =    2.7506  r(max) =   1.2023
     s(2P/2P) =  1.000000  <r> =   1.5782  <r2> =    3.1518  r(max) =   1.1278
     s(1S/1S) =  1.000000  <r> =   0.2624  <r2> =    0.0927  r(max) =   0.1707
     s(1S/2S) =  0.023744
     s(2S/2S) =  1.000000  <r> =   1.5738  <r2> =    2.9799  r(max) =   1.2315
     s(2P/2P) =  1.000000  <r> =   2.0353  <r2> =    5.9594  r(max) =   1.3341

     ------------------------ End of All-electron run ------------------------


     occupation(    3 ) =  1.150
     --------------------------- All-electron run ----------------------------

     C                                                                          

     atomic number is  6.00
     dft =LDA   lsd =1 sic =1 latt =0  beta=0.30 tr2=1.0E-14 fref=5.0E-01 rhobarfact=1.0E+00
     mesh =1801 r(mesh) = 100.30751 xmin = -8.00 dx = 0.00800
     1 Ry =  13.60569193 eV

     n l     nl                  e(Ry)          e(Ha)          e(eV)
     1 0     1S 1( 1.00)       -22.1930       -11.0965      -301.9518
     2 0     2S 1( 1.00)        -1.4489        -0.7244       -19.7132
     2 1     2P 1( 1.15)        -0.8427        -0.4213       -11.4649
     1 0     1S 2( 1.00)       -22.0952       -11.0476      -300.6201
     2 0     2S 2( 1.00)        -1.1966        -0.5983       -16.2812
     2 1     2P 2( 0.00)        -0.0000        -0.0000        -0.0000

     eps = 2.0E-15  iter = 46

     Etot =     -74.373792 Ry,     -37.186896 Ha,   -1011.906896 eV
     Total magnetization:    1.15 Bohr mag. 

     Ekin =      76.944248 Ry,      38.472124 Ha,    1046.879728 eV
     Encl =    -172.742562 Ry,     -86.371281 Ha,   -2350.282082 eV
     Eh   =      30.684099 Ry,      15.342049 Ha,     417.478397 eV
     Exc  =      -9.066934 Ry,      -4.533467 Ha,    -123.361906 eV

     SIC information:
     Esich=       0.074433 Ry,       0.037217 Ha,       1.012718 eV
     Esicxc=     -0.267076 Ry,      -0.133538 Ha,      -3.633751 eV
     Esictot=    -0.192642 Ry,      -0.096321 Ha,      -2.621033 eV

     tot-Exc=    -8.874291 Ry,      -4.437146 Ha,    -120.740873 eV
     int-Exc=    -9.334009 Ry,      -4.667005 Ha,    -126.995657 eV
     int-Eh=     30.758532 Ry,      15.379266 Ha,     418.491115 eV


     normalization and overlap integrals

     s(1S/1S) =  1.000000  <r> =   0.2633  <r2> =    0.0935  r(max) =   0.1707
     s(1S/2S) =  0.023605
     s(2S/2S) =  1.000000  <r> =   1.5159  <r2> =    2.7506  r(max) =   1.2023
     s(2P/2P) =  1.000000  <r> =   1.5782  <r2> =    3.1518  r(max) =   1.1278
     s(1S/1S) =  1.000000  <r> =   0.2624  <r2> =    0.0927  r(max) =   0.1707
     s(1S/2S) =  0.023744
     s(2S/2S) =  1.000000  <r> =   1.5738  <r2> =    2.9799  r(max) =   1.2315
     s(2P/2P) =  1.000000  <r> =   2.0353  <r2> =    5.9594  r(max) =   1.3341

     ------------------------ End of All-electron run ------------------------


     occupation(    3 ) =  1.200
     --------------------------- All-electron run ----------------------------

     C                                                                          

     atomic number is  6.00
     dft =LDA   lsd =1 sic =1 latt =0  beta=0.30 tr2=1.0E-14 fref=5.0E-01 rhobarfact=1.0E+00
     mesh =1801 r(mesh) = 100.30751 xmin = -8.00 dx = 0.00800
     1 Ry =  13.60569193 eV

     n l     nl                  e(Ry)          e(Ha)          e(eV)
     1 0     1S 1( 1.00)       -22.1930       -11.0965      -301.9518
     2 0     2S 1( 1.00)        -1.4489        -0.7244       -19.7132
     2 1     2P 1( 1.20)        -0.8427        -0.4213       -11.4649
     1 0     1S 2( 1.00)       -22.0952       -11.0476      -300.6201
     2 0     2S 2( 1.00)        -1.1966        -0.5983       -16.2812
     2 1     2P 2( 0.00)        -0.0000        -0.0000        -0.0000

     eps = 2.0E-15  iter = 46

     Etot =     -74.415739 Ry,     -37.207870 Ha,   -1012.477621 eV
     Total magnetization:    1.20 Bohr mag. 

     Ekin =      77.088919 Ry,      38.544460 Ha,    1048.848084 eV
     Encl =    -173.248691 Ry,     -86.624345 Ha,   -2357.168311 eV
     Eh   =      31.036454 Ry,      15.518227 Ha,     422.272429 eV
     Exc  =      -9.117440 Ry,      -4.558720 Ha,    -124.049082 eV

     SIC information:
     Esich=       0.093407 Ry,       0.046703 Ha,       1.270861 eV
     Esicxc=     -0.268388 Ry,      -0.134194 Ha,      -3.651603 eV
     Esictot=    -0.174981 Ry,      -0.087491 Ha,      -2.380741 eV

     tot-Exc=    -8.942459 Ry,      -4.471229 Ha,    -121.668341 eV
     int-Exc=    -9.385828 Ry,      -4.692914 Ha,    -127.700685 eV
     int-Eh=     31.129860 Ry,      15.564930 Ha,     423.543290 eV


     normalization and overlap integrals

     s(1S/1S) =  1.000000  <r> =   0.2633  <r2> =    0.0935  r(max) =   0.1707
     s(1S/2S) =  0.023605
     s(2S/2S) =  1.000000  <r> =   1.5159  <r2> =    2.7506  r(max) =   1.2023
     s(2P/2P) =  1.000000  <r> =   1.5782  <r2> =    3.1518  r(max) =   1.1278
     s(1S/1S) =  1.000000  <r> =   0.2624  <r2> =    0.0927  r(max) =   0.1707
     s(1S/2S) =  0.023744
     s(2S/2S) =  1.000000  <r> =   1.5738  <r2> =    2.9799  r(max) =   1.2315
     s(2P/2P) =  1.000000  <r> =   2.0353  <r2> =    5.9594  r(max) =   1.3341

     ------------------------ End of All-electron run ------------------------


     occupation(    3 ) =  1.250
     --------------------------- All-electron run ----------------------------

     C                                                                          

     atomic number is  6.00
     dft =LDA   lsd =1 sic =1 latt =0  beta=0.30 tr2=1.0E-14 fref=5.0E-01 rhobarfact=1.0E+00
     mesh =1801 r(mesh) = 100.30751 xmin = -8.00 dx = 0.00800
     1 Ry =  13.60569193 eV

     n l     nl                  e(Ry)          e(Ha)          e(eV)
     1 0     1S 1( 1.00)       -22.1930       -11.0965      -301.9518
     2 0     2S 1( 1.00)        -1.4489        -0.7244       -19.7132
     2 1     2P 1( 1.25)        -0.8427        -0.4213       -11.4649
     1 0     1S 2( 1.00)       -22.0952       -11.0476      -300.6201
     2 0     2S 2( 1.00)        -1.1966        -0.5983       -16.2812
     2 1     2P 2( 0.00)        -0.0000        -0.0000        -0.0000

     eps = 2.0E-15  iter = 46

     Etot =     -74.457712 Ry,     -37.228856 Ha,   -1013.048685 eV
     Total magnetization:    1.25 Bohr mag. 

     Ekin =      77.233591 Ry,      38.616795 Ha,    1050.816440 eV
     Encl =    -173.754819 Ry,     -86.877410 Ha,   -2364.054540 eV
     Eh   =      31.391728 Ry,      15.695864 Ha,     427.106175 eV
     Exc  =      -9.168230 Ry,      -4.584115 Ha,    -124.740119 eV

     SIC information:
     Esich=       0.109461 Ry,       0.054730 Ha,       1.489291 eV
     Esicxc=     -0.269441 Ry,      -0.134721 Ha,      -3.665932 eV
     Esictot=    -0.159980 Ry,      -0.079990 Ha,      -2.176642 eV

     tot-Exc=    -9.008250 Ry,      -4.504125 Ha,    -122.563477 eV
     int-Exc=    -9.437672 Ry,      -4.718836 Ha,    -128.406051 eV
     int-Eh=     31.501188 Ry,      15.750594 Ha,     428.595465 eV


     normalization and overlap integrals

     s(1S/1S) =  1.000000  <r> =   0.2633  <r2> =    0.0935  r(max) =   0.1707
     s(1S/2S) =  0.023605
     s(2S/2S) =  1.000000  <r> =   1.5159  <r2> =    2.7506  r(max) =   1.2023
     s(2P/2P) =  1.000000  <r> =   1.5782  <r2> =    3.1518  r(max) =   1.1278
     s(1S/1S) =  1.000000  <r> =   0.2624  <r2> =    0.0927  r(max) =   0.1707
     s(1S/2S) =  0.023744
     s(2S/2S) =  1.000000  <r> =   1.5738  <r2> =    2.9799  r(max) =   1.2315
     s(2P/2P) =  1.000000  <r> =   2.0353  <r2> =    5.9594  r(max) =   1.3341

     ------------------------ End of All-electron run ------------------------


     occupation(    3 ) =  1.300
     --------------------------- All-electron run ----------------------------

     C                                                                          

     atomic number is  6.00
     dft =LDA   lsd =1 sic =1 latt =0  beta=0.30 tr2=1.0E-14 fref=5.0E-01 rhobarfact=1.0E+00
     mesh =1801 r(mesh) = 100.30751 xmin = -8.00 dx = 0.00800
     1 Ry =  13.60569193 eV

     n l     nl                  e(Ry)          e(Ha)          e(eV)
     1 0     1S 1( 1.00)       -22.1930       -11.0965      -301.9518
     2 0     2S 1( 1.00)        -1.4489        -0.7244       -19.7132
     2 1     2P 1( 1.30)        -0.8427        -0.4213       -11.4649
     1 0     1S 2( 1.00)       -22.0952       -11.0476      -300.6201
     2 0     2S 2( 1.00)        -1.1966        -0.5983       -16.2812
     2 1     2P 2( 0.00)        -0.0000        -0.0000        -0.0000

     eps = 2.0E-15  iter = 46

     Etot =     -74.499698 Ry,     -37.249849 Ha,   -1013.619939 eV
     Total magnetization:    1.30 Bohr mag. 

     Ekin =      77.378262 Ry,      38.689131 Ha,    1052.784797 eV
     Encl =    -174.260948 Ry,     -87.130474 Ha,   -2370.940769 eV
     Eh   =      31.749920 Ry,      15.874960 Ha,     431.979635 eV
     Exc  =      -9.219302 Ry,      -4.609651 Ha,    -125.434979 eV

     SIC information:
     Esich=       0.122596 Ry,       0.061298 Ha,       1.668006 eV
     Esicxc=     -0.270227 Ry,      -0.135114 Ha,      -3.676627 eV
     Esictot=    -0.147631 Ry,      -0.073815 Ha,      -2.008622 eV

     tot-Exc=    -9.071671 Ry,      -4.535835 Ha,    -123.426358 eV
     int-Exc=    -9.489529 Ry,      -4.744764 Ha,    -129.111607 eV
     int-Eh=     31.872517 Ry,      15.936258 Ha,     433.647641 eV


     normalization and overlap integrals

     s(1S/1S) =  1.000000  <r> =   0.2633  <r2> =    0.0935  r(max) =   0.1707
     s(1S/2S) =  0.023605
     s(2S/2S) =  1.000000  <r> =   1.5159  <r2> =    2.7506  r(max) =   1.2023
     s(2P/2P) =  1.000000  <r> =   1.5782  <r2> =    3.1518  r(max) =   1.1278
     s(1S/1S) =  1.000000  <r> =   0.2624  <r2> =    0.0927  r(max) =   0.1707
     s(1S/2S) =  0.023744
     s(2S/2S) =  1.000000  <r> =   1.5738  <r2> =    2.9799  r(max) =   1.2315
     s(2P/2P) =  1.000000  <r> =   2.0353  <r2> =    5.9594  r(max) =   1.3341

     ------------------------ End of All-electron run ------------------------


     occupation(    3 ) =  1.350
     --------------------------- All-electron run ----------------------------

     C                                                                          

     atomic number is  6.00
     dft =LDA   lsd =1 sic =1 latt =0  beta=0.30 tr2=1.0E-14 fref=5.0E-01 rhobarfact=1.0E+00
     mesh =1801 r(mesh) = 100.30751 xmin = -8.00 dx = 0.00800
     1 Ry =  13.60569193 eV

     n l     nl                  e(Ry)          e(Ha)          e(eV)
     1 0     1S 1( 1.00)       -22.1930       -11.0965      -301.9518
     2 0     2S 1( 1.00)        -1.4489        -0.7244       -19.7132
     2 1     2P 1( 1.35)        -0.8427        -0.4213       -11.4649
     1 0     1S 2( 1.00)       -22.0952       -11.0476      -300.6201
     2 0     2S 2( 1.00)        -1.1966        -0.5983       -16.2812
     2 1     2P 2( 0.00)        -0.0000        -0.0000        -0.0000

     eps = 2.0E-15  iter = 46

     Etot =     -74.541694 Ry,     -37.270847 Ha,   -1014.191329 eV
     Total magnetization:    1.35 Bohr mag. 

     Ekin =      77.522934 Ry,      38.761467 Ha,    1054.753153 eV
     Encl =    -174.767076 Ry,     -87.383538 Ha,   -2377.826999 eV
     Eh   =      32.111032 Ry,      16.055516 Ha,     436.892810 eV
     Exc  =      -9.270651 Ry,      -4.635325 Ha,    -126.133619 eV

     SIC information:
     Esich=       0.132813 Ry,       0.066406 Ha,       1.807006 eV
     Esicxc=     -0.270746 Ry,      -0.135373 Ha,      -3.683680 eV
     Esictot=    -0.137933 Ry,      -0.068967 Ha,      -1.876674 eV

     tot-Exc=    -9.132718 Ry,      -4.566359 Ha,    -124.256945 eV
     int-Exc=    -9.541396 Ry,      -4.770698 Ha,    -129.817300 eV
     int-Eh=     32.243845 Ry,      16.121922 Ha,     438.699816 eV


     normalization and overlap integrals

     s(1S/1S) =  1.000000  <r> =   0.2633  <r2> =    0.0935  r(max) =   0.1707
     s(1S/2S) =  0.023605
     s(2S/2S) =  1.000000  <r> =   1.5159  <r2> =    2.7506  r(max) =   1.2023
     s(2P/2P) =  1.000000  <r> =   1.5782  <r2> =    3.1518  r(max) =   1.1278
     s(1S/1S) =  1.000000  <r> =   0.2624  <r2> =    0.0927  r(max) =   0.1707
     s(1S/2S) =  0.023744
     s(2S/2S) =  1.000000  <r> =   1.5738  <r2> =    2.9799  r(max) =   1.2315
     s(2P/2P) =  1.000000  <r> =   2.0353  <r2> =    5.9594  r(max) =   1.3341

     ------------------------ End of All-electron run ------------------------


     occupation(    3 ) =  1.400
     --------------------------- All-electron run ----------------------------

     C                                                                          

     atomic number is  6.00
     dft =LDA   lsd =1 sic =1 latt =0  beta=0.30 tr2=1.0E-14 fref=5.0E-01 rhobarfact=1.0E+00
     mesh =1801 r(mesh) = 100.30751 xmin = -8.00 dx = 0.00800
     1 Ry =  13.60569193 eV

     n l     nl                  e(Ry)          e(Ha)          e(eV)
     1 0     1S 1( 1.00)       -22.1930       -11.0965      -301.9518
     2 0     2S 1( 1.00)        -1.4489        -0.7244       -19.7132
     2 1     2P 1( 1.40)        -0.8427        -0.4213       -11.4649
     1 0     1S 2( 1.00)       -22.0952       -11.0476      -300.6201
     2 0     2S 2( 1.00)        -1.1966        -0.5983       -16.2812
     2 1     2P 2( 0.00)        -0.0000        -0.0000        -0.0000

     eps = 2.0E-15  iter = 46

     Etot =     -74.583712 Ry,     -37.291856 Ha,   -1014.763011 eV
     Total magnetization:    1.40 Bohr mag. 

     Ekin =      77.667605 Ry,      38.833803 Ha,    1056.721509 eV
     Encl =    -175.273205 Ry,     -87.636602 Ha,   -2384.713228 eV
     Eh   =      32.475063 Ry,      16.237531 Ha,     441.845699 eV
     Exc  =      -9.322274 Ry,      -4.661137 Ha,    -126.835982 eV

     SIC information:
     Esich=       0.140110 Ry,       0.070055 Ha,       1.906292 eV
     Esicxc=     -0.271012 Ry,      -0.135506 Ha,      -3.687301 eV
     Esictot=    -0.130902 Ry,      -0.065451 Ha,      -1.781009 eV

     tot-Exc=    -9.191372 Ry,      -4.595686 Ha,    -125.054974 eV
     int-Exc=    -9.593285 Ry,      -4.796643 Ha,    -130.523283 eV
     int-Eh=     32.615173 Ry,      16.307586 Ha,     443.751991 eV


     normalization and overlap integrals

     s(1S/1S) =  1.000000  <r> =   0.2633  <r2> =    0.0935  r(max) =   0.1707
     s(1S/2S) =  0.023605
     s(2S/2S) =  1.000000  <r> =   1.5159  <r2> =    2.7506  r(max) =   1.2023
     s(2P/2P) =  1.000000  <r> =   1.5782  <r2> =    3.1518  r(max) =   1.1278
     s(1S/1S) =  1.000000  <r> =   0.2624  <r2> =    0.0927  r(max) =   0.1707
     s(1S/2S) =  0.023744
     s(2S/2S) =  1.000000  <r> =   1.5738  <r2> =    2.9799  r(max) =   1.2315
     s(2P/2P) =  1.000000  <r> =   2.0353  <r2> =    5.9594  r(max) =   1.3341

     ------------------------ End of All-electron run ------------------------


     occupation(    3 ) =  1.450
     --------------------------- All-electron run ----------------------------

     C                                                                          

     atomic number is  6.00
     dft =LDA   lsd =1 sic =1 latt =0  beta=0.30 tr2=1.0E-14 fref=5.0E-01 rhobarfact=1.0E+00
     mesh =1801 r(mesh) = 100.30751 xmin = -8.00 dx = 0.00800
     1 Ry =  13.60569193 eV

     n l     nl                  e(Ry)          e(Ha)          e(eV)
     1 0     1S 1( 1.00)       -22.1930       -11.0965      -301.9518
     2 0     2S 1( 1.00)        -1.4489        -0.7244       -19.7132
     2 1     2P 1( 1.45)        -0.8427        -0.4213       -11.4649
     1 0     1S 2( 1.00)       -22.0952       -11.0476      -300.6201
     2 0     2S 2( 1.00)        -1.1966        -0.5983       -16.2812
     2 1     2P 2( 0.00)        -0.0000        -0.0000        -0.0000

     eps = 2.0E-15  iter = 46

     Etot =     -74.625742 Ry,     -37.312871 Ha,   -1015.334855 eV
     Total magnetization:    1.45 Bohr mag. 

     Ekin =      77.812277 Ry,      38.906138 Ha,    1058.689865 eV
     Encl =    -175.779333 Ry,     -87.889667 Ha,   -2391.599457 eV
     Eh   =      32.842012 Ry,      16.421006 Ha,     446.838303 eV
     Exc  =      -9.374168 Ry,      -4.687084 Ha,    -127.542037 eV

     SIC information:
     Esich=       0.144488 Ry,       0.072244 Ha,       1.965864 eV
     Esicxc=     -0.271018 Ry,      -0.135509 Ha,      -3.687392 eV
     Esictot=    -0.126530 Ry,      -0.063265 Ha,      -1.721528 eV

     tot-Exc=    -9.247638 Ry,      -4.623819 Ha,    -125.820509 eV
     int-Exc=    -9.645186 Ry,      -4.822593 Ha,    -131.229429 eV
     int-Eh=     32.986501 Ry,      16.493250 Ha,     448.804166 eV


     normalization and overlap integrals

     s(1S/1S) =  1.000000  <r> =   0.2633  <r2> =    0.0935  r(max) =   0.1707
     s(1S/2S) =  0.023605
     s(2S/2S) =  1.000000  <r> =   1.5159  <r2> =    2.7506  r(max) =   1.2023
     s(2P/2P) =  1.000000  <r> =   1.5782  <r2> =    3.1518  r(max) =   1.1278
     s(1S/1S) =  1.000000  <r> =   0.2624  <r2> =    0.0927  r(max) =   0.1707
     s(1S/2S) =  0.023744
     s(2S/2S) =  1.000000  <r> =   1.5738  <r2> =    2.9799  r(max) =   1.2315
     s(2P/2P) =  1.000000  <r> =   2.0353  <r2> =    5.9594  r(max) =   1.3341

     ------------------------ End of All-electron run ------------------------


     occupation(    3 ) =  1.500
     --------------------------- All-electron run ----------------------------

     C                                                                          

     atomic number is  6.00
     dft =LDA   lsd =1 sic =1 latt =0  beta=0.30 tr2=1.0E-14 fref=5.0E-01 rhobarfact=1.0E+00
     mesh =1801 r(mesh) = 100.30751 xmin = -8.00 dx = 0.00800
     1 Ry =  13.60569193 eV

     n l     nl                  e(Ry)          e(Ha)          e(eV)
     1 0     1S 1( 1.00)       -22.1930       -11.0965      -301.9518
     2 0     2S 1( 1.00)        -1.4489        -0.7244       -19.7132
     2 1     2P 1( 1.50)        -0.8427        -0.4213       -11.4649
     1 0     1S 2( 1.00)       -22.0952       -11.0476      -300.6201
     2 0     2S 2( 1.00)        -1.1966        -0.5983       -16.2812
     2 1     2P 2( 0.00)        -0.0000        -0.0000        -0.0000

     eps = 2.0E-15  iter = 46

     Etot =     -74.667785 Ry,     -37.333892 Ha,   -1015.906873 eV
     Total magnetization:    1.50 Bohr mag. 

     Ekin =      77.956948 Ry,      38.978474 Ha,    1060.658222 eV
     Encl =    -176.285462 Ry,     -88.142731 Ha,   -2398.485686 eV
     Eh   =      33.211881 Ry,      16.605940 Ha,     451.870621 eV
     Exc  =      -9.426329 Ry,      -4.713165 Ha,    -128.251735 eV

     SIC information:
     Esich=       0.145948 Ry,       0.072974 Ha,       1.985721 eV
     Esicxc=     -0.270770 Ry,      -0.135385 Ha,      -3.684016 eV
     Esictot=    -0.124822 Ry,      -0.062411 Ha,      -1.698295 eV

     tot-Exc=    -9.301507 Ry,      -4.650754 Ha,    -126.553440 eV
     int-Exc=    -9.697100 Ry,      -4.848550 Ha,    -131.935750 eV
     int-Eh=     33.357829 Ry,      16.678914 Ha,     453.856342 eV


     normalization and overlap integrals

     s(1S/1S) =  1.000000  <r> =   0.2633  <r2> =    0.0935  r(max) =   0.1707
     s(1S/2S) =  0.023605
     s(2S/2S) =  1.000000  <r> =   1.5159  <r2> =    2.7506  r(max) =   1.2023
     s(2P/2P) =  1.000000  <r> =   1.5782  <r2> =    3.1518  r(max) =   1.1278
     s(1S/1S) =  1.000000  <r> =   0.2624  <r2> =    0.0927  r(max) =   0.1707
     s(1S/2S) =  0.023744
     s(2S/2S) =  1.000000  <r> =   1.5738  <r2> =    2.9799  r(max) =   1.2315
     s(2P/2P) =  1.000000  <r> =   2.0353  <r2> =    5.9594  r(max) =   1.3341

     ------------------------ End of All-electron run ------------------------


     occupation(    3 ) =  1.550
     --------------------------- All-electron run ----------------------------

     C                                                                          

     atomic number is  6.00
     dft =LDA   lsd =1 sic =1 latt =0  beta=0.30 tr2=1.0E-14 fref=5.0E-01 rhobarfact=1.0E+00
     mesh =1801 r(mesh) = 100.30751 xmin = -8.00 dx = 0.00800
     1 Ry =  13.60569193 eV

     n l     nl                  e(Ry)          e(Ha)          e(eV)
     1 0     1S 1( 1.00)       -22.1930       -11.0965      -301.9518
     2 0     2S 1( 1.00)        -1.4489        -0.7244       -19.7132
     2 1     2P 1( 1.55)        -0.8427        -0.4213       -11.4649
     1 0     1S 2( 1.00)       -22.0952       -11.0476      -300.6201
     2 0     2S 2( 1.00)        -1.1966        -0.5983       -16.2812
     2 1     2P 2( 0.00)        -0.0000        -0.0000        -0.0000

     eps = 2.0E-15  iter = 46

     Etot =     -74.709835 Ry,     -37.354918 Ha,   -1016.479001 eV
     Total magnetization:    1.55 Bohr mag. 

     Ekin =      78.101620 Ry,      39.050810 Ha,    1062.626578 eV
     Encl =    -176.791590 Ry,     -88.395795 Ha,   -2405.371915 eV
     Eh   =      33.584668 Ry,      16.792334 Ha,     456.942653 eV
     Exc  =      -9.478757 Ry,      -4.739378 Ha,    -128.965046 eV

     SIC information:
     Esich=       0.144488 Ry,       0.072244 Ha,       1.965864 eV
     Esicxc=     -0.270264 Ry,      -0.135132 Ha,      -3.677134 eV
     Esictot=    -0.125776 Ry,      -0.062888 Ha,      -1.711270 eV

     tot-Exc=    -9.352981 Ry,      -4.676490 Ha,    -127.253776 eV
     int-Exc=    -9.749021 Ry,      -4.874511 Ha,    -132.642180 eV
     int-Eh=     33.729157 Ry,      16.864578 Ha,     458.908517 eV


     normalization and overlap integrals

     s(1S/1S) =  1.000000  <r> =   0.2633  <r2> =    0.0935  r(max) =   0.1707
     s(1S/2S) =  0.023605
     s(2S/2S) =  1.000000  <r> =   1.5159  <r2> =    2.7506  r(max) =   1.2023
     s(2P/2P) =  1.000000  <r> =   1.5782  <r2> =    3.1518  r(max) =   1.1278
     s(1S/1S) =  1.000000  <r> =   0.2624  <r2> =    0.0927  r(max) =   0.1707
     s(1S/2S) =  0.023744
     s(2S/2S) =  1.000000  <r> =   1.5738  <r2> =    2.9799  r(max) =   1.2315
     s(2P/2P) =  1.000000  <r> =   2.0353  <r2> =    5.9594  r(max) =   1.3341

     ------------------------ End of All-electron run ------------------------


     occupation(    3 ) =  1.600
     --------------------------- All-electron run ----------------------------

     C                                                                          

     atomic number is  6.00
     dft =LDA   lsd =1 sic =1 latt =0  beta=0.30 tr2=1.0E-14 fref=5.0E-01 rhobarfact=1.0E+00
     mesh =1801 r(mesh) = 100.30751 xmin = -8.00 dx = 0.00800
     1 Ry =  13.60569193 eV

     n l     nl                  e(Ry)          e(Ha)          e(eV)
     1 0     1S 1( 1.00)       -22.1930       -11.0965      -301.9518
     2 0     2S 1( 1.00)        -1.4489        -0.7244       -19.7132
     2 1     2P 1( 1.60)        -0.8427        -0.4213       -11.4649
     1 0     1S 2( 1.00)       -22.0952       -11.0476      -300.6201
     2 0     2S 2( 1.00)        -1.1966        -0.5983       -16.2812
     2 1     2P 2( 0.00)        -0.0000        -0.0000        -0.0000

     eps = 2.0E-15  iter = 46

     Etot =     -74.751901 Ry,     -37.375950 Ha,   -1017.051331 eV
     Total magnetization:    1.60 Bohr mag. 

     Ekin =      78.246291 Ry,      39.123146 Ha,    1064.594934 eV
     Encl =    -177.297719 Ry,     -88.648860 Ha,   -2412.258145 eV
     Eh   =      33.960375 Ry,      16.980187 Ha,     462.054400 eV
     Exc  =      -9.531446 Ry,      -4.765723 Ha,    -129.681916 eV

     SIC information:
     Esich=       0.140110 Ry,       0.070055 Ha,       1.906292 eV
     Esicxc=     -0.269512 Ry,      -0.134756 Ha,      -3.666896 eV
     Esictot=    -0.129402 Ry,      -0.064701 Ha,      -1.760604 eV

     tot-Exc=    -9.402044 Ry,      -4.701022 Ha,    -127.921312 eV
     int-Exc=    -9.800958 Ry,      -4.900479 Ha,    -133.348813 eV
     int-Eh=     34.100485 Ry,      17.050242 Ha,     463.960692 eV


     normalization and overlap integrals

     s(1S/1S) =  1.000000  <r> =   0.2633  <r2> =    0.0935  r(max) =   0.1707
     s(1S/2S) =  0.023605
     s(2S/2S) =  1.000000  <r> =   1.5159  <r2> =    2.7506  r(max) =   1.2023
     s(2P/2P) =  1.000000  <r> =   1.5782  <r2> =    3.1518  r(max) =   1.1278
     s(1S/1S) =  1.000000  <r> =   0.2624  <r2> =    0.0927  r(max) =   0.1707
     s(1S/2S) =  0.023744
     s(2S/2S) =  1.000000  <r> =   1.5738  <r2> =    2.9799  r(max) =   1.2315
     s(2P/2P) =  1.000000  <r> =   2.0353  <r2> =    5.9594  r(max) =   1.3341

     ------------------------ End of All-electron run ------------------------


     occupation(    3 ) =  1.650
     --------------------------- All-electron run ----------------------------

     C                                                                          

     atomic number is  6.00
     dft =LDA   lsd =1 sic =1 latt =0  beta=0.30 tr2=1.0E-14 fref=5.0E-01 rhobarfact=1.0E+00
     mesh =1801 r(mesh) = 100.30751 xmin = -8.00 dx = 0.00800
     1 Ry =  13.60569193 eV

     n l     nl                  e(Ry)          e(Ha)          e(eV)
     1 0     1S 1( 1.00)       -22.1930       -11.0965      -301.9518
     2 0     2S 1( 1.00)        -1.4489        -0.7244       -19.7132
     2 1     2P 1( 1.65)        -0.8427        -0.4213       -11.4649
     1 0     1S 2( 1.00)       -22.0952       -11.0476      -300.6201
     2 0     2S 2( 1.00)        -1.1966        -0.5983       -16.2812
     2 1     2P 2( 0.00)        -0.0000        -0.0000        -0.0000

     eps = 2.0E-15  iter = 46

     Etot =     -74.793976 Ry,     -37.396988 Ha,   -1017.623799 eV
     Total magnetization:    1.65 Bohr mag. 

     Ekin =      78.390963 Ry,      39.195481 Ha,    1066.563290 eV
     Encl =    -177.803848 Ry,     -88.901924 Ha,   -2419.144374 eV
     Eh   =      34.339000 Ry,      17.169500 Ha,     467.205861 eV
     Exc  =      -9.584394 Ry,      -4.792197 Ha,    -130.402314 eV

     SIC information:
     Esich=       0.132813 Ry,       0.066406 Ha,       1.807006 eV
     Esicxc=     -0.268510 Ry,      -0.134255 Ha,      -3.653269 eV
     Esictot=    -0.135698 Ry,      -0.067849 Ha,      -1.846263 eV

     tot-Exc=    -9.448696 Ry,      -4.724348 Ha,    -128.556051 eV
     int-Exc=    -9.852904 Ry,      -4.926452 Ha,    -134.055583 eV
     int-Eh=     34.471813 Ry,      17.235906 Ha,     469.012867 eV


     normalization and overlap integrals

     s(1S/1S) =  1.000000  <r> =   0.2633  <r2> =    0.0935  r(max) =   0.1707
     s(1S/2S) =  0.023605
     s(2S/2S) =  1.000000  <r> =   1.5159  <r2> =    2.7506  r(max) =   1.2023
     s(2P/2P) =  1.000000  <r> =   1.5782  <r2> =    3.1518  r(max) =   1.1278
     s(1S/1S) =  1.000000  <r> =   0.2624  <r2> =    0.0927  r(max) =   0.1707
     s(1S/2S) =  0.023744
     s(2S/2S) =  1.000000  <r> =   1.5738  <r2> =    2.9799  r(max) =   1.2315
     s(2P/2P) =  1.000000  <r> =   2.0353  <r2> =    5.9594  r(max) =   1.3341

     ------------------------ End of All-electron run ------------------------


     occupation(    3 ) =  1.700
     --------------------------- All-electron run ----------------------------

     C                                                                          

     atomic number is  6.00
     dft =LDA   lsd =1 sic =1 latt =0  beta=0.30 tr2=1.0E-14 fref=5.0E-01 rhobarfact=1.0E+00
     mesh =1801 r(mesh) = 100.30751 xmin = -8.00 dx = 0.00800
     1 Ry =  13.60569193 eV

     n l     nl                  e(Ry)          e(Ha)          e(eV)
     1 0     1S 1( 1.00)       -22.1930       -11.0965      -301.9518
     2 0     2S 1( 1.00)        -1.4489        -0.7244       -19.7132
     2 1     2P 1( 1.70)        -0.8427        -0.4213       -11.4649
     1 0     1S 2( 1.00)       -22.0952       -11.0476      -300.6201
     2 0     2S 2( 1.00)        -1.1966        -0.5983       -16.2812
     2 1     2P 2( 0.00)        -0.0000        -0.0000        -0.0000

     eps = 2.0E-15  iter = 46

     Etot =     -74.836061 Ry,     -37.418030 Ha,   -1018.196391 eV
     Total magnetization:    1.70 Bohr mag. 

     Ekin =      78.535634 Ry,      39.267817 Ha,    1068.531647 eV
     Encl =    -178.309976 Ry,     -89.154988 Ha,   -2426.030603 eV
     Eh   =      34.720545 Ry,      17.360272 Ha,     472.397037 eV
     Exc  =      -9.637599 Ry,      -4.818799 Ha,    -131.126203 eV

     SIC information:
     Esich=       0.122596 Ry,       0.061298 Ha,       1.668006 eV
     Esicxc=     -0.267261 Ry,      -0.133631 Ha,      -3.636274 eV
     Esictot=    -0.144665 Ry,      -0.072333 Ha,      -1.968268 eV

     tot-Exc=    -9.492934 Ry,      -4.746467 Ha,    -129.157935 eV
     int-Exc=    -9.904860 Ry,      -4.952430 Ha,    -134.762477 eV
     int-Eh=     34.843141 Ry,      17.421571 Ha,     474.065043 eV


     normalization and overlap integrals

     s(1S/1S) =  1.000000  <r> =   0.2633  <r2> =    0.0935  r(max) =   0.1707
     s(1S/2S) =  0.023605
     s(2S/2S) =  1.000000  <r> =   1.5159  <r2> =    2.7506  r(max) =   1.2023
     s(2P/2P) =  1.000000  <r> =   1.5782  <r2> =    3.1518  r(max) =   1.1278
     s(1S/1S) =  1.000000  <r> =   0.2624  <r2> =    0.0927  r(max) =   0.1707
     s(1S/2S) =  0.023744
     s(2S/2S) =  1.000000  <r> =   1.5738  <r2> =    2.9799  r(max) =   1.2315
     s(2P/2P) =  1.000000  <r> =   2.0353  <r2> =    5.9594  r(max) =   1.3341

     ------------------------ End of All-electron run ------------------------


     occupation(    3 ) =  1.750
     --------------------------- All-electron run ----------------------------

     C                                                                          

     atomic number is  6.00
     dft =LDA   lsd =1 sic =1 latt =0  beta=0.30 tr2=1.0E-14 fref=5.0E-01 rhobarfact=1.0E+00
     mesh =1801 r(mesh) = 100.30751 xmin = -8.00 dx = 0.00800
     1 Ry =  13.60569193 eV

     n l     nl                  e(Ry)          e(Ha)          e(eV)
     1 0     1S 1( 1.00)       -22.1930       -11.0965      -301.9518
     2 0     2S 1( 1.00)        -1.4489        -0.7244       -19.7132
     2 1     2P 1( 1.75)        -0.8427        -0.4213       -11.4649
     1 0     1S 2( 1.00)       -22.0952       -11.0476      -300.6201
     2 0     2S 2( 1.00)        -1.1966        -0.5983       -16.2812
     2 1     2P 2( 0.00)        -0.0000        -0.0000        -0.0000

     eps = 2.0E-15  iter = 46

     Etot =     -74.878153 Ry,     -37.439076 Ha,   -1018.769080 eV
     Total magnetization:    1.75 Bohr mag. 

     Ekin =      78.680306 Ry,      39.340153 Ha,    1070.500003 eV
     Encl =    -178.816105 Ry,     -89.408052 Ha,   -2432.916832 eV
     Eh   =      35.105008 Ry,      17.552504 Ha,     477.627927 eV
     Exc  =      -9.691058 Ry,      -4.845529 Ha,    -131.853551 eV

     SIC information:
     Esich=       0.109461 Ry,       0.054730 Ha,       1.489291 eV
     Esicxc=     -0.265765 Ry,      -0.132883 Ha,      -3.615917 eV
     Esictot=    -0.156304 Ry,      -0.078152 Ha,      -2.126626 eV

     tot-Exc=    -9.534754 Ry,      -4.767377 Ha,    -129.726925 eV
     int-Exc=    -9.956823 Ry,      -4.978412 Ha,    -135.469468 eV
     int-Eh=     35.214469 Ry,      17.607235 Ha,     479.117218 eV


     normalization and overlap integrals

     s(1S/1S) =  1.000000  <r> =   0.2633  <r2> =    0.0935  r(max) =   0.1707
     s(1S/2S) =  0.023605
     s(2S/2S) =  1.000000  <r> =   1.5159  <r2> =    2.7506  r(max) =   1.2023
     s(2P/2P) =  1.000000  <r> =   1.5782  <r2> =    3.1518  r(max) =   1.1278
     s(1S/1S) =  1.000000  <r> =   0.2624  <r2> =    0.0927  r(max) =   0.1707
     s(1S/2S) =  0.023744
     s(2S/2S) =  1.000000  <r> =   1.5738  <r2> =    2.9799  r(max) =   1.2315
     s(2P/2P) =  1.000000  <r> =   2.0353  <r2> =    5.9594  r(max) =   1.3341

     ------------------------ End of All-electron run ------------------------


     occupation(    3 ) =  1.800
     --------------------------- All-electron run ----------------------------

     C                                                                          

     atomic number is  6.00
     dft =LDA   lsd =1 sic =1 latt =0  beta=0.30 tr2=1.0E-14 fref=5.0E-01 rhobarfact=1.0E+00
     mesh =1801 r(mesh) = 100.30751 xmin = -8.00 dx = 0.00800
     1 Ry =  13.60569193 eV

     n l     nl                  e(Ry)          e(Ha)          e(eV)
     1 0     1S 1( 1.00)       -22.1930       -11.0965      -301.9518
     2 0     2S 1( 1.00)        -1.4489        -0.7244       -19.7132
     2 1     2P 1( 1.80)        -0.8427        -0.4213       -11.4649
     1 0     1S 2( 1.00)       -22.0952       -11.0476      -300.6201
     2 0     2S 2( 1.00)        -1.1966        -0.5983       -16.2812
     2 1     2P 2( 0.00)        -0.0000        -0.0000        -0.0000

     eps = 2.0E-15  iter = 46

     Etot =     -74.920251 Ry,     -37.460126 Ha,   -1019.341858 eV
     Total magnetization:    1.80 Bohr mag. 

     Ekin =      78.824977 Ry,      39.412489 Ha,    1072.468359 eV
     Encl =    -179.322233 Ry,     -89.661117 Ha,   -2439.803062 eV
     Eh   =      35.492391 Ry,      17.746195 Ha,     482.898532 eV
     Exc  =      -9.744768 Ry,      -4.872384 Ha,    -132.584314 eV

     SIC information:
     Esich=       0.093407 Ry,       0.046703 Ha,       1.270861 eV
     Esicxc=     -0.264024 Ry,      -0.132012 Ha,      -3.592235 eV
     Esictot=    -0.170618 Ry,      -0.085309 Ha,      -2.321373 eV

     tot-Exc=    -9.574150 Ry,      -4.787075 Ha,    -130.262941 eV
     int-Exc=   -10.008793 Ry,      -5.004396 Ha,    -136.176549 eV
     int-Eh=     35.585797 Ry,      17.792899 Ha,     484.169393 eV


     normalization and overlap integrals

     s(1S/1S) =  1.000000  <r> =   0.2633  <r2> =    0.0935  r(max) =   0.1707
     s(1S/2S) =  0.023605
     s(2S/2S) =  1.000000  <r> =   1.5159  <r2> =    2.7506  r(max) =   1.2023
     s(2P/2P) =  1.000000  <r> =   1.5782  <r2> =    3.1518  r(max) =   1.1278
     s(1S/1S) =  1.000000  <r> =   0.2624  <r2> =    0.0927  r(max) =   0.1707
     s(1S/2S) =  0.023744
     s(2S/2S) =  1.000000  <r> =   1.5738  <r2> =    2.9799  r(max) =   1.2315
     s(2P/2P) =  1.000000  <r> =   2.0353  <r2> =    5.9594  r(max) =   1.3341

     ------------------------ End of All-electron run ------------------------


     occupation(    3 ) =  1.850
     --------------------------- All-electron run ----------------------------

     C                                                                          

     atomic number is  6.00
     dft =LDA   lsd =1 sic =1 latt =0  beta=0.30 tr2=1.0E-14 fref=5.0E-01 rhobarfact=1.0E+00
     mesh =1801 r(mesh) = 100.30751 xmin = -8.00 dx = 0.00800
     1 Ry =  13.60569193 eV

     n l     nl                  e(Ry)          e(Ha)          e(eV)
     1 0     1S 1( 1.00)       -22.1930       -11.0965      -301.9518
     2 0     2S 1( 1.00)        -1.4489        -0.7244       -19.7132
     2 1     2P 1( 1.85)        -0.8427        -0.4213       -11.4649
     1 0     1S 2( 1.00)       -22.0952       -11.0476      -300.6201
     2 0     2S 2( 1.00)        -1.1966        -0.5983       -16.2812
     2 1     2P 2( 0.00)        -0.0000        -0.0000        -0.0000

     eps = 2.0E-15  iter = 46

     Etot =     -74.962361 Ry,     -37.481180 Ha,   -1019.914789 eV
     Total magnetization:    1.85 Bohr mag. 

     Ekin =      78.969649 Ry,      39.484824 Ha,    1074.436715 eV
     Encl =    -179.828362 Ry,     -89.914181 Ha,   -2446.689291 eV
     Eh   =      35.882692 Ry,      17.941346 Ha,     488.208851 eV
     Exc  =      -9.798727 Ry,      -4.899364 Ha,    -133.318462 eV

     SIC information:
     Esich=       0.074433 Ry,       0.037217 Ha,       1.012718 eV
     Esicxc=     -0.262046 Ry,      -0.131023 Ha,      -3.565320 eV
     Esictot=    -0.187613 Ry,      -0.093806 Ha,      -2.552602 eV

     tot-Exc=    -9.611114 Ry,      -4.805557 Ha,    -130.765860 eV
     int-Exc=   -10.060773 Ry,      -5.030387 Ha,    -136.883782 eV
     int-Eh=     35.957125 Ry,      17.978563 Ha,     489.221568 eV


     normalization and overlap integrals

     s(1S/1S) =  1.000000  <r> =   0.2633  <r2> =    0.0935  r(max) =   0.1707
     s(1S/2S) =  0.023605
     s(2S/2S) =  1.000000  <r> =   1.5159  <r2> =    2.7506  r(max) =   1.2023
     s(2P/2P) =  1.000000  <r> =   1.5782  <r2> =    3.1518  r(max) =   1.1278
     s(1S/1S) =  1.000000  <r> =   0.2624  <r2> =    0.0927  r(max) =   0.1707
     s(1S/2S) =  0.023744
     s(2S/2S) =  1.000000  <r> =   1.5738  <r2> =    2.9799  r(max) =   1.2315
     s(2P/2P) =  1.000000  <r> =   2.0353  <r2> =    5.9594  r(max) =   1.3341

     ------------------------ End of All-electron run ------------------------


     occupation(    3 ) =  1.900
     --------------------------- All-electron run ----------------------------

     C                                                                          

     atomic number is  6.00
     dft =LDA   lsd =1 sic =1 latt =0  beta=0.30 tr2=1.0E-14 fref=5.0E-01 rhobarfact=1.0E+00
     mesh =1801 r(mesh) = 100.30751 xmin = -8.00 dx = 0.00800
     1 Ry =  13.60569193 eV

     n l     nl                  e(Ry)          e(Ha)          e(eV)
     1 0     1S 1( 1.00)       -22.1930       -11.0965      -301.9518
     2 0     2S 1( 1.00)        -1.4489        -0.7244       -19.7132
     2 1     2P 1( 1.90)        -0.8427        -0.4213       -11.4649
     1 0     1S 2( 1.00)       -22.0952       -11.0476      -300.6201
     2 0     2S 2( 1.00)        -1.1966        -0.5983       -16.2812
     2 1     2P 2( 0.00)        -0.0000        -0.0000        -0.0000

     eps = 2.0E-15  iter = 46

     Etot =     -75.004480 Ry,     -37.502240 Ha,   -1020.487848 eV
     Total magnetization:    1.90 Bohr mag. 

     Ekin =      79.114320 Ry,      39.557160 Ha,    1076.405072 eV
     Encl =    -180.334490 Ry,     -90.167245 Ha,   -2453.575520 eV
     Eh   =      36.275912 Ry,      18.137956 Ha,     493.558884 eV
     Exc  =      -9.852932 Ry,      -4.926466 Ha,    -134.055962 eV

     SIC information:
     Esich=       0.052541 Ry,       0.026271 Ha,       0.714860 eV
     Esicxc=     -0.259831 Ry,      -0.129916 Ha,      -3.535181 eV
     Esictot=    -0.207290 Ry,      -0.103645 Ha,      -2.820321 eV

     tot-Exc=    -9.645642 Ry,      -4.822821 Ha,    -131.235640 eV
     int-Exc=   -10.112763 Ry,      -5.056382 Ha,    -137.591143 eV
     int-Eh=     36.328453 Ry,      18.164227 Ha,     494.273743 eV


     normalization and overlap integrals

     s(1S/1S) =  1.000000  <r> =   0.2633  <r2> =    0.0935  r(max) =   0.1707
     s(1S/2S) =  0.023605
     s(2S/2S) =  1.000000  <r> =   1.5159  <r2> =    2.7506  r(max) =   1.2023
     s(2P/2P) =  1.000000  <r> =   1.5782  <r2> =    3.1518  r(max) =   1.1278
     s(1S/1S) =  1.000000  <r> =   0.2624  <r2> =    0.0927  r(max) =   0.1707
     s(1S/2S) =  0.023744
     s(2S/2S) =  1.000000  <r> =   1.5738  <r2> =    2.9799  r(max) =   1.2315
     s(2P/2P) =  1.000000  <r> =   2.0353  <r2> =    5.9594  r(max) =   1.3341

     ------------------------ End of All-electron run ------------------------


     occupation(    3 ) =  1.950
     --------------------------- All-electron run ----------------------------

     C                                                                          

     atomic number is  6.00
     dft =LDA   lsd =1 sic =1 latt =0  beta=0.30 tr2=1.0E-14 fref=5.0E-01 rhobarfact=1.0E+00
     mesh =1801 r(mesh) = 100.30751 xmin = -8.00 dx = 0.00800
     1 Ry =  13.60569193 eV

     n l     nl                  e(Ry)          e(Ha)          e(eV)
     1 0     1S 1( 1.00)       -22.1930       -11.0965      -301.9518
     2 0     2S 1( 1.00)        -1.4489        -0.7244       -19.7132
     2 1     2P 1( 1.95)        -0.8427        -0.4213       -11.4649
     1 0     1S 2( 1.00)       -22.0952       -11.0476      -300.6201
     2 0     2S 2( 1.00)        -1.1966        -0.5983       -16.2812
     2 1     2P 2( 0.00)        -0.0000        -0.0000        -0.0000

     eps = 2.0E-15  iter = 46

     Etot =     -75.046604 Ry,     -37.523302 Ha,   -1021.060968 eV
     Total magnetization:    1.95 Bohr mag. 

     Ekin =      79.258992 Ry,      39.629496 Ha,    1078.373428 eV
     Encl =    -180.840619 Ry,     -90.420309 Ha,   -2460.461749 eV
     Eh   =      36.672051 Ry,      18.336026 Ha,     498.948632 eV
     Exc  =      -9.907381 Ry,      -4.953691 Ha,    -134.796780 eV

     SIC information:
     Esich=       0.027730 Ry,       0.013865 Ha,       0.377287 eV
     Esicxc=     -0.257377 Ry,      -0.128688 Ha,      -3.501786 eV
     Esictot=    -0.229646 Ry,      -0.114823 Ha,      -3.124499 eV

     tot-Exc=    -9.677735 Ry,      -4.838867 Ha,    -131.672281 eV
     int-Exc=   -10.164758 Ry,      -5.082379 Ha,    -138.298566 eV
     int-Eh=     36.699781 Ry,      18.349891 Ha,     499.325919 eV


     normalization and overlap integrals

     s(1S/1S) =  1.000000  <r> =   0.2633  <r2> =    0.0935  r(max) =   0.1707
     s(1S/2S) =  0.023605
     s(2S/2S) =  1.000000  <r> =   1.5159  <r2> =    2.7506  r(max) =   1.2023
     s(2P/2P) =  1.000000  <r> =   1.5782  <r2> =    3.1518  r(max) =   1.1278
     s(1S/1S) =  1.000000  <r> =   0.2624  <r2> =    0.0927  r(max) =   0.1707
     s(1S/2S) =  0.023744
     s(2S/2S) =  1.000000  <r> =   1.5738  <r2> =    2.9799  r(max) =   1.2315
     s(2P/2P) =  1.000000  <r> =   2.0353  <r2> =    5.9594  r(max) =   1.3341

     ------------------------ End of All-electron run ------------------------


     occupation(    3 ) =  2.000
     --------------------------- All-electron run ----------------------------

     C                                                                          

     atomic number is  6.00
     dft =LDA   lsd =1 sic =1 latt =0  beta=0.30 tr2=1.0E-14 fref=5.0E-01 rhobarfact=1.0E+00
     mesh =1801 r(mesh) = 100.30751 xmin = -8.00 dx = 0.00800
     1 Ry =  13.60569193 eV

     n l     nl                  e(Ry)          e(Ha)          e(eV)
     1 0     1S 1( 1.00)       -22.1930       -11.0965      -301.9518
     2 0     2S 1( 1.00)        -1.4489        -0.7244       -19.7132
     2 1     2P 1( 2.00)        -0.8427        -0.4213       -11.4649
     1 0     1S 2( 1.00)       -22.0952       -11.0476      -300.6201
     2 0     2S 2( 1.00)        -1.1966        -0.5983       -16.2812
     2 1     2P 2( 0.00)        -0.0000        -0.0000        -0.0000

     eps = 2.0E-15  iter = 46

     Etot =     -75.088732 Ry,     -37.544366 Ha,   -1021.634155 eV
     Total magnetization:    2.00 Bohr mag. 

     Ekin =      79.403664 Ry,      39.701832 Ha,    1080.341784 eV
     Encl =    -181.346747 Ry,     -90.673374 Ha,   -2467.347978 eV
     Eh   =      37.071109 Ry,      18.535555 Ha,     504.378094 eV
     Exc  =      -9.962073 Ry,      -4.981037 Ha,    -135.540897 eV

     SIC information:
     Esich=       0.000000 Ry,       0.000000 Ha,       0.000000 eV
     Esicxc=     -0.254684 Ry,      -0.127342 Ha,      -3.465158 eV
     Esictot=    -0.254684 Ry,      -0.127342 Ha,      -3.465158 eV

     tot-Exc=    -9.707389 Ry,      -4.853694 Ha,    -132.075739 eV
     int-Exc=   -10.216757 Ry,      -5.108379 Ha,    -139.006055 eV
     int-Eh=     37.071109 Ry,      18.535555 Ha,     504.378094 eV


     normalization and overlap integrals

     s(1S/1S) =  1.000000  <r> =   0.2633  <r2> =    0.0935  r(max) =   0.1707
     s(1S/2S) =  0.023605
     s(2S/2S) =  1.000000  <r> =   1.5159  <r2> =    2.7506  r(max) =   1.2023
     s(2P/2P) =  1.000000  <r> =   1.5782  <r2> =    3.1518  r(max) =   1.1278
     s(1S/1S) =  1.000000  <r> =   0.2624  <r2> =    0.0927  r(max) =   0.1707
     s(1S/2S) =  0.023744
     s(2S/2S) =  1.000000  <r> =   1.5738  <r2> =    2.9799  r(max) =   1.2315
     s(2P/2P) =  1.000000  <r> =   2.0353  <r2> =    5.9594  r(max) =   1.3341

     ------------------------ End of All-electron run ------------------------

