
     Program LD1       v.4.1    starts ...
     Today is 19Sep2009 at 16:45:50 
     --------------------------- All-electron run ----------------------------

     F-                                                                         

     atomic number is  9.00
     dft =LDA   lsd =1 sic =1 latt =0  beta=1.00 tr2=1.0E-20 fref=4.5E-01 rhobarfact=1.0E+00
     mesh =1601 r(mesh) =  99.76081 xmin = -6.00 dx = 0.00800
     1 Ry =  13.60569193 eV

     n l     nl                  e(Ry)          e(Ha)          e(eV)
     1 0     1S 1( 1.00)       -51.0043       -25.5022      -693.9493
     2 0     2S 1( 1.00)        -1.6707        -0.8353       -22.7309
     2 1     2P 1( 3.00)        -0.3261        -0.1630        -4.4368
     1 0     1S 2( 1.00)       -51.0043       -25.5022      -693.9493
     2 0     2S 2( 1.00)        -1.6707        -0.8353       -22.7309
     2 1     2P 2( 3.00)        -0.3261        -0.1630        -4.4368

     eps = 3.6E-21  iter = 41

     Etot =    -200.091502 Ry,    -100.045751 Ha,   -2722.383335 eV
     Total magnetization:    0.00 Bohr mag. 

     Ekin =     207.046969 Ry,     103.523484 Ha,    2817.017271 eV
     Encl =    -498.472508 Ry,    -249.236254 Ha,   -6782.063378 eV
     Eh   =     113.786069 Ry,      56.893034 Ha,    1548.138199 eV
     Exc  =     -20.706625 Ry,     -10.353312 Ha,    -281.727958 eV

     SIC information:
     Esich=      -1.748836 Ry,      -0.874418 Ha,     -23.794124 eV
     Esicxc=      0.003429 Ry,       0.001715 Ha,       0.046654 eV
     Esictot=    -1.745407 Ry,      -0.872703 Ha,     -23.747470 eV

     tot-Exc=   -18.961218 Ry,      -9.480609 Ha,    -257.980488 eV
     int-Exc=   -20.703196 Ry,     -10.351598 Ha,    -281.681304 eV
     int-Eh=    112.037233 Ry,      56.018616 Ha,    1524.344076 eV


     normalization and overlap integrals

     s(1S/1S) =  1.000000  <r> =   0.1731  <r2> =    0.0403  r(max) =   0.1129
     s(1S/2S) =  0.014341
     s(2S/2S) =  1.000000  <r> =   1.0279  <r2> =    1.2958  r(max) =   0.7763
     s(2P/2P) =  1.000000  <r> =   1.1802  <r2> =    1.9261  r(max) =   0.7109
     s(1S/1S) =  1.000000  <r> =   0.1731  <r2> =    0.0403  r(max) =   0.1129
     s(1S/2S) =  0.014341
     s(2S/2S) =  1.000000  <r> =   1.0279  <r2> =    1.2958  r(max) =   0.7763
     s(2P/2P) =  1.000000  <r> =   1.1802  <r2> =    1.9261  r(max) =   0.7109

     ------------------------ End of All-electron run ------------------------


     occupation(    6 ) =  2.000
     --------------------------- All-electron run ----------------------------

     F-                                                                         

     atomic number is  9.00
     dft =LDA   lsd =1 sic =1 latt =0  beta=1.00 tr2=1.0E-20 fref=4.5E-01 rhobarfact=1.0E+00
     mesh =1601 r(mesh) =  99.76081 xmin = -6.00 dx = 0.00800
     1 Ry =  13.60569193 eV

     n l     nl                  e(Ry)          e(Ha)          e(eV)
     1 0     1S 1( 1.00)       -51.0043       -25.5022      -693.9493
     2 0     2S 1( 1.00)        -1.6707        -0.8353       -22.7309
     2 1     2P 1( 3.00)        -0.3261        -0.1630        -4.4368
     1 0     1S 2( 1.00)       -51.0043       -25.5022      -693.9493
     2 0     2S 2( 1.00)        -1.6707        -0.8353       -22.7309
     2 1     2P 2( 2.00)        -0.3261        -0.1630        -4.4368

     eps = 3.6E-21  iter = 41

     Etot =    -199.765823 Ry,     -99.882911 Ha,   -2717.952240 eV
     Total magnetization:    1.00 Bohr mag. 

     Ekin =     200.749683 Ry,     100.374841 Ha,    2731.338336 eV
     Encl =    -476.477303 Ry,    -238.238652 Ha,   -6482.803400 eV
     Eh   =      96.712106 Ry,      48.356053 Ha,    1315.835120 eV
     Exc  =     -19.078034 Ry,      -9.539017 Ha,    -259.569848 eV

     SIC information:
     Esich=      -1.668208 Ry,      -0.834104 Ha,     -22.697129 eV
     Esicxc=     -0.004066 Ry,      -0.002033 Ha,      -0.055319 eV
     Esictot=    -1.672274 Ry,      -0.836137 Ha,     -22.752448 eV

     tot-Exc=   -17.405759 Ry,      -8.702880 Ha,    -236.817400 eV
     int-Exc=   -19.082100 Ry,      -9.541050 Ha,    -259.625167 eV
     int-Eh=     95.043898 Ry,      47.521949 Ha,    1293.137991 eV


     normalization and overlap integrals

     s(1S/1S) =  1.000000  <r> =   0.1731  <r2> =    0.0403  r(max) =   0.1129
     s(1S/2S) =  0.014341
     s(2S/2S) =  1.000000  <r> =   1.0279  <r2> =    1.2958  r(max) =   0.7763
     s(2P/2P) =  1.000000  <r> =   1.1802  <r2> =    1.9261  r(max) =   0.7109
     s(1S/1S) =  1.000000  <r> =   0.1731  <r2> =    0.0403  r(max) =   0.1129
     s(1S/2S) =  0.014341
     s(2S/2S) =  1.000000  <r> =   1.0279  <r2> =    1.2958  r(max) =   0.7763
     s(2P/2P) =  1.000000  <r> =   1.1802  <r2> =    1.9261  r(max) =   0.7109

     ------------------------ End of All-electron run ------------------------


     occupation(    6 ) =  2.050
     --------------------------- All-electron run ----------------------------

     F-                                                                         

     atomic number is  9.00
     dft =LDA   lsd =1 sic =1 latt =0  beta=1.00 tr2=1.0E-20 fref=4.5E-01 rhobarfact=1.0E+00
     mesh =1601 r(mesh) =  99.76081 xmin = -6.00 dx = 0.00800
     1 Ry =  13.60569193 eV

     n l     nl                  e(Ry)          e(Ha)          e(eV)
     1 0     1S 1( 1.00)       -51.0043       -25.5022      -693.9493
     2 0     2S 1( 1.00)        -1.6707        -0.8353       -22.7309
     2 1     2P 1( 3.00)        -0.3261        -0.1630        -4.4368
     1 0     1S 2( 1.00)       -51.0043       -25.5022      -693.9493
     2 0     2S 2( 1.00)        -1.6707        -0.8353       -22.7309
     2 1     2P 2( 2.05)        -0.3261        -0.1630        -4.4368

     eps = 3.6E-21  iter = 41

     Etot =    -199.782077 Ry,     -99.891039 Ha,   -2718.173394 eV
     Total magnetization:    0.95 Bohr mag. 

     Ekin =     201.064547 Ry,     100.532273 Ha,    2735.622283 eV
     Encl =    -477.577063 Ry,    -238.788532 Ha,   -6497.766399 eV
     Eh   =      97.527506 Ry,      48.763753 Ha,    1326.929201 eV
     Exc  =     -19.156720 Ry,      -9.578360 Ha,    -260.640436 eV

     SIC information:
     Esich=      -1.633942 Ry,      -0.816971 Ha,     -22.230906 eV
     Esicxc=     -0.006404 Ry,      -0.003202 Ha,      -0.087137 eV
     Esictot=    -1.640346 Ry,      -0.820173 Ha,     -22.318043 eV

     tot-Exc=   -17.516374 Ry,      -8.758187 Ha,    -238.322393 eV
     int-Exc=   -19.163125 Ry,      -9.581562 Ha,    -260.727573 eV
     int-Eh=     95.893564 Ry,      47.946782 Ha,    1304.698295 eV


     normalization and overlap integrals

     s(1S/1S) =  1.000000  <r> =   0.1731  <r2> =    0.0403  r(max) =   0.1129
     s(1S/2S) =  0.014341
     s(2S/2S) =  1.000000  <r> =   1.0279  <r2> =    1.2958  r(max) =   0.7763
     s(2P/2P) =  1.000000  <r> =   1.1802  <r2> =    1.9261  r(max) =   0.7109
     s(1S/1S) =  1.000000  <r> =   0.1731  <r2> =    0.0403  r(max) =   0.1129
     s(1S/2S) =  0.014341
     s(2S/2S) =  1.000000  <r> =   1.0279  <r2> =    1.2958  r(max) =   0.7763
     s(2P/2P) =  1.000000  <r> =   1.1802  <r2> =    1.9261  r(max) =   0.7109

     ------------------------ End of All-electron run ------------------------


     occupation(    6 ) =  2.100
     --------------------------- All-electron run ----------------------------

     F-                                                                         

     atomic number is  9.00
     dft =LDA   lsd =1 sic =1 latt =0  beta=1.00 tr2=1.0E-20 fref=4.5E-01 rhobarfact=1.0E+00
     mesh =1601 r(mesh) =  99.76081 xmin = -6.00 dx = 0.00800
     1 Ry =  13.60569193 eV

     n l     nl                  e(Ry)          e(Ha)          e(eV)
     1 0     1S 1( 1.00)       -51.0043       -25.5022      -693.9493
     2 0     2S 1( 1.00)        -1.6707        -0.8353       -22.7309
     2 1     2P 1( 3.00)        -0.3261        -0.1630        -4.4368
     1 0     1S 2( 1.00)       -51.0043       -25.5022      -693.9493
     2 0     2S 2( 1.00)        -1.6707        -0.8353       -22.7309
     2 1     2P 2( 2.10)        -0.3261        -0.1630        -4.4368

     eps = 3.6E-21  iter = 41

     Etot =    -199.798339 Ry,     -99.899170 Ha,   -2718.394653 eV
     Total magnetization:    0.90 Bohr mag. 

     Ekin =     201.379411 Ry,     100.689706 Ha,    2739.906230 eV
     Encl =    -478.676824 Ry,    -239.338412 Ha,   -6512.729398 eV
     Eh   =      98.346937 Ry,      49.173469 Ha,    1338.078133 eV
     Exc  =     -19.235710 Ry,      -9.617855 Ha,    -261.715151 eV

     SIC information:
     Esich=      -1.603706 Ry,      -0.801853 Ha,     -21.819533 eV
     Esicxc=     -0.008447 Ry,      -0.004224 Ha,      -0.114933 eV
     Esictot=    -1.612154 Ry,      -0.806077 Ha,     -21.934466 eV

     tot-Exc=   -17.623557 Ry,      -8.811778 Ha,    -239.780684 eV
     int-Exc=   -19.244158 Ry,      -9.622079 Ha,    -261.830084 eV
     int-Eh=     96.743231 Ry,      48.371616 Ha,    1316.258599 eV


     normalization and overlap integrals

     s(1S/1S) =  1.000000  <r> =   0.1731  <r2> =    0.0403  r(max) =   0.1129
     s(1S/2S) =  0.014341
     s(2S/2S) =  1.000000  <r> =   1.0279  <r2> =    1.2958  r(max) =   0.7763
     s(2P/2P) =  1.000000  <r> =   1.1802  <r2> =    1.9261  r(max) =   0.7109
     s(1S/1S) =  1.000000  <r> =   0.1731  <r2> =    0.0403  r(max) =   0.1129
     s(1S/2S) =  0.014341
     s(2S/2S) =  1.000000  <r> =   1.0279  <r2> =    1.2958  r(max) =   0.7763
     s(2P/2P) =  1.000000  <r> =   1.1802  <r2> =    1.9261  r(max) =   0.7109

     ------------------------ End of All-electron run ------------------------


     occupation(    6 ) =  2.150
     --------------------------- All-electron run ----------------------------

     F-                                                                         

     atomic number is  9.00
     dft =LDA   lsd =1 sic =1 latt =0  beta=1.00 tr2=1.0E-20 fref=4.5E-01 rhobarfact=1.0E+00
     mesh =1601 r(mesh) =  99.76081 xmin = -6.00 dx = 0.00800
     1 Ry =  13.60569193 eV

     n l     nl                  e(Ry)          e(Ha)          e(eV)
     1 0     1S 1( 1.00)       -51.0043       -25.5022      -693.9493
     2 0     2S 1( 1.00)        -1.6707        -0.8353       -22.7309
     2 1     2P 1( 3.00)        -0.3261        -0.1630        -4.4368
     1 0     1S 2( 1.00)       -51.0043       -25.5022      -693.9493
     2 0     2S 2( 1.00)        -1.6707        -0.8353       -22.7309
     2 1     2P 2( 2.15)        -0.3261        -0.1630        -4.4368

     eps = 3.6E-21  iter = 41

     Etot =    -199.814621 Ry,     -99.907311 Ha,   -2718.616177 eV
     Total magnetization:    0.85 Bohr mag. 

     Ekin =     201.694275 Ry,     100.847138 Ha,    2744.190176 eV
     Encl =    -479.776584 Ry,    -239.888292 Ha,   -6527.692397 eV
     Eh   =      99.170400 Ry,      49.585200 Ha,    1349.281914 eV
     Exc  =     -19.314998 Ry,      -9.657499 Ha,    -262.793910 eV

     SIC information:
     Esich=      -1.577502 Ry,      -0.788751 Ha,     -21.463010 eV
     Esicxc=     -0.010213 Ry,      -0.005106 Ha,      -0.138950 eV
     Esictot=    -1.587715 Ry,      -0.793857 Ha,     -21.601960 eV

     tot-Exc=   -17.727283 Ry,      -8.863641 Ha,    -241.191949 eV
     int-Exc=   -19.325210 Ry,      -9.662605 Ha,    -262.932860 eV
     int-Eh=     97.592898 Ry,      48.796449 Ha,    1327.818903 eV


     normalization and overlap integrals

     s(1S/1S) =  1.000000  <r> =   0.1731  <r2> =    0.0403  r(max) =   0.1129
     s(1S/2S) =  0.014341
     s(2S/2S) =  1.000000  <r> =   1.0279  <r2> =    1.2958  r(max) =   0.7763
     s(2P/2P) =  1.000000  <r> =   1.1802  <r2> =    1.9261  r(max) =   0.7109
     s(1S/1S) =  1.000000  <r> =   0.1731  <r2> =    0.0403  r(max) =   0.1129
     s(1S/2S) =  0.014341
     s(2S/2S) =  1.000000  <r> =   1.0279  <r2> =    1.2958  r(max) =   0.7763
     s(2P/2P) =  1.000000  <r> =   1.1802  <r2> =    1.9261  r(max) =   0.7109

     ------------------------ End of All-electron run ------------------------


     occupation(    6 ) =  2.200
     --------------------------- All-electron run ----------------------------

     F-                                                                         

     atomic number is  9.00
     dft =LDA   lsd =1 sic =1 latt =0  beta=1.00 tr2=1.0E-20 fref=4.5E-01 rhobarfact=1.0E+00
     mesh =1601 r(mesh) =  99.76081 xmin = -6.00 dx = 0.00800
     1 Ry =  13.60569193 eV

     n l     nl                  e(Ry)          e(Ha)          e(eV)
     1 0     1S 1( 1.00)       -51.0043       -25.5022      -693.9493
     2 0     2S 1( 1.00)        -1.6707        -0.8353       -22.7309
     2 1     2P 1( 3.00)        -0.3261        -0.1630        -4.4368
     1 0     1S 2( 1.00)       -51.0043       -25.5022      -693.9493
     2 0     2S 2( 1.00)        -1.6707        -0.8353       -22.7309
     2 1     2P 2( 2.20)        -0.3261        -0.1630        -4.4368

     eps = 3.6E-21  iter = 41

     Etot =    -199.830884 Ry,     -99.915442 Ha,   -2718.837446 eV
     Total magnetization:    0.80 Bohr mag. 

     Ekin =     202.009140 Ry,     101.004570 Ha,    2748.474123 eV
     Encl =    -480.876344 Ry,    -240.438172 Ha,   -6542.655396 eV
     Eh   =      99.997894 Ry,      49.998947 Ha,    1360.540544 eV
     Exc  =     -19.394586 Ry,      -9.697293 Ha,    -263.876769 eV

     SIC information:
     Esich=      -1.555330 Ry,      -0.777665 Ha,     -21.161337 eV
     Esicxc=     -0.011658 Ry,      -0.005829 Ha,      -0.158613 eV
     Esictot=    -1.566988 Ry,      -0.783494 Ha,     -21.319950 eV

     tot-Exc=   -17.827599 Ry,      -8.913799 Ha,    -242.556819 eV
     int-Exc=   -19.406244 Ry,      -9.703122 Ha,    -264.035382 eV
     int-Eh=     98.442565 Ry,      49.221282 Ha,    1339.379208 eV


     normalization and overlap integrals

     s(1S/1S) =  1.000000  <r> =   0.1731  <r2> =    0.0403  r(max) =   0.1129
     s(1S/2S) =  0.014341
     s(2S/2S) =  1.000000  <r> =   1.0279  <r2> =    1.2958  r(max) =   0.7763
     s(2P/2P) =  1.000000  <r> =   1.1802  <r2> =    1.9261  r(max) =   0.7109
     s(1S/1S) =  1.000000  <r> =   0.1731  <r2> =    0.0403  r(max) =   0.1129
     s(1S/2S) =  0.014341
     s(2S/2S) =  1.000000  <r> =   1.0279  <r2> =    1.2958  r(max) =   0.7763
     s(2P/2P) =  1.000000  <r> =   1.1802  <r2> =    1.9261  r(max) =   0.7109

     ------------------------ End of All-electron run ------------------------


     occupation(    6 ) =  2.250
     --------------------------- All-electron run ----------------------------

     F-                                                                         

     atomic number is  9.00
     dft =LDA   lsd =1 sic =1 latt =0  beta=1.00 tr2=1.0E-20 fref=4.5E-01 rhobarfact=1.0E+00
     mesh =1601 r(mesh) =  99.76081 xmin = -6.00 dx = 0.00800
     1 Ry =  13.60569193 eV

     n l     nl                  e(Ry)          e(Ha)          e(eV)
     1 0     1S 1( 1.00)       -51.0043       -25.5022      -693.9493
     2 0     2S 1( 1.00)        -1.6707        -0.8353       -22.7309
     2 1     2P 1( 3.00)        -0.3261        -0.1630        -4.4368
     1 0     1S 2( 1.00)       -51.0043       -25.5022      -693.9493
     2 0     2S 2( 1.00)        -1.6707        -0.8353       -22.7309
     2 1     2P 2( 2.25)        -0.3261        -0.1630        -4.4368

     eps = 3.6E-21  iter = 41

     Etot =    -199.847154 Ry,     -99.923577 Ha,   -2719.058812 eV
     Total magnetization:    0.75 Bohr mag. 

     Ekin =     202.324004 Ry,     101.162002 Ha,    2752.758070 eV
     Encl =    -481.976104 Ry,    -240.988052 Ha,   -6557.618394 eV
     Eh   =     100.829420 Ry,      50.414710 Ha,    1371.854025 eV
     Exc  =     -19.474471 Ry,      -9.737235 Ha,    -264.963648 eV

     SIC information:
     Esich=      -1.537188 Ry,      -0.768594 Ha,     -20.914513 eV
     Esicxc=     -0.012815 Ry,      -0.006407 Ha,      -0.174352 eV
     Esictot=    -1.550003 Ry,      -0.775002 Ha,     -21.088865 eV

     tot-Exc=   -17.924468 Ry,      -8.962234 Ha,    -243.874783 eV
     int-Exc=   -19.487285 Ry,      -9.743643 Ha,    -265.138000 eV
     int-Eh=     99.292231 Ry,      49.646116 Ha,    1350.939512 eV


     normalization and overlap integrals

     s(1S/1S) =  1.000000  <r> =   0.1731  <r2> =    0.0403  r(max) =   0.1129
     s(1S/2S) =  0.014341
     s(2S/2S) =  1.000000  <r> =   1.0279  <r2> =    1.2958  r(max) =   0.7763
     s(2P/2P) =  1.000000  <r> =   1.1802  <r2> =    1.9261  r(max) =   0.7109
     s(1S/1S) =  1.000000  <r> =   0.1731  <r2> =    0.0403  r(max) =   0.1129
     s(1S/2S) =  0.014341
     s(2S/2S) =  1.000000  <r> =   1.0279  <r2> =    1.2958  r(max) =   0.7763
     s(2P/2P) =  1.000000  <r> =   1.1802  <r2> =    1.9261  r(max) =   0.7109

     ------------------------ End of All-electron run ------------------------


     occupation(    6 ) =  2.300
     --------------------------- All-electron run ----------------------------

     F-                                                                         

     atomic number is  9.00
     dft =LDA   lsd =1 sic =1 latt =0  beta=1.00 tr2=1.0E-20 fref=4.5E-01 rhobarfact=1.0E+00
     mesh =1601 r(mesh) =  99.76081 xmin = -6.00 dx = 0.00800
     1 Ry =  13.60569193 eV

     n l     nl                  e(Ry)          e(Ha)          e(eV)
     1 0     1S 1( 1.00)       -51.0043       -25.5022      -693.9493
     2 0     2S 1( 1.00)        -1.6707        -0.8353       -22.7309
     2 1     2P 1( 3.00)        -0.3261        -0.1630        -4.4368
     1 0     1S 2( 1.00)       -51.0043       -25.5022      -693.9493
     2 0     2S 2( 1.00)        -1.6707        -0.8353       -22.7309
     2 1     2P 2( 2.30)        -0.3261        -0.1630        -4.4368

     eps = 3.6E-21  iter = 41

     Etot =    -199.863430 Ry,     -99.931715 Ha,   -2719.280252 eV
     Total magnetization:    0.70 Bohr mag. 

     Ekin =     202.638868 Ry,     101.319434 Ha,    2757.042017 eV
     Encl =    -483.075865 Ry,    -241.537932 Ha,   -6572.581393 eV
     Eh   =     101.664977 Ry,      50.832488 Ha,    1383.222355 eV
     Exc  =     -19.554648 Ry,      -9.777324 Ha,    -266.054514 eV

     SIC information:
     Esich=      -1.523079 Ry,      -0.761539 Ha,     -20.722539 eV
     Esicxc=     -0.013684 Ry,      -0.006842 Ha,      -0.186177 eV
     Esictot=    -1.536762 Ry,      -0.768381 Ha,     -20.908716 eV

     tot-Exc=   -18.017885 Ry,      -9.008943 Ha,    -245.145798 eV
     int-Exc=   -19.568332 Ry,      -9.784166 Ha,    -266.240691 eV
     int-Eh=    100.141898 Ry,      50.070949 Ha,    1362.499816 eV


     normalization and overlap integrals

     s(1S/1S) =  1.000000  <r> =   0.1731  <r2> =    0.0403  r(max) =   0.1129
     s(1S/2S) =  0.014341
     s(2S/2S) =  1.000000  <r> =   1.0279  <r2> =    1.2958  r(max) =   0.7763
     s(2P/2P) =  1.000000  <r> =   1.1802  <r2> =    1.9261  r(max) =   0.7109
     s(1S/1S) =  1.000000  <r> =   0.1731  <r2> =    0.0403  r(max) =   0.1129
     s(1S/2S) =  0.014341
     s(2S/2S) =  1.000000  <r> =   1.0279  <r2> =    1.2958  r(max) =   0.7763
     s(2P/2P) =  1.000000  <r> =   1.1802  <r2> =    1.9261  r(max) =   0.7109

     ------------------------ End of All-electron run ------------------------


     occupation(    6 ) =  2.350
     --------------------------- All-electron run ----------------------------

     F-                                                                         

     atomic number is  9.00
     dft =LDA   lsd =1 sic =1 latt =0  beta=1.00 tr2=1.0E-20 fref=4.5E-01 rhobarfact=1.0E+00
     mesh =1601 r(mesh) =  99.76081 xmin = -6.00 dx = 0.00800
     1 Ry =  13.60569193 eV

     n l     nl                  e(Ry)          e(Ha)          e(eV)
     1 0     1S 1( 1.00)       -51.0043       -25.5022      -693.9493
     2 0     2S 1( 1.00)        -1.6707        -0.8353       -22.7309
     2 1     2P 1( 3.00)        -0.3261        -0.1630        -4.4368
     1 0     1S 2( 1.00)       -51.0043       -25.5022      -693.9493
     2 0     2S 2( 1.00)        -1.6707        -0.8353       -22.7309
     2 1     2P 2( 2.35)        -0.3261        -0.1630        -4.4368

     eps = 3.6E-21  iter = 41

     Etot =    -199.879701 Ry,     -99.939851 Ha,   -2719.501641 eV
     Total magnetization:    0.65 Bohr mag. 

     Ekin =     202.953733 Ry,     101.476866 Ha,    2761.325963 eV
     Encl =    -484.175625 Ry,    -242.087812 Ha,   -6587.544392 eV
     Eh   =     102.504565 Ry,      51.252283 Ha,    1394.645535 eV
     Exc  =     -19.635114 Ry,      -9.817557 Ha,    -267.149311 eV

     SIC information:
     Esich=      -1.513000 Ry,      -0.756500 Ha,     -20.585414 eV
     Esicxc=     -0.014260 Ry,      -0.007130 Ha,      -0.194022 eV
     Esictot=    -1.527261 Ry,      -0.763630 Ha,     -20.779436 eV

     tot-Exc=   -18.107853 Ry,      -9.053927 Ha,    -246.369875 eV
     int-Exc=   -19.649374 Ry,      -9.824687 Ha,    -267.343333 eV
     int-Eh=    100.991565 Ry,      50.495782 Ha,    1374.060120 eV


     normalization and overlap integrals

     s(1S/1S) =  1.000000  <r> =   0.1731  <r2> =    0.0403  r(max) =   0.1129
     s(1S/2S) =  0.014341
     s(2S/2S) =  1.000000  <r> =   1.0279  <r2> =    1.2958  r(max) =   0.7763
     s(2P/2P) =  1.000000  <r> =   1.1802  <r2> =    1.9261  r(max) =   0.7109
     s(1S/1S) =  1.000000  <r> =   0.1731  <r2> =    0.0403  r(max) =   0.1129
     s(1S/2S) =  0.014341
     s(2S/2S) =  1.000000  <r> =   1.0279  <r2> =    1.2958  r(max) =   0.7763
     s(2P/2P) =  1.000000  <r> =   1.1802  <r2> =    1.9261  r(max) =   0.7109

     ------------------------ End of All-electron run ------------------------


     occupation(    6 ) =  2.400
     --------------------------- All-electron run ----------------------------

     F-                                                                         

     atomic number is  9.00
     dft =LDA   lsd =1 sic =1 latt =0  beta=1.00 tr2=1.0E-20 fref=4.5E-01 rhobarfact=1.0E+00
     mesh =1601 r(mesh) =  99.76081 xmin = -6.00 dx = 0.00800
     1 Ry =  13.60569193 eV

     n l     nl                  e(Ry)          e(Ha)          e(eV)
     1 0     1S 1( 1.00)       -51.0043       -25.5022      -693.9493
     2 0     2S 1( 1.00)        -1.6707        -0.8353       -22.7309
     2 1     2P 1( 3.00)        -0.3261        -0.1630        -4.4368
     1 0     1S 2( 1.00)       -51.0043       -25.5022      -693.9493
     2 0     2S 2( 1.00)        -1.6707        -0.8353       -22.7309
     2 1     2P 2( 2.40)        -0.3261        -0.1630        -4.4368

     eps = 3.6E-21  iter = 41

     Etot =    -199.895982 Ry,     -99.947991 Ha,   -2719.723156 eV
     Total magnetization:    0.60 Bohr mag. 

     Ekin =     203.268597 Ry,     101.634299 Ha,    2765.609910 eV
     Encl =    -485.275385 Ry,    -242.637693 Ha,   -6602.507391 eV
     Eh   =     103.348185 Ry,      51.674092 Ha,    1406.123565 eV
     Exc  =     -19.715870 Ry,      -9.857935 Ha,    -268.248053 eV

     SIC information:
     Esich=      -1.506953 Ry,      -0.753477 Ha,     -20.503140 eV
     Esicxc=     -0.014556 Ry,      -0.007278 Ha,      -0.198046 eV
     Esictot=    -1.521509 Ry,      -0.760755 Ha,     -20.701186 eV

     tot-Exc=   -18.194361 Ry,      -9.097180 Ha,    -247.546867 eV
     int-Exc=   -19.730426 Ry,      -9.865213 Ha,    -268.446099 eV
     int-Eh=    101.841232 Ry,      50.920616 Ha,    1385.620425 eV


     normalization and overlap integrals

     s(1S/1S) =  1.000000  <r> =   0.1731  <r2> =    0.0403  r(max) =   0.1129
     s(1S/2S) =  0.014341
     s(2S/2S) =  1.000000  <r> =   1.0279  <r2> =    1.2958  r(max) =   0.7763
     s(2P/2P) =  1.000000  <r> =   1.1802  <r2> =    1.9261  r(max) =   0.7109
     s(1S/1S) =  1.000000  <r> =   0.1731  <r2> =    0.0403  r(max) =   0.1129
     s(1S/2S) =  0.014341
     s(2S/2S) =  1.000000  <r> =   1.0279  <r2> =    1.2958  r(max) =   0.7763
     s(2P/2P) =  1.000000  <r> =   1.1802  <r2> =    1.9261  r(max) =   0.7109

     ------------------------ End of All-electron run ------------------------


     occupation(    6 ) =  2.450
     --------------------------- All-electron run ----------------------------

     F-                                                                         

     atomic number is  9.00
     dft =LDA   lsd =1 sic =1 latt =0  beta=1.00 tr2=1.0E-20 fref=4.5E-01 rhobarfact=1.0E+00
     mesh =1601 r(mesh) =  99.76081 xmin = -6.00 dx = 0.00800
     1 Ry =  13.60569193 eV

     n l     nl                  e(Ry)          e(Ha)          e(eV)
     1 0     1S 1( 1.00)       -51.0043       -25.5022      -693.9493
     2 0     2S 1( 1.00)        -1.6707        -0.8353       -22.7309
     2 1     2P 1( 3.00)        -0.3261        -0.1630        -4.4368
     1 0     1S 2( 1.00)       -51.0043       -25.5022      -693.9493
     2 0     2S 2( 1.00)        -1.6707        -0.8353       -22.7309
     2 1     2P 2( 2.45)        -0.3261        -0.1630        -4.4368

     eps = 3.6E-21  iter = 41

     Etot =    -199.912266 Ry,     -99.956133 Ha,   -2719.944702 eV
     Total magnetization:    0.55 Bohr mag. 

     Ekin =     203.583461 Ry,     101.791731 Ha,    2769.893857 eV
     Encl =    -486.375145 Ry,    -243.187573 Ha,   -6617.470390 eV
     Eh   =     104.195836 Ry,      52.097918 Ha,    1417.656444 eV
     Exc  =     -19.796912 Ry,      -9.898456 Ha,    -269.350685 eV

     SIC information:
     Esich=      -1.504937 Ry,      -0.752469 Ha,     -20.475715 eV
     Esicxc=     -0.014568 Ry,      -0.007284 Ha,      -0.198213 eV
     Esictot=    -1.519506 Ry,      -0.759753 Ha,     -20.673928 eV

     tot-Exc=   -18.277406 Ry,      -9.138703 Ha,    -248.676757 eV
     int-Exc=   -19.811480 Ry,      -9.905740 Ha,    -269.548898 eV
     int-Eh=    102.690898 Ry,      51.345449 Ha,    1397.180729 eV


     normalization and overlap integrals

     s(1S/1S) =  1.000000  <r> =   0.1731  <r2> =    0.0403  r(max) =   0.1129
     s(1S/2S) =  0.014341
     s(2S/2S) =  1.000000  <r> =   1.0279  <r2> =    1.2958  r(max) =   0.7763
     s(2P/2P) =  1.000000  <r> =   1.1802  <r2> =    1.9261  r(max) =   0.7109
     s(1S/1S) =  1.000000  <r> =   0.1731  <r2> =    0.0403  r(max) =   0.1129
     s(1S/2S) =  0.014341
     s(2S/2S) =  1.000000  <r> =   1.0279  <r2> =    1.2958  r(max) =   0.7763
     s(2P/2P) =  1.000000  <r> =   1.1802  <r2> =    1.9261  r(max) =   0.7109

     ------------------------ End of All-electron run ------------------------


     occupation(    6 ) =  2.500
     --------------------------- All-electron run ----------------------------

     F-                                                                         

     atomic number is  9.00
     dft =LDA   lsd =1 sic =1 latt =0  beta=1.00 tr2=1.0E-20 fref=4.5E-01 rhobarfact=1.0E+00
     mesh =1601 r(mesh) =  99.76081 xmin = -6.00 dx = 0.00800
     1 Ry =  13.60569193 eV

     n l     nl                  e(Ry)          e(Ha)          e(eV)
     1 0     1S 1( 1.00)       -51.0043       -25.5022      -693.9493
     2 0     2S 1( 1.00)        -1.6707        -0.8353       -22.7309
     2 1     2P 1( 3.00)        -0.3261        -0.1630        -4.4368
     1 0     1S 2( 1.00)       -51.0043       -25.5022      -693.9493
     2 0     2S 2( 1.00)        -1.6707        -0.8353       -22.7309
     2 1     2P 2( 2.50)        -0.3261        -0.1630        -4.4368

     eps = 3.6E-21  iter = 41

     Etot =    -199.928543 Ry,     -99.964271 Ha,   -2720.166164 eV
     Total magnetization:    0.50 Bohr mag. 

     Ekin =     203.898326 Ry,     101.949163 Ha,    2774.177803 eV
     Encl =    -487.474906 Ry,    -243.737453 Ha,   -6632.433389 eV
     Eh   =     105.047518 Ry,      52.523759 Ha,    1429.244173 eV
     Exc  =     -19.878238 Ry,      -9.939119 Ha,    -270.457177 eV

     SIC information:
     Esich=      -1.506953 Ry,      -0.753477 Ha,     -20.503140 eV
     Esicxc=     -0.014291 Ry,      -0.007145 Ha,      -0.194435 eV
     Esictot=    -1.521244 Ry,      -0.760622 Ha,     -20.697575 eV

     tot-Exc=   -18.356994 Ry,      -9.178497 Ha,    -249.759602 eV
     int-Exc=   -19.892528 Ry,      -9.946264 Ha,    -270.651611 eV
     int-Eh=    103.540565 Ry,      51.770283 Ha,    1408.741033 eV


     normalization and overlap integrals

     s(1S/1S) =  1.000000  <r> =   0.1731  <r2> =    0.0403  r(max) =   0.1129
     s(1S/2S) =  0.014341
     s(2S/2S) =  1.000000  <r> =   1.0279  <r2> =    1.2958  r(max) =   0.7763
     s(2P/2P) =  1.000000  <r> =   1.1802  <r2> =    1.9261  r(max) =   0.7109
     s(1S/1S) =  1.000000  <r> =   0.1731  <r2> =    0.0403  r(max) =   0.1129
     s(1S/2S) =  0.014341
     s(2S/2S) =  1.000000  <r> =   1.0279  <r2> =    1.2958  r(max) =   0.7763
     s(2P/2P) =  1.000000  <r> =   1.1802  <r2> =    1.9261  r(max) =   0.7109

     ------------------------ End of All-electron run ------------------------


     occupation(    6 ) =  2.550
     --------------------------- All-electron run ----------------------------

     F-                                                                         

     atomic number is  9.00
     dft =LDA   lsd =1 sic =1 latt =0  beta=1.00 tr2=1.0E-20 fref=4.5E-01 rhobarfact=1.0E+00
     mesh =1601 r(mesh) =  99.76081 xmin = -6.00 dx = 0.00800
     1 Ry =  13.60569193 eV

     n l     nl                  e(Ry)          e(Ha)          e(eV)
     1 0     1S 1( 1.00)       -51.0043       -25.5022      -693.9493
     2 0     2S 1( 1.00)        -1.6707        -0.8353       -22.7309
     2 1     2P 1( 3.00)        -0.3261        -0.1630        -4.4368
     1 0     1S 2( 1.00)       -51.0043       -25.5022      -693.9493
     2 0     2S 2( 1.00)        -1.6707        -0.8353       -22.7309
     2 1     2P 2( 2.55)        -0.3261        -0.1630        -4.4368

     eps = 3.6E-21  iter = 41

     Etot =    -199.944825 Ry,     -99.972413 Ha,   -2720.387693 eV
     Total magnetization:    0.45 Bohr mag. 

     Ekin =     204.213190 Ry,     102.106595 Ha,    2778.461750 eV
     Encl =    -488.574666 Ry,    -244.287333 Ha,   -6647.396388 eV
     Eh   =     105.903232 Ry,      52.951616 Ha,    1440.886752 eV
     Exc  =     -19.959845 Ry,      -9.979922 Ha,    -271.567498 eV

     SIC information:
     Esich=      -1.513000 Ry,      -0.756500 Ha,     -20.585414 eV
     Esicxc=     -0.013737 Ry,      -0.006868 Ha,      -0.186895 eV
     Esictot=    -1.526737 Ry,      -0.763368 Ha,     -20.772309 eV

     tot-Exc=   -18.433108 Ry,      -9.216554 Ha,    -250.795188 eV
     int-Exc=   -19.973581 Ry,      -9.986791 Ha,    -271.754393 eV
     int-Eh=    104.390232 Ry,      52.195116 Ha,    1420.301337 eV


     normalization and overlap integrals

     s(1S/1S) =  1.000000  <r> =   0.1731  <r2> =    0.0403  r(max) =   0.1129
     s(1S/2S) =  0.014341
     s(2S/2S) =  1.000000  <r> =   1.0279  <r2> =    1.2958  r(max) =   0.7763
     s(2P/2P) =  1.000000  <r> =   1.1802  <r2> =    1.9261  r(max) =   0.7109
     s(1S/1S) =  1.000000  <r> =   0.1731  <r2> =    0.0403  r(max) =   0.1129
     s(1S/2S) =  0.014341
     s(2S/2S) =  1.000000  <r> =   1.0279  <r2> =    1.2958  r(max) =   0.7763
     s(2P/2P) =  1.000000  <r> =   1.1802  <r2> =    1.9261  r(max) =   0.7109

     ------------------------ End of All-electron run ------------------------


     occupation(    6 ) =  2.600
     --------------------------- All-electron run ----------------------------

     F-                                                                         

     atomic number is  9.00
     dft =LDA   lsd =1 sic =1 latt =0  beta=1.00 tr2=1.0E-20 fref=4.5E-01 rhobarfact=1.0E+00
     mesh =1601 r(mesh) =  99.76081 xmin = -6.00 dx = 0.00800
     1 Ry =  13.60569193 eV

     n l     nl                  e(Ry)          e(Ha)          e(eV)
     1 0     1S 1( 1.00)       -51.0043       -25.5022      -693.9493
     2 0     2S 1( 1.00)        -1.6707        -0.8353       -22.7309
     2 1     2P 1( 3.00)        -0.3261        -0.1630        -4.4368
     1 0     1S 2( 1.00)       -51.0043       -25.5022      -693.9493
     2 0     2S 2( 1.00)        -1.6707        -0.8353       -22.7309
     2 1     2P 2( 2.60)        -0.3261        -0.1630        -4.4368

     eps = 3.6E-21  iter = 41

     Etot =    -199.961139 Ry,     -99.980570 Ha,   -2720.609658 eV
     Total magnetization:    0.40 Bohr mag. 

     Ekin =     204.528054 Ry,     102.264027 Ha,    2782.745697 eV
     Encl =    -489.674426 Ry,    -244.837213 Ha,   -6662.359387 eV
     Eh   =     106.762977 Ry,      53.381489 Ha,    1452.584180 eV
     Exc  =     -20.041728 Ry,     -10.020864 Ha,    -272.681571 eV

     SIC information:
     Esich=      -1.523079 Ry,      -0.761539 Ha,     -20.722539 eV
     Esicxc=     -0.012939 Ry,      -0.006469 Ha,      -0.176039 eV
     Esictot=    -1.536017 Ry,      -0.768009 Ha,     -20.898578 eV

     tot-Exc=   -18.505710 Ry,      -9.252855 Ha,    -251.782994 eV
     int-Exc=   -20.054666 Ry,     -10.027333 Ha,    -272.857610 eV
     int-Eh=    105.239899 Ry,      52.619949 Ha,    1431.861642 eV


     normalization and overlap integrals

     s(1S/1S) =  1.000000  <r> =   0.1731  <r2> =    0.0403  r(max) =   0.1129
     s(1S/2S) =  0.014341
     s(2S/2S) =  1.000000  <r> =   1.0279  <r2> =    1.2958  r(max) =   0.7763
     s(2P/2P) =  1.000000  <r> =   1.1802  <r2> =    1.9261  r(max) =   0.7109
     s(1S/1S) =  1.000000  <r> =   0.1731  <r2> =    0.0403  r(max) =   0.1129
     s(1S/2S) =  0.014341
     s(2S/2S) =  1.000000  <r> =   1.0279  <r2> =    1.2958  r(max) =   0.7763
     s(2P/2P) =  1.000000  <r> =   1.1802  <r2> =    1.9261  r(max) =   0.7109

     ------------------------ End of All-electron run ------------------------


     occupation(    6 ) =  2.650
     --------------------------- All-electron run ----------------------------

     F-                                                                         

     atomic number is  9.00
     dft =LDA   lsd =1 sic =1 latt =0  beta=1.00 tr2=1.0E-20 fref=4.5E-01 rhobarfact=1.0E+00
     mesh =1601 r(mesh) =  99.76081 xmin = -6.00 dx = 0.00800
     1 Ry =  13.60569193 eV

     n l     nl                  e(Ry)          e(Ha)          e(eV)
     1 0     1S 1( 1.00)       -51.0043       -25.5022      -693.9493
     2 0     2S 1( 1.00)        -1.6707        -0.8353       -22.7309
     2 1     2P 1( 3.00)        -0.3261        -0.1630        -4.4368
     1 0     1S 2( 1.00)       -51.0043       -25.5022      -693.9493
     2 0     2S 2( 1.00)        -1.6707        -0.8353       -22.7309
     2 1     2P 2( 2.65)        -0.3261        -0.1630        -4.4368

     eps = 3.6E-21  iter = 41

     Etot =    -199.977431 Ry,     -99.988716 Ha,   -2720.831325 eV
     Total magnetization:    0.35 Bohr mag. 

     Ekin =     204.842919 Ry,     102.421459 Ha,    2787.029644 eV
     Encl =    -490.774186 Ry,    -245.387093 Ha,   -6677.322386 eV
     Eh   =     107.626754 Ry,      53.813377 Ha,    1464.336459 eV
     Exc  =     -20.123891 Ry,     -10.061946 Ha,    -273.799463 eV

     SIC information:
     Esich=      -1.537188 Ry,      -0.768594 Ha,     -20.914513 eV
     Esicxc=     -0.011838 Ry,      -0.005919 Ha,      -0.161066 eV
     Esictot=    -1.549027 Ry,      -0.774513 Ha,     -21.075579 eV

     tot-Exc=   -18.574865 Ry,      -9.287432 Ha,    -252.723884 eV
     int-Exc=   -20.135729 Ry,     -10.067865 Ha,    -273.960529 eV
     int-Eh=    106.089566 Ry,      53.044783 Ha,    1443.421946 eV


     normalization and overlap integrals

     s(1S/1S) =  1.000000  <r> =   0.1731  <r2> =    0.0403  r(max) =   0.1129
     s(1S/2S) =  0.014341
     s(2S/2S) =  1.000000  <r> =   1.0279  <r2> =    1.2958  r(max) =   0.7763
     s(2P/2P) =  1.000000  <r> =   1.1802  <r2> =    1.9261  r(max) =   0.7109
     s(1S/1S) =  1.000000  <r> =   0.1731  <r2> =    0.0403  r(max) =   0.1129
     s(1S/2S) =  0.014341
     s(2S/2S) =  1.000000  <r> =   1.0279  <r2> =    1.2958  r(max) =   0.7763
     s(2P/2P) =  1.000000  <r> =   1.1802  <r2> =    1.9261  r(max) =   0.7109

     ------------------------ End of All-electron run ------------------------


     occupation(    6 ) =  2.700
     --------------------------- All-electron run ----------------------------

     F-                                                                         

     atomic number is  9.00
     dft =LDA   lsd =1 sic =1 latt =0  beta=1.00 tr2=1.0E-20 fref=4.5E-01 rhobarfact=1.0E+00
     mesh =1601 r(mesh) =  99.76081 xmin = -6.00 dx = 0.00800
     1 Ry =  13.60569193 eV

     n l     nl                  e(Ry)          e(Ha)          e(eV)
     1 0     1S 1( 1.00)       -51.0043       -25.5022      -693.9493
     2 0     2S 1( 1.00)        -1.6707        -0.8353       -22.7309
     2 1     2P 1( 3.00)        -0.3261        -0.1630        -4.4368
     1 0     1S 2( 1.00)       -51.0043       -25.5022      -693.9493
     2 0     2S 2( 1.00)        -1.6707        -0.8353       -22.7309
     2 1     2P 2( 2.70)        -0.3261        -0.1630        -4.4368

     eps = 3.6E-21  iter = 41

     Etot =    -199.993708 Ry,     -99.996854 Ha,   -2721.052778 eV
     Total magnetization:    0.30 Bohr mag. 

     Ekin =     205.157783 Ry,     102.578891 Ha,    2791.313590 eV
     Encl =    -491.873947 Ry,    -245.936973 Ha,   -6692.285385 eV
     Eh   =     108.494562 Ry,      54.247281 Ha,    1476.143587 eV
     Exc  =     -20.206330 Ry,     -10.103165 Ha,    -274.921097 eV

     SIC information:
     Esich=      -1.555330 Ry,      -0.777665 Ha,     -21.161337 eV
     Esicxc=     -0.010447 Ry,      -0.005223 Ha,      -0.142136 eV
     Esictot=    -1.565776 Ry,      -0.782888 Ha,     -21.303473 eV

     tot-Exc=   -18.640553 Ry,      -9.320277 Ha,    -253.617625 eV
     int-Exc=   -20.216777 Ry,     -10.108388 Ha,    -275.063233 eV
     int-Eh=    106.939232 Ry,      53.469616 Ha,    1454.982250 eV


     normalization and overlap integrals

     s(1S/1S) =  1.000000  <r> =   0.1731  <r2> =    0.0403  r(max) =   0.1129
     s(1S/2S) =  0.014341
     s(2S/2S) =  1.000000  <r> =   1.0279  <r2> =    1.2958  r(max) =   0.7763
     s(2P/2P) =  1.000000  <r> =   1.1802  <r2> =    1.9261  r(max) =   0.7109
     s(1S/1S) =  1.000000  <r> =   0.1731  <r2> =    0.0403  r(max) =   0.1129
     s(1S/2S) =  0.014341
     s(2S/2S) =  1.000000  <r> =   1.0279  <r2> =    1.2958  r(max) =   0.7763
     s(2P/2P) =  1.000000  <r> =   1.1802  <r2> =    1.9261  r(max) =   0.7109

     ------------------------ End of All-electron run ------------------------


     occupation(    6 ) =  2.750
     --------------------------- All-electron run ----------------------------

     F-                                                                         

     atomic number is  9.00
     dft =LDA   lsd =1 sic =1 latt =0  beta=1.00 tr2=1.0E-20 fref=4.5E-01 rhobarfact=1.0E+00
     mesh =1601 r(mesh) =  99.76081 xmin = -6.00 dx = 0.00800
     1 Ry =  13.60569193 eV

     n l     nl                  e(Ry)          e(Ha)          e(eV)
     1 0     1S 1( 1.00)       -51.0043       -25.5022      -693.9493
     2 0     2S 1( 1.00)        -1.6707        -0.8353       -22.7309
     2 1     2P 1( 3.00)        -0.3261        -0.1630        -4.4368
     1 0     1S 2( 1.00)       -51.0043       -25.5022      -693.9493
     2 0     2S 2( 1.00)        -1.6707        -0.8353       -22.7309
     2 1     2P 2( 2.75)        -0.3261        -0.1630        -4.4368

     eps = 3.6E-21  iter = 41

     Etot =    -200.010001 Ry,    -100.005000 Ha,   -2721.274456 eV
     Total magnetization:    0.25 Bohr mag. 

     Ekin =     205.472647 Ry,     102.736324 Ha,    2795.597537 eV
     Encl =    -492.973707 Ry,    -246.486853 Ha,   -6707.248383 eV
     Eh   =     109.366401 Ry,      54.683201 Ha,    1488.005565 eV
     Exc  =     -20.289041 Ry,     -10.144521 Ha,    -276.046447 eV

     SIC information:
     Esich=      -1.577502 Ry,      -0.788751 Ha,     -21.463010 eV
     Esicxc=     -0.008799 Ry,      -0.004400 Ha,      -0.119717 eV
     Esictot=    -1.586301 Ry,      -0.793151 Ha,     -21.582727 eV

     tot-Exc=   -18.702740 Ry,      -9.351370 Ha,    -254.463719 eV
     int-Exc=   -20.297840 Ry,     -10.148920 Ha,    -276.166164 eV
     int-Eh=    107.788899 Ry,      53.894450 Ha,    1466.542554 eV


     normalization and overlap integrals

     s(1S/1S) =  1.000000  <r> =   0.1731  <r2> =    0.0403  r(max) =   0.1129
     s(1S/2S) =  0.014341
     s(2S/2S) =  1.000000  <r> =   1.0279  <r2> =    1.2958  r(max) =   0.7763
     s(2P/2P) =  1.000000  <r> =   1.1802  <r2> =    1.9261  r(max) =   0.7109
     s(1S/1S) =  1.000000  <r> =   0.1731  <r2> =    0.0403  r(max) =   0.1129
     s(1S/2S) =  0.014341
     s(2S/2S) =  1.000000  <r> =   1.0279  <r2> =    1.2958  r(max) =   0.7763
     s(2P/2P) =  1.000000  <r> =   1.1802  <r2> =    1.9261  r(max) =   0.7109

     ------------------------ End of All-electron run ------------------------


     occupation(    6 ) =  2.800
     --------------------------- All-electron run ----------------------------

     F-                                                                         

     atomic number is  9.00
     dft =LDA   lsd =1 sic =1 latt =0  beta=1.00 tr2=1.0E-20 fref=4.5E-01 rhobarfact=1.0E+00
     mesh =1601 r(mesh) =  99.76081 xmin = -6.00 dx = 0.00800
     1 Ry =  13.60569193 eV

     n l     nl                  e(Ry)          e(Ha)          e(eV)
     1 0     1S 1( 1.00)       -51.0043       -25.5022      -693.9493
     2 0     2S 1( 1.00)        -1.6707        -0.8353       -22.7309
     2 1     2P 1( 3.00)        -0.3261        -0.1630        -4.4368
     1 0     1S 2( 1.00)       -51.0043       -25.5022      -693.9493
     2 0     2S 2( 1.00)        -1.6707        -0.8353       -22.7309
     2 1     2P 2( 2.80)        -0.3261        -0.1630        -4.4368

     eps = 3.6E-21  iter = 41

     Etot =    -200.026310 Ry,    -100.013155 Ha,   -2721.496355 eV
     Total magnetization:    0.20 Bohr mag. 

     Ekin =     205.787511 Ry,     102.893756 Ha,    2799.881484 eV
     Encl =    -494.073467 Ry,    -247.036733 Ha,   -6722.211382 eV
     Eh   =     110.242272 Ry,      55.121136 Ha,    1499.922392 eV
     Exc  =     -20.372022 Ry,     -10.186011 Ha,    -277.175459 eV

     SIC information:
     Esich=      -1.603706 Ry,      -0.801853 Ha,     -21.819533 eV
     Esicxc=     -0.006898 Ry,      -0.003449 Ha,      -0.093856 eV
     Esictot=    -1.610605 Ry,      -0.805302 Ha,     -21.913389 eV

     tot-Exc=   -18.761418 Ry,      -9.380709 Ha,    -255.262070 eV
     int-Exc=   -20.378921 Ry,     -10.189460 Ha,    -277.269315 eV
     int-Eh=    108.638566 Ry,      54.319283 Ha,    1478.102859 eV


     normalization and overlap integrals

     s(1S/1S) =  1.000000  <r> =   0.1731  <r2> =    0.0403  r(max) =   0.1129
     s(1S/2S) =  0.014341
     s(2S/2S) =  1.000000  <r> =   1.0279  <r2> =    1.2958  r(max) =   0.7763
     s(2P/2P) =  1.000000  <r> =   1.1802  <r2> =    1.9261  r(max) =   0.7109
     s(1S/1S) =  1.000000  <r> =   0.1731  <r2> =    0.0403  r(max) =   0.1129
     s(1S/2S) =  0.014341
     s(2S/2S) =  1.000000  <r> =   1.0279  <r2> =    1.2958  r(max) =   0.7763
     s(2P/2P) =  1.000000  <r> =   1.1802  <r2> =    1.9261  r(max) =   0.7109

     ------------------------ End of All-electron run ------------------------


     occupation(    6 ) =  2.850
     --------------------------- All-electron run ----------------------------

     F-                                                                         

     atomic number is  9.00
     dft =LDA   lsd =1 sic =1 latt =0  beta=1.00 tr2=1.0E-20 fref=4.5E-01 rhobarfact=1.0E+00
     mesh =1601 r(mesh) =  99.76081 xmin = -6.00 dx = 0.00800
     1 Ry =  13.60569193 eV

     n l     nl                  e(Ry)          e(Ha)          e(eV)
     1 0     1S 1( 1.00)       -51.0043       -25.5022      -693.9493
     2 0     2S 1( 1.00)        -1.6707        -0.8353       -22.7309
     2 1     2P 1( 3.00)        -0.3261        -0.1630        -4.4368
     1 0     1S 2( 1.00)       -51.0043       -25.5022      -693.9493
     2 0     2S 2( 1.00)        -1.6707        -0.8353       -22.7309
     2 1     2P 2( 2.85)        -0.3261        -0.1630        -4.4368

     eps = 3.6E-21  iter = 41

     Etot =    -200.042606 Ry,    -100.021303 Ha,   -2721.718074 eV
     Total magnetization:    0.15 Bohr mag. 

     Ekin =     206.102376 Ry,     103.051188 Ha,    2804.165430 eV
     Encl =    -495.173227 Ry,    -247.586614 Ha,   -6737.174381 eV
     Eh   =     111.122174 Ry,      55.561087 Ha,    1511.894069 eV
     Exc  =     -20.455274 Ry,     -10.227637 Ha,    -278.308157 eV

     SIC information:
     Esich=      -1.633942 Ry,      -0.816971 Ha,     -22.230906 eV
     Esicxc=     -0.004713 Ry,      -0.002357 Ha,      -0.064128 eV
     Esictot=    -1.638655 Ry,      -0.819327 Ha,     -22.295035 eV

     tot-Exc=   -18.816619 Ry,      -9.408310 Ha,    -256.013122 eV
     int-Exc=   -20.459987 Ry,     -10.229994 Ha,    -278.372286 eV
     int-Eh=    109.488233 Ry,      54.744116 Ha,    1489.663163 eV


     normalization and overlap integrals

     s(1S/1S) =  1.000000  <r> =   0.1731  <r2> =    0.0403  r(max) =   0.1129
     s(1S/2S) =  0.014341
     s(2S/2S) =  1.000000  <r> =   1.0279  <r2> =    1.2958  r(max) =   0.7763
     s(2P/2P) =  1.000000  <r> =   1.1802  <r2> =    1.9261  r(max) =   0.7109
     s(1S/1S) =  1.000000  <r> =   0.1731  <r2> =    0.0403  r(max) =   0.1129
     s(1S/2S) =  0.014341
     s(2S/2S) =  1.000000  <r> =   1.0279  <r2> =    1.2958  r(max) =   0.7763
     s(2P/2P) =  1.000000  <r> =   1.1802  <r2> =    1.9261  r(max) =   0.7109

     ------------------------ End of All-electron run ------------------------


     occupation(    6 ) =  2.900
     --------------------------- All-electron run ----------------------------

     F-                                                                         

     atomic number is  9.00
     dft =LDA   lsd =1 sic =1 latt =0  beta=1.00 tr2=1.0E-20 fref=4.5E-01 rhobarfact=1.0E+00
     mesh =1601 r(mesh) =  99.76081 xmin = -6.00 dx = 0.00800
     1 Ry =  13.60569193 eV

     n l     nl                  e(Ry)          e(Ha)          e(eV)
     1 0     1S 1( 1.00)       -51.0043       -25.5022      -693.9493
     2 0     2S 1( 1.00)        -1.6707        -0.8353       -22.7309
     2 1     2P 1( 3.00)        -0.3261        -0.1630        -4.4368
     1 0     1S 2( 1.00)       -51.0043       -25.5022      -693.9493
     2 0     2S 2( 1.00)        -1.6707        -0.8353       -22.7309
     2 1     2P 2( 2.90)        -0.3261        -0.1630        -4.4368

     eps = 3.6E-21  iter = 41

     Etot =    -200.058909 Ry,    -100.029455 Ha,   -2721.939889 eV
     Total magnetization:    0.10 Bohr mag. 

     Ekin =     206.417240 Ry,     103.208620 Ha,    2808.449377 eV
     Encl =    -496.272987 Ry,    -248.136494 Ha,   -6752.137380 eV
     Eh   =     112.006108 Ry,      56.003054 Ha,    1523.920596 eV
     Exc  =     -20.538793 Ry,     -10.269396 Ha,    -279.444490 eV

     SIC information:
     Esich=      -1.668208 Ry,      -0.834104 Ha,     -22.697129 eV
     Esicxc=     -0.002268 Ry,      -0.001134 Ha,      -0.030863 eV
     Esictot=    -1.670477 Ry,      -0.835238 Ha,     -22.727992 eV

     tot-Exc=   -18.868316 Ry,      -9.434158 Ha,    -256.716498 eV
     int-Exc=   -20.541061 Ry,     -10.270531 Ha,    -279.475353 eV
     int-Eh=    110.337899 Ry,      55.168950 Ha,    1501.223467 eV


     normalization and overlap integrals

     s(1S/1S) =  1.000000  <r> =   0.1731  <r2> =    0.0403  r(max) =   0.1129
     s(1S/2S) =  0.014341
     s(2S/2S) =  1.000000  <r> =   1.0279  <r2> =    1.2958  r(max) =   0.7763
     s(2P/2P) =  1.000000  <r> =   1.1802  <r2> =    1.9261  r(max) =   0.7109
     s(1S/1S) =  1.000000  <r> =   0.1731  <r2> =    0.0403  r(max) =   0.1129
     s(1S/2S) =  0.014341
     s(2S/2S) =  1.000000  <r> =   1.0279  <r2> =    1.2958  r(max) =   0.7763
     s(2P/2P) =  1.000000  <r> =   1.1802  <r2> =    1.9261  r(max) =   0.7109

     ------------------------ End of All-electron run ------------------------


     occupation(    6 ) =  2.950
     --------------------------- All-electron run ----------------------------

     F-                                                                         

     atomic number is  9.00
     dft =LDA   lsd =1 sic =1 latt =0  beta=1.00 tr2=1.0E-20 fref=4.5E-01 rhobarfact=1.0E+00
     mesh =1601 r(mesh) =  99.76081 xmin = -6.00 dx = 0.00800
     1 Ry =  13.60569193 eV

     n l     nl                  e(Ry)          e(Ha)          e(eV)
     1 0     1S 1( 1.00)       -51.0043       -25.5022      -693.9493
     2 0     2S 1( 1.00)        -1.6707        -0.8353       -22.7309
     2 1     2P 1( 3.00)        -0.3261        -0.1630        -4.4368
     1 0     1S 2( 1.00)       -51.0043       -25.5022      -693.9493
     2 0     2S 2( 1.00)        -1.6707        -0.8353       -22.7309
     2 1     2P 2( 2.95)        -0.3261        -0.1630        -4.4368

     eps = 3.6E-21  iter = 41

     Etot =    -200.075198 Ry,    -100.037599 Ha,   -2722.161506 eV
     Total magnetization:    0.05 Bohr mag. 

     Ekin =     206.732104 Ry,     103.366052 Ha,    2812.733324 eV
     Encl =    -497.372748 Ry,    -248.686374 Ha,   -6767.100379 eV
     Eh   =     112.894073 Ry,      56.447036 Ha,    1536.001973 eV
     Exc  =     -20.622577 Ry,     -10.311289 Ha,    -280.584432 eV

     SIC information:
     Esich=      -1.706506 Ry,      -0.853253 Ha,     -23.218202 eV
     Esicxc=      0.000456 Ry,       0.000228 Ha,       0.006210 eV
     Esictot=    -1.706050 Ry,      -0.853025 Ha,     -23.211992 eV

     tot-Exc=   -18.916527 Ry,      -9.458264 Ha,    -257.372440 eV
     int-Exc=   -20.622121 Ry,     -10.311060 Ha,    -280.578222 eV
     int-Eh=    111.187566 Ry,      55.593783 Ha,    1512.783771 eV


     normalization and overlap integrals

     s(1S/1S) =  1.000000  <r> =   0.1731  <r2> =    0.0403  r(max) =   0.1129
     s(1S/2S) =  0.014341
     s(2S/2S) =  1.000000  <r> =   1.0279  <r2> =    1.2958  r(max) =   0.7763
     s(2P/2P) =  1.000000  <r> =   1.1802  <r2> =    1.9261  r(max) =   0.7109
     s(1S/1S) =  1.000000  <r> =   0.1731  <r2> =    0.0403  r(max) =   0.1129
     s(1S/2S) =  0.014341
     s(2S/2S) =  1.000000  <r> =   1.0279  <r2> =    1.2958  r(max) =   0.7763
     s(2P/2P) =  1.000000  <r> =   1.1802  <r2> =    1.9261  r(max) =   0.7109

     ------------------------ End of All-electron run ------------------------


     occupation(    6 ) =  3.000
     --------------------------- All-electron run ----------------------------

     F-                                                                         

     atomic number is  9.00
     dft =LDA   lsd =1 sic =1 latt =0  beta=1.00 tr2=1.0E-20 fref=4.5E-01 rhobarfact=1.0E+00
     mesh =1601 r(mesh) =  99.76081 xmin = -6.00 dx = 0.00800
     1 Ry =  13.60569193 eV

     n l     nl                  e(Ry)          e(Ha)          e(eV)
     1 0     1S 1( 1.00)       -51.0043       -25.5022      -693.9493
     2 0     2S 1( 1.00)        -1.6707        -0.8353       -22.7309
     2 1     2P 1( 3.00)        -0.3261        -0.1630        -4.4368
     1 0     1S 2( 1.00)       -51.0043       -25.5022      -693.9493
     2 0     2S 2( 1.00)        -1.6707        -0.8353       -22.7309
     2 1     2P 2( 3.00)        -0.3261        -0.1630        -4.4368

     eps = 3.6E-21  iter = 41

     Etot =    -200.091502 Ry,    -100.045751 Ha,   -2722.383336 eV
     Total magnetization:    0.00 Bohr mag. 

     Ekin =     207.046969 Ry,     103.523484 Ha,    2817.017271 eV
     Encl =    -498.472508 Ry,    -249.236254 Ha,   -6782.063378 eV
     Eh   =     113.786069 Ry,      56.893034 Ha,    1548.138199 eV
     Exc  =     -20.706625 Ry,     -10.353312 Ha,    -281.727958 eV

     SIC information:
     Esich=      -1.748836 Ry,      -0.874418 Ha,     -23.794124 eV
     Esicxc=      0.003429 Ry,       0.001715 Ha,       0.046654 eV
     Esictot=    -1.745407 Ry,      -0.872703 Ha,     -23.747470 eV

     tot-Exc=   -18.961218 Ry,      -9.480609 Ha,    -257.980488 eV
     int-Exc=   -20.703196 Ry,     -10.351598 Ha,    -281.681304 eV
     int-Eh=    112.037233 Ry,      56.018616 Ha,    1524.344076 eV


     normalization and overlap integrals

     s(1S/1S) =  1.000000  <r> =   0.1731  <r2> =    0.0403  r(max) =   0.1129
     s(1S/2S) =  0.014341
     s(2S/2S) =  1.000000  <r> =   1.0279  <r2> =    1.2958  r(max) =   0.7763
     s(2P/2P) =  1.000000  <r> =   1.1802  <r2> =    1.9261  r(max) =   0.7109
     s(1S/1S) =  1.000000  <r> =   0.1731  <r2> =    0.0403  r(max) =   0.1129
     s(1S/2S) =  0.014341
     s(2S/2S) =  1.000000  <r> =   1.0279  <r2> =    1.2958  r(max) =   0.7763
     s(2P/2P) =  1.000000  <r> =   1.1802  <r2> =    1.9261  r(max) =   0.7109

     ------------------------ End of All-electron run ------------------------

