
     Program LD1       v.4.1    starts ...
     Today is 19Sep2009 at 18:11: 5 
     Message from routine scf:
     errors in KS equations
     --------------------------- All-electron run ----------------------------

     Ge                                                                         

     atomic number is 32.00
     dft =LDA   lsd =1 sic =1 latt =0  beta=0.30 tr2=1.0E-14 fref=5.0E-01 rhobarfact=1.0E+00
     mesh =1759 r(mesh) =  99.31177 xmin = -6.00 dx = 0.00800
     1 Ry =  13.60569193 eV

     n l     nl                  e(Ry)          e(Ha)          e(eV)
     1 0     1S 1( 1.00)      -806.8622      -403.4311    -10977.9179
     2 0     2S 1( 1.00)      -100.9400       -50.4700     -1373.3587
     2 1     2P 1( 3.00)       -90.9460       -45.4730     -1237.3837
     3 0     3S 1( 1.00)       -12.7706        -6.3853      -173.7528
     3 1     3P 1( 3.00)        -9.2289        -4.6145      -125.5657
     3 2     3D 1( 5.00)        -3.0209        -1.5104       -41.1009
     4 0     4S 1( 1.00)        -1.1846        -0.5923       -16.1171
     4 1     4P 1( 2.00)        -0.5711        -0.2856        -7.7702
     1 0     1S 2( 1.00)      -806.8559      -403.4280    -10977.8329
     2 0     2S 2( 1.00)      -100.9374       -50.4687     -1373.3231
     2 1     2P 2( 3.00)       -90.9415       -45.4707     -1237.3220
     3 0     3S 2( 1.00)       -12.7644        -6.3822      -173.6678
     3 1     3P 2( 3.00)        -9.2218        -4.6109      -125.4686
     3 2     3D 2( 5.00)        -3.0108        -1.5054       -40.9640
     4 0     4S 2( 1.00)        -1.0742        -0.5371       -14.6156
     4 1     4P 2( 0.00)        -0.0000        -0.0000        -0.0000

     eps = 7.2E-15  iter = 48

     Etot =   -4148.290213 Ry,   -2074.145107 Ha,  -56440.358676 eV
     Total magnetization:    2.00 Bohr mag. 

     Ekin =    4195.979574 Ry,    2097.989787 Ha,   57089.205433 eV
     Encl =  -10003.567654 Ry,   -5001.783827 Ha, -136105.459700 eV
     Eh   =    1813.115162 Ry,     906.557581 Ha,   24668.686327 eV
     Exc  =    -152.921764 Ry,     -76.460882 Ha,   -2080.606417 eV

     SIC information:
     Esich=       0.000000 Ry,       0.000000 Ha,       0.000000 eV
     Esicxc=     -0.895531 Ry,      -0.447765 Ha,     -12.184318 eV
     Esictot=    -0.895531 Ry,      -0.447765 Ha,     -12.184318 eV

     tot-Exc=  -152.026234 Ry,     -76.013117 Ha,   -2068.422099 eV
     int-Exc=  -153.817295 Ry,     -76.908648 Ha,   -2092.790735 eV
     int-Eh=   1813.115162 Ry,     906.557581 Ha,   24668.686327 eV


     normalization and overlap integrals

     s(1S/1S) =  1.000000  <r> =   0.0476  <r2> =    0.0030  r(max) =   0.0315
     s(1S/2S) =  0.004137
     s(1S/3S) =  0.001438
     s(1S/4S) =  0.000412
     s(2S/2S) =  1.000000  <r> =   0.2133  <r2> =    0.0536  r(max) =   0.1788
     s(2S/3S) =  0.005034
     s(2S/4S) =  0.001341
     s(2P/2P) =  1.000000  <r> =   0.1840  <r2> =    0.0414  r(max) =   0.1417
     s(2P/3P) =  0.006887
     s(2P/4P) =  0.001470
     s(3S/3S) =  1.000000  <r> =   0.6341  <r2> =    0.4635  r(max) =   0.5523
     s(3S/4S) =  0.010402
     s(3P/3P) =  1.000000  <r> =   0.6487  <r2> =    0.4949  r(max) =   0.5479
     s(3P/4P) =  0.012401
     s(3D/3D) =  1.000000  <r> =   0.7150  <r2> =    0.6488  r(max) =   0.4977
     s(4S/4S) =  1.000000  <r> =   2.1046  <r2> =    5.0797  r(max) =   1.7758
     s(4P/4P) =  1.000000  <r> =   2.7076  <r2> =    8.5399  r(max) =   2.1864
     s(1S/1S) =  1.000000  <r> =   0.0476  <r2> =    0.0030  r(max) =   0.0315
     s(1S/2S) =  0.004138
     s(1S/3S) =  0.001438
     s(1S/4S) =  0.000415
     s(2S/2S) =  1.000000  <r> =   0.2133  <r2> =    0.0536  r(max) =   0.1788
     s(2S/3S) =  0.005035
     s(2S/4S) =  0.001351
     s(2P/2P) =  1.000000  <r> =   0.1840  <r2> =    0.0414  r(max) =   0.1417
     s(2P/3P) =  0.006889
     s(2P/4P) =  0.001064
     s(3S/3S) =  1.000000  <r> =   0.6339  <r2> =    0.4631  r(max) =   0.5523
     s(3S/4S) =  0.010412
     s(3P/3P) =  1.000000  <r> =   0.6483  <r2> =    0.4941  r(max) =   0.5479
     s(3P/4P) =  0.009954
     s(3D/3D) =  1.000000  <r> =   0.7114  <r2> =    0.6404  r(max) =   0.4977
     s(4S/4S) =  1.000000  <r> =   2.1023  <r2> =    5.0842  r(max) =   1.7617
     s(4P/4P) =  1.000000  <r> =   3.7316  <r2> =   17.7122  r(max) =   2.8699

     ------------------------ End of All-electron run ------------------------


     occupation(    8 ) =  1.000   number of electrons =     31.000
     --------------------------- All-electron run ----------------------------

     Ge                                                                         

     atomic number is 32.00
     dft =LDA   lsd =1 sic =1 latt =0  beta=0.30 tr2=1.0E-14 fref=5.0E-01 rhobarfact=1.0E+00
     mesh =1759 r(mesh) =  99.31177 xmin = -6.00 dx = 0.00800
     1 Ry =  13.60569193 eV

     n l     nl                  e(Ry)          e(Ha)          e(eV)
     1 0     1S 1( 1.00)      -806.8622      -403.4311    -10977.9179
     2 0     2S 1( 1.00)      -100.9400       -50.4700     -1373.3587
     2 1     2P 1( 3.00)       -90.9460       -45.4730     -1237.3837
     3 0     3S 1( 1.00)       -12.7706        -6.3853      -173.7528
     3 1     3P 1( 3.00)        -9.2289        -4.6145      -125.5657
     3 2     3D 1( 5.00)        -3.0209        -1.5104       -41.1009
     4 0     4S 1( 1.00)        -1.1846        -0.5923       -16.1171
     4 1     4P 1( 1.00)        -0.5711        -0.2856        -7.7702
     1 0     1S 2( 1.00)      -806.8559      -403.4280    -10977.8329
     2 0     2S 2( 1.00)      -100.9374       -50.4687     -1373.3231
     2 1     2P 2( 3.00)       -90.9415       -45.4707     -1237.3220
     3 0     3S 2( 1.00)       -12.7644        -6.3822      -173.6678
     3 1     3P 2( 3.00)        -9.2218        -4.6109      -125.4686
     3 2     3D 2( 5.00)        -3.0108        -1.5054       -40.9640
     4 0     4S 2( 1.00)        -1.0742        -0.5371       -14.6156
     4 1     4P 2( 0.00)        -0.0000        -0.0000        -0.0000

     eps = 7.2E-15  iter = 48

     Etot =   -4147.719699 Ry,   -2073.859850 Ha,  -56432.596438 eV
     Total magnetization:    1.00 Bohr mag. 

     Ekin =    4193.012871 Ry,    2096.506435 Ha,   57048.841382 eV
     Encl =   -9973.059303 Ry,   -4986.529652 Ha, -135690.372479 eV
     Eh   =    1785.384859 Ry,     892.692430 Ha,   24291.396372 eV
     Exc  =    -152.161817 Ry,     -76.080908 Ha,   -2070.266800 eV

     SIC information:
     Esich=       0.000000 Ry,       0.000000 Ha,       0.000000 eV
     Esicxc=     -0.896310 Ry,      -0.448155 Ha,     -12.194914 eV
     Esictot=    -0.896310 Ry,      -0.448155 Ha,     -12.194914 eV

     tot-Exc=  -151.265507 Ry,     -75.632753 Ha,   -2058.071886 eV
     int-Exc=  -153.058126 Ry,     -76.529063 Ha,   -2082.461713 eV
     int-Eh=   1785.384859 Ry,     892.692430 Ha,   24291.396372 eV


     normalization and overlap integrals

     s(1S/1S) =  1.000000  <r> =   0.0476  <r2> =    0.0030  r(max) =   0.0315
     s(1S/2S) =  0.004137
     s(1S/3S) =  0.001438
     s(1S/4S) =  0.000412
     s(2S/2S) =  1.000000  <r> =   0.2133  <r2> =    0.0536  r(max) =   0.1788
     s(2S/3S) =  0.005034
     s(2S/4S) =  0.001341
     s(2P/2P) =  1.000000  <r> =   0.1840  <r2> =    0.0414  r(max) =   0.1417
     s(2P/3P) =  0.006887
     s(2P/4P) =  0.001470
     s(3S/3S) =  1.000000  <r> =   0.6341  <r2> =    0.4635  r(max) =   0.5523
     s(3S/4S) =  0.010402
     s(3P/3P) =  1.000000  <r> =   0.6487  <r2> =    0.4949  r(max) =   0.5479
     s(3P/4P) =  0.012401
     s(3D/3D) =  1.000000  <r> =   0.7150  <r2> =    0.6488  r(max) =   0.4977
     s(4S/4S) =  1.000000  <r> =   2.1046  <r2> =    5.0797  r(max) =   1.7758
     s(4P/4P) =  1.000000  <r> =   2.7076  <r2> =    8.5399  r(max) =   2.1864
     s(1S/1S) =  1.000000  <r> =   0.0476  <r2> =    0.0030  r(max) =   0.0315
     s(1S/2S) =  0.004138
     s(1S/3S) =  0.001438
     s(1S/4S) =  0.000415
     s(2S/2S) =  1.000000  <r> =   0.2133  <r2> =    0.0536  r(max) =   0.1788
     s(2S/3S) =  0.005035
     s(2S/4S) =  0.001351
     s(2P/2P) =  1.000000  <r> =   0.1840  <r2> =    0.0414  r(max) =   0.1417
     s(2P/3P) =  0.006889
     s(2P/4P) =  0.001064
     s(3S/3S) =  1.000000  <r> =   0.6339  <r2> =    0.4631  r(max) =   0.5523
     s(3S/4S) =  0.010412
     s(3P/3P) =  1.000000  <r> =   0.6483  <r2> =    0.4941  r(max) =   0.5479
     s(3P/4P) =  0.009954
     s(3D/3D) =  1.000000  <r> =   0.7114  <r2> =    0.6404  r(max) =   0.4977
     s(4S/4S) =  1.000000  <r> =   2.1023  <r2> =    5.0842  r(max) =   1.7617
     s(4P/4P) =  1.000000  <r> =   3.7316  <r2> =   17.7122  r(max) =   2.8699

     ------------------------ End of All-electron run ------------------------


     occupation(    8 ) =  1.050   number of electrons =     31.050
     --------------------------- All-electron run ----------------------------

     Ge                                                                         

     atomic number is 32.00
     dft =LDA   lsd =1 sic =1 latt =0  beta=0.30 tr2=1.0E-14 fref=5.0E-01 rhobarfact=1.0E+00
     mesh =1759 r(mesh) =  99.31177 xmin = -6.00 dx = 0.00800
     1 Ry =  13.60569193 eV

     n l     nl                  e(Ry)          e(Ha)          e(eV)
     1 0     1S 1( 1.00)      -806.8622      -403.4311    -10977.9179
     2 0     2S 1( 1.00)      -100.9400       -50.4700     -1373.3587
     2 1     2P 1( 3.00)       -90.9460       -45.4730     -1237.3837
     3 0     3S 1( 1.00)       -12.7706        -6.3853      -173.7528
     3 1     3P 1( 3.00)        -9.2289        -4.6145      -125.5657
     3 2     3D 1( 5.00)        -3.0209        -1.5104       -41.1009
     4 0     4S 1( 1.00)        -1.1846        -0.5923       -16.1171
     4 1     4P 1( 1.05)        -0.5711        -0.2856        -7.7702
     1 0     1S 2( 1.00)      -806.8559      -403.4280    -10977.8329
     2 0     2S 2( 1.00)      -100.9374       -50.4687     -1373.3231
     2 1     2P 2( 3.00)       -90.9415       -45.4707     -1237.3220
     3 0     3S 2( 1.00)       -12.7644        -6.3822      -173.6678
     3 1     3P 2( 3.00)        -9.2218        -4.6109      -125.4686
     3 2     3D 2( 5.00)        -3.0108        -1.5054       -40.9640
     4 0     4S 2( 1.00)        -1.0742        -0.5371       -14.6156
     4 1     4P 2( 0.00)        -0.0000        -0.0000        -0.0000

     eps = 7.2E-15  iter = 48

     Etot =   -4147.748145 Ry,   -2073.874073 Ha,  -56432.983466 eV
     Total magnetization:    1.05 Bohr mag. 

     Ekin =    4193.161206 Ry,    2096.580603 Ha,   57050.859585 eV
     Encl =   -9974.584721 Ry,   -4987.292360 Ha, -135711.126840 eV
     Eh   =    1786.755498 Ry,     893.377749 Ha,   24310.044860 eV
     Exc  =    -152.198367 Ry,     -76.099184 Ha,   -2070.764100 eV

     SIC information:
     Esich=       0.015876 Ry,       0.007938 Ha,       0.216010 eV
     Esicxc=     -0.897638 Ry,      -0.448819 Ha,     -12.212981 eV
     Esictot=    -0.881761 Ry,      -0.440881 Ha,     -11.996971 eV

     tot-Exc=  -151.316606 Ry,     -75.658303 Ha,   -2058.767128 eV
     int-Exc=  -153.096005 Ry,     -76.548003 Ha,   -2082.977081 eV
     int-Eh=   1786.771374 Ry,     893.385687 Ha,   24310.260870 eV


     normalization and overlap integrals

     s(1S/1S) =  1.000000  <r> =   0.0476  <r2> =    0.0030  r(max) =   0.0315
     s(1S/2S) =  0.004137
     s(1S/3S) =  0.001438
     s(1S/4S) =  0.000412
     s(2S/2S) =  1.000000  <r> =   0.2133  <r2> =    0.0536  r(max) =   0.1788
     s(2S/3S) =  0.005034
     s(2S/4S) =  0.001341
     s(2P/2P) =  1.000000  <r> =   0.1840  <r2> =    0.0414  r(max) =   0.1417
     s(2P/3P) =  0.006887
     s(2P/4P) =  0.001470
     s(3S/3S) =  1.000000  <r> =   0.6341  <r2> =    0.4635  r(max) =   0.5523
     s(3S/4S) =  0.010402
     s(3P/3P) =  1.000000  <r> =   0.6487  <r2> =    0.4949  r(max) =   0.5479
     s(3P/4P) =  0.012401
     s(3D/3D) =  1.000000  <r> =   0.7150  <r2> =    0.6488  r(max) =   0.4977
     s(4S/4S) =  1.000000  <r> =   2.1046  <r2> =    5.0797  r(max) =   1.7758
     s(4P/4P) =  1.000000  <r> =   2.7076  <r2> =    8.5399  r(max) =   2.1864
     s(1S/1S) =  1.000000  <r> =   0.0476  <r2> =    0.0030  r(max) =   0.0315
     s(1S/2S) =  0.004138
     s(1S/3S) =  0.001438
     s(1S/4S) =  0.000415
     s(2S/2S) =  1.000000  <r> =   0.2133  <r2> =    0.0536  r(max) =   0.1788
     s(2S/3S) =  0.005035
     s(2S/4S) =  0.001351
     s(2P/2P) =  1.000000  <r> =   0.1840  <r2> =    0.0414  r(max) =   0.1417
     s(2P/3P) =  0.006889
     s(2P/4P) =  0.001064
     s(3S/3S) =  1.000000  <r> =   0.6339  <r2> =    0.4631  r(max) =   0.5523
     s(3S/4S) =  0.010412
     s(3P/3P) =  1.000000  <r> =   0.6483  <r2> =    0.4941  r(max) =   0.5479
     s(3P/4P) =  0.009954
     s(3D/3D) =  1.000000  <r> =   0.7114  <r2> =    0.6404  r(max) =   0.4977
     s(4S/4S) =  1.000000  <r> =   2.1023  <r2> =    5.0842  r(max) =   1.7617
     s(4P/4P) =  1.000000  <r> =   3.7316  <r2> =   17.7122  r(max) =   2.8699

     ------------------------ End of All-electron run ------------------------


     occupation(    8 ) =  1.100   number of electrons =     31.100
     --------------------------- All-electron run ----------------------------

     Ge                                                                         

     atomic number is 32.00
     dft =LDA   lsd =1 sic =1 latt =0  beta=0.30 tr2=1.0E-14 fref=5.0E-01 rhobarfact=1.0E+00
     mesh =1759 r(mesh) =  99.31177 xmin = -6.00 dx = 0.00800
     1 Ry =  13.60569193 eV

     n l     nl                  e(Ry)          e(Ha)          e(eV)
     1 0     1S 1( 1.00)      -806.8622      -403.4311    -10977.9179
     2 0     2S 1( 1.00)      -100.9400       -50.4700     -1373.3587
     2 1     2P 1( 3.00)       -90.9460       -45.4730     -1237.3837
     3 0     3S 1( 1.00)       -12.7706        -6.3853      -173.7528
     3 1     3P 1( 3.00)        -9.2289        -4.6145      -125.5657
     3 2     3D 1( 5.00)        -3.0209        -1.5104       -41.1009
     4 0     4S 1( 1.00)        -1.1846        -0.5923       -16.1171
     4 1     4P 1( 1.10)        -0.5711        -0.2856        -7.7702
     1 0     1S 2( 1.00)      -806.8559      -403.4280    -10977.8329
     2 0     2S 2( 1.00)      -100.9374       -50.4687     -1373.3231
     2 1     2P 2( 3.00)       -90.9415       -45.4707     -1237.3220
     3 0     3S 2( 1.00)       -12.7644        -6.3822      -173.6678
     3 1     3P 2( 3.00)        -9.2218        -4.6109      -125.4686
     3 2     3D 2( 5.00)        -3.0108        -1.5054       -40.9640
     4 0     4S 2( 1.00)        -1.0742        -0.5371       -14.6156
     4 1     4P 2( 0.00)        -0.0000        -0.0000        -0.0000

     eps = 7.2E-15  iter = 48

     Etot =   -4147.776617 Ry,   -2073.888308 Ha,  -56433.370842 eV
     Total magnetization:    1.10 Bohr mag. 

     Ekin =    4193.309541 Ry,    2096.654771 Ha,   57052.877787 eV
     Encl =   -9976.110138 Ry,   -4988.055069 Ha, -135731.881201 eV
     Eh   =    1788.127808 Ry,     894.063904 Ha,   24328.716086 eV
     Exc  =    -152.235082 Ry,     -76.117541 Ha,   -2071.263633 eV

     SIC information:
     Esich=       0.030082 Ry,       0.015041 Ha,       0.409282 eV
     Esicxc=     -0.898827 Ry,      -0.449413 Ha,     -12.229162 eV
     Esictot=    -0.868745 Ry,      -0.434373 Ha,     -11.819881 eV

     tot-Exc=  -151.366337 Ry,     -75.683169 Ha,   -2059.443752 eV
     int-Exc=  -153.133909 Ry,     -76.566955 Ha,   -2083.492796 eV
     int-Eh=   1788.157890 Ry,     894.078945 Ha,   24329.125368 eV


     normalization and overlap integrals

     s(1S/1S) =  1.000000  <r> =   0.0476  <r2> =    0.0030  r(max) =   0.0315
     s(1S/2S) =  0.004137
     s(1S/3S) =  0.001438
     s(1S/4S) =  0.000412
     s(2S/2S) =  1.000000  <r> =   0.2133  <r2> =    0.0536  r(max) =   0.1788
     s(2S/3S) =  0.005034
     s(2S/4S) =  0.001341
     s(2P/2P) =  1.000000  <r> =   0.1840  <r2> =    0.0414  r(max) =   0.1417
     s(2P/3P) =  0.006887
     s(2P/4P) =  0.001470
     s(3S/3S) =  1.000000  <r> =   0.6341  <r2> =    0.4635  r(max) =   0.5523
     s(3S/4S) =  0.010402
     s(3P/3P) =  1.000000  <r> =   0.6487  <r2> =    0.4949  r(max) =   0.5479
     s(3P/4P) =  0.012401
     s(3D/3D) =  1.000000  <r> =   0.7150  <r2> =    0.6488  r(max) =   0.4977
     s(4S/4S) =  1.000000  <r> =   2.1046  <r2> =    5.0797  r(max) =   1.7758
     s(4P/4P) =  1.000000  <r> =   2.7076  <r2> =    8.5399  r(max) =   2.1864
     s(1S/1S) =  1.000000  <r> =   0.0476  <r2> =    0.0030  r(max) =   0.0315
     s(1S/2S) =  0.004138
     s(1S/3S) =  0.001438
     s(1S/4S) =  0.000415
     s(2S/2S) =  1.000000  <r> =   0.2133  <r2> =    0.0536  r(max) =   0.1788
     s(2S/3S) =  0.005035
     s(2S/4S) =  0.001351
     s(2P/2P) =  1.000000  <r> =   0.1840  <r2> =    0.0414  r(max) =   0.1417
     s(2P/3P) =  0.006889
     s(2P/4P) =  0.001064
     s(3S/3S) =  1.000000  <r> =   0.6339  <r2> =    0.4631  r(max) =   0.5523
     s(3S/4S) =  0.010412
     s(3P/3P) =  1.000000  <r> =   0.6483  <r2> =    0.4941  r(max) =   0.5479
     s(3P/4P) =  0.009954
     s(3D/3D) =  1.000000  <r> =   0.7114  <r2> =    0.6404  r(max) =   0.4977
     s(4S/4S) =  1.000000  <r> =   2.1023  <r2> =    5.0842  r(max) =   1.7617
     s(4P/4P) =  1.000000  <r> =   3.7316  <r2> =   17.7122  r(max) =   2.8699

     ------------------------ End of All-electron run ------------------------


     occupation(    8 ) =  1.150   number of electrons =     31.150
     --------------------------- All-electron run ----------------------------

     Ge                                                                         

     atomic number is 32.00
     dft =LDA   lsd =1 sic =1 latt =0  beta=0.30 tr2=1.0E-14 fref=5.0E-01 rhobarfact=1.0E+00
     mesh =1759 r(mesh) =  99.31177 xmin = -6.00 dx = 0.00800
     1 Ry =  13.60569193 eV

     n l     nl                  e(Ry)          e(Ha)          e(eV)
     1 0     1S 1( 1.00)      -806.8622      -403.4311    -10977.9179
     2 0     2S 1( 1.00)      -100.9400       -50.4700     -1373.3587
     2 1     2P 1( 3.00)       -90.9460       -45.4730     -1237.3837
     3 0     3S 1( 1.00)       -12.7706        -6.3853      -173.7528
     3 1     3P 1( 3.00)        -9.2289        -4.6145      -125.5657
     3 2     3D 1( 5.00)        -3.0209        -1.5104       -41.1009
     4 0     4S 1( 1.00)        -1.1846        -0.5923       -16.1171
     4 1     4P 1( 1.15)        -0.5711        -0.2856        -7.7702
     1 0     1S 2( 1.00)      -806.8559      -403.4280    -10977.8329
     2 0     2S 2( 1.00)      -100.9374       -50.4687     -1373.3231
     2 1     2P 2( 3.00)       -90.9415       -45.4707     -1237.3220
     3 0     3S 2( 1.00)       -12.7644        -6.3822      -173.6678
     3 1     3P 2( 3.00)        -9.2218        -4.6109      -125.4686
     3 2     3D 2( 5.00)        -3.0108        -1.5054       -40.9640
     4 0     4S 2( 1.00)        -1.0742        -0.5371       -14.6156
     4 1     4P 2( 0.00)        -0.0000        -0.0000        -0.0000

     eps = 7.2E-15  iter = 48

     Etot =   -4147.805100 Ry,   -2073.902550 Ha,  -56433.758374 eV
     Total magnetization:    1.15 Bohr mag. 

     Ekin =    4193.457876 Ry,    2096.728938 Ha,   57054.895990 eV
     Encl =   -9977.635556 Ry,   -4988.817778 Ha, -135752.635562 eV
     Eh   =    1789.501789 Ry,     894.750895 Ha,   24347.410050 eV
     Exc  =    -152.271959 Ry,     -76.135980 Ha,   -2071.765370 eV

     SIC information:
     Esich=       0.042616 Ry,       0.021308 Ha,       0.579816 eV
     Esicxc=     -0.899866 Ry,      -0.449933 Ha,     -12.243298 eV
     Esictot=    -0.857250 Ry,      -0.428625 Ha,     -11.663482 eV

     tot-Exc=  -151.414709 Ry,     -75.707355 Ha,   -2060.101888 eV
     int-Exc=  -153.171825 Ry,     -76.585913 Ha,   -2084.008667 eV
     int-Eh=   1789.544405 Ry,     894.772202 Ha,   24347.989865 eV


     normalization and overlap integrals

     s(1S/1S) =  1.000000  <r> =   0.0476  <r2> =    0.0030  r(max) =   0.0315
     s(1S/2S) =  0.004137
     s(1S/3S) =  0.001438
     s(1S/4S) =  0.000412
     s(2S/2S) =  1.000000  <r> =   0.2133  <r2> =    0.0536  r(max) =   0.1788
     s(2S/3S) =  0.005034
     s(2S/4S) =  0.001341
     s(2P/2P) =  1.000000  <r> =   0.1840  <r2> =    0.0414  r(max) =   0.1417
     s(2P/3P) =  0.006887
     s(2P/4P) =  0.001470
     s(3S/3S) =  1.000000  <r> =   0.6341  <r2> =    0.4635  r(max) =   0.5523
     s(3S/4S) =  0.010402
     s(3P/3P) =  1.000000  <r> =   0.6487  <r2> =    0.4949  r(max) =   0.5479
     s(3P/4P) =  0.012401
     s(3D/3D) =  1.000000  <r> =   0.7150  <r2> =    0.6488  r(max) =   0.4977
     s(4S/4S) =  1.000000  <r> =   2.1046  <r2> =    5.0797  r(max) =   1.7758
     s(4P/4P) =  1.000000  <r> =   2.7076  <r2> =    8.5399  r(max) =   2.1864
     s(1S/1S) =  1.000000  <r> =   0.0476  <r2> =    0.0030  r(max) =   0.0315
     s(1S/2S) =  0.004138
     s(1S/3S) =  0.001438
     s(1S/4S) =  0.000415
     s(2S/2S) =  1.000000  <r> =   0.2133  <r2> =    0.0536  r(max) =   0.1788
     s(2S/3S) =  0.005035
     s(2S/4S) =  0.001351
     s(2P/2P) =  1.000000  <r> =   0.1840  <r2> =    0.0414  r(max) =   0.1417
     s(2P/3P) =  0.006889
     s(2P/4P) =  0.001064
     s(3S/3S) =  1.000000  <r> =   0.6339  <r2> =    0.4631  r(max) =   0.5523
     s(3S/4S) =  0.010412
     s(3P/3P) =  1.000000  <r> =   0.6483  <r2> =    0.4941  r(max) =   0.5479
     s(3P/4P) =  0.009954
     s(3D/3D) =  1.000000  <r> =   0.7114  <r2> =    0.6404  r(max) =   0.4977
     s(4S/4S) =  1.000000  <r> =   2.1023  <r2> =    5.0842  r(max) =   1.7617
     s(4P/4P) =  1.000000  <r> =   3.7316  <r2> =   17.7122  r(max) =   2.8699

     ------------------------ End of All-electron run ------------------------


     occupation(    8 ) =  1.200   number of electrons =     31.200
     --------------------------- All-electron run ----------------------------

     Ge                                                                         

     atomic number is 32.00
     dft =LDA   lsd =1 sic =1 latt =0  beta=0.30 tr2=1.0E-14 fref=5.0E-01 rhobarfact=1.0E+00
     mesh =1759 r(mesh) =  99.31177 xmin = -6.00 dx = 0.00800
     1 Ry =  13.60569193 eV

     n l     nl                  e(Ry)          e(Ha)          e(eV)
     1 0     1S 1( 1.00)      -806.8622      -403.4311    -10977.9179
     2 0     2S 1( 1.00)      -100.9400       -50.4700     -1373.3587
     2 1     2P 1( 3.00)       -90.9460       -45.4730     -1237.3837
     3 0     3S 1( 1.00)       -12.7706        -6.3853      -173.7528
     3 1     3P 1( 3.00)        -9.2289        -4.6145      -125.5657
     3 2     3D 1( 5.00)        -3.0209        -1.5104       -41.1009
     4 0     4S 1( 1.00)        -1.1846        -0.5923       -16.1171
     4 1     4P 1( 1.20)        -0.5711        -0.2856        -7.7702
     1 0     1S 2( 1.00)      -806.8559      -403.4280    -10977.8329
     2 0     2S 2( 1.00)      -100.9374       -50.4687     -1373.3231
     2 1     2P 2( 3.00)       -90.9415       -45.4707     -1237.3220
     3 0     3S 2( 1.00)       -12.7644        -6.3822      -173.6678
     3 1     3P 2( 3.00)        -9.2218        -4.6109      -125.4686
     3 2     3D 2( 5.00)        -3.0108        -1.5054       -40.9640
     4 0     4S 2( 1.00)        -1.0742        -0.5371       -14.6156
     4 1     4P 2( 0.00)        -0.0000        -0.0000        -0.0000

     eps = 7.2E-15  iter = 48

     Etot =   -4147.833598 Ry,   -2073.916799 Ha,  -56434.146108 eV
     Total magnetization:    1.20 Bohr mag. 

     Ekin =    4193.606212 Ry,    2096.803106 Ha,   57056.914192 eV
     Encl =   -9979.160973 Ry,   -4989.580487 Ha, -135773.389923 eV
     Eh   =    1790.877441 Ry,     895.438721 Ha,   24366.126751 eV
     Exc  =    -152.308996 Ry,     -76.154498 Ha,   -2072.269278 eV

     SIC information:
     Esich=       0.053478 Ry,       0.026739 Ha,       0.727612 eV
     Esicxc=     -0.900760 Ry,      -0.450380 Ha,     -12.255462 eV
     Esictot=    -0.847281 Ry,      -0.423641 Ha,     -11.527850 eV

     tot-Exc=  -151.461715 Ry,     -75.730857 Ha,   -2060.741428 eV
     int-Exc=  -153.209756 Ry,     -76.604878 Ha,   -2084.524740 eV
     int-Eh=   1790.930920 Ry,     895.465460 Ha,   24366.854363 eV


     normalization and overlap integrals

     s(1S/1S) =  1.000000  <r> =   0.0476  <r2> =    0.0030  r(max) =   0.0315
     s(1S/2S) =  0.004137
     s(1S/3S) =  0.001438
     s(1S/4S) =  0.000412
     s(2S/2S) =  1.000000  <r> =   0.2133  <r2> =    0.0536  r(max) =   0.1788
     s(2S/3S) =  0.005034
     s(2S/4S) =  0.001341
     s(2P/2P) =  1.000000  <r> =   0.1840  <r2> =    0.0414  r(max) =   0.1417
     s(2P/3P) =  0.006887
     s(2P/4P) =  0.001470
     s(3S/3S) =  1.000000  <r> =   0.6341  <r2> =    0.4635  r(max) =   0.5523
     s(3S/4S) =  0.010402
     s(3P/3P) =  1.000000  <r> =   0.6487  <r2> =    0.4949  r(max) =   0.5479
     s(3P/4P) =  0.012401
     s(3D/3D) =  1.000000  <r> =   0.7150  <r2> =    0.6488  r(max) =   0.4977
     s(4S/4S) =  1.000000  <r> =   2.1046  <r2> =    5.0797  r(max) =   1.7758
     s(4P/4P) =  1.000000  <r> =   2.7076  <r2> =    8.5399  r(max) =   2.1864
     s(1S/1S) =  1.000000  <r> =   0.0476  <r2> =    0.0030  r(max) =   0.0315
     s(1S/2S) =  0.004138
     s(1S/3S) =  0.001438
     s(1S/4S) =  0.000415
     s(2S/2S) =  1.000000  <r> =   0.2133  <r2> =    0.0536  r(max) =   0.1788
     s(2S/3S) =  0.005035
     s(2S/4S) =  0.001351
     s(2P/2P) =  1.000000  <r> =   0.1840  <r2> =    0.0414  r(max) =   0.1417
     s(2P/3P) =  0.006889
     s(2P/4P) =  0.001064
     s(3S/3S) =  1.000000  <r> =   0.6339  <r2> =    0.4631  r(max) =   0.5523
     s(3S/4S) =  0.010412
     s(3P/3P) =  1.000000  <r> =   0.6483  <r2> =    0.4941  r(max) =   0.5479
     s(3P/4P) =  0.009954
     s(3D/3D) =  1.000000  <r> =   0.7114  <r2> =    0.6404  r(max) =   0.4977
     s(4S/4S) =  1.000000  <r> =   2.1023  <r2> =    5.0842  r(max) =   1.7617
     s(4P/4P) =  1.000000  <r> =   3.7316  <r2> =   17.7122  r(max) =   2.8699

     ------------------------ End of All-electron run ------------------------


     occupation(    8 ) =  1.250   number of electrons =     31.250
     --------------------------- All-electron run ----------------------------

     Ge                                                                         

     atomic number is 32.00
     dft =LDA   lsd =1 sic =1 latt =0  beta=0.30 tr2=1.0E-14 fref=5.0E-01 rhobarfact=1.0E+00
     mesh =1759 r(mesh) =  99.31177 xmin = -6.00 dx = 0.00800
     1 Ry =  13.60569193 eV

     n l     nl                  e(Ry)          e(Ha)          e(eV)
     1 0     1S 1( 1.00)      -806.8622      -403.4311    -10977.9179
     2 0     2S 1( 1.00)      -100.9400       -50.4700     -1373.3587
     2 1     2P 1( 3.00)       -90.9460       -45.4730     -1237.3837
     3 0     3S 1( 1.00)       -12.7706        -6.3853      -173.7528
     3 1     3P 1( 3.00)        -9.2289        -4.6145      -125.5657
     3 2     3D 1( 5.00)        -3.0209        -1.5104       -41.1009
     4 0     4S 1( 1.00)        -1.1846        -0.5923       -16.1171
     4 1     4P 1( 1.25)        -0.5711        -0.2856        -7.7702
     1 0     1S 2( 1.00)      -806.8559      -403.4280    -10977.8329
     2 0     2S 2( 1.00)      -100.9374       -50.4687     -1373.3231
     2 1     2P 2( 3.00)       -90.9415       -45.4707     -1237.3220
     3 0     3S 2( 1.00)       -12.7644        -6.3822      -173.6678
     3 1     3P 2( 3.00)        -9.2218        -4.6109      -125.4686
     3 2     3D 2( 5.00)        -3.0108        -1.5054       -40.9640
     4 0     4S 2( 1.00)        -1.0742        -0.5371       -14.6156
     4 1     4P 2( 0.00)        -0.0000        -0.0000        -0.0000

     eps = 7.2E-15  iter = 48

     Etot =   -4147.862098 Ry,   -2073.931049 Ha,  -56434.533872 eV
     Total magnetization:    1.25 Bohr mag. 

     Ekin =    4193.754547 Ry,    2096.877273 Ha,   57058.932395 eV
     Encl =   -9980.686391 Ry,   -4990.343195 Ha, -135794.144284 eV
     Eh   =    1792.254765 Ry,     896.127382 Ha,   24384.866191 eV
     Exc  =    -152.346190 Ry,     -76.173095 Ha,   -2072.775331 eV

     SIC information:
     Esich=       0.062670 Ry,       0.031335 Ha,       0.852670 eV
     Esicxc=     -0.901499 Ry,      -0.450749 Ha,     -12.265512 eV
     Esictot=    -0.838828 Ry,      -0.419414 Ha,     -11.412842 eV

     tot-Exc=  -151.507362 Ry,     -75.753681 Ha,   -2061.362489 eV
     int-Exc=  -153.247689 Ry,     -76.623844 Ha,   -2085.040843 eV
     int-Eh=   1792.317435 Ry,     896.158717 Ha,   24385.718861 eV


     normalization and overlap integrals

     s(1S/1S) =  1.000000  <r> =   0.0476  <r2> =    0.0030  r(max) =   0.0315
     s(1S/2S) =  0.004137
     s(1S/3S) =  0.001438
     s(1S/4S) =  0.000412
     s(2S/2S) =  1.000000  <r> =   0.2133  <r2> =    0.0536  r(max) =   0.1788
     s(2S/3S) =  0.005034
     s(2S/4S) =  0.001341
     s(2P/2P) =  1.000000  <r> =   0.1840  <r2> =    0.0414  r(max) =   0.1417
     s(2P/3P) =  0.006887
     s(2P/4P) =  0.001470
     s(3S/3S) =  1.000000  <r> =   0.6341  <r2> =    0.4635  r(max) =   0.5523
     s(3S/4S) =  0.010402
     s(3P/3P) =  1.000000  <r> =   0.6487  <r2> =    0.4949  r(max) =   0.5479
     s(3P/4P) =  0.012401
     s(3D/3D) =  1.000000  <r> =   0.7150  <r2> =    0.6488  r(max) =   0.4977
     s(4S/4S) =  1.000000  <r> =   2.1046  <r2> =    5.0797  r(max) =   1.7758
     s(4P/4P) =  1.000000  <r> =   2.7076  <r2> =    8.5399  r(max) =   2.1864
     s(1S/1S) =  1.000000  <r> =   0.0476  <r2> =    0.0030  r(max) =   0.0315
     s(1S/2S) =  0.004138
     s(1S/3S) =  0.001438
     s(1S/4S) =  0.000415
     s(2S/2S) =  1.000000  <r> =   0.2133  <r2> =    0.0536  r(max) =   0.1788
     s(2S/3S) =  0.005035
     s(2S/4S) =  0.001351
     s(2P/2P) =  1.000000  <r> =   0.1840  <r2> =    0.0414  r(max) =   0.1417
     s(2P/3P) =  0.006889
     s(2P/4P) =  0.001064
     s(3S/3S) =  1.000000  <r> =   0.6339  <r2> =    0.4631  r(max) =   0.5523
     s(3S/4S) =  0.010412
     s(3P/3P) =  1.000000  <r> =   0.6483  <r2> =    0.4941  r(max) =   0.5479
     s(3P/4P) =  0.009954
     s(3D/3D) =  1.000000  <r> =   0.7114  <r2> =    0.6404  r(max) =   0.4977
     s(4S/4S) =  1.000000  <r> =   2.1023  <r2> =    5.0842  r(max) =   1.7617
     s(4P/4P) =  1.000000  <r> =   3.7316  <r2> =   17.7122  r(max) =   2.8699

     ------------------------ End of All-electron run ------------------------


     occupation(    8 ) =  1.300   number of electrons =     31.300
     --------------------------- All-electron run ----------------------------

     Ge                                                                         

     atomic number is 32.00
     dft =LDA   lsd =1 sic =1 latt =0  beta=0.30 tr2=1.0E-14 fref=5.0E-01 rhobarfact=1.0E+00
     mesh =1759 r(mesh) =  99.31177 xmin = -6.00 dx = 0.00800
     1 Ry =  13.60569193 eV

     n l     nl                  e(Ry)          e(Ha)          e(eV)
     1 0     1S 1( 1.00)      -806.8622      -403.4311    -10977.9179
     2 0     2S 1( 1.00)      -100.9400       -50.4700     -1373.3587
     2 1     2P 1( 3.00)       -90.9460       -45.4730     -1237.3837
     3 0     3S 1( 1.00)       -12.7706        -6.3853      -173.7528
     3 1     3P 1( 3.00)        -9.2289        -4.6145      -125.5657
     3 2     3D 1( 5.00)        -3.0209        -1.5104       -41.1009
     4 0     4S 1( 1.00)        -1.1846        -0.5923       -16.1171
     4 1     4P 1( 1.30)        -0.5711        -0.2856        -7.7702
     1 0     1S 2( 1.00)      -806.8559      -403.4280    -10977.8329
     2 0     2S 2( 1.00)      -100.9374       -50.4687     -1373.3231
     2 1     2P 2( 3.00)       -90.9415       -45.4707     -1237.3220
     3 0     3S 2( 1.00)       -12.7644        -6.3822      -173.6678
     3 1     3P 2( 3.00)        -9.2218        -4.6109      -125.4686
     3 2     3D 2( 5.00)        -3.0108        -1.5054       -40.9640
     4 0     4S 2( 1.00)        -1.0742        -0.5371       -14.6156
     4 1     4P 2( 0.00)        -0.0000        -0.0000        -0.0000

     eps = 7.2E-15  iter = 48

     Etot =   -4147.890607 Ry,   -2073.945304 Ha,  -56434.921765 eV
     Total magnetization:    1.30 Bohr mag. 

     Ekin =    4193.902882 Ry,    2096.951441 Ha,   57060.950597 eV
     Encl =   -9982.211808 Ry,   -4991.105904 Ha, -135814.898645 eV
     Eh   =    1793.633760 Ry,     896.816880 Ha,   24403.628368 eV
     Exc  =    -152.383540 Ry,     -76.191770 Ha,   -2073.283499 eV

     SIC information:
     Esich=       0.070191 Ry,       0.035095 Ha,       0.954990 eV
     Esicxc=     -0.902091 Ry,      -0.451046 Ha,     -12.273576 eV
     Esictot=    -0.831901 Ry,      -0.415950 Ha,     -11.318586 eV

     tot-Exc=  -151.551639 Ry,     -75.775820 Ha,   -2061.964913 eV
     int-Exc=  -153.285631 Ry,     -76.642816 Ha,   -2085.557076 eV
     int-Eh=   1793.703950 Ry,     896.851975 Ha,   24404.583359 eV


     normalization and overlap integrals

     s(1S/1S) =  1.000000  <r> =   0.0476  <r2> =    0.0030  r(max) =   0.0315
     s(1S/2S) =  0.004137
     s(1S/3S) =  0.001438
     s(1S/4S) =  0.000412
     s(2S/2S) =  1.000000  <r> =   0.2133  <r2> =    0.0536  r(max) =   0.1788
     s(2S/3S) =  0.005034
     s(2S/4S) =  0.001341
     s(2P/2P) =  1.000000  <r> =   0.1840  <r2> =    0.0414  r(max) =   0.1417
     s(2P/3P) =  0.006887
     s(2P/4P) =  0.001470
     s(3S/3S) =  1.000000  <r> =   0.6341  <r2> =    0.4635  r(max) =   0.5523
     s(3S/4S) =  0.010402
     s(3P/3P) =  1.000000  <r> =   0.6487  <r2> =    0.4949  r(max) =   0.5479
     s(3P/4P) =  0.012401
     s(3D/3D) =  1.000000  <r> =   0.7150  <r2> =    0.6488  r(max) =   0.4977
     s(4S/4S) =  1.000000  <r> =   2.1046  <r2> =    5.0797  r(max) =   1.7758
     s(4P/4P) =  1.000000  <r> =   2.7076  <r2> =    8.5399  r(max) =   2.1864
     s(1S/1S) =  1.000000  <r> =   0.0476  <r2> =    0.0030  r(max) =   0.0315
     s(1S/2S) =  0.004138
     s(1S/3S) =  0.001438
     s(1S/4S) =  0.000415
     s(2S/2S) =  1.000000  <r> =   0.2133  <r2> =    0.0536  r(max) =   0.1788
     s(2S/3S) =  0.005035
     s(2S/4S) =  0.001351
     s(2P/2P) =  1.000000  <r> =   0.1840  <r2> =    0.0414  r(max) =   0.1417
     s(2P/3P) =  0.006889
     s(2P/4P) =  0.001064
     s(3S/3S) =  1.000000  <r> =   0.6339  <r2> =    0.4631  r(max) =   0.5523
     s(3S/4S) =  0.010412
     s(3P/3P) =  1.000000  <r> =   0.6483  <r2> =    0.4941  r(max) =   0.5479
     s(3P/4P) =  0.009954
     s(3D/3D) =  1.000000  <r> =   0.7114  <r2> =    0.6404  r(max) =   0.4977
     s(4S/4S) =  1.000000  <r> =   2.1023  <r2> =    5.0842  r(max) =   1.7617
     s(4P/4P) =  1.000000  <r> =   3.7316  <r2> =   17.7122  r(max) =   2.8699

     ------------------------ End of All-electron run ------------------------


     occupation(    8 ) =  1.350   number of electrons =     31.350
     --------------------------- All-electron run ----------------------------

     Ge                                                                         

     atomic number is 32.00
     dft =LDA   lsd =1 sic =1 latt =0  beta=0.30 tr2=1.0E-14 fref=5.0E-01 rhobarfact=1.0E+00
     mesh =1759 r(mesh) =  99.31177 xmin = -6.00 dx = 0.00800
     1 Ry =  13.60569193 eV

     n l     nl                  e(Ry)          e(Ha)          e(eV)
     1 0     1S 1( 1.00)      -806.8622      -403.4311    -10977.9179
     2 0     2S 1( 1.00)      -100.9400       -50.4700     -1373.3587
     2 1     2P 1( 3.00)       -90.9460       -45.4730     -1237.3837
     3 0     3S 1( 1.00)       -12.7706        -6.3853      -173.7528
     3 1     3P 1( 3.00)        -9.2289        -4.6145      -125.5657
     3 2     3D 1( 5.00)        -3.0209        -1.5104       -41.1009
     4 0     4S 1( 1.00)        -1.1846        -0.5923       -16.1171
     4 1     4P 1( 1.35)        -0.5711        -0.2856        -7.7702
     1 0     1S 2( 1.00)      -806.8559      -403.4280    -10977.8329
     2 0     2S 2( 1.00)      -100.9374       -50.4687     -1373.3231
     2 1     2P 2( 3.00)       -90.9415       -45.4707     -1237.3220
     3 0     3S 2( 1.00)       -12.7644        -6.3822      -173.6678
     3 1     3P 2( 3.00)        -9.2218        -4.6109      -125.4686
     3 2     3D 2( 5.00)        -3.0108        -1.5054       -40.9640
     4 0     4S 2( 1.00)        -1.0742        -0.5371       -14.6156
     4 1     4P 2( 0.00)        -0.0000        -0.0000        -0.0000

     eps = 7.2E-15  iter = 48

     Etot =   -4147.919111 Ry,   -2073.959555 Ha,  -56435.309575 eV
     Total magnetization:    1.35 Bohr mag. 

     Ekin =    4194.051217 Ry,    2097.025609 Ha,   57062.968800 eV
     Encl =   -9983.737226 Ry,   -4991.868613 Ha, -135835.653006 eV
     Eh   =    1795.014425 Ry,     897.507213 Ha,   24422.413283 eV
     Exc  =    -152.421043 Ry,     -76.210522 Ha,   -2073.793757 eV

     SIC information:
     Esich=       0.076040 Ry,       0.038020 Ha,       1.034573 eV
     Esicxc=     -0.902524 Ry,      -0.451262 Ha,     -12.279468 eV
     Esictot=    -0.826485 Ry,      -0.413242 Ha,     -11.244895 eV

     tot-Exc=  -151.594559 Ry,     -75.797279 Ha,   -2062.548862 eV
     int-Exc=  -153.323567 Ry,     -76.661784 Ha,   -2086.073225 eV
     int-Eh=   1795.090465 Ry,     897.545233 Ha,   24423.447856 eV


     normalization and overlap integrals

     s(1S/1S) =  1.000000  <r> =   0.0476  <r2> =    0.0030  r(max) =   0.0315
     s(1S/2S) =  0.004137
     s(1S/3S) =  0.001438
     s(1S/4S) =  0.000412
     s(2S/2S) =  1.000000  <r> =   0.2133  <r2> =    0.0536  r(max) =   0.1788
     s(2S/3S) =  0.005034
     s(2S/4S) =  0.001341
     s(2P/2P) =  1.000000  <r> =   0.1840  <r2> =    0.0414  r(max) =   0.1417
     s(2P/3P) =  0.006887
     s(2P/4P) =  0.001470
     s(3S/3S) =  1.000000  <r> =   0.6341  <r2> =    0.4635  r(max) =   0.5523
     s(3S/4S) =  0.010402
     s(3P/3P) =  1.000000  <r> =   0.6487  <r2> =    0.4949  r(max) =   0.5479
     s(3P/4P) =  0.012401
     s(3D/3D) =  1.000000  <r> =   0.7150  <r2> =    0.6488  r(max) =   0.4977
     s(4S/4S) =  1.000000  <r> =   2.1046  <r2> =    5.0797  r(max) =   1.7758
     s(4P/4P) =  1.000000  <r> =   2.7076  <r2> =    8.5399  r(max) =   2.1864
     s(1S/1S) =  1.000000  <r> =   0.0476  <r2> =    0.0030  r(max) =   0.0315
     s(1S/2S) =  0.004138
     s(1S/3S) =  0.001438
     s(1S/4S) =  0.000415
     s(2S/2S) =  1.000000  <r> =   0.2133  <r2> =    0.0536  r(max) =   0.1788
     s(2S/3S) =  0.005035
     s(2S/4S) =  0.001351
     s(2P/2P) =  1.000000  <r> =   0.1840  <r2> =    0.0414  r(max) =   0.1417
     s(2P/3P) =  0.006889
     s(2P/4P) =  0.001064
     s(3S/3S) =  1.000000  <r> =   0.6339  <r2> =    0.4631  r(max) =   0.5523
     s(3S/4S) =  0.010412
     s(3P/3P) =  1.000000  <r> =   0.6483  <r2> =    0.4941  r(max) =   0.5479
     s(3P/4P) =  0.009954
     s(3D/3D) =  1.000000  <r> =   0.7114  <r2> =    0.6404  r(max) =   0.4977
     s(4S/4S) =  1.000000  <r> =   2.1023  <r2> =    5.0842  r(max) =   1.7617
     s(4P/4P) =  1.000000  <r> =   3.7316  <r2> =   17.7122  r(max) =   2.8699

     ------------------------ End of All-electron run ------------------------


     occupation(    8 ) =  1.400   number of electrons =     31.400
     --------------------------- All-electron run ----------------------------

     Ge                                                                         

     atomic number is 32.00
     dft =LDA   lsd =1 sic =1 latt =0  beta=0.30 tr2=1.0E-14 fref=5.0E-01 rhobarfact=1.0E+00
     mesh =1759 r(mesh) =  99.31177 xmin = -6.00 dx = 0.00800
     1 Ry =  13.60569193 eV

     n l     nl                  e(Ry)          e(Ha)          e(eV)
     1 0     1S 1( 1.00)      -806.8622      -403.4311    -10977.9179
     2 0     2S 1( 1.00)      -100.9400       -50.4700     -1373.3587
     2 1     2P 1( 3.00)       -90.9460       -45.4730     -1237.3837
     3 0     3S 1( 1.00)       -12.7706        -6.3853      -173.7528
     3 1     3P 1( 3.00)        -9.2289        -4.6145      -125.5657
     3 2     3D 1( 5.00)        -3.0209        -1.5104       -41.1009
     4 0     4S 1( 1.00)        -1.1846        -0.5923       -16.1171
     4 1     4P 1( 1.40)        -0.5711        -0.2856        -7.7702
     1 0     1S 2( 1.00)      -806.8559      -403.4280    -10977.8329
     2 0     2S 2( 1.00)      -100.9374       -50.4687     -1373.3231
     2 1     2P 2( 3.00)       -90.9415       -45.4707     -1237.3220
     3 0     3S 2( 1.00)       -12.7644        -6.3822      -173.6678
     3 1     3P 2( 3.00)        -9.2218        -4.6109      -125.4686
     3 2     3D 2( 5.00)        -3.0108        -1.5054       -40.9640
     4 0     4S 2( 1.00)        -1.0742        -0.5371       -14.6156
     4 1     4P 2( 0.00)        -0.0000        -0.0000        -0.0000

     eps = 7.2E-15  iter = 48

     Etot =   -4147.947634 Ry,   -2073.973817 Ha,  -56435.697647 eV
     Total magnetization:    1.40 Bohr mag. 

     Ekin =    4194.199552 Ry,    2097.099776 Ha,   57064.987002 eV
     Encl =   -9985.262643 Ry,   -4992.631322 Ha, -135856.407367 eV
     Eh   =    1796.396763 Ry,     898.198381 Ha,   24441.220937 eV
     Exc  =    -152.458698 Ry,     -76.229349 Ha,   -2074.306077 eV

     SIC information:
     Esich=       0.080218 Ry,       0.040109 Ha,       1.091418 eV
     Esicxc=     -0.902825 Ry,      -0.451412 Ha,     -12.283559 eV
     Esictot=    -0.822607 Ry,      -0.411304 Ha,     -11.192141 eV

     tot-Exc=  -151.636091 Ry,     -75.818045 Ha,   -2063.113936 eV
     int-Exc=  -153.361523 Ry,     -76.680761 Ha,   -2086.589636 eV
     int-Eh=   1796.476980 Ry,     898.238490 Ha,   24442.312354 eV


     normalization and overlap integrals

     s(1S/1S) =  1.000000  <r> =   0.0476  <r2> =    0.0030  r(max) =   0.0315
     s(1S/2S) =  0.004137
     s(1S/3S) =  0.001438
     s(1S/4S) =  0.000412
     s(2S/2S) =  1.000000  <r> =   0.2133  <r2> =    0.0536  r(max) =   0.1788
     s(2S/3S) =  0.005034
     s(2S/4S) =  0.001341
     s(2P/2P) =  1.000000  <r> =   0.1840  <r2> =    0.0414  r(max) =   0.1417
     s(2P/3P) =  0.006887
     s(2P/4P) =  0.001470
     s(3S/3S) =  1.000000  <r> =   0.6341  <r2> =    0.4635  r(max) =   0.5523
     s(3S/4S) =  0.010402
     s(3P/3P) =  1.000000  <r> =   0.6487  <r2> =    0.4949  r(max) =   0.5479
     s(3P/4P) =  0.012401
     s(3D/3D) =  1.000000  <r> =   0.7150  <r2> =    0.6488  r(max) =   0.4977
     s(4S/4S) =  1.000000  <r> =   2.1046  <r2> =    5.0797  r(max) =   1.7758
     s(4P/4P) =  1.000000  <r> =   2.7076  <r2> =    8.5399  r(max) =   2.1864
     s(1S/1S) =  1.000000  <r> =   0.0476  <r2> =    0.0030  r(max) =   0.0315
     s(1S/2S) =  0.004138
     s(1S/3S) =  0.001438
     s(1S/4S) =  0.000415
     s(2S/2S) =  1.000000  <r> =   0.2133  <r2> =    0.0536  r(max) =   0.1788
     s(2S/3S) =  0.005035
     s(2S/4S) =  0.001351
     s(2P/2P) =  1.000000  <r> =   0.1840  <r2> =    0.0414  r(max) =   0.1417
     s(2P/3P) =  0.006889
     s(2P/4P) =  0.001064
     s(3S/3S) =  1.000000  <r> =   0.6339  <r2> =    0.4631  r(max) =   0.5523
     s(3S/4S) =  0.010412
     s(3P/3P) =  1.000000  <r> =   0.6483  <r2> =    0.4941  r(max) =   0.5479
     s(3P/4P) =  0.009954
     s(3D/3D) =  1.000000  <r> =   0.7114  <r2> =    0.6404  r(max) =   0.4977
     s(4S/4S) =  1.000000  <r> =   2.1023  <r2> =    5.0842  r(max) =   1.7617
     s(4P/4P) =  1.000000  <r> =   3.7316  <r2> =   17.7122  r(max) =   2.8699

     ------------------------ End of All-electron run ------------------------


     occupation(    8 ) =  1.450   number of electrons =     31.450
     --------------------------- All-electron run ----------------------------

     Ge                                                                         

     atomic number is 32.00
     dft =LDA   lsd =1 sic =1 latt =0  beta=0.30 tr2=1.0E-14 fref=5.0E-01 rhobarfact=1.0E+00
     mesh =1759 r(mesh) =  99.31177 xmin = -6.00 dx = 0.00800
     1 Ry =  13.60569193 eV

     n l     nl                  e(Ry)          e(Ha)          e(eV)
     1 0     1S 1( 1.00)      -806.8622      -403.4311    -10977.9179
     2 0     2S 1( 1.00)      -100.9400       -50.4700     -1373.3587
     2 1     2P 1( 3.00)       -90.9460       -45.4730     -1237.3837
     3 0     3S 1( 1.00)       -12.7706        -6.3853      -173.7528
     3 1     3P 1( 3.00)        -9.2289        -4.6145      -125.5657
     3 2     3D 1( 5.00)        -3.0209        -1.5104       -41.1009
     4 0     4S 1( 1.00)        -1.1846        -0.5923       -16.1171
     4 1     4P 1( 1.45)        -0.5711        -0.2856        -7.7702
     1 0     1S 2( 1.00)      -806.8559      -403.4280    -10977.8329
     2 0     2S 2( 1.00)      -100.9374       -50.4687     -1373.3231
     2 1     2P 2( 3.00)       -90.9415       -45.4707     -1237.3220
     3 0     3S 2( 1.00)       -12.7644        -6.3822      -173.6678
     3 1     3P 2( 3.00)        -9.2218        -4.6109      -125.4686
     3 2     3D 2( 5.00)        -3.0108        -1.5054       -40.9640
     4 0     4S 2( 1.00)        -1.0742        -0.5371       -14.6156
     4 1     4P 2( 0.00)        -0.0000        -0.0000        -0.0000

     eps = 7.2E-15  iter = 48

     Etot =   -4147.976160 Ry,   -2073.988080 Ha,  -56436.085761 eV
     Total magnetization:    1.45 Bohr mag. 

     Ekin =    4194.347887 Ry,    2097.173944 Ha,   57067.005205 eV
     Encl =   -9986.788061 Ry,   -4993.394030 Ha, -135877.161729 eV
     Eh   =    1797.780771 Ry,     898.890385 Ha,   24460.051327 eV
     Exc  =    -152.496503 Ry,     -76.248251 Ha,   -2074.820436 eV

     SIC information:
     Esich=       0.082725 Ry,       0.041362 Ha,       1.125524 eV
     Esicxc=     -0.902979 Ry,      -0.451489 Ha,     -12.285654 eV
     Esictot=    -0.820254 Ry,      -0.410127 Ha,     -11.160129 eV

     tot-Exc=  -151.676248 Ry,     -75.838124 Ha,   -2063.660306 eV
     int-Exc=  -153.399482 Ry,     -76.699741 Ha,   -2087.106089 eV
     int-Eh=   1797.863495 Ry,     898.931748 Ha,   24461.176852 eV


     normalization and overlap integrals

     s(1S/1S) =  1.000000  <r> =   0.0476  <r2> =    0.0030  r(max) =   0.0315
     s(1S/2S) =  0.004137
     s(1S/3S) =  0.001438
     s(1S/4S) =  0.000412
     s(2S/2S) =  1.000000  <r> =   0.2133  <r2> =    0.0536  r(max) =   0.1788
     s(2S/3S) =  0.005034
     s(2S/4S) =  0.001341
     s(2P/2P) =  1.000000  <r> =   0.1840  <r2> =    0.0414  r(max) =   0.1417
     s(2P/3P) =  0.006887
     s(2P/4P) =  0.001470
     s(3S/3S) =  1.000000  <r> =   0.6341  <r2> =    0.4635  r(max) =   0.5523
     s(3S/4S) =  0.010402
     s(3P/3P) =  1.000000  <r> =   0.6487  <r2> =    0.4949  r(max) =   0.5479
     s(3P/4P) =  0.012401
     s(3D/3D) =  1.000000  <r> =   0.7150  <r2> =    0.6488  r(max) =   0.4977
     s(4S/4S) =  1.000000  <r> =   2.1046  <r2> =    5.0797  r(max) =   1.7758
     s(4P/4P) =  1.000000  <r> =   2.7076  <r2> =    8.5399  r(max) =   2.1864
     s(1S/1S) =  1.000000  <r> =   0.0476  <r2> =    0.0030  r(max) =   0.0315
     s(1S/2S) =  0.004138
     s(1S/3S) =  0.001438
     s(1S/4S) =  0.000415
     s(2S/2S) =  1.000000  <r> =   0.2133  <r2> =    0.0536  r(max) =   0.1788
     s(2S/3S) =  0.005035
     s(2S/4S) =  0.001351
     s(2P/2P) =  1.000000  <r> =   0.1840  <r2> =    0.0414  r(max) =   0.1417
     s(2P/3P) =  0.006889
     s(2P/4P) =  0.001064
     s(3S/3S) =  1.000000  <r> =   0.6339  <r2> =    0.4631  r(max) =   0.5523
     s(3S/4S) =  0.010412
     s(3P/3P) =  1.000000  <r> =   0.6483  <r2> =    0.4941  r(max) =   0.5479
     s(3P/4P) =  0.009954
     s(3D/3D) =  1.000000  <r> =   0.7114  <r2> =    0.6404  r(max) =   0.4977
     s(4S/4S) =  1.000000  <r> =   2.1023  <r2> =    5.0842  r(max) =   1.7617
     s(4P/4P) =  1.000000  <r> =   3.7316  <r2> =   17.7122  r(max) =   2.8699

     ------------------------ End of All-electron run ------------------------


     occupation(    8 ) =  1.500   number of electrons =     31.500
     --------------------------- All-electron run ----------------------------

     Ge                                                                         

     atomic number is 32.00
     dft =LDA   lsd =1 sic =1 latt =0  beta=0.30 tr2=1.0E-14 fref=5.0E-01 rhobarfact=1.0E+00
     mesh =1759 r(mesh) =  99.31177 xmin = -6.00 dx = 0.00800
     1 Ry =  13.60569193 eV

     n l     nl                  e(Ry)          e(Ha)          e(eV)
     1 0     1S 1( 1.00)      -806.8622      -403.4311    -10977.9179
     2 0     2S 1( 1.00)      -100.9400       -50.4700     -1373.3587
     2 1     2P 1( 3.00)       -90.9460       -45.4730     -1237.3837
     3 0     3S 1( 1.00)       -12.7706        -6.3853      -173.7528
     3 1     3P 1( 3.00)        -9.2289        -4.6145      -125.5657
     3 2     3D 1( 5.00)        -3.0209        -1.5104       -41.1009
     4 0     4S 1( 1.00)        -1.1846        -0.5923       -16.1171
     4 1     4P 1( 1.50)        -0.5711        -0.2856        -7.7702
     1 0     1S 2( 1.00)      -806.8559      -403.4280    -10977.8329
     2 0     2S 2( 1.00)      -100.9374       -50.4687     -1373.3231
     2 1     2P 2( 3.00)       -90.9415       -45.4707     -1237.3220
     3 0     3S 2( 1.00)       -12.7644        -6.3822      -173.6678
     3 1     3P 2( 3.00)        -9.2218        -4.6109      -125.4686
     3 2     3D 2( 5.00)        -3.0108        -1.5054       -40.9640
     4 0     4S 2( 1.00)        -1.0742        -0.5371       -14.6156
     4 1     4P 2( 0.00)        -0.0000        -0.0000        -0.0000

     eps = 7.2E-15  iter = 48

     Etot =   -4148.004678 Ry,   -2074.002339 Ha,  -56436.473781 eV
     Total magnetization:    1.50 Bohr mag. 

     Ekin =    4194.496223 Ry,    2097.248111 Ha,   57069.023407 eV
     Encl =   -9988.313478 Ry,   -4994.156739 Ha, -135897.916090 eV
     Eh   =    1799.166450 Ry,     899.583225 Ha,   24478.904456 eV
     Exc  =    -152.534455 Ry,     -76.267228 Ha,   -2075.336808 eV

     SIC information:
     Esich=       0.083560 Ry,       0.041780 Ha,       1.136893 eV
     Esicxc=     -0.902978 Ry,      -0.451489 Ha,     -12.285640 eV
     Esictot=    -0.819418 Ry,      -0.409709 Ha,     -11.148746 eV

     tot-Exc=  -151.715038 Ry,     -75.857519 Ha,   -2064.188062 eV
     int-Exc=  -153.437433 Ry,     -76.718717 Ha,   -2087.622448 eV
     int-Eh=   1799.250011 Ry,     899.625005 Ha,   24480.041350 eV


     normalization and overlap integrals

     s(1S/1S) =  1.000000  <r> =   0.0476  <r2> =    0.0030  r(max) =   0.0315
     s(1S/2S) =  0.004137
     s(1S/3S) =  0.001438
     s(1S/4S) =  0.000412
     s(2S/2S) =  1.000000  <r> =   0.2133  <r2> =    0.0536  r(max) =   0.1788
     s(2S/3S) =  0.005034
     s(2S/4S) =  0.001341
     s(2P/2P) =  1.000000  <r> =   0.1840  <r2> =    0.0414  r(max) =   0.1417
     s(2P/3P) =  0.006887
     s(2P/4P) =  0.001470
     s(3S/3S) =  1.000000  <r> =   0.6341  <r2> =    0.4635  r(max) =   0.5523
     s(3S/4S) =  0.010402
     s(3P/3P) =  1.000000  <r> =   0.6487  <r2> =    0.4949  r(max) =   0.5479
     s(3P/4P) =  0.012401
     s(3D/3D) =  1.000000  <r> =   0.7150  <r2> =    0.6488  r(max) =   0.4977
     s(4S/4S) =  1.000000  <r> =   2.1046  <r2> =    5.0797  r(max) =   1.7758
     s(4P/4P) =  1.000000  <r> =   2.7076  <r2> =    8.5399  r(max) =   2.1864
     s(1S/1S) =  1.000000  <r> =   0.0476  <r2> =    0.0030  r(max) =   0.0315
     s(1S/2S) =  0.004138
     s(1S/3S) =  0.001438
     s(1S/4S) =  0.000415
     s(2S/2S) =  1.000000  <r> =   0.2133  <r2> =    0.0536  r(max) =   0.1788
     s(2S/3S) =  0.005035
     s(2S/4S) =  0.001351
     s(2P/2P) =  1.000000  <r> =   0.1840  <r2> =    0.0414  r(max) =   0.1417
     s(2P/3P) =  0.006889
     s(2P/4P) =  0.001064
     s(3S/3S) =  1.000000  <r> =   0.6339  <r2> =    0.4631  r(max) =   0.5523
     s(3S/4S) =  0.010412
     s(3P/3P) =  1.000000  <r> =   0.6483  <r2> =    0.4941  r(max) =   0.5479
     s(3P/4P) =  0.009954
     s(3D/3D) =  1.000000  <r> =   0.7114  <r2> =    0.6404  r(max) =   0.4977
     s(4S/4S) =  1.000000  <r> =   2.1023  <r2> =    5.0842  r(max) =   1.7617
     s(4P/4P) =  1.000000  <r> =   3.7316  <r2> =   17.7122  r(max) =   2.8699

     ------------------------ End of All-electron run ------------------------


     occupation(    8 ) =  1.550   number of electrons =     31.550
     --------------------------- All-electron run ----------------------------

     Ge                                                                         

     atomic number is 32.00
     dft =LDA   lsd =1 sic =1 latt =0  beta=0.30 tr2=1.0E-14 fref=5.0E-01 rhobarfact=1.0E+00
     mesh =1759 r(mesh) =  99.31177 xmin = -6.00 dx = 0.00800
     1 Ry =  13.60569193 eV

     n l     nl                  e(Ry)          e(Ha)          e(eV)
     1 0     1S 1( 1.00)      -806.8622      -403.4311    -10977.9179
     2 0     2S 1( 1.00)      -100.9400       -50.4700     -1373.3587
     2 1     2P 1( 3.00)       -90.9460       -45.4730     -1237.3837
     3 0     3S 1( 1.00)       -12.7706        -6.3853      -173.7528
     3 1     3P 1( 3.00)        -9.2289        -4.6145      -125.5657
     3 2     3D 1( 5.00)        -3.0209        -1.5104       -41.1009
     4 0     4S 1( 1.00)        -1.1846        -0.5923       -16.1171
     4 1     4P 1( 1.55)        -0.5711        -0.2856        -7.7702
     1 0     1S 2( 1.00)      -806.8559      -403.4280    -10977.8329
     2 0     2S 2( 1.00)      -100.9374       -50.4687     -1373.3231
     2 1     2P 2( 3.00)       -90.9415       -45.4707     -1237.3220
     3 0     3S 2( 1.00)       -12.7644        -6.3822      -173.6678
     3 1     3P 2( 3.00)        -9.2218        -4.6109      -125.4686
     3 2     3D 2( 5.00)        -3.0108        -1.5054       -40.9640
     4 0     4S 2( 1.00)        -1.0742        -0.5371       -14.6156
     4 1     4P 2( 0.00)        -0.0000        -0.0000        -0.0000

     eps = 7.2E-15  iter = 48

     Etot =   -4148.033211 Ry,   -2074.016605 Ha,  -56436.861979 eV
     Total magnetization:    1.55 Bohr mag. 

     Ekin =    4194.644558 Ry,    2097.322279 Ha,   57071.041610 eV
     Encl =   -9989.838896 Ry,   -4994.919448 Ha, -135918.670451 eV
     Eh   =    1800.553801 Ry,     900.276901 Ha,   24497.780323 eV
     Exc  =    -152.572554 Ry,     -76.286277 Ha,   -2075.855171 eV

     SIC information:
     Esich=       0.082725 Ry,       0.041362 Ha,       1.125524 eV
     Esicxc=     -0.902844 Ry,      -0.451422 Ha,     -12.283815 eV
     Esictot=    -0.820119 Ry,      -0.410060 Ha,     -11.158290 eV

     tot-Exc=  -151.752435 Ry,     -75.876218 Ha,   -2064.696881 eV
     int-Exc=  -153.475398 Ry,     -76.737699 Ha,   -2088.138986 eV
     int-Eh=   1800.636526 Ry,     900.318263 Ha,   24498.905847 eV


     normalization and overlap integrals

     s(1S/1S) =  1.000000  <r> =   0.0476  <r2> =    0.0030  r(max) =   0.0315
     s(1S/2S) =  0.004137
     s(1S/3S) =  0.001438
     s(1S/4S) =  0.000412
     s(2S/2S) =  1.000000  <r> =   0.2133  <r2> =    0.0536  r(max) =   0.1788
     s(2S/3S) =  0.005034
     s(2S/4S) =  0.001341
     s(2P/2P) =  1.000000  <r> =   0.1840  <r2> =    0.0414  r(max) =   0.1417
     s(2P/3P) =  0.006887
     s(2P/4P) =  0.001470
     s(3S/3S) =  1.000000  <r> =   0.6341  <r2> =    0.4635  r(max) =   0.5523
     s(3S/4S) =  0.010402
     s(3P/3P) =  1.000000  <r> =   0.6487  <r2> =    0.4949  r(max) =   0.5479
     s(3P/4P) =  0.012401
     s(3D/3D) =  1.000000  <r> =   0.7150  <r2> =    0.6488  r(max) =   0.4977
     s(4S/4S) =  1.000000  <r> =   2.1046  <r2> =    5.0797  r(max) =   1.7758
     s(4P/4P) =  1.000000  <r> =   2.7076  <r2> =    8.5399  r(max) =   2.1864
     s(1S/1S) =  1.000000  <r> =   0.0476  <r2> =    0.0030  r(max) =   0.0315
     s(1S/2S) =  0.004138
     s(1S/3S) =  0.001438
     s(1S/4S) =  0.000415
     s(2S/2S) =  1.000000  <r> =   0.2133  <r2> =    0.0536  r(max) =   0.1788
     s(2S/3S) =  0.005035
     s(2S/4S) =  0.001351
     s(2P/2P) =  1.000000  <r> =   0.1840  <r2> =    0.0414  r(max) =   0.1417
     s(2P/3P) =  0.006889
     s(2P/4P) =  0.001064
     s(3S/3S) =  1.000000  <r> =   0.6339  <r2> =    0.4631  r(max) =   0.5523
     s(3S/4S) =  0.010412
     s(3P/3P) =  1.000000  <r> =   0.6483  <r2> =    0.4941  r(max) =   0.5479
     s(3P/4P) =  0.009954
     s(3D/3D) =  1.000000  <r> =   0.7114  <r2> =    0.6404  r(max) =   0.4977
     s(4S/4S) =  1.000000  <r> =   2.1023  <r2> =    5.0842  r(max) =   1.7617
     s(4P/4P) =  1.000000  <r> =   3.7316  <r2> =   17.7122  r(max) =   2.8699

     ------------------------ End of All-electron run ------------------------


     occupation(    8 ) =  1.600   number of electrons =     31.600
     --------------------------- All-electron run ----------------------------

     Ge                                                                         

     atomic number is 32.00
     dft =LDA   lsd =1 sic =1 latt =0  beta=0.30 tr2=1.0E-14 fref=5.0E-01 rhobarfact=1.0E+00
     mesh =1759 r(mesh) =  99.31177 xmin = -6.00 dx = 0.00800
     1 Ry =  13.60569193 eV

     n l     nl                  e(Ry)          e(Ha)          e(eV)
     1 0     1S 1( 1.00)      -806.8622      -403.4311    -10977.9179
     2 0     2S 1( 1.00)      -100.9400       -50.4700     -1373.3587
     2 1     2P 1( 3.00)       -90.9460       -45.4730     -1237.3837
     3 0     3S 1( 1.00)       -12.7706        -6.3853      -173.7528
     3 1     3P 1( 3.00)        -9.2289        -4.6145      -125.5657
     3 2     3D 1( 5.00)        -3.0209        -1.5104       -41.1009
     4 0     4S 1( 1.00)        -1.1846        -0.5923       -16.1171
     4 1     4P 1( 1.60)        -0.5711        -0.2856        -7.7702
     1 0     1S 2( 1.00)      -806.8559      -403.4280    -10977.8329
     2 0     2S 2( 1.00)      -100.9374       -50.4687     -1373.3231
     2 1     2P 2( 3.00)       -90.9415       -45.4707     -1237.3220
     3 0     3S 2( 1.00)       -12.7644        -6.3822      -173.6678
     3 1     3P 2( 3.00)        -9.2218        -4.6109      -125.4686
     3 2     3D 2( 5.00)        -3.0108        -1.5054       -40.9640
     4 0     4S 2( 1.00)        -1.0742        -0.5371       -14.6156
     4 1     4P 2( 0.00)        -0.0000        -0.0000        -0.0000

     eps = 7.2E-15  iter = 48

     Etot =   -4148.061748 Ry,   -2074.030874 Ha,  -56437.250254 eV
     Total magnetization:    1.60 Bohr mag. 

     Ekin =    4194.792893 Ry,    2097.396446 Ha,   57073.059813 eV
     Encl =   -9991.364313 Ry,   -4995.682157 Ha, -135939.424812 eV
     Eh   =    1801.942823 Ry,     900.971412 Ha,   24516.678927 eV
     Exc  =    -152.610798 Ry,     -76.305399 Ha,   -2076.375502 eV

     SIC information:
     Esich=       0.080218 Ry,       0.040109 Ha,       1.091418 eV
     Esicxc=     -0.902571 Ry,      -0.451285 Ha,     -12.280099 eV
     Esictot=    -0.822353 Ry,      -0.411176 Ha,     -11.188681 eV

     tot-Exc=  -151.788445 Ry,     -75.894222 Ha,   -2065.186820 eV
     int-Exc=  -153.513369 Ry,     -76.756684 Ha,   -2088.655600 eV
     int-Eh=   1802.023041 Ry,     901.011520 Ha,   24517.770345 eV


     normalization and overlap integrals

     s(1S/1S) =  1.000000  <r> =   0.0476  <r2> =    0.0030  r(max) =   0.0315
     s(1S/2S) =  0.004137
     s(1S/3S) =  0.001438
     s(1S/4S) =  0.000412
     s(2S/2S) =  1.000000  <r> =   0.2133  <r2> =    0.0536  r(max) =   0.1788
     s(2S/3S) =  0.005034
     s(2S/4S) =  0.001341
     s(2P/2P) =  1.000000  <r> =   0.1840  <r2> =    0.0414  r(max) =   0.1417
     s(2P/3P) =  0.006887
     s(2P/4P) =  0.001470
     s(3S/3S) =  1.000000  <r> =   0.6341  <r2> =    0.4635  r(max) =   0.5523
     s(3S/4S) =  0.010402
     s(3P/3P) =  1.000000  <r> =   0.6487  <r2> =    0.4949  r(max) =   0.5479
     s(3P/4P) =  0.012401
     s(3D/3D) =  1.000000  <r> =   0.7150  <r2> =    0.6488  r(max) =   0.4977
     s(4S/4S) =  1.000000  <r> =   2.1046  <r2> =    5.0797  r(max) =   1.7758
     s(4P/4P) =  1.000000  <r> =   2.7076  <r2> =    8.5399  r(max) =   2.1864
     s(1S/1S) =  1.000000  <r> =   0.0476  <r2> =    0.0030  r(max) =   0.0315
     s(1S/2S) =  0.004138
     s(1S/3S) =  0.001438
     s(1S/4S) =  0.000415
     s(2S/2S) =  1.000000  <r> =   0.2133  <r2> =    0.0536  r(max) =   0.1788
     s(2S/3S) =  0.005035
     s(2S/4S) =  0.001351
     s(2P/2P) =  1.000000  <r> =   0.1840  <r2> =    0.0414  r(max) =   0.1417
     s(2P/3P) =  0.006889
     s(2P/4P) =  0.001064
     s(3S/3S) =  1.000000  <r> =   0.6339  <r2> =    0.4631  r(max) =   0.5523
     s(3S/4S) =  0.010412
     s(3P/3P) =  1.000000  <r> =   0.6483  <r2> =    0.4941  r(max) =   0.5479
     s(3P/4P) =  0.009954
     s(3D/3D) =  1.000000  <r> =   0.7114  <r2> =    0.6404  r(max) =   0.4977
     s(4S/4S) =  1.000000  <r> =   2.1023  <r2> =    5.0842  r(max) =   1.7617
     s(4P/4P) =  1.000000  <r> =   3.7316  <r2> =   17.7122  r(max) =   2.8699

     ------------------------ End of All-electron run ------------------------


     occupation(    8 ) =  1.650   number of electrons =     31.650
     --------------------------- All-electron run ----------------------------

     Ge                                                                         

     atomic number is 32.00
     dft =LDA   lsd =1 sic =1 latt =0  beta=0.30 tr2=1.0E-14 fref=5.0E-01 rhobarfact=1.0E+00
     mesh =1759 r(mesh) =  99.31177 xmin = -6.00 dx = 0.00800
     1 Ry =  13.60569193 eV

     n l     nl                  e(Ry)          e(Ha)          e(eV)
     1 0     1S 1( 1.00)      -806.8622      -403.4311    -10977.9179
     2 0     2S 1( 1.00)      -100.9400       -50.4700     -1373.3587
     2 1     2P 1( 3.00)       -90.9460       -45.4730     -1237.3837
     3 0     3S 1( 1.00)       -12.7706        -6.3853      -173.7528
     3 1     3P 1( 3.00)        -9.2289        -4.6145      -125.5657
     3 2     3D 1( 5.00)        -3.0209        -1.5104       -41.1009
     4 0     4S 1( 1.00)        -1.1846        -0.5923       -16.1171
     4 1     4P 1( 1.65)        -0.5711        -0.2856        -7.7702
     1 0     1S 2( 1.00)      -806.8559      -403.4280    -10977.8329
     2 0     2S 2( 1.00)      -100.9374       -50.4687     -1373.3231
     2 1     2P 2( 3.00)       -90.9415       -45.4707     -1237.3220
     3 0     3S 2( 1.00)       -12.7644        -6.3822      -173.6678
     3 1     3P 2( 3.00)        -9.2218        -4.6109      -125.4686
     3 2     3D 2( 5.00)        -3.0108        -1.5054       -40.9640
     4 0     4S 2( 1.00)        -1.0742        -0.5371       -14.6156
     4 1     4P 2( 0.00)        -0.0000        -0.0000        -0.0000

     eps = 7.2E-15  iter = 48

     Etot =   -4148.090288 Ry,   -2074.045144 Ha,  -56437.638558 eV
     Total magnetization:    1.65 Bohr mag. 

     Ekin =    4194.941228 Ry,    2097.470614 Ha,   57075.078015 eV
     Encl =   -9992.889731 Ry,   -4996.444865 Ha, -135960.179173 eV
     Eh   =    1803.333516 Ry,     901.666758 Ha,   24535.600270 eV
     Exc  =    -152.649185 Ry,     -76.324592 Ha,   -2076.897778 eV

     SIC information:
     Esich=       0.076040 Ry,       0.038020 Ha,       1.034573 eV
     Esicxc=     -0.902157 Ry,      -0.451078 Ha,     -12.274466 eV
     Esictot=    -0.826117 Ry,      -0.413058 Ha,     -11.239893 eV

     tot-Exc=  -151.823068 Ry,     -75.911534 Ha,   -2065.657885 eV
     int-Exc=  -153.551341 Ry,     -76.775671 Ha,   -2089.172243 eV
     int-Eh=   1803.409556 Ry,     901.704778 Ha,   24536.634843 eV


     normalization and overlap integrals

     s(1S/1S) =  1.000000  <r> =   0.0476  <r2> =    0.0030  r(max) =   0.0315
     s(1S/2S) =  0.004137
     s(1S/3S) =  0.001438
     s(1S/4S) =  0.000412
     s(2S/2S) =  1.000000  <r> =   0.2133  <r2> =    0.0536  r(max) =   0.1788
     s(2S/3S) =  0.005034
     s(2S/4S) =  0.001341
     s(2P/2P) =  1.000000  <r> =   0.1840  <r2> =    0.0414  r(max) =   0.1417
     s(2P/3P) =  0.006887
     s(2P/4P) =  0.001470
     s(3S/3S) =  1.000000  <r> =   0.6341  <r2> =    0.4635  r(max) =   0.5523
     s(3S/4S) =  0.010402
     s(3P/3P) =  1.000000  <r> =   0.6487  <r2> =    0.4949  r(max) =   0.5479
     s(3P/4P) =  0.012401
     s(3D/3D) =  1.000000  <r> =   0.7150  <r2> =    0.6488  r(max) =   0.4977
     s(4S/4S) =  1.000000  <r> =   2.1046  <r2> =    5.0797  r(max) =   1.7758
     s(4P/4P) =  1.000000  <r> =   2.7076  <r2> =    8.5399  r(max) =   2.1864
     s(1S/1S) =  1.000000  <r> =   0.0476  <r2> =    0.0030  r(max) =   0.0315
     s(1S/2S) =  0.004138
     s(1S/3S) =  0.001438
     s(1S/4S) =  0.000415
     s(2S/2S) =  1.000000  <r> =   0.2133  <r2> =    0.0536  r(max) =   0.1788
     s(2S/3S) =  0.005035
     s(2S/4S) =  0.001351
     s(2P/2P) =  1.000000  <r> =   0.1840  <r2> =    0.0414  r(max) =   0.1417
     s(2P/3P) =  0.006889
     s(2P/4P) =  0.001064
     s(3S/3S) =  1.000000  <r> =   0.6339  <r2> =    0.4631  r(max) =   0.5523
     s(3S/4S) =  0.010412
     s(3P/3P) =  1.000000  <r> =   0.6483  <r2> =    0.4941  r(max) =   0.5479
     s(3P/4P) =  0.009954
     s(3D/3D) =  1.000000  <r> =   0.7114  <r2> =    0.6404  r(max) =   0.4977
     s(4S/4S) =  1.000000  <r> =   2.1023  <r2> =    5.0842  r(max) =   1.7617
     s(4P/4P) =  1.000000  <r> =   3.7316  <r2> =   17.7122  r(max) =   2.8699

     ------------------------ End of All-electron run ------------------------


     occupation(    8 ) =  1.700   number of electrons =     31.700
     --------------------------- All-electron run ----------------------------

     Ge                                                                         

     atomic number is 32.00
     dft =LDA   lsd =1 sic =1 latt =0  beta=0.30 tr2=1.0E-14 fref=5.0E-01 rhobarfact=1.0E+00
     mesh =1759 r(mesh) =  99.31177 xmin = -6.00 dx = 0.00800
     1 Ry =  13.60569193 eV

     n l     nl                  e(Ry)          e(Ha)          e(eV)
     1 0     1S 1( 1.00)      -806.8622      -403.4311    -10977.9179
     2 0     2S 1( 1.00)      -100.9400       -50.4700     -1373.3587
     2 1     2P 1( 3.00)       -90.9460       -45.4730     -1237.3837
     3 0     3S 1( 1.00)       -12.7706        -6.3853      -173.7528
     3 1     3P 1( 3.00)        -9.2289        -4.6145      -125.5657
     3 2     3D 1( 5.00)        -3.0209        -1.5104       -41.1009
     4 0     4S 1( 1.00)        -1.1846        -0.5923       -16.1171
     4 1     4P 1( 1.70)        -0.5711        -0.2856        -7.7702
     1 0     1S 2( 1.00)      -806.8559      -403.4280    -10977.8329
     2 0     2S 2( 1.00)      -100.9374       -50.4687     -1373.3231
     2 1     2P 2( 3.00)       -90.9415       -45.4707     -1237.3220
     3 0     3S 2( 1.00)       -12.7644        -6.3822      -173.6678
     3 1     3P 2( 3.00)        -9.2218        -4.6109      -125.4686
     3 2     3D 2( 5.00)        -3.0108        -1.5054       -40.9640
     4 0     4S 2( 1.00)        -1.0742        -0.5371       -14.6156
     4 1     4P 2( 0.00)        -0.0000        -0.0000        -0.0000

     eps = 7.2E-15  iter = 48

     Etot =   -4148.118824 Ry,   -2074.059412 Ha,  -56438.026805 eV
     Total magnetization:    1.70 Bohr mag. 

     Ekin =    4195.089563 Ry,    2097.544782 Ha,   57077.096218 eV
     Encl =   -9994.415149 Ry,   -4997.207574 Ha, -135980.933534 eV
     Eh   =    1804.725881 Ry,     902.362940 Ha,   24554.544350 eV
     Exc  =    -152.687713 Ry,     -76.343856 Ha,   -2077.421978 eV

     SIC information:
     Esich=       0.070191 Ry,       0.035095 Ha,       0.954990 eV
     Esicxc=     -0.901597 Ry,      -0.450799 Ha,     -12.266851 eV
     Esictot=    -0.831407 Ry,      -0.415703 Ha,     -11.311861 eV

     tot-Exc=  -151.856306 Ry,     -75.928153 Ha,   -2066.110118 eV
     int-Exc=  -153.589310 Ry,     -76.794655 Ha,   -2089.688830 eV
     int-Eh=   1804.796071 Ry,     902.398036 Ha,   24555.499341 eV


     normalization and overlap integrals

     s(1S/1S) =  1.000000  <r> =   0.0476  <r2> =    0.0030  r(max) =   0.0315
     s(1S/2S) =  0.004137
     s(1S/3S) =  0.001438
     s(1S/4S) =  0.000412
     s(2S/2S) =  1.000000  <r> =   0.2133  <r2> =    0.0536  r(max) =   0.1788
     s(2S/3S) =  0.005034
     s(2S/4S) =  0.001341
     s(2P/2P) =  1.000000  <r> =   0.1840  <r2> =    0.0414  r(max) =   0.1417
     s(2P/3P) =  0.006887
     s(2P/4P) =  0.001470
     s(3S/3S) =  1.000000  <r> =   0.6341  <r2> =    0.4635  r(max) =   0.5523
     s(3S/4S) =  0.010402
     s(3P/3P) =  1.000000  <r> =   0.6487  <r2> =    0.4949  r(max) =   0.5479
     s(3P/4P) =  0.012401
     s(3D/3D) =  1.000000  <r> =   0.7150  <r2> =    0.6488  r(max) =   0.4977
     s(4S/4S) =  1.000000  <r> =   2.1046  <r2> =    5.0797  r(max) =   1.7758
     s(4P/4P) =  1.000000  <r> =   2.7076  <r2> =    8.5399  r(max) =   2.1864
     s(1S/1S) =  1.000000  <r> =   0.0476  <r2> =    0.0030  r(max) =   0.0315
     s(1S/2S) =  0.004138
     s(1S/3S) =  0.001438
     s(1S/4S) =  0.000415
     s(2S/2S) =  1.000000  <r> =   0.2133  <r2> =    0.0536  r(max) =   0.1788
     s(2S/3S) =  0.005035
     s(2S/4S) =  0.001351
     s(2P/2P) =  1.000000  <r> =   0.1840  <r2> =    0.0414  r(max) =   0.1417
     s(2P/3P) =  0.006889
     s(2P/4P) =  0.001064
     s(3S/3S) =  1.000000  <r> =   0.6339  <r2> =    0.4631  r(max) =   0.5523
     s(3S/4S) =  0.010412
     s(3P/3P) =  1.000000  <r> =   0.6483  <r2> =    0.4941  r(max) =   0.5479
     s(3P/4P) =  0.009954
     s(3D/3D) =  1.000000  <r> =   0.7114  <r2> =    0.6404  r(max) =   0.4977
     s(4S/4S) =  1.000000  <r> =   2.1023  <r2> =    5.0842  r(max) =   1.7617
     s(4P/4P) =  1.000000  <r> =   3.7316  <r2> =   17.7122  r(max) =   2.8699

     ------------------------ End of All-electron run ------------------------


     occupation(    8 ) =  1.750   number of electrons =     31.750
     --------------------------- All-electron run ----------------------------

     Ge                                                                         

     atomic number is 32.00
     dft =LDA   lsd =1 sic =1 latt =0  beta=0.30 tr2=1.0E-14 fref=5.0E-01 rhobarfact=1.0E+00
     mesh =1759 r(mesh) =  99.31177 xmin = -6.00 dx = 0.00800
     1 Ry =  13.60569193 eV

     n l     nl                  e(Ry)          e(Ha)          e(eV)
     1 0     1S 1( 1.00)      -806.8622      -403.4311    -10977.9179
     2 0     2S 1( 1.00)      -100.9400       -50.4700     -1373.3587
     2 1     2P 1( 3.00)       -90.9460       -45.4730     -1237.3837
     3 0     3S 1( 1.00)       -12.7706        -6.3853      -173.7528
     3 1     3P 1( 3.00)        -9.2289        -4.6145      -125.5657
     3 2     3D 1( 5.00)        -3.0209        -1.5104       -41.1009
     4 0     4S 1( 1.00)        -1.1846        -0.5923       -16.1171
     4 1     4P 1( 1.75)        -0.5711        -0.2856        -7.7702
     1 0     1S 2( 1.00)      -806.8559      -403.4280    -10977.8329
     2 0     2S 2( 1.00)      -100.9374       -50.4687     -1373.3231
     2 1     2P 2( 3.00)       -90.9415       -45.4707     -1237.3220
     3 0     3S 2( 1.00)       -12.7644        -6.3822      -173.6678
     3 1     3P 2( 3.00)        -9.2218        -4.6109      -125.4686
     3 2     3D 2( 5.00)        -3.0108        -1.5054       -40.9640
     4 0     4S 2( 1.00)        -1.0742        -0.5371       -14.6156
     4 1     4P 2( 0.00)        -0.0000        -0.0000        -0.0000

     eps = 7.2E-15  iter = 48

     Etot =   -4148.147457 Ry,   -2074.073728 Ha,  -56438.416377 eV
     Total magnetization:    1.75 Bohr mag. 

     Ekin =    4195.237898 Ry,    2097.618949 Ha,   57079.114420 eV
     Encl =   -9995.940566 Ry,   -4997.970283 Ha, -136001.687895 eV
     Eh   =    1806.119916 Ry,     903.059958 Ha,   24573.511168 eV
     Exc  =    -152.726376 Ry,     -76.363188 Ha,   -2077.948028 eV

     SIC information:
     Esich=       0.062670 Ry,       0.031335 Ha,       0.852670 eV
     Esicxc=     -0.900999 Ry,      -0.450499 Ha,     -12.258712 eV
     Esictot=    -0.838329 Ry,      -0.419164 Ha,     -11.406042 eV

     tot-Exc=  -151.888048 Ry,     -75.944024 Ha,   -2066.541986 eV
     int-Exc=  -153.627375 Ry,     -76.813688 Ha,   -2090.206741 eV
     int-Eh=   1806.182586 Ry,     903.091293 Ha,   24574.363838 eV


     normalization and overlap integrals

     s(1S/1S) =  1.000000  <r> =   0.0476  <r2> =    0.0030  r(max) =   0.0315
     s(1S/2S) =  0.004137
     s(1S/3S) =  0.001438
     s(1S/4S) =  0.000412
     s(2S/2S) =  1.000000  <r> =   0.2133  <r2> =    0.0536  r(max) =   0.1788
     s(2S/3S) =  0.005034
     s(2S/4S) =  0.001341
     s(2P/2P) =  1.000000  <r> =   0.1840  <r2> =    0.0414  r(max) =   0.1417
     s(2P/3P) =  0.006887
     s(2P/4P) =  0.001470
     s(3S/3S) =  1.000000  <r> =   0.6341  <r2> =    0.4635  r(max) =   0.5523
     s(3S/4S) =  0.010402
     s(3P/3P) =  1.000000  <r> =   0.6487  <r2> =    0.4949  r(max) =   0.5479
     s(3P/4P) =  0.012401
     s(3D/3D) =  1.000000  <r> =   0.7150  <r2> =    0.6488  r(max) =   0.4977
     s(4S/4S) =  1.000000  <r> =   2.1046  <r2> =    5.0797  r(max) =   1.7758
     s(4P/4P) =  1.000000  <r> =   2.7076  <r2> =    8.5399  r(max) =   2.1864
     s(1S/1S) =  1.000000  <r> =   0.0476  <r2> =    0.0030  r(max) =   0.0315
     s(1S/2S) =  0.004138
     s(1S/3S) =  0.001438
     s(1S/4S) =  0.000415
     s(2S/2S) =  1.000000  <r> =   0.2133  <r2> =    0.0536  r(max) =   0.1788
     s(2S/3S) =  0.005035
     s(2S/4S) =  0.001351
     s(2P/2P) =  1.000000  <r> =   0.1840  <r2> =    0.0414  r(max) =   0.1417
     s(2P/3P) =  0.006889
     s(2P/4P) =  0.001064
     s(3S/3S) =  1.000000  <r> =   0.6339  <r2> =    0.4631  r(max) =   0.5523
     s(3S/4S) =  0.010412
     s(3P/3P) =  1.000000  <r> =   0.6483  <r2> =    0.4941  r(max) =   0.5479
     s(3P/4P) =  0.009954
     s(3D/3D) =  1.000000  <r> =   0.7114  <r2> =    0.6404  r(max) =   0.4977
     s(4S/4S) =  1.000000  <r> =   2.1023  <r2> =    5.0842  r(max) =   1.7617
     s(4P/4P) =  1.000000  <r> =   3.7316  <r2> =   17.7122  r(max) =   2.8699

     ------------------------ End of All-electron run ------------------------


     occupation(    8 ) =  1.800   number of electrons =     31.800
     --------------------------- All-electron run ----------------------------

     Ge                                                                         

     atomic number is 32.00
     dft =LDA   lsd =1 sic =1 latt =0  beta=0.30 tr2=1.0E-14 fref=5.0E-01 rhobarfact=1.0E+00
     mesh =1759 r(mesh) =  99.31177 xmin = -6.00 dx = 0.00800
     1 Ry =  13.60569193 eV

     n l     nl                  e(Ry)          e(Ha)          e(eV)
     1 0     1S 1( 1.00)      -806.8622      -403.4311    -10977.9179
     2 0     2S 1( 1.00)      -100.9400       -50.4700     -1373.3587
     2 1     2P 1( 3.00)       -90.9460       -45.4730     -1237.3837
     3 0     3S 1( 1.00)       -12.7706        -6.3853      -173.7528
     3 1     3P 1( 3.00)        -9.2289        -4.6145      -125.5657
     3 2     3D 1( 5.00)        -3.0209        -1.5104       -41.1009
     4 0     4S 1( 1.00)        -1.1846        -0.5923       -16.1171
     4 1     4P 1( 1.80)        -0.5711        -0.2856        -7.7702
     1 0     1S 2( 1.00)      -806.8559      -403.4280    -10977.8329
     2 0     2S 2( 1.00)      -100.9374       -50.4687     -1373.3231
     2 1     2P 2( 3.00)       -90.9415       -45.4707     -1237.3220
     3 0     3S 2( 1.00)       -12.7644        -6.3822      -173.6678
     3 1     3P 2( 3.00)        -9.2218        -4.6109      -125.4686
     3 2     3D 2( 5.00)        -3.0108        -1.5054       -40.9640
     4 0     4S 2( 1.00)        -1.0742        -0.5371       -14.6156
     4 1     4P 2( 0.00)        -0.0000        -0.0000        -0.0000

     eps = 7.2E-15  iter = 48

     Etot =   -4148.176004 Ry,   -2074.088002 Ha,  -56438.804786 eV
     Total magnetization:    1.80 Bohr mag. 

     Ekin =    4195.386234 Ry,    2097.693117 Ha,   57081.132623 eV
     Encl =   -9997.465984 Ry,   -4998.732992 Ha, -136022.442256 eV
     Eh   =    1807.515623 Ry,     903.757811 Ha,   24592.500724 eV
     Exc  =    -152.765183 Ry,     -76.382591 Ha,   -2078.476016 eV

     SIC information:
     Esich=       0.053478 Ry,       0.026739 Ha,       0.727612 eV
     Esicxc=     -0.900173 Ry,      -0.450086 Ha,     -12.247473 eV
     Esictot=    -0.846694 Ry,      -0.423347 Ha,     -11.519861 eV

     tot-Exc=  -151.918489 Ry,     -75.959244 Ha,   -2066.956155 eV
     int-Exc=  -153.665356 Ry,     -76.832678 Ha,   -2090.723489 eV
     int-Eh=   1807.569101 Ry,     903.784551 Ha,   24593.228336 eV


     normalization and overlap integrals

     s(1S/1S) =  1.000000  <r> =   0.0476  <r2> =    0.0030  r(max) =   0.0315
     s(1S/2S) =  0.004137
     s(1S/3S) =  0.001438
     s(1S/4S) =  0.000412
     s(2S/2S) =  1.000000  <r> =   0.2133  <r2> =    0.0536  r(max) =   0.1788
     s(2S/3S) =  0.005034
     s(2S/4S) =  0.001341
     s(2P/2P) =  1.000000  <r> =   0.1840  <r2> =    0.0414  r(max) =   0.1417
     s(2P/3P) =  0.006887
     s(2P/4P) =  0.001470
     s(3S/3S) =  1.000000  <r> =   0.6341  <r2> =    0.4635  r(max) =   0.5523
     s(3S/4S) =  0.010402
     s(3P/3P) =  1.000000  <r> =   0.6487  <r2> =    0.4949  r(max) =   0.5479
     s(3P/4P) =  0.012401
     s(3D/3D) =  1.000000  <r> =   0.7150  <r2> =    0.6488  r(max) =   0.4977
     s(4S/4S) =  1.000000  <r> =   2.1046  <r2> =    5.0797  r(max) =   1.7758
     s(4P/4P) =  1.000000  <r> =   2.7076  <r2> =    8.5399  r(max) =   2.1864
     s(1S/1S) =  1.000000  <r> =   0.0476  <r2> =    0.0030  r(max) =   0.0315
     s(1S/2S) =  0.004138
     s(1S/3S) =  0.001438
     s(1S/4S) =  0.000415
     s(2S/2S) =  1.000000  <r> =   0.2133  <r2> =    0.0536  r(max) =   0.1788
     s(2S/3S) =  0.005035
     s(2S/4S) =  0.001351
     s(2P/2P) =  1.000000  <r> =   0.1840  <r2> =    0.0414  r(max) =   0.1417
     s(2P/3P) =  0.006889
     s(2P/4P) =  0.001064
     s(3S/3S) =  1.000000  <r> =   0.6339  <r2> =    0.4631  r(max) =   0.5523
     s(3S/4S) =  0.010412
     s(3P/3P) =  1.000000  <r> =   0.6483  <r2> =    0.4941  r(max) =   0.5479
     s(3P/4P) =  0.009954
     s(3D/3D) =  1.000000  <r> =   0.7114  <r2> =    0.6404  r(max) =   0.4977
     s(4S/4S) =  1.000000  <r> =   2.1023  <r2> =    5.0842  r(max) =   1.7617
     s(4P/4P) =  1.000000  <r> =   3.7316  <r2> =   17.7122  r(max) =   2.8699

     ------------------------ End of All-electron run ------------------------


     occupation(    8 ) =  1.850   number of electrons =     31.850
     --------------------------- All-electron run ----------------------------

     Ge                                                                         

     atomic number is 32.00
     dft =LDA   lsd =1 sic =1 latt =0  beta=0.30 tr2=1.0E-14 fref=5.0E-01 rhobarfact=1.0E+00
     mesh =1759 r(mesh) =  99.31177 xmin = -6.00 dx = 0.00800
     1 Ry =  13.60569193 eV

     n l     nl                  e(Ry)          e(Ha)          e(eV)
     1 0     1S 1( 1.00)      -806.8622      -403.4311    -10977.9179
     2 0     2S 1( 1.00)      -100.9400       -50.4700     -1373.3587
     2 1     2P 1( 3.00)       -90.9460       -45.4730     -1237.3837
     3 0     3S 1( 1.00)       -12.7706        -6.3853      -173.7528
     3 1     3P 1( 3.00)        -9.2289        -4.6145      -125.5657
     3 2     3D 1( 5.00)        -3.0209        -1.5104       -41.1009
     4 0     4S 1( 1.00)        -1.1846        -0.5923       -16.1171
     4 1     4P 1( 1.85)        -0.5711        -0.2856        -7.7702
     1 0     1S 2( 1.00)      -806.8559      -403.4280    -10977.8329
     2 0     2S 2( 1.00)      -100.9374       -50.4687     -1373.3231
     2 1     2P 2( 3.00)       -90.9415       -45.4707     -1237.3220
     3 0     3S 2( 1.00)       -12.7644        -6.3822      -173.6678
     3 1     3P 2( 3.00)        -9.2218        -4.6109      -125.4686
     3 2     3D 2( 5.00)        -3.0108        -1.5054       -40.9640
     4 0     4S 2( 1.00)        -1.0742        -0.5371       -14.6156
     4 1     4P 2( 0.00)        -0.0000        -0.0000        -0.0000

     eps = 7.2E-15  iter = 48

     Etot =   -4148.204555 Ry,   -2074.102277 Ha,  -56439.193236 eV
     Total magnetization:    1.85 Bohr mag. 

     Ekin =    4195.534569 Ry,    2097.767284 Ha,   57083.150825 eV
     Encl =   -9998.991401 Ry,   -4999.495701 Ha, -136043.196617 eV
     Eh   =    1808.913001 Ry,     904.456500 Ha,   24611.513018 eV
     Exc  =    -152.804126 Ry,     -76.402063 Ha,   -2079.005867 eV

     SIC information:
     Esich=       0.042616 Ry,       0.021308 Ha,       0.579816 eV
     Esicxc=     -0.899213 Ry,      -0.449606 Ha,     -12.234411 eV
     Esictot=    -0.856597 Ry,      -0.428299 Ha,     -11.654595 eV

     tot-Exc=  -151.947529 Ry,     -75.973765 Ha,   -2067.351272 eV
     int-Exc=  -153.703339 Ry,     -76.851669 Ha,   -2091.240278 eV
     int-Eh=   1808.955617 Ry,     904.477808 Ha,   24612.092834 eV


     normalization and overlap integrals

     s(1S/1S) =  1.000000  <r> =   0.0476  <r2> =    0.0030  r(max) =   0.0315
     s(1S/2S) =  0.004137
     s(1S/3S) =  0.001438
     s(1S/4S) =  0.000412
     s(2S/2S) =  1.000000  <r> =   0.2133  <r2> =    0.0536  r(max) =   0.1788
     s(2S/3S) =  0.005034
     s(2S/4S) =  0.001341
     s(2P/2P) =  1.000000  <r> =   0.1840  <r2> =    0.0414  r(max) =   0.1417
     s(2P/3P) =  0.006887
     s(2P/4P) =  0.001470
     s(3S/3S) =  1.000000  <r> =   0.6341  <r2> =    0.4635  r(max) =   0.5523
     s(3S/4S) =  0.010402
     s(3P/3P) =  1.000000  <r> =   0.6487  <r2> =    0.4949  r(max) =   0.5479
     s(3P/4P) =  0.012401
     s(3D/3D) =  1.000000  <r> =   0.7150  <r2> =    0.6488  r(max) =   0.4977
     s(4S/4S) =  1.000000  <r> =   2.1046  <r2> =    5.0797  r(max) =   1.7758
     s(4P/4P) =  1.000000  <r> =   2.7076  <r2> =    8.5399  r(max) =   2.1864
     s(1S/1S) =  1.000000  <r> =   0.0476  <r2> =    0.0030  r(max) =   0.0315
     s(1S/2S) =  0.004138
     s(1S/3S) =  0.001438
     s(1S/4S) =  0.000415
     s(2S/2S) =  1.000000  <r> =   0.2133  <r2> =    0.0536  r(max) =   0.1788
     s(2S/3S) =  0.005035
     s(2S/4S) =  0.001351
     s(2P/2P) =  1.000000  <r> =   0.1840  <r2> =    0.0414  r(max) =   0.1417
     s(2P/3P) =  0.006889
     s(2P/4P) =  0.001064
     s(3S/3S) =  1.000000  <r> =   0.6339  <r2> =    0.4631  r(max) =   0.5523
     s(3S/4S) =  0.010412
     s(3P/3P) =  1.000000  <r> =   0.6483  <r2> =    0.4941  r(max) =   0.5479
     s(3P/4P) =  0.009954
     s(3D/3D) =  1.000000  <r> =   0.7114  <r2> =    0.6404  r(max) =   0.4977
     s(4S/4S) =  1.000000  <r> =   2.1023  <r2> =    5.0842  r(max) =   1.7617
     s(4P/4P) =  1.000000  <r> =   3.7316  <r2> =   17.7122  r(max) =   2.8699

     ------------------------ End of All-electron run ------------------------


     occupation(    8 ) =  1.900   number of electrons =     31.900
     --------------------------- All-electron run ----------------------------

     Ge                                                                         

     atomic number is 32.00
     dft =LDA   lsd =1 sic =1 latt =0  beta=0.30 tr2=1.0E-14 fref=5.0E-01 rhobarfact=1.0E+00
     mesh =1759 r(mesh) =  99.31177 xmin = -6.00 dx = 0.00800
     1 Ry =  13.60569193 eV

     n l     nl                  e(Ry)          e(Ha)          e(eV)
     1 0     1S 1( 1.00)      -806.8622      -403.4311    -10977.9179
     2 0     2S 1( 1.00)      -100.9400       -50.4700     -1373.3587
     2 1     2P 1( 3.00)       -90.9460       -45.4730     -1237.3837
     3 0     3S 1( 1.00)       -12.7706        -6.3853      -173.7528
     3 1     3P 1( 3.00)        -9.2289        -4.6145      -125.5657
     3 2     3D 1( 5.00)        -3.0209        -1.5104       -41.1009
     4 0     4S 1( 1.00)        -1.1846        -0.5923       -16.1171
     4 1     4P 1( 1.90)        -0.5711        -0.2856        -7.7702
     1 0     1S 2( 1.00)      -806.8559      -403.4280    -10977.8329
     2 0     2S 2( 1.00)      -100.9374       -50.4687     -1373.3231
     2 1     2P 2( 3.00)       -90.9415       -45.4707     -1237.3220
     3 0     3S 2( 1.00)       -12.7644        -6.3822      -173.6678
     3 1     3P 2( 3.00)        -9.2218        -4.6109      -125.4686
     3 2     3D 2( 5.00)        -3.0108        -1.5054       -40.9640
     4 0     4S 2( 1.00)        -1.0742        -0.5371       -14.6156
     4 1     4P 2( 0.00)        -0.0000        -0.0000        -0.0000

     eps = 7.2E-15  iter = 48

     Etot =   -4148.233103 Ry,   -2074.116552 Ha,  -56439.581659 eV
     Total magnetization:    1.90 Bohr mag. 

     Ekin =    4195.682904 Ry,    2097.841452 Ha,   57085.169028 eV
     Encl =  -10000.516819 Ry,   -5000.258409 Ha, -136063.950978 eV
     Eh   =    1810.312050 Ry,     905.156025 Ha,   24630.548050 eV
     Exc  =    -152.843205 Ry,     -76.421603 Ha,   -2079.537563 eV

     SIC information:
     Esich=       0.030082 Ry,       0.015041 Ha,       0.409282 eV
     Esicxc=     -0.898115 Ry,      -0.449058 Ha,     -12.219477 eV
     Esictot=    -0.868033 Ry,      -0.434017 Ha,     -11.810196 eV

     tot-Exc=  -151.975172 Ry,     -75.987586 Ha,   -2067.727368 eV
     int-Exc=  -153.741320 Ry,     -76.870660 Ha,   -2091.757041 eV
     int-Eh=   1810.342132 Ry,     905.171066 Ha,   24630.957332 eV


     normalization and overlap integrals

     s(1S/1S) =  1.000000  <r> =   0.0476  <r2> =    0.0030  r(max) =   0.0315
     s(1S/2S) =  0.004137
     s(1S/3S) =  0.001438
     s(1S/4S) =  0.000412
     s(2S/2S) =  1.000000  <r> =   0.2133  <r2> =    0.0536  r(max) =   0.1788
     s(2S/3S) =  0.005034
     s(2S/4S) =  0.001341
     s(2P/2P) =  1.000000  <r> =   0.1840  <r2> =    0.0414  r(max) =   0.1417
     s(2P/3P) =  0.006887
     s(2P/4P) =  0.001470
     s(3S/3S) =  1.000000  <r> =   0.6341  <r2> =    0.4635  r(max) =   0.5523
     s(3S/4S) =  0.010402
     s(3P/3P) =  1.000000  <r> =   0.6487  <r2> =    0.4949  r(max) =   0.5479
     s(3P/4P) =  0.012401
     s(3D/3D) =  1.000000  <r> =   0.7150  <r2> =    0.6488  r(max) =   0.4977
     s(4S/4S) =  1.000000  <r> =   2.1046  <r2> =    5.0797  r(max) =   1.7758
     s(4P/4P) =  1.000000  <r> =   2.7076  <r2> =    8.5399  r(max) =   2.1864
     s(1S/1S) =  1.000000  <r> =   0.0476  <r2> =    0.0030  r(max) =   0.0315
     s(1S/2S) =  0.004138
     s(1S/3S) =  0.001438
     s(1S/4S) =  0.000415
     s(2S/2S) =  1.000000  <r> =   0.2133  <r2> =    0.0536  r(max) =   0.1788
     s(2S/3S) =  0.005035
     s(2S/4S) =  0.001351
     s(2P/2P) =  1.000000  <r> =   0.1840  <r2> =    0.0414  r(max) =   0.1417
     s(2P/3P) =  0.006889
     s(2P/4P) =  0.001064
     s(3S/3S) =  1.000000  <r> =   0.6339  <r2> =    0.4631  r(max) =   0.5523
     s(3S/4S) =  0.010412
     s(3P/3P) =  1.000000  <r> =   0.6483  <r2> =    0.4941  r(max) =   0.5479
     s(3P/4P) =  0.009954
     s(3D/3D) =  1.000000  <r> =   0.7114  <r2> =    0.6404  r(max) =   0.4977
     s(4S/4S) =  1.000000  <r> =   2.1023  <r2> =    5.0842  r(max) =   1.7617
     s(4P/4P) =  1.000000  <r> =   3.7316  <r2> =   17.7122  r(max) =   2.8699

     ------------------------ End of All-electron run ------------------------


     occupation(    8 ) =  1.950   number of electrons =     31.950
     --------------------------- All-electron run ----------------------------

     Ge                                                                         

     atomic number is 32.00
     dft =LDA   lsd =1 sic =1 latt =0  beta=0.30 tr2=1.0E-14 fref=5.0E-01 rhobarfact=1.0E+00
     mesh =1759 r(mesh) =  99.31177 xmin = -6.00 dx = 0.00800
     1 Ry =  13.60569193 eV

     n l     nl                  e(Ry)          e(Ha)          e(eV)
     1 0     1S 1( 1.00)      -806.8622      -403.4311    -10977.9179
     2 0     2S 1( 1.00)      -100.9400       -50.4700     -1373.3587
     2 1     2P 1( 3.00)       -90.9460       -45.4730     -1237.3837
     3 0     3S 1( 1.00)       -12.7706        -6.3853      -173.7528
     3 1     3P 1( 3.00)        -9.2289        -4.6145      -125.5657
     3 2     3D 1( 5.00)        -3.0209        -1.5104       -41.1009
     4 0     4S 1( 1.00)        -1.1846        -0.5923       -16.1171
     4 1     4P 1( 1.95)        -0.5711        -0.2856        -7.7702
     1 0     1S 2( 1.00)      -806.8559      -403.4280    -10977.8329
     2 0     2S 2( 1.00)      -100.9374       -50.4687     -1373.3231
     2 1     2P 2( 3.00)       -90.9415       -45.4707     -1237.3220
     3 0     3S 2( 1.00)       -12.7644        -6.3822      -173.6678
     3 1     3P 2( 3.00)        -9.2218        -4.6109      -125.4686
     3 2     3D 2( 5.00)        -3.0108        -1.5054       -40.9640
     4 0     4S 2( 1.00)        -1.0742        -0.5371       -14.6156
     4 1     4P 2( 0.00)        -0.0000        -0.0000        -0.0000

     eps = 7.2E-15  iter = 48

     Etot =   -4148.261658 Ry,   -2074.130829 Ha,  -56439.970164 eV
     Total magnetization:    1.95 Bohr mag. 

     Ekin =    4195.831239 Ry,    2097.915620 Ha,   57087.187230 eV
     Encl =  -10002.042236 Ry,   -5001.021118 Ha, -136084.705339 eV
     Eh   =    1811.712770 Ry,     905.856385 Ha,   24649.605820 eV
     Exc  =    -152.882418 Ry,     -76.441209 Ha,   -2080.071086 eV

     SIC information:
     Esich=       0.015876 Ry,       0.007938 Ha,       0.216010 eV
     Esicxc=     -0.896889 Ry,      -0.448445 Ha,     -12.202799 eV
     Esictot=    -0.881013 Ry,      -0.440506 Ha,     -11.986789 eV

     tot-Exc=  -152.001406 Ry,     -76.000703 Ha,   -2068.084297 eV
     int-Exc=  -153.779308 Ry,     -76.889654 Ha,   -2092.273885 eV
     int-Eh=   1811.728647 Ry,     905.864323 Ha,   24649.821829 eV


     normalization and overlap integrals

     s(1S/1S) =  1.000000  <r> =   0.0476  <r2> =    0.0030  r(max) =   0.0315
     s(1S/2S) =  0.004137
     s(1S/3S) =  0.001438
     s(1S/4S) =  0.000412
     s(2S/2S) =  1.000000  <r> =   0.2133  <r2> =    0.0536  r(max) =   0.1788
     s(2S/3S) =  0.005034
     s(2S/4S) =  0.001341
     s(2P/2P) =  1.000000  <r> =   0.1840  <r2> =    0.0414  r(max) =   0.1417
     s(2P/3P) =  0.006887
     s(2P/4P) =  0.001470
     s(3S/3S) =  1.000000  <r> =   0.6341  <r2> =    0.4635  r(max) =   0.5523
     s(3S/4S) =  0.010402
     s(3P/3P) =  1.000000  <r> =   0.6487  <r2> =    0.4949  r(max) =   0.5479
     s(3P/4P) =  0.012401
     s(3D/3D) =  1.000000  <r> =   0.7150  <r2> =    0.6488  r(max) =   0.4977
     s(4S/4S) =  1.000000  <r> =   2.1046  <r2> =    5.0797  r(max) =   1.7758
     s(4P/4P) =  1.000000  <r> =   2.7076  <r2> =    8.5399  r(max) =   2.1864
     s(1S/1S) =  1.000000  <r> =   0.0476  <r2> =    0.0030  r(max) =   0.0315
     s(1S/2S) =  0.004138
     s(1S/3S) =  0.001438
     s(1S/4S) =  0.000415
     s(2S/2S) =  1.000000  <r> =   0.2133  <r2> =    0.0536  r(max) =   0.1788
     s(2S/3S) =  0.005035
     s(2S/4S) =  0.001351
     s(2P/2P) =  1.000000  <r> =   0.1840  <r2> =    0.0414  r(max) =   0.1417
     s(2P/3P) =  0.006889
     s(2P/4P) =  0.001064
     s(3S/3S) =  1.000000  <r> =   0.6339  <r2> =    0.4631  r(max) =   0.5523
     s(3S/4S) =  0.010412
     s(3P/3P) =  1.000000  <r> =   0.6483  <r2> =    0.4941  r(max) =   0.5479
     s(3P/4P) =  0.009954
     s(3D/3D) =  1.000000  <r> =   0.7114  <r2> =    0.6404  r(max) =   0.4977
     s(4S/4S) =  1.000000  <r> =   2.1023  <r2> =    5.0842  r(max) =   1.7617
     s(4P/4P) =  1.000000  <r> =   3.7316  <r2> =   17.7122  r(max) =   2.8699

     ------------------------ End of All-electron run ------------------------


     occupation(    8 ) =  2.000   number of electrons =     32.000
     --------------------------- All-electron run ----------------------------

     Ge                                                                         

     atomic number is 32.00
     dft =LDA   lsd =1 sic =1 latt =0  beta=0.30 tr2=1.0E-14 fref=5.0E-01 rhobarfact=1.0E+00
     mesh =1759 r(mesh) =  99.31177 xmin = -6.00 dx = 0.00800
     1 Ry =  13.60569193 eV

     n l     nl                  e(Ry)          e(Ha)          e(eV)
     1 0     1S 1( 1.00)      -806.8622      -403.4311    -10977.9179
     2 0     2S 1( 1.00)      -100.9400       -50.4700     -1373.3587
     2 1     2P 1( 3.00)       -90.9460       -45.4730     -1237.3837
     3 0     3S 1( 1.00)       -12.7706        -6.3853      -173.7528
     3 1     3P 1( 3.00)        -9.2289        -4.6145      -125.5657
     3 2     3D 1( 5.00)        -3.0209        -1.5104       -41.1009
     4 0     4S 1( 1.00)        -1.1846        -0.5923       -16.1171
     4 1     4P 1( 2.00)        -0.5711        -0.2856        -7.7702
     1 0     1S 2( 1.00)      -806.8559      -403.4280    -10977.8329
     2 0     2S 2( 1.00)      -100.9374       -50.4687     -1373.3231
     2 1     2P 2( 3.00)       -90.9415       -45.4707     -1237.3220
     3 0     3S 2( 1.00)       -12.7644        -6.3822      -173.6678
     3 1     3P 2( 3.00)        -9.2218        -4.6109      -125.4686
     3 2     3D 2( 5.00)        -3.0108        -1.5054       -40.9640
     4 0     4S 2( 1.00)        -1.0742        -0.5371       -14.6156
     4 1     4P 2( 0.00)        -0.0000        -0.0000        -0.0000

     eps = 7.2E-15  iter = 48

     Etot =   -4148.290213 Ry,   -2074.145107 Ha,  -56440.358677 eV
     Total magnetization:    2.00 Bohr mag. 

     Ekin =    4195.979574 Ry,    2097.989787 Ha,   57089.205433 eV
     Encl =  -10003.567654 Ry,   -5001.783827 Ha, -136105.459700 eV
     Eh   =    1813.115162 Ry,     906.557581 Ha,   24668.686327 eV
     Exc  =    -152.921764 Ry,     -76.460882 Ha,   -2080.606417 eV

     SIC information:
     Esich=       0.000000 Ry,       0.000000 Ha,       0.000000 eV
     Esicxc=     -0.895531 Ry,      -0.447766 Ha,     -12.184319 eV
     Esictot=    -0.895531 Ry,      -0.447766 Ha,     -12.184319 eV

     tot-Exc=  -152.026233 Ry,     -76.013117 Ha,   -2068.422098 eV
     int-Exc=  -153.817296 Ry,     -76.908648 Ha,   -2092.790736 eV
     int-Eh=   1813.115162 Ry,     906.557581 Ha,   24668.686327 eV


     normalization and overlap integrals

     s(1S/1S) =  1.000000  <r> =   0.0476  <r2> =    0.0030  r(max) =   0.0315
     s(1S/2S) =  0.004137
     s(1S/3S) =  0.001438
     s(1S/4S) =  0.000412
     s(2S/2S) =  1.000000  <r> =   0.2133  <r2> =    0.0536  r(max) =   0.1788
     s(2S/3S) =  0.005034
     s(2S/4S) =  0.001341
     s(2P/2P) =  1.000000  <r> =   0.1840  <r2> =    0.0414  r(max) =   0.1417
     s(2P/3P) =  0.006887
     s(2P/4P) =  0.001470
     s(3S/3S) =  1.000000  <r> =   0.6341  <r2> =    0.4635  r(max) =   0.5523
     s(3S/4S) =  0.010402
     s(3P/3P) =  1.000000  <r> =   0.6487  <r2> =    0.4949  r(max) =   0.5479
     s(3P/4P) =  0.012401
     s(3D/3D) =  1.000000  <r> =   0.7150  <r2> =    0.6488  r(max) =   0.4977
     s(4S/4S) =  1.000000  <r> =   2.1046  <r2> =    5.0797  r(max) =   1.7758
     s(4P/4P) =  1.000000  <r> =   2.7076  <r2> =    8.5399  r(max) =   2.1864
     s(1S/1S) =  1.000000  <r> =   0.0476  <r2> =    0.0030  r(max) =   0.0315
     s(1S/2S) =  0.004138
     s(1S/3S) =  0.001438
     s(1S/4S) =  0.000415
     s(2S/2S) =  1.000000  <r> =   0.2133  <r2> =    0.0536  r(max) =   0.1788
     s(2S/3S) =  0.005035
     s(2S/4S) =  0.001351
     s(2P/2P) =  1.000000  <r> =   0.1840  <r2> =    0.0414  r(max) =   0.1417
     s(2P/3P) =  0.006889
     s(2P/4P) =  0.001064
     s(3S/3S) =  1.000000  <r> =   0.6339  <r2> =    0.4631  r(max) =   0.5523
     s(3S/4S) =  0.010412
     s(3P/3P) =  1.000000  <r> =   0.6483  <r2> =    0.4941  r(max) =   0.5479
     s(3P/4P) =  0.009954
     s(3D/3D) =  1.000000  <r> =   0.7114  <r2> =    0.6404  r(max) =   0.4977
     s(4S/4S) =  1.000000  <r> =   2.1023  <r2> =    5.0842  r(max) =   1.7617
     s(4P/4P) =  1.000000  <r> =   3.7316  <r2> =   17.7122  r(max) =   2.8699

     ------------------------ End of All-electron run ------------------------

