
     Program LD1       v.4.1    starts ...
     Today is 19Sep2009 at 18:26:54 
     --------------------------- All-electron run ----------------------------

     Mg                                                                         

     atomic number is  4.00
     dft =LDA   lsd =1 sic =1 latt =0  beta=1.00 tr2=1.0E-14 fref=0.0E+00 rhobarfact=0.0E+00
     mesh =1499 r(mesh) =  99.25632 xmin = -6.00 dx = 0.00800
     1 Ry =  13.60569193 eV

     n l     nl                  e(Ry)          e(Ha)          e(eV)
     1 0     1S 1( 1.00)        -9.4967        -4.7483      -129.2089
     2 0     2S 1( 1.00)        -0.6556        -0.3278        -8.9193
     1 0     1S 2( 1.00)        -9.4967        -4.7483      -129.2089
     2 0     2S 2( 1.00)        -0.6556        -0.3278        -8.9193

     eps = 1.6E-16  iter =  9

     Etot =     -29.387720 Ry,     -14.693860 Ha,    -399.840259 eV
     Total magnetization:    0.00 Bohr mag. 

     Ekin =      29.243110 Ry,      14.621555 Ha,     397.872745 eV
     Encl =     -67.417250 Ry,     -33.708625 Ha,    -917.258340 eV
     Eh   =      14.374718 Ry,       7.187359 Ha,     195.577985 eV
     Exc  =      -5.087836 Ry,      -2.543918 Ha,     -69.223534 eV

     SIC information:
     Esich=      -5.215153 Ry,      -2.607576 Ha,     -70.955763 eV
     Esicxc=      4.714692 Ry,       2.357346 Ha,      64.146648 eV
     Esictot=    -0.500461 Ry,      -0.250230 Ha,      -6.809115 eV

     tot-Exc=    -4.587376 Ry,      -2.293688 Ha,     -62.414419 eV
     int-Exc=    -0.373144 Ry,      -0.186572 Ha,      -5.076885 eV
     int-Eh=      9.159565 Ry,       4.579783 Ha,     124.622221 eV


     normalization and overlap integrals

     s(1S/1S) =  1.000000  <r> =   0.4176  <r2> =    0.2366  r(max) =   0.2687
     s(1S/2S) =  0.017548
     s(2S/2S) =  1.000000  <r> =   2.6228  <r2> =    8.2620  r(max) =   2.0497
     s(1S/1S) =  1.000000  <r> =   0.4176  <r2> =    0.2366  r(max) =   0.2687
     s(1S/2S) =  0.017548
     s(2S/2S) =  1.000000  <r> =   2.6228  <r2> =    8.2620  r(max) =   2.0497

     ------------------------ End of All-electron run ------------------------


     occupation(    2 ) =  0.000   number of electrons =      3.000
     --------------------------- All-electron run ----------------------------

     Mg                                                                         

     atomic number is  4.00
     dft =LDA   lsd =1 sic =1 latt =0  beta=1.00 tr2=1.0E-14 fref=0.0E+00 rhobarfact=0.0E+00
     mesh =1499 r(mesh) =  99.25632 xmin = -6.00 dx = 0.00800
     1 Ry =  13.60569193 eV

     n l     nl                  e(Ry)          e(Ha)          e(eV)
     1 0     1S 1( 1.00)        -9.4967        -4.7483      -129.2089
     2 0     2S 1( 0.00)        -0.6556        -0.3278        -8.9193
     1 0     1S 2( 1.00)        -9.4967        -4.7483      -129.2089
     2 0     2S 2( 1.00)        -0.6556        -0.3278        -8.9193

     eps = 1.6E-16  iter =  9

     Etot =     -28.693255 Ry,     -14.346628 Ha,    -390.391592 eV
     Total magnetization:   -1.00 Bohr mag. 

     Ekin =      28.085735 Ry,      14.042867 Ha,     382.125854 eV
     Encl =     -63.044536 Ry,     -31.522268 Ha,    -857.764536 eV
     Eh   =      11.363145 Ry,       5.681572 Ha,     154.603448 eV
     Exc  =      -4.603184 Ry,      -2.301592 Ha,     -62.629502 eV

     SIC information:
     Esich=      -4.868697 Ry,      -2.434349 Ha,     -66.241994 eV
     Esicxc=      4.374282 Ry,       2.187141 Ha,      59.515137 eV
     Esictot=    -0.494415 Ry,      -0.247207 Ha,      -6.726858 eV

     tot-Exc=    -4.108769 Ry,      -2.054384 Ha,     -55.902644 eV
     int-Exc=    -0.228902 Ry,      -0.114451 Ha,      -3.114365 eV
     int-Eh=      6.494448 Ry,       3.247224 Ha,      88.361454 eV


     normalization and overlap integrals

     s(1S/1S) =  1.000000  <r> =   0.4176  <r2> =    0.2366  r(max) =   0.2687
     s(1S/2S) =  0.017548
     s(2S/2S) =  1.000000  <r> =   2.6228  <r2> =    8.2620  r(max) =   2.0497
     s(1S/1S) =  1.000000  <r> =   0.4176  <r2> =    0.2366  r(max) =   0.2687
     s(1S/2S) =  0.017548
     s(2S/2S) =  1.000000  <r> =   2.6228  <r2> =    8.2620  r(max) =   2.0497

     ------------------------ End of All-electron run ------------------------


     occupation(    2 ) =  0.050   number of electrons =      3.050
     --------------------------- All-electron run ----------------------------

     Mg                                                                         

     atomic number is  4.00
     dft =LDA   lsd =1 sic =1 latt =0  beta=1.00 tr2=1.0E-14 fref=0.0E+00 rhobarfact=0.0E+00
     mesh =1499 r(mesh) =  99.25632 xmin = -6.00 dx = 0.00800
     1 Ry =  13.60569193 eV

     n l     nl                  e(Ry)          e(Ha)          e(eV)
     1 0     1S 1( 1.00)        -9.4967        -4.7483      -129.2089
     2 0     2S 1( 0.05)        -0.6556        -0.3278        -8.9193
     1 0     1S 2( 1.00)        -9.4967        -4.7483      -129.2089
     2 0     2S 2( 1.00)        -0.6556        -0.3278        -8.9193

     eps = 1.6E-16  iter =  9

     Etot =     -28.733083 Ry,     -14.366542 Ha,    -390.933482 eV
     Total magnetization:   -0.95 Bohr mag. 

     Ekin =      28.143603 Ry,      14.071802 Ha,     382.913199 eV
     Encl =     -63.263172 Ry,     -31.631586 Ha,    -860.739226 eV
     Eh   =      11.497267 Ry,       5.748633 Ha,     156.428271 eV
     Exc  =      -4.622128 Ry,      -2.311064 Ha,     -62.887246 eV

     SIC information:
     Esich=      -4.869563 Ry,      -2.434782 Ha,     -66.253779 eV
     Esicxc=      4.380909 Ry,       2.190454 Ha,      59.605298 eV
     Esictot=    -0.488654 Ry,      -0.244327 Ha,      -6.648481 eV

     tot-Exc=    -4.133473 Ry,      -2.066737 Ha,     -56.238765 eV
     int-Exc=    -0.241219 Ry,      -0.120609 Ha,      -3.281947 eV
     int-Eh=      6.627704 Ry,       3.313852 Ha,      90.174492 eV


     normalization and overlap integrals

     s(1S/1S) =  1.000000  <r> =   0.4176  <r2> =    0.2366  r(max) =   0.2687
     s(1S/2S) =  0.017548
     s(2S/2S) =  1.000000  <r> =   2.6228  <r2> =    8.2620  r(max) =   2.0497
     s(1S/1S) =  1.000000  <r> =   0.4176  <r2> =    0.2366  r(max) =   0.2687
     s(1S/2S) =  0.017548
     s(2S/2S) =  1.000000  <r> =   2.6228  <r2> =    8.2620  r(max) =   2.0497

     ------------------------ End of All-electron run ------------------------


     occupation(    2 ) =  0.100   number of electrons =      3.100
     --------------------------- All-electron run ----------------------------

     Mg                                                                         

     atomic number is  4.00
     dft =LDA   lsd =1 sic =1 latt =0  beta=1.00 tr2=1.0E-14 fref=0.0E+00 rhobarfact=0.0E+00
     mesh =1499 r(mesh) =  99.25632 xmin = -6.00 dx = 0.00800
     1 Ry =  13.60569193 eV

     n l     nl                  e(Ry)          e(Ha)          e(eV)
     1 0     1S 1( 1.00)        -9.4967        -4.7483      -129.2089
     2 0     2S 1( 0.10)        -0.6556        -0.3278        -8.9193
     1 0     1S 2( 1.00)        -9.4967        -4.7483      -129.2089
     2 0     2S 2( 1.00)        -0.6556        -0.3278        -8.9193

     eps = 1.6E-16  iter =  9

     Etot =     -28.770973 Ry,     -14.385487 Ha,    -391.448995 eV
     Total magnetization:   -0.90 Bohr mag. 

     Ekin =      28.201472 Ry,      14.100736 Ha,     383.700543 eV
     Encl =     -63.481807 Ry,     -31.740904 Ha,    -863.713916 eV
     Eh   =      11.633121 Ry,       5.816561 Ha,     158.276663 eV
     Exc  =      -4.642359 Ry,      -2.321179 Ha,     -63.162502 eV

     SIC information:
     Esich=      -4.872162 Ry,      -2.436081 Ha,     -66.289132 eV
     Esicxc=      4.390762 Ry,       2.195381 Ha,      59.739349 eV
     Esictot=    -0.481400 Ry,      -0.240700 Ha,      -6.549783 eV

     tot-Exc=    -4.160958 Ry,      -2.080479 Ha,     -56.612719 eV
     int-Exc=    -0.251597 Ry,      -0.125799 Ha,      -3.423154 eV
     int-Eh=      6.760959 Ry,       3.380480 Ha,      91.987531 eV


     normalization and overlap integrals

     s(1S/1S) =  1.000000  <r> =   0.4176  <r2> =    0.2366  r(max) =   0.2687
     s(1S/2S) =  0.017548
     s(2S/2S) =  1.000000  <r> =   2.6228  <r2> =    8.2620  r(max) =   2.0497
     s(1S/1S) =  1.000000  <r> =   0.4176  <r2> =    0.2366  r(max) =   0.2687
     s(1S/2S) =  0.017548
     s(2S/2S) =  1.000000  <r> =   2.6228  <r2> =    8.2620  r(max) =   2.0497

     ------------------------ End of All-electron run ------------------------


     occupation(    2 ) =  0.150   number of electrons =      3.150
     --------------------------- All-electron run ----------------------------

     Mg                                                                         

     atomic number is  4.00
     dft =LDA   lsd =1 sic =1 latt =0  beta=1.00 tr2=1.0E-14 fref=0.0E+00 rhobarfact=0.0E+00
     mesh =1499 r(mesh) =  99.25632 xmin = -6.00 dx = 0.00800
     1 Ry =  13.60569193 eV

     n l     nl                  e(Ry)          e(Ha)          e(eV)
     1 0     1S 1( 1.00)        -9.4967        -4.7483      -129.2089
     2 0     2S 1( 0.15)        -0.6556        -0.3278        -8.9193
     1 0     1S 2( 1.00)        -9.4967        -4.7483      -129.2089
     2 0     2S 2( 1.00)        -0.6556        -0.3278        -8.9193

     eps = 1.6E-16  iter =  9

     Etot =     -28.807927 Ry,     -14.403963 Ha,    -391.951774 eV
     Total magnetization:   -0.85 Bohr mag. 

     Ekin =      28.259341 Ry,      14.129671 Ha,     384.487888 eV
     Encl =     -63.700443 Ry,     -31.850222 Ha,    -866.688606 eV
     Eh   =      11.770708 Ry,       5.885354 Ha,     160.148623 eV
     Exc  =      -4.663401 Ry,      -2.331701 Ha,     -63.448798 eV

     SIC information:
     Esich=      -4.876492 Ry,      -2.438246 Ha,     -66.348054 eV
     Esicxc=      4.402361 Ry,       2.201181 Ha,      59.897172 eV
     Esictot=    -0.474131 Ry,      -0.237066 Ha,      -6.450882 eV

     tot-Exc=    -4.189270 Ry,      -2.094635 Ha,     -56.997916 eV
     int-Exc=    -0.261040 Ry,      -0.130520 Ha,      -3.551625 eV
     int-Eh=      6.894215 Ry,       3.447108 Ha,      93.800569 eV


     normalization and overlap integrals

     s(1S/1S) =  1.000000  <r> =   0.4176  <r2> =    0.2366  r(max) =   0.2687
     s(1S/2S) =  0.017548
     s(2S/2S) =  1.000000  <r> =   2.6228  <r2> =    8.2620  r(max) =   2.0497
     s(1S/1S) =  1.000000  <r> =   0.4176  <r2> =    0.2366  r(max) =   0.2687
     s(1S/2S) =  0.017548
     s(2S/2S) =  1.000000  <r> =   2.6228  <r2> =    8.2620  r(max) =   2.0497

     ------------------------ End of All-electron run ------------------------


     occupation(    2 ) =  0.200   number of electrons =      3.200
     --------------------------- All-electron run ----------------------------

     Mg                                                                         

     atomic number is  4.00
     dft =LDA   lsd =1 sic =1 latt =0  beta=1.00 tr2=1.0E-14 fref=0.0E+00 rhobarfact=0.0E+00
     mesh =1499 r(mesh) =  99.25632 xmin = -6.00 dx = 0.00800
     1 Ry =  13.60569193 eV

     n l     nl                  e(Ry)          e(Ha)          e(eV)
     1 0     1S 1( 1.00)        -9.4967        -4.7483      -129.2089
     2 0     2S 1( 0.20)        -0.6556        -0.3278        -8.9193
     1 0     1S 2( 1.00)        -9.4967        -4.7483      -129.2089
     2 0     2S 2( 1.00)        -0.6556        -0.3278        -8.9193

     eps = 1.6E-16  iter =  9

     Etot =     -28.844229 Ry,     -14.422114 Ha,    -392.445692 eV
     Total magnetization:   -0.80 Bohr mag. 

     Ekin =      28.317210 Ry,      14.158605 Ha,     385.275232 eV
     Encl =     -63.919079 Ry,     -31.959539 Ha,    -869.663296 eV
     Eh   =      11.910027 Ry,       5.955013 Ha,     162.044153 eV
     Exc  =      -4.685096 Ry,      -2.342548 Ha,     -63.743974 eV

     SIC information:
     Esich=      -4.882555 Ry,      -2.441278 Ha,     -66.430545 eV
     Esicxc=      4.415265 Ry,       2.207633 Ha,      60.072739 eV
     Esictot=    -0.467290 Ry,      -0.233645 Ha,      -6.357806 eV

     tot-Exc=    -4.217806 Ry,      -2.108903 Ha,     -57.386168 eV
     int-Exc=    -0.269831 Ry,      -0.134915 Ha,      -3.671235 eV
     int-Eh=      7.027471 Ry,       3.513736 Ha,      95.613608 eV


     normalization and overlap integrals

     s(1S/1S) =  1.000000  <r> =   0.4176  <r2> =    0.2366  r(max) =   0.2687
     s(1S/2S) =  0.017548
     s(2S/2S) =  1.000000  <r> =   2.6228  <r2> =    8.2620  r(max) =   2.0497
     s(1S/1S) =  1.000000  <r> =   0.4176  <r2> =    0.2366  r(max) =   0.2687
     s(1S/2S) =  0.017548
     s(2S/2S) =  1.000000  <r> =   2.6228  <r2> =    8.2620  r(max) =   2.0497

     ------------------------ End of All-electron run ------------------------


     occupation(    2 ) =  0.250   number of electrons =      3.250
     --------------------------- All-electron run ----------------------------

     Mg                                                                         

     atomic number is  4.00
     dft =LDA   lsd =1 sic =1 latt =0  beta=1.00 tr2=1.0E-14 fref=0.0E+00 rhobarfact=0.0E+00
     mesh =1499 r(mesh) =  99.25632 xmin = -6.00 dx = 0.00800
     1 Ry =  13.60569193 eV

     n l     nl                  e(Ry)          e(Ha)          e(eV)
     1 0     1S 1( 1.00)        -9.4967        -4.7483      -129.2089
     2 0     2S 1( 0.25)        -0.6556        -0.3278        -8.9193
     1 0     1S 2( 1.00)        -9.4967        -4.7483      -129.2089
     2 0     2S 2( 1.00)        -0.6556        -0.3278        -8.9193

     eps = 1.6E-16  iter =  9

     Etot =     -28.880026 Ry,     -14.440013 Ha,    -392.932741 eV
     Total magnetization:   -0.75 Bohr mag. 

     Ekin =      28.375079 Ry,      14.187539 Ha,     386.062577 eV
     Encl =     -64.137715 Ry,     -32.068857 Ha,    -872.637987 eV
     Eh   =      12.051078 Ry,       6.025539 Ha,     163.963251 eV
     Exc  =      -4.707355 Ry,      -2.353678 Ha,     -64.046826 eV

     SIC information:
     Esich=      -4.890351 Ry,      -2.445175 Ha,     -66.536605 eV
     Esicxc=      4.429238 Ry,       2.214619 Ha,      60.262850 eV
     Esictot=    -0.461113 Ry,      -0.230556 Ha,      -6.273755 eV

     tot-Exc=    -4.246243 Ry,      -2.123121 Ha,     -57.773071 eV
     int-Exc=    -0.278117 Ry,      -0.139059 Ha,      -3.783977 eV
     int-Eh=      7.160727 Ry,       3.580364 Ha,      97.426646 eV


     normalization and overlap integrals

     s(1S/1S) =  1.000000  <r> =   0.4176  <r2> =    0.2366  r(max) =   0.2687
     s(1S/2S) =  0.017548
     s(2S/2S) =  1.000000  <r> =   2.6228  <r2> =    8.2620  r(max) =   2.0497
     s(1S/1S) =  1.000000  <r> =   0.4176  <r2> =    0.2366  r(max) =   0.2687
     s(1S/2S) =  0.017548
     s(2S/2S) =  1.000000  <r> =   2.6228  <r2> =    8.2620  r(max) =   2.0497

     ------------------------ End of All-electron run ------------------------


     occupation(    2 ) =  0.300   number of electrons =      3.300
     --------------------------- All-electron run ----------------------------

     Mg                                                                         

     atomic number is  4.00
     dft =LDA   lsd =1 sic =1 latt =0  beta=1.00 tr2=1.0E-14 fref=0.0E+00 rhobarfact=0.0E+00
     mesh =1499 r(mesh) =  99.25632 xmin = -6.00 dx = 0.00800
     1 Ry =  13.60569193 eV

     n l     nl                  e(Ry)          e(Ha)          e(eV)
     1 0     1S 1( 1.00)        -9.4967        -4.7483      -129.2089
     2 0     2S 1( 0.30)        -0.6556        -0.3278        -8.9193
     1 0     1S 2( 1.00)        -9.4967        -4.7483      -129.2089
     2 0     2S 2( 1.00)        -0.6556        -0.3278        -8.9193

     eps = 1.6E-16  iter =  9

     Etot =     -28.915415 Ry,     -14.457708 Ha,    -393.414229 eV
     Total magnetization:   -0.70 Bohr mag. 

     Ekin =      28.432947 Ry,      14.216474 Ha,     386.849921 eV
     Encl =     -64.356350 Ry,     -32.178175 Ha,    -875.612677 eV
     Eh   =      12.193861 Ry,       6.096931 Ha,     165.905918 eV
     Exc  =      -4.730120 Ry,      -2.365060 Ha,     -64.356556 eV

     SIC information:
     Esich=      -4.899878 Ry,      -2.449939 Ha,     -66.666234 eV
     Esicxc=      4.444125 Ry,       2.222063 Ha,      60.465399 eV
     Esictot=    -0.455753 Ry,      -0.227876 Ha,      -6.200835 eV

     tot-Exc=    -4.274367 Ry,      -2.137184 Ha,     -58.155721 eV
     int-Exc=    -0.285995 Ry,      -0.142997 Ha,      -3.891157 eV
     int-Eh=      7.293983 Ry,       3.646991 Ha,      99.239684 eV


     normalization and overlap integrals

     s(1S/1S) =  1.000000  <r> =   0.4176  <r2> =    0.2366  r(max) =   0.2687
     s(1S/2S) =  0.017548
     s(2S/2S) =  1.000000  <r> =   2.6228  <r2> =    8.2620  r(max) =   2.0497
     s(1S/1S) =  1.000000  <r> =   0.4176  <r2> =    0.2366  r(max) =   0.2687
     s(1S/2S) =  0.017548
     s(2S/2S) =  1.000000  <r> =   2.6228  <r2> =    8.2620  r(max) =   2.0497

     ------------------------ End of All-electron run ------------------------


     occupation(    2 ) =  0.350   number of electrons =      3.350
     --------------------------- All-electron run ----------------------------

     Mg                                                                         

     atomic number is  4.00
     dft =LDA   lsd =1 sic =1 latt =0  beta=1.00 tr2=1.0E-14 fref=0.0E+00 rhobarfact=0.0E+00
     mesh =1499 r(mesh) =  99.25632 xmin = -6.00 dx = 0.00800
     1 Ry =  13.60569193 eV

     n l     nl                  e(Ry)          e(Ha)          e(eV)
     1 0     1S 1( 1.00)        -9.4967        -4.7483      -129.2089
     2 0     2S 1( 0.35)        -0.6556        -0.3278        -8.9193
     1 0     1S 2( 1.00)        -9.4967        -4.7483      -129.2089
     2 0     2S 2( 1.00)        -0.6556        -0.3278        -8.9193

     eps = 1.6E-16  iter =  9

     Etot =     -28.950461 Ry,     -14.475230 Ha,    -393.891047 eV
     Total magnetization:   -0.65 Bohr mag. 

     Ekin =      28.490816 Ry,      14.245408 Ha,     387.637266 eV
     Encl =     -64.574986 Ry,     -32.287493 Ha,    -878.587367 eV
     Eh   =      12.338377 Ry,       6.169188 Ha,     167.872154 eV
     Exc  =      -4.753348 Ry,      -2.376674 Ha,     -64.672585 eV

     SIC information:
     Esich=      -4.911138 Ry,      -2.455569 Ha,     -66.819431 eV
     Esicxc=      4.459819 Ry,       2.229909 Ha,      60.678917 eV
     Esictot=    -0.451320 Ry,      -0.225660 Ha,      -6.140514 eV

     tot-Exc=    -4.302028 Ry,      -2.151014 Ha,     -58.532071 eV
     int-Exc=    -0.293529 Ry,      -0.146765 Ha,      -3.993668 eV
     int-Eh=      7.427239 Ry,       3.713619 Ha,     101.052723 eV


     normalization and overlap integrals

     s(1S/1S) =  1.000000  <r> =   0.4176  <r2> =    0.2366  r(max) =   0.2687
     s(1S/2S) =  0.017548
     s(2S/2S) =  1.000000  <r> =   2.6228  <r2> =    8.2620  r(max) =   2.0497
     s(1S/1S) =  1.000000  <r> =   0.4176  <r2> =    0.2366  r(max) =   0.2687
     s(1S/2S) =  0.017548
     s(2S/2S) =  1.000000  <r> =   2.6228  <r2> =    8.2620  r(max) =   2.0497

     ------------------------ End of All-electron run ------------------------


     occupation(    2 ) =  0.400   number of electrons =      3.400
     --------------------------- All-electron run ----------------------------

     Mg                                                                         

     atomic number is  4.00
     dft =LDA   lsd =1 sic =1 latt =0  beta=1.00 tr2=1.0E-14 fref=0.0E+00 rhobarfact=0.0E+00
     mesh =1499 r(mesh) =  99.25632 xmin = -6.00 dx = 0.00800
     1 Ry =  13.60569193 eV

     n l     nl                  e(Ry)          e(Ha)          e(eV)
     1 0     1S 1( 1.00)        -9.4967        -4.7483      -129.2089
     2 0     2S 1( 0.40)        -0.6556        -0.3278        -8.9193
     1 0     1S 2( 1.00)        -9.4967        -4.7483      -129.2089
     2 0     2S 2( 1.00)        -0.6556        -0.3278        -8.9193

     eps = 1.6E-16  iter =  9

     Etot =     -28.985208 Ry,     -14.492604 Ha,    -394.363811 eV
     Total magnetization:   -0.60 Bohr mag. 

     Ekin =      28.548685 Ry,      14.274342 Ha,     388.424610 eV
     Encl =     -64.793622 Ry,     -32.396811 Ha,    -881.562057 eV
     Eh   =      12.484625 Ry,       6.242312 Ha,     169.861958 eV
     Exc  =      -4.777006 Ry,      -2.388503 Ha,     -64.994467 eV

     SIC information:
     Esich=      -4.924130 Ry,      -2.462065 Ha,     -66.996197 eV
     Esicxc=      4.476240 Ry,       2.238120 Ha,      60.902342 eV
     Esictot=    -0.447890 Ry,      -0.223945 Ha,      -6.093855 eV

     tot-Exc=    -4.329116 Ry,      -2.164558 Ha,     -58.900612 eV
     int-Exc=    -0.300766 Ry,      -0.150383 Ha,      -4.092125 eV
     int-Eh=      7.560495 Ry,       3.780247 Ha,     102.865761 eV


     normalization and overlap integrals

     s(1S/1S) =  1.000000  <r> =   0.4176  <r2> =    0.2366  r(max) =   0.2687
     s(1S/2S) =  0.017548
     s(2S/2S) =  1.000000  <r> =   2.6228  <r2> =    8.2620  r(max) =   2.0497
     s(1S/1S) =  1.000000  <r> =   0.4176  <r2> =    0.2366  r(max) =   0.2687
     s(1S/2S) =  0.017548
     s(2S/2S) =  1.000000  <r> =   2.6228  <r2> =    8.2620  r(max) =   2.0497

     ------------------------ End of All-electron run ------------------------


     occupation(    2 ) =  0.450   number of electrons =      3.450
     --------------------------- All-electron run ----------------------------

     Mg                                                                         

     atomic number is  4.00
     dft =LDA   lsd =1 sic =1 latt =0  beta=1.00 tr2=1.0E-14 fref=0.0E+00 rhobarfact=0.0E+00
     mesh =1499 r(mesh) =  99.25632 xmin = -6.00 dx = 0.00800
     1 Ry =  13.60569193 eV

     n l     nl                  e(Ry)          e(Ha)          e(eV)
     1 0     1S 1( 1.00)        -9.4967        -4.7483      -129.2089
     2 0     2S 1( 0.45)        -0.6556        -0.3278        -8.9193
     1 0     1S 2( 1.00)        -9.4967        -4.7483      -129.2089
     2 0     2S 2( 1.00)        -0.6556        -0.3278        -8.9193

     eps = 1.6E-16  iter =  9

     Etot =     -29.019697 Ry,     -14.509849 Ha,    -394.833057 eV
     Total magnetization:   -0.55 Bohr mag. 

     Ekin =      28.606554 Ry,      14.303277 Ha,     389.211955 eV
     Encl =     -65.012258 Ry,     -32.506129 Ha,    -884.536748 eV
     Eh   =      12.632605 Ry,       6.316302 Ha,     171.875332 eV
     Exc  =      -4.801068 Ry,      -2.400534 Ha,     -65.321846 eV

     SIC information:
     Esich=      -4.938854 Ry,      -2.469427 Ha,     -67.196533 eV
     Esicxc=      4.493324 Ry,       2.246662 Ha,      61.134782 eV
     Esictot=    -0.445531 Ry,      -0.222765 Ha,      -6.061751 eV

     tot-Exc=    -4.355537 Ry,      -2.177769 Ha,     -59.260095 eV
     int-Exc=    -0.307744 Ry,      -0.153872 Ha,      -4.187064 eV
     int-Eh=      7.693751 Ry,       3.846875 Ha,     104.678799 eV


     normalization and overlap integrals

     s(1S/1S) =  1.000000  <r> =   0.4176  <r2> =    0.2366  r(max) =   0.2687
     s(1S/2S) =  0.017548
     s(2S/2S) =  1.000000  <r> =   2.6228  <r2> =    8.2620  r(max) =   2.0497
     s(1S/1S) =  1.000000  <r> =   0.4176  <r2> =    0.2366  r(max) =   0.2687
     s(1S/2S) =  0.017548
     s(2S/2S) =  1.000000  <r> =   2.6228  <r2> =    8.2620  r(max) =   2.0497

     ------------------------ End of All-electron run ------------------------


     occupation(    2 ) =  0.500   number of electrons =      3.500
     --------------------------- All-electron run ----------------------------

     Mg                                                                         

     atomic number is  4.00
     dft =LDA   lsd =1 sic =1 latt =0  beta=1.00 tr2=1.0E-14 fref=0.0E+00 rhobarfact=0.0E+00
     mesh =1499 r(mesh) =  99.25632 xmin = -6.00 dx = 0.00800
     1 Ry =  13.60569193 eV

     n l     nl                  e(Ry)          e(Ha)          e(eV)
     1 0     1S 1( 1.00)        -9.4967        -4.7483      -129.2089
     2 0     2S 1( 0.50)        -0.6556        -0.3278        -8.9193
     1 0     1S 2( 1.00)        -9.4967        -4.7483      -129.2089
     2 0     2S 2( 1.00)        -0.6556        -0.3278        -8.9193

     eps = 1.6E-16  iter =  9

     Etot =     -29.053957 Ry,     -14.526978 Ha,    -395.299187 eV
     Total magnetization:   -0.50 Bohr mag. 

     Ekin =      28.664422 Ry,      14.332211 Ha,     389.999300 eV
     Encl =     -65.230893 Ry,     -32.615447 Ha,    -887.511438 eV
     Eh   =      12.782318 Ry,       6.391159 Ha,     173.912274 eV
     Exc  =      -4.825512 Ry,      -2.412756 Ha,     -65.654424 eV

     SIC information:
     Esich=      -4.955311 Ry,      -2.477656 Ha,     -67.420437 eV
     Esicxc=      4.511019 Ry,       2.255510 Ha,      61.375538 eV
     Esictot=    -0.444292 Ry,      -0.222146 Ha,      -6.044899 eV

     tot-Exc=    -4.381220 Ry,      -2.190610 Ha,     -59.609526 eV
     int-Exc=    -0.314492 Ry,      -0.157246 Ha,      -4.278886 eV
     int-Eh=      7.827006 Ry,       3.913503 Ha,     106.491838 eV


     normalization and overlap integrals

     s(1S/1S) =  1.000000  <r> =   0.4176  <r2> =    0.2366  r(max) =   0.2687
     s(1S/2S) =  0.017548
     s(2S/2S) =  1.000000  <r> =   2.6228  <r2> =    8.2620  r(max) =   2.0497
     s(1S/1S) =  1.000000  <r> =   0.4176  <r2> =    0.2366  r(max) =   0.2687
     s(1S/2S) =  0.017548
     s(2S/2S) =  1.000000  <r> =   2.6228  <r2> =    8.2620  r(max) =   2.0497

     ------------------------ End of All-electron run ------------------------


     occupation(    2 ) =  0.550   number of electrons =      3.550
     --------------------------- All-electron run ----------------------------

     Mg                                                                         

     atomic number is  4.00
     dft =LDA   lsd =1 sic =1 latt =0  beta=1.00 tr2=1.0E-14 fref=0.0E+00 rhobarfact=0.0E+00
     mesh =1499 r(mesh) =  99.25632 xmin = -6.00 dx = 0.00800
     1 Ry =  13.60569193 eV

     n l     nl                  e(Ry)          e(Ha)          e(eV)
     1 0     1S 1( 1.00)        -9.4967        -4.7483      -129.2089
     2 0     2S 1( 0.55)        -0.6556        -0.3278        -8.9193
     1 0     1S 2( 1.00)        -9.4967        -4.7483      -129.2089
     2 0     2S 2( 1.00)        -0.6556        -0.3278        -8.9193

     eps = 1.6E-16  iter =  9

     Etot =     -29.088010 Ry,     -14.544005 Ha,    -395.762503 eV
     Total magnetization:   -0.45 Bohr mag. 

     Ekin =      28.722291 Ry,      14.361146 Ha,     390.786644 eV
     Encl =     -65.449529 Ry,     -32.724764 Ha,    -890.486128 eV
     Eh   =      12.933762 Ry,       6.466881 Ha,     175.972785 eV
     Exc  =      -4.850319 Ry,      -2.425160 Ha,     -65.991951 eV

     SIC information:
     Esich=      -4.973500 Ry,      -2.486750 Ha,     -67.667909 eV
     Esicxc=      4.529285 Ry,       2.264642 Ha,      61.624056 eV
     Esictot=    -0.444215 Ry,      -0.222108 Ha,      -6.043854 eV

     tot-Exc=    -4.406104 Ry,      -2.203052 Ha,     -59.948097 eV
     int-Exc=    -0.321034 Ry,      -0.160517 Ha,      -4.367895 eV
     int-Eh=      7.960262 Ry,       3.980131 Ha,     108.304876 eV


     normalization and overlap integrals

     s(1S/1S) =  1.000000  <r> =   0.4176  <r2> =    0.2366  r(max) =   0.2687
     s(1S/2S) =  0.017548
     s(2S/2S) =  1.000000  <r> =   2.6228  <r2> =    8.2620  r(max) =   2.0497
     s(1S/1S) =  1.000000  <r> =   0.4176  <r2> =    0.2366  r(max) =   0.2687
     s(1S/2S) =  0.017548
     s(2S/2S) =  1.000000  <r> =   2.6228  <r2> =    8.2620  r(max) =   2.0497

     ------------------------ End of All-electron run ------------------------


     occupation(    2 ) =  0.600   number of electrons =      3.600
     --------------------------- All-electron run ----------------------------

     Mg                                                                         

     atomic number is  4.00
     dft =LDA   lsd =1 sic =1 latt =0  beta=1.00 tr2=1.0E-14 fref=0.0E+00 rhobarfact=0.0E+00
     mesh =1499 r(mesh) =  99.25632 xmin = -6.00 dx = 0.00800
     1 Ry =  13.60569193 eV

     n l     nl                  e(Ry)          e(Ha)          e(eV)
     1 0     1S 1( 1.00)        -9.4967        -4.7483      -129.2089
     2 0     2S 1( 0.60)        -0.6556        -0.3278        -8.9193
     1 0     1S 2( 1.00)        -9.4967        -4.7483      -129.2089
     2 0     2S 2( 1.00)        -0.6556        -0.3278        -8.9193

     eps = 1.6E-16  iter =  9

     Etot =     -29.121878 Ry,     -14.560939 Ha,    -396.223300 eV
     Total magnetization:   -0.40 Bohr mag. 

     Ekin =      28.780160 Ry,      14.390080 Ha,     391.573989 eV
     Encl =     -65.668165 Ry,     -32.834082 Ha,    -893.460818 eV
     Eh   =      13.086939 Ry,       6.543470 Ha,     178.056866 eV
     Exc  =      -4.875475 Ry,      -2.437737 Ha,     -66.334210 eV

     SIC information:
     Esich=      -4.993421 Ry,      -2.496711 Ha,     -67.938951 eV
     Esicxc=      4.548084 Ry,       2.274042 Ha,      61.879825 eV
     Esictot=    -0.445338 Ry,      -0.222669 Ha,      -6.059126 eV

     tot-Exc=    -4.430137 Ry,      -2.215069 Ha,     -60.275085 eV
     int-Exc=    -0.327391 Ry,      -0.163696 Ha,      -4.454385 eV
     int-Eh=      8.093518 Ry,       4.046759 Ha,     110.117914 eV


     normalization and overlap integrals

     s(1S/1S) =  1.000000  <r> =   0.4176  <r2> =    0.2366  r(max) =   0.2687
     s(1S/2S) =  0.017548
     s(2S/2S) =  1.000000  <r> =   2.6228  <r2> =    8.2620  r(max) =   2.0497
     s(1S/1S) =  1.000000  <r> =   0.4176  <r2> =    0.2366  r(max) =   0.2687
     s(1S/2S) =  0.017548
     s(2S/2S) =  1.000000  <r> =   2.6228  <r2> =    8.2620  r(max) =   2.0497

     ------------------------ End of All-electron run ------------------------


     occupation(    2 ) =  0.650   number of electrons =      3.650
     --------------------------- All-electron run ----------------------------

     Mg                                                                         

     atomic number is  4.00
     dft =LDA   lsd =1 sic =1 latt =0  beta=1.00 tr2=1.0E-14 fref=0.0E+00 rhobarfact=0.0E+00
     mesh =1499 r(mesh) =  99.25632 xmin = -6.00 dx = 0.00800
     1 Ry =  13.60569193 eV

     n l     nl                  e(Ry)          e(Ha)          e(eV)
     1 0     1S 1( 1.00)        -9.4967        -4.7483      -129.2089
     2 0     2S 1( 0.65)        -0.6556        -0.3278        -8.9193
     1 0     1S 2( 1.00)        -9.4967        -4.7483      -129.2089
     2 0     2S 2( 1.00)        -0.6556        -0.3278        -8.9193

     eps = 1.6E-16  iter =  9

     Etot =     -29.155576 Ry,     -14.577788 Ha,    -396.681783 eV
     Total magnetization:   -0.35 Bohr mag. 

     Ekin =      28.838029 Ry,      14.419014 Ha,     392.361333 eV
     Encl =     -65.886800 Ry,     -32.943400 Ha,    -896.435508 eV
     Eh   =      13.241849 Ry,       6.620924 Ha,     180.164514 eV
     Exc  =      -4.900964 Ry,      -2.450482 Ha,     -66.681012 eV

     SIC information:
     Esich=      -5.015075 Ry,      -2.507537 Ha,     -68.233562 eV
     Esicxc=      4.567386 Ry,       2.283693 Ha,      62.142452 eV
     Esictot=    -0.447688 Ry,      -0.223844 Ha,      -6.091110 eV

     tot-Exc=    -4.453276 Ry,      -2.226638 Ha,     -60.589902 eV
     int-Exc=    -0.333578 Ry,      -0.166789 Ha,      -4.538560 eV
     int-Eh=      8.226774 Ry,       4.113387 Ha,     111.930953 eV


     normalization and overlap integrals

     s(1S/1S) =  1.000000  <r> =   0.4176  <r2> =    0.2366  r(max) =   0.2687
     s(1S/2S) =  0.017548
     s(2S/2S) =  1.000000  <r> =   2.6228  <r2> =    8.2620  r(max) =   2.0497
     s(1S/1S) =  1.000000  <r> =   0.4176  <r2> =    0.2366  r(max) =   0.2687
     s(1S/2S) =  0.017548
     s(2S/2S) =  1.000000  <r> =   2.6228  <r2> =    8.2620  r(max) =   2.0497

     ------------------------ End of All-electron run ------------------------


     occupation(    2 ) =  0.700   number of electrons =      3.700
     --------------------------- All-electron run ----------------------------

     Mg                                                                         

     atomic number is  4.00
     dft =LDA   lsd =1 sic =1 latt =0  beta=1.00 tr2=1.0E-14 fref=0.0E+00 rhobarfact=0.0E+00
     mesh =1499 r(mesh) =  99.25632 xmin = -6.00 dx = 0.00800
     1 Ry =  13.60569193 eV

     n l     nl                  e(Ry)          e(Ha)          e(eV)
     1 0     1S 1( 1.00)        -9.4967        -4.7483      -129.2089
     2 0     2S 1( 0.70)        -0.6556        -0.3278        -8.9193
     1 0     1S 2( 1.00)        -9.4967        -4.7483      -129.2089
     2 0     2S 2( 1.00)        -0.6556        -0.3278        -8.9193

     eps = 1.6E-16  iter =  9

     Etot =     -29.189120 Ry,     -14.594560 Ha,    -397.138168 eV
     Total magnetization:   -0.30 Bohr mag. 

     Ekin =      28.895897 Ry,      14.447949 Ha,     393.148678 eV
     Encl =     -66.105436 Ry,     -33.052718 Ha,    -899.410199 eV
     Eh   =      13.398490 Ry,       6.699245 Ha,     182.295732 eV
     Exc  =      -4.926775 Ry,      -2.463388 Ha,     -67.032188 eV

     SIC information:
     Esich=      -5.038460 Ry,      -2.519230 Ha,     -68.551741 eV
     Esicxc=      4.587165 Ry,       2.293582 Ha,      62.411550 eV
     Esictot=    -0.451296 Ry,      -0.225648 Ha,      -6.140191 eV

     tot-Exc=    -4.475480 Ry,      -2.237740 Ha,     -60.891996 eV
     int-Exc=    -0.339611 Ry,      -0.169805 Ha,      -4.620638 eV
     int-Eh=      8.360030 Ry,       4.180015 Ha,     113.743991 eV


     normalization and overlap integrals

     s(1S/1S) =  1.000000  <r> =   0.4176  <r2> =    0.2366  r(max) =   0.2687
     s(1S/2S) =  0.017548
     s(2S/2S) =  1.000000  <r> =   2.6228  <r2> =    8.2620  r(max) =   2.0497
     s(1S/1S) =  1.000000  <r> =   0.4176  <r2> =    0.2366  r(max) =   0.2687
     s(1S/2S) =  0.017548
     s(2S/2S) =  1.000000  <r> =   2.6228  <r2> =    8.2620  r(max) =   2.0497

     ------------------------ End of All-electron run ------------------------


     occupation(    2 ) =  0.750   number of electrons =      3.750
     --------------------------- All-electron run ----------------------------

     Mg                                                                         

     atomic number is  4.00
     dft =LDA   lsd =1 sic =1 latt =0  beta=1.00 tr2=1.0E-14 fref=0.0E+00 rhobarfact=0.0E+00
     mesh =1499 r(mesh) =  99.25632 xmin = -6.00 dx = 0.00800
     1 Ry =  13.60569193 eV

     n l     nl                  e(Ry)          e(Ha)          e(eV)
     1 0     1S 1( 1.00)        -9.4967        -4.7483      -129.2089
     2 0     2S 1( 0.75)        -0.6556        -0.3278        -8.9193
     1 0     1S 2( 1.00)        -9.4967        -4.7483      -129.2089
     2 0     2S 2( 1.00)        -0.6556        -0.3278        -8.9193

     eps = 1.6E-16  iter =  9

     Etot =     -29.222521 Ry,     -14.611261 Ha,    -397.592624 eV
     Total magnetization:   -0.25 Bohr mag. 

     Ekin =      28.953766 Ry,      14.476883 Ha,     393.936022 eV
     Encl =     -66.324072 Ry,     -33.162036 Ha,    -902.384889 eV
     Eh   =      13.556864 Ry,       6.778432 Ha,     184.450519 eV
     Exc  =      -4.952897 Ry,      -2.476448 Ha,     -67.387586 eV

     SIC information:
     Esich=      -5.063579 Ry,      -2.531789 Ha,     -68.893489 eV
     Esicxc=      4.607395 Ry,       2.303698 Ha,      62.686799 eV
     Esictot=    -0.456183 Ry,      -0.228092 Ha,      -6.206690 eV

     tot-Exc=    -4.496713 Ry,      -2.248357 Ha,     -61.180896 eV
     int-Exc=    -0.345501 Ry,      -0.172751 Ha,      -4.700787 eV
     int-Eh=      8.493286 Ry,       4.246643 Ha,     115.557029 eV


     normalization and overlap integrals

     s(1S/1S) =  1.000000  <r> =   0.4176  <r2> =    0.2366  r(max) =   0.2687
     s(1S/2S) =  0.017548
     s(2S/2S) =  1.000000  <r> =   2.6228  <r2> =    8.2620  r(max) =   2.0497
     s(1S/1S) =  1.000000  <r> =   0.4176  <r2> =    0.2366  r(max) =   0.2687
     s(1S/2S) =  0.017548
     s(2S/2S) =  1.000000  <r> =   2.6228  <r2> =    8.2620  r(max) =   2.0497

     ------------------------ End of All-electron run ------------------------


     occupation(    2 ) =  0.800   number of electrons =      3.800
     --------------------------- All-electron run ----------------------------

     Mg                                                                         

     atomic number is  4.00
     dft =LDA   lsd =1 sic =1 latt =0  beta=1.00 tr2=1.0E-14 fref=0.0E+00 rhobarfact=0.0E+00
     mesh =1499 r(mesh) =  99.25632 xmin = -6.00 dx = 0.00800
     1 Ry =  13.60569193 eV

     n l     nl                  e(Ry)          e(Ha)          e(eV)
     1 0     1S 1( 1.00)        -9.4967        -4.7483      -129.2089
     2 0     2S 1( 0.80)        -0.6556        -0.3278        -8.9193
     1 0     1S 2( 1.00)        -9.4967        -4.7483      -129.2089
     2 0     2S 2( 1.00)        -0.6556        -0.3278        -8.9193

     eps = 1.6E-16  iter =  9

     Etot =     -29.255790 Ry,     -14.627895 Ha,    -398.045260 eV
     Total magnetization:   -0.20 Bohr mag. 

     Ekin =      29.011635 Ry,      14.505817 Ha,     394.723367 eV
     Encl =     -66.542708 Ry,     -33.271354 Ha,    -905.359579 eV
     Eh   =      13.716970 Ry,       6.858485 Ha,     186.628874 eV
     Exc  =      -4.979318 Ry,      -2.489659 Ha,     -67.747071 eV

     SIC information:
     Esich=      -5.090429 Ry,      -2.545214 Ha,     -69.258807 eV
     Esicxc=      4.628060 Ry,       2.314030 Ha,      62.967956 eV
     Esictot=    -0.462369 Ry,      -0.231185 Ha,      -6.290851 eV

     tot-Exc=    -4.516949 Ry,      -2.258475 Ha,     -61.456220 eV
     int-Exc=    -0.351259 Ry,      -0.175629 Ha,      -4.779115 eV
     int-Eh=      8.626542 Ry,       4.313271 Ha,     117.370068 eV


     normalization and overlap integrals

     s(1S/1S) =  1.000000  <r> =   0.4176  <r2> =    0.2366  r(max) =   0.2687
     s(1S/2S) =  0.017548
     s(2S/2S) =  1.000000  <r> =   2.6228  <r2> =    8.2620  r(max) =   2.0497
     s(1S/1S) =  1.000000  <r> =   0.4176  <r2> =    0.2366  r(max) =   0.2687
     s(1S/2S) =  0.017548
     s(2S/2S) =  1.000000  <r> =   2.6228  <r2> =    8.2620  r(max) =   2.0497

     ------------------------ End of All-electron run ------------------------


     occupation(    2 ) =  0.850   number of electrons =      3.850
     --------------------------- All-electron run ----------------------------

     Mg                                                                         

     atomic number is  4.00
     dft =LDA   lsd =1 sic =1 latt =0  beta=1.00 tr2=1.0E-14 fref=0.0E+00 rhobarfact=0.0E+00
     mesh =1499 r(mesh) =  99.25632 xmin = -6.00 dx = 0.00800
     1 Ry =  13.60569193 eV

     n l     nl                  e(Ry)          e(Ha)          e(eV)
     1 0     1S 1( 1.00)        -9.4967        -4.7483      -129.2089
     2 0     2S 1( 0.85)        -0.6556        -0.3278        -8.9193
     1 0     1S 2( 1.00)        -9.4967        -4.7483      -129.2089
     2 0     2S 2( 1.00)        -0.6556        -0.3278        -8.9193

     eps = 1.6E-16  iter =  9

     Etot =     -29.288936 Ry,     -14.644468 Ha,    -398.496241 eV
     Total magnetization:   -0.15 Bohr mag. 

     Ekin =      29.069504 Ry,      14.534752 Ha,     395.510711 eV
     Encl =     -66.761343 Ry,     -33.380672 Ha,    -908.334269 eV
     Eh   =      13.878809 Ry,       6.939404 Ha,     188.830799 eV
     Exc  =      -5.006031 Ry,      -2.503016 Ha,     -68.110518 eV

     SIC information:
     Esich=      -5.119011 Ry,      -2.559506 Ha,     -69.647692 eV
     Esicxc=      4.649137 Ry,       2.324569 Ha,      63.254729 eV
     Esictot=    -0.469874 Ry,      -0.234937 Ha,      -6.392963 eV

     tot-Exc=    -4.536157 Ry,      -2.268078 Ha,     -61.717554 eV
     int-Exc=    -0.356894 Ry,      -0.178447 Ha,      -4.855789 eV
     int-Eh=      8.759797 Ry,       4.379899 Ha,     119.183106 eV


     normalization and overlap integrals

     s(1S/1S) =  1.000000  <r> =   0.4176  <r2> =    0.2366  r(max) =   0.2687
     s(1S/2S) =  0.017548
     s(2S/2S) =  1.000000  <r> =   2.6228  <r2> =    8.2620  r(max) =   2.0497
     s(1S/1S) =  1.000000  <r> =   0.4176  <r2> =    0.2366  r(max) =   0.2687
     s(1S/2S) =  0.017548
     s(2S/2S) =  1.000000  <r> =   2.6228  <r2> =    8.2620  r(max) =   2.0497

     ------------------------ End of All-electron run ------------------------


     occupation(    2 ) =  0.900   number of electrons =      3.900
     --------------------------- All-electron run ----------------------------

     Mg                                                                         

     atomic number is  4.00
     dft =LDA   lsd =1 sic =1 latt =0  beta=1.00 tr2=1.0E-14 fref=0.0E+00 rhobarfact=0.0E+00
     mesh =1499 r(mesh) =  99.25632 xmin = -6.00 dx = 0.00800
     1 Ry =  13.60569193 eV

     n l     nl                  e(Ry)          e(Ha)          e(eV)
     1 0     1S 1( 1.00)        -9.4967        -4.7483      -129.2089
     2 0     2S 1( 0.90)        -0.6556        -0.3278        -8.9193
     1 0     1S 2( 1.00)        -9.4967        -4.7483      -129.2089
     2 0     2S 2( 1.00)        -0.6556        -0.3278        -8.9193

     eps = 1.6E-16  iter =  9

     Etot =     -29.321969 Ry,     -14.660985 Ha,    -398.945679 eV
     Total magnetization:   -0.10 Bohr mag. 

     Ekin =      29.127372 Ry,      14.563686 Ha,     396.298056 eV
     Encl =     -66.979979 Ry,     -33.489989 Ha,    -911.308959 eV
     Eh   =      14.042380 Ry,       7.021190 Ha,     191.056292 eV
     Exc  =      -5.033027 Ry,      -2.516513 Ha,     -68.477812 eV

     SIC information:
     Esich=      -5.149326 Ry,      -2.574663 Ha,     -70.060147 eV
     Esicxc=      4.670611 Ry,       2.335305 Ha,      63.546893 eV
     Esictot=    -0.478715 Ry,      -0.239358 Ha,      -6.513255 eV

     tot-Exc=    -4.554311 Ry,      -2.277156 Ha,     -61.964558 eV
     int-Exc=    -0.362416 Ry,      -0.181208 Ha,      -4.930920 eV
     int-Eh=      8.893053 Ry,       4.446527 Ha,     120.996144 eV


     normalization and overlap integrals

     s(1S/1S) =  1.000000  <r> =   0.4176  <r2> =    0.2366  r(max) =   0.2687
     s(1S/2S) =  0.017548
     s(2S/2S) =  1.000000  <r> =   2.6228  <r2> =    8.2620  r(max) =   2.0497
     s(1S/1S) =  1.000000  <r> =   0.4176  <r2> =    0.2366  r(max) =   0.2687
     s(1S/2S) =  0.017548
     s(2S/2S) =  1.000000  <r> =   2.6228  <r2> =    8.2620  r(max) =   2.0497

     ------------------------ End of All-electron run ------------------------


     occupation(    2 ) =  0.950   number of electrons =      3.950
     --------------------------- All-electron run ----------------------------

     Mg                                                                         

     atomic number is  4.00
     dft =LDA   lsd =1 sic =1 latt =0  beta=1.00 tr2=1.0E-14 fref=0.0E+00 rhobarfact=0.0E+00
     mesh =1499 r(mesh) =  99.25632 xmin = -6.00 dx = 0.00800
     1 Ry =  13.60569193 eV

     n l     nl                  e(Ry)          e(Ha)          e(eV)
     1 0     1S 1( 1.00)        -9.4967        -4.7483      -129.2089
     2 0     2S 1( 0.95)        -0.6556        -0.3278        -8.9193
     1 0     1S 2( 1.00)        -9.4967        -4.7483      -129.2089
     2 0     2S 2( 1.00)        -0.6556        -0.3278        -8.9193

     eps = 1.6E-16  iter =  9

     Etot =     -29.354894 Ry,     -14.677447 Ha,    -399.393639 eV
     Total magnetization:   -0.05 Bohr mag. 

     Ekin =      29.185241 Ry,      14.592621 Ha,     397.085400 eV
     Encl =     -67.198615 Ry,     -33.599307 Ha,    -914.283650 eV
     Eh   =      14.207683 Ry,       7.103841 Ha,     193.305354 eV
     Exc  =      -5.060298 Ry,      -2.530149 Ha,     -68.848850 eV

     SIC information:
     Esich=      -5.181373 Ry,      -2.590687 Ha,     -70.496171 eV
     Esicxc=      4.692468 Ry,       2.346234 Ha,      63.844278 eV
     Esictot=    -0.488905 Ry,      -0.244453 Ha,      -6.651893 eV

     tot-Exc=    -4.571392 Ry,      -2.285696 Ha,     -62.196957 eV
     int-Exc=    -0.367829 Ry,      -0.183915 Ha,      -5.004572 eV
     int-Eh=      9.026309 Ry,       4.513155 Ha,     122.809183 eV


     normalization and overlap integrals

     s(1S/1S) =  1.000000  <r> =   0.4176  <r2> =    0.2366  r(max) =   0.2687
     s(1S/2S) =  0.017548
     s(2S/2S) =  1.000000  <r> =   2.6228  <r2> =    8.2620  r(max) =   2.0497
     s(1S/1S) =  1.000000  <r> =   0.4176  <r2> =    0.2366  r(max) =   0.2687
     s(1S/2S) =  0.017548
     s(2S/2S) =  1.000000  <r> =   2.6228  <r2> =    8.2620  r(max) =   2.0497

     ------------------------ End of All-electron run ------------------------


     occupation(    2 ) =  1.000   number of electrons =      4.000
     --------------------------- All-electron run ----------------------------

     Mg                                                                         

     atomic number is  4.00
     dft =LDA   lsd =1 sic =1 latt =0  beta=1.00 tr2=1.0E-14 fref=0.0E+00 rhobarfact=0.0E+00
     mesh =1499 r(mesh) =  99.25632 xmin = -6.00 dx = 0.00800
     1 Ry =  13.60569193 eV

     n l     nl                  e(Ry)          e(Ha)          e(eV)
     1 0     1S 1( 1.00)        -9.4967        -4.7483      -129.2089
     2 0     2S 1( 1.00)        -0.6556        -0.3278        -8.9193
     1 0     1S 2( 1.00)        -9.4967        -4.7483      -129.2089
     2 0     2S 2( 1.00)        -0.6556        -0.3278        -8.9193

     eps = 1.6E-16  iter =  9

     Etot =     -29.387720 Ry,     -14.693860 Ha,    -399.840259 eV
     Total magnetization:    0.00 Bohr mag. 

     Ekin =      29.243110 Ry,      14.621555 Ha,     397.872745 eV
     Encl =     -67.417250 Ry,     -33.708625 Ha,    -917.258340 eV
     Eh   =      14.374718 Ry,       7.187359 Ha,     195.577985 eV
     Exc  =      -5.087836 Ry,      -2.543918 Ha,     -69.223534 eV

     SIC information:
     Esich=      -5.215153 Ry,      -2.607576 Ha,     -70.955763 eV
     Esicxc=      4.714692 Ry,       2.357346 Ha,      64.146648 eV
     Esictot=    -0.500461 Ry,      -0.250230 Ha,      -6.809115 eV

     tot-Exc=    -4.587376 Ry,      -2.293688 Ha,     -62.414419 eV
     int-Exc=    -0.373144 Ry,      -0.186572 Ha,      -5.076885 eV
     int-Eh=      9.159565 Ry,       4.579783 Ha,     124.622221 eV


     normalization and overlap integrals

     s(1S/1S) =  1.000000  <r> =   0.4176  <r2> =    0.2366  r(max) =   0.2687
     s(1S/2S) =  0.017548
     s(2S/2S) =  1.000000  <r> =   2.6228  <r2> =    8.2620  r(max) =   2.0497
     s(1S/1S) =  1.000000  <r> =   0.4176  <r2> =    0.2366  r(max) =   0.2687
     s(1S/2S) =  0.017548
     s(2S/2S) =  1.000000  <r> =   2.6228  <r2> =    8.2620  r(max) =   2.0497

     ------------------------ End of All-electron run ------------------------

