This is pdfeTeX, Version 3.141592-1.21a-2.2 (Web2C 7.5.4) (format=pdflatex 2008.1.7)  19 JUL 2009 12:19
entering extended mode
**developer_man.tex
(./developer_man.tex
LaTeX2e <2003/12/01>
Babel <v3.8d> and hyphenation patterns for american, french, german, ngerman, b
ahasa, basque, bulgarian, catalan, croatian, czech, danish, dutch, esperanto, e
stonian, finnish, greek, icelandic, irish, italian, latin, magyar, norsk, polis
h, portuges, romanian, russian, serbian, slovak, slovene, spanish, swedish, tur
kish, ukrainian, nohyphenation, loaded.
(/usr/share/texmf/tex/latex/base/article.cls
Document Class: article 2004/02/16 v1.4f Standard LaTeX document class
(/usr/share/texmf/tex/latex/base/size12.clo
File: size12.clo 2004/02/16 v1.4f Standard LaTeX file (size option)
)
\c@part=\count79
\c@section=\count80
\c@subsection=\count81
\c@subsubsection=\count82
\c@paragraph=\count83
\c@subparagraph=\count84
\c@figure=\count85
\c@table=\count86
\abovecaptionskip=\skip41
\belowcaptionskip=\skip42
\bibindent=\dimen102
)
(/usr/share/texmf/tex/latex/graphics/epsfig.sty
Package: epsfig 1999/02/16 v1.7a (e)psfig emulation (SPQR)

(/usr/share/texmf/tex/latex/graphics/graphicx.sty
Package: graphicx 1999/02/16 v1.0f Enhanced LaTeX Graphics (DPC,SPQR)

(/usr/share/texmf/tex/latex/graphics/keyval.sty
Package: keyval 1999/03/16 v1.13 key=value parser (DPC)
\KV@toks@=\toks14
)
(/usr/share/texmf/tex/latex/graphics/graphics.sty
Package: graphics 2001/07/07 v1.0n Standard LaTeX Graphics (DPC,SPQR)

(/usr/share/texmf/tex/latex/graphics/trig.sty
Package: trig 1999/03/16 v1.09 sin cos tan (DPC)
)
(/usr/share/texmf/tex/latex/graphics/graphics.cfg
File: graphics.cfg 2005/02/03 v1.3 graphics configuration of teTeX/TeXLive
)
Package graphics Info: Driver file: pdftex.def on input line 80.

(/usr/share/texmf/tex/latex/graphics/pdftex.def
File: pdftex.def 2002/06/19 v0.03k graphics/color for pdftex
\Gread@gobject=\count87
))
\Gin@req@height=\dimen103
\Gin@req@width=\dimen104
)
\epsfxsize=\dimen105
\epsfysize=\dimen106
)
(/usr/share/texmf/tex/latex/html/html.sty
(/usr/share/texmf/tex/latex/hyperref/hyperref.sty
Package: hyperref 2003/11/30 v6.74m Hypertext links for LaTeX
\@linkdim=\dimen107
\Hy@linkcounter=\count88
\Hy@pagecounter=\count89

(/usr/share/texmf/tex/latex/hyperref/pd1enc.def
File: pd1enc.def 2003/11/30 v6.74m Hyperref: PDFDocEncoding definition (HO)
)
(/usr/share/texmf/tex/latex/hyperref/hyperref.cfg
File: hyperref.cfg 2002/06/06 v1.2 hyperref configuration of TeXLive and teTeX
)
Package hyperref Info: Hyper figures OFF on input line 1880.
Package hyperref Info: Link nesting OFF on input line 1885.
Package hyperref Info: Hyper index ON on input line 1888.
Package hyperref Info: Plain pages ON on input line 1893.
Package hyperref Info: Backreferencing OFF on input line 1900.

Implicit mode ON; LaTeX internals redefined
Package hyperref Info: Bookmarks ON on input line 2004.
(/usr/share/texmf/tex/latex/html/url.sty
Package: url 1999/03/02  ver 1.4  Verb mode for urls, email addresses, and file
 names
)
LaTeX Info: Redefining \url on input line 2143.
\Fld@menulength=\count90
\Field@Width=\dimen108
\Fld@charsize=\dimen109
\Choice@toks=\toks15
\Field@toks=\toks16
Package hyperref Info: Hyper figures OFF on input line 2618.
Package hyperref Info: Link nesting OFF on input line 2623.
Package hyperref Info: Hyper index ON on input line 2626.
Package hyperref Info: backreferencing OFF on input line 2633.
Package hyperref Info: Link coloring OFF on input line 2638.
\c@Item=\count91
\c@Hfootnote=\count92
)
*hyperref using default driver hpdftex*
(/usr/share/texmf/tex/latex/hyperref/hpdftex.def
File: hpdftex.def 2003/11/30 v6.74m Hyperref driver for pdfTeX

(/usr/share/texmf/tex/latex/psnfss/pifont.sty
Package: pifont 2004/09/15 PSNFSS-v9.2 Pi font support (SPQR) 
LaTeX Font Info:    Try loading font information for U+pzd on input line 63.

(/usr/share/texmf/tex/latex/psnfss/upzd.fd
File: upzd.fd 2001/06/04 font definitions for U/pzd.
)
LaTeX Font Info:    Try loading font information for U+psy on input line 64.

(/usr/share/texmf/tex/latex/psnfss/upsy.fd
File: upsy.fd 2001/06/04 font definitions for U/psy.
))
\Fld@listcount=\count93
\@outlinefile=\write3
)
Package: html 1999/07/19 v1.38 hypertext commands for latex2html (nd, hws, rrm)

\c@lpart=\count94
\c@lchapter=\count95
\c@chapter=\count96
\c@lsection=\count97
\c@lsubsection=\count98
\c@lsubsubsection=\count99
\c@lparagraph=\count100
\c@lsubparagraph=\count101
\c@lsubsubparagraph=\count102
\ptrfile=\write4
) (./developer_man.aux)
\openout1 = `developer_man.aux'.

LaTeX Font Info:    Checking defaults for OML/cmm/m/it on input line 9.
LaTeX Font Info:    ... okay on input line 9.
LaTeX Font Info:    Checking defaults for T1/cmr/m/n on input line 9.
LaTeX Font Info:    ... okay on input line 9.
LaTeX Font Info:    Checking defaults for OT1/cmr/m/n on input line 9.
LaTeX Font Info:    ... okay on input line 9.
LaTeX Font Info:    Checking defaults for OMS/cmsy/m/n on input line 9.
LaTeX Font Info:    ... okay on input line 9.
LaTeX Font Info:    Checking defaults for OMX/cmex/m/n on input line 9.
LaTeX Font Info:    ... okay on input line 9.
LaTeX Font Info:    Checking defaults for U/cmr/m/n on input line 9.
LaTeX Font Info:    ... okay on input line 9.
LaTeX Font Info:    Checking defaults for PD1/pdf/m/n on input line 9.
LaTeX Font Info:    ... okay on input line 9.

(/usr/share/texmf/tex/context/base/supp-pdf.tex
(/usr/share/texmf/tex/context/base/supp-mis.tex
loading : Context Support Macros / Miscellaneous (2004.10.26)
\protectiondepth=\count103
\scratchcounter=\count104
\scratchtoks=\toks17
\scratchdimen=\dimen110
\scratchskip=\skip43
\scratchmuskip=\muskip10
\scratchbox=\box26
\scratchread=\read1
\scratchwrite=\write5
\zeropoint=\dimen111
\onepoint=\dimen112
\onebasepoint=\dimen113
\minusone=\count105
\thousandpoint=\dimen114
\onerealpoint=\dimen115
\emptytoks=\toks18
\nextbox=\box27
\nextdepth=\dimen116
\everyline=\toks19
\!!counta=\count106
\!!countb=\count107
\recursecounter=\count108
)
loading : Context Support Macros / PDF (2004.03.26)
\nofMPsegments=\count109
\nofMParguments=\count110
\MPscratchCnt=\count111
\MPscratchDim=\dimen117
\MPnumerator=\count112
\everyMPtoPDFconversion=\toks20
)
Package hyperref Info: Link coloring OFF on input line 9.
 (/usr/share/texmf/tex/latex/hyperref/nameref.sty
Package: nameref 2003/12/03 v2.21 Cross-referencing by name of section
\c@section@level=\count113
)
LaTeX Info: Redefining \ref on input line 9.
LaTeX Info: Redefining \pageref on input line 9.
 (./developer_man.out)
(./developer_man.out)
\openout3 = `developer_man.out'.


<quantum_espresso.pdf, id=199, 532.99126pt x 181.67876pt>
File: quantum_espresso.pdf Graphic file (type pdf)

<use quantum_espresso.pdf> <democritos.pdf, id=200, 496.85625pt x 103.38625pt>
File: democritos.pdf Graphic file (type pdf)

<use democritos.pdf>
LaTeX Font Info:    External font `cmex10' loaded for size
(Font)              <14.4> on input line 19.
LaTeX Font Info:    External font `cmex10' loaded for size
(Font)              <7> on input line 19.
 (./developer_man.toc
LaTeX Font Info:    External font `cmex10' loaded for size
(Font)              <12> on input line 2.
LaTeX Font Info:    External font `cmex10' loaded for size
(Font)              <8> on input line 2.
LaTeX Font Info:    External font `cmex10' loaded for size
(Font)              <6> on input line 2.
 [1

{/usr/share/texmf-var/fonts/map/pdftex/updmap/pdftex.map} <./quantum_espresso.p
df> <./democritos.pdf>])
\tf@toc=\write6
\openout6 = `developer_man.toc'.

LaTeX Font Info:    Try loading font information for OMS+cmr on input line 27.

(/usr/share/texmf/tex/latex/base/omscmr.fd
File: omscmr.fd 1999/05/25 v2.5h Standard LaTeX font definitions
)
LaTeX Font Info:    Font shape `OMS/cmr/m/n' in size <12> not available
(Font)              Font shape `OMS/cmsy/m/n' tried instead on input line 27.

Overfull \hbox (6.94174pt too wide) in paragraph at lines 28--29
[]\OT1/cmr/m/n/12 modify/customize/add/extend/improve/clean up Quantum-ESPRESSO
 
 []

[2] [3]
Overfull \hbox (3.96605pt too wide) in paragraph at lines 63--64
\OT1/cmr/m/n/12 Developers can be con-tacted at the mail ad-dress: '''de-vel-op
-ers''' ''at'' '''pwscf'''
 []

[4] [5] [6] [7] [8] [9] [10] [11] [12] [13] [14] [15]
Underfull \hbox (badness 10000) in paragraph at lines 556--558

 []


Overfull \hbox (159.57527pt too wide) in paragraph at lines 585--585
[]                               \OT1/cmtt/m/n/12 - general information that do
esn't require large data set:[] 
 []


Overfull \hbox (215.1503pt too wide) in paragraph at lines 585--585
[]                                 \OT1/cmtt/m/n/12 atomic structure, lattice, 
symmetries, parameters of the run, ...[] 
 []


Overfull \hbox (202.8003pt too wide) in paragraph at lines 585--585
[]                               \OT1/cmtt/m/n/12 - pointers to other files or 
directories containing bulkier data:[] 
 []


Overfull \hbox (190.45029pt too wide) in paragraph at lines 585--585
[]                                 \OT1/cmtt/m/n/12 such as grids, wavefunction
s, charge density, potentials, ...[] 
 []


Overfull \hbox (196.62529pt too wide) in paragraph at lines 585--585
[]    \OT1/cmtt/m/n/12 ''spin_polarization.dat''  contains the spin polarizatio
n (rhoup-rhodw) (LSDA calculations)[] 
 []

[16]
Overfull \hbox (227.5003pt too wide) in paragraph at lines 585--585
[]    \OT1/cmtt/m/n/12 ''magnetization.y.dat''    contain the spin polarization
 along x,y,z (noncollinear calculations)[] 
 []


Overfull \hbox (110.17525pt too wide) in paragraph at lines 585--585
[]    \OT1/cmtt/m/n/12 ''lambda.dat''             contains occupations (Car-Par
rinello dynamics only[] 
 []


Overfull \hbox (79.30023pt too wide) in paragraph at lines 585--585
[]    \OT1/cmtt/m/n/12 ''mat_z.1''                contains occupations (ensembl
e-dynamics only)[] 
 []


Overfull \hbox (85.47523pt too wide) in paragraph at lines 585--585
[]    \OT1/cmtt/m/n/12 <pseudopotentials>     A copy of all pseudopotential fil
es given in input[] 
 []


Overfull \hbox (233.67531pt too wide) in paragraph at lines 585--585
[]    \OT1/cmtt/m/n/12 <k-point dirs>         One or more subdirectories ''K000
01/'', ''K00002/'', etc, one per k-point.[] 
 []


Overfull \hbox (208.9753pt too wide) in paragraph at lines 602--602
[]    \OT1/cmtt/m/n/12 ''evc.dat''                containing the wavefunctions 
for spin-unpolarized calculations, OR[] 
 []


Overfull \hbox (202.8003pt too wide) in paragraph at lines 602--602
[]    \OT1/cmtt/m/n/12 ''evc2.dat''               containing the spin-up and sp
in-down wavefunctions, respectively,[] 
 []


Overfull \hbox (17.5502pt too wide) in paragraph at lines 602--602
[]                           \OT1/cmtt/m/n/12 for spin polarized (LSDA) calcula
tions;[] 
 []


Overfull \hbox (239.85031pt too wide) in paragraph at lines 602--602
[]                           \OT1/cmtt/m/n/12 in a molecular dynamics run, also
 wavefunctions at the preceding time step:[] 
 []


Overfull \hbox (23.7252pt too wide) in paragraph at lines 602--602
[]    \OT1/cmtt/m/n/12 ''evcm.dat''               for spin-unpolirized calculat
ions OR[] 
 []


Overfull \hbox (36.07521pt too wide) in paragraph at lines 602--602
[]    \OT1/cmtt/m/n/12 ''gkvectors.dat''          with the details of specific 
k+G grid;[] 
 []


Overfull \hbox (381.87538pt too wide) in paragraph at lines 602--602
[]    \OT1/cmtt/m/n/12 ''eigenval.xml''           containing the eigenvalues fo
r the corresponding k-point for spin-unpolarized calculations, OR[] 
 []


Overfull \hbox (23.7252pt too wide) in paragraph at lines 635--635
[]\OT1/cmtt/m/n/12 * ''XML Header'': whatever is needed to have a well-formed X
ML file[] 
 []


Overfull \hbox (542.42546pt too wide) in paragraph at lines 635--635
[]\OT1/cmtt/m/n/12 * ''Body'': introduced by <Root>, terminated by </Root>. Con
tains first-level tags only. These contain only other tags, not values. XML syn
tax applies.[] 
 []


Overfull \hbox (17.5502pt too wide) in paragraph at lines 635--635
[]\OT1/cmtt/m/n/12 ** "data tags": tags containing data (values for a given var
iable)[] 
 []

[17]
Overfull \hbox (42.25021pt too wide) in paragraph at lines 635--635
[]      \OT1/cmtt/m/n/12 values (in appropriate units) for variable correspondi
ng to TAG:[] 
 []


Overfull \hbox (17.5502pt too wide) in paragraph at lines 635--635
[]\OT1/cmtt/m/n/12 where TAG describes the variable into which data must be rea
d;<br>[] 
 []


Overfull \hbox (54.60022pt too wide) in paragraph at lines 895--895
[]  \OT1/cmtt/m/n/12 - <STATUS>         (information about the status of the CP
 simulation)[] 
 []


Overfull \hbox (48.42522pt too wide) in paragraph at lines 895--895
[]  \OT1/cmtt/m/n/12 - <IONS>           (type and positions of atoms in the uni
t cell etc)[] 
 []


Overfull \hbox (36.07521pt too wide) in paragraph at lines 895--895
[]  \OT1/cmtt/m/n/12 - <ELECTRIC_FIELD> (details for an eventual applied electr
ic field)[] 
 []


Overfull \hbox (97.82524pt too wide) in paragraph at lines 895--895
[]  \OT1/cmtt/m/n/12 - <MAGNETIZATION_INIT>     (info about starting or constra
ined magnetization)[] 
 []

[18]
Overfull \hbox (85.47523pt too wide) in paragraph at lines 895--895
[]  \OT1/cmtt/m/n/12 - <BAND_STRUCTURE_INFO>    (dimensions and basic data abou
t band structure)[] 
 []


Overfull \hbox (23.7252pt too wide) in paragraph at lines 895--895
[]     \OT1/cmtt/m/n/12 <CREATOR>   (name and version of the code generating th
e file)[] 
 []


Overfull \hbox (66.95023pt too wide) in paragraph at lines 895--895
[]     \OT1/cmtt/m/n/12 <PP_CHECK_FLAG>    (whether the file can be used for po
st-processing)[] 
 []


Overfull \hbox (60.77522pt too wide) in paragraph at lines 895--895
[]     \OT1/cmtt/m/n/12 <LKPOINT_DIR>      (whether kpt-data are written in sub
-directories)[] 
 []


Overfull \hbox (73.12523pt too wide) in paragraph at lines 895--895
[]     \OT1/cmtt/m/n/12 <Q_REAL_SPACE>     (whether augmentation terms are used
 in real space)[] 
 []


Overfull \hbox (29.9002pt too wide) in paragraph at lines 895--895
[]     \OT1/cmtt/m/n/12 <STEP>   (number $n of steps performed, i.e. we are at 
step $n)[] 
 []

[19] [20] [21] [22] [23]
Overfull \hbox (66.95023pt too wide) in paragraph at lines 895--895
[]             \OT1/cmtt/m/n/12 <DATAFILE>                  link to file "./K$n
/eigenval.xml"[] 
 []


Overfull \hbox (73.12523pt too wide) in paragraph at lines 895--895
[]             \OT1/cmtt/m/n/12 <GK-VECTORS>                link to file "./K$n
/gkvectors.dat"[] 
 []


Overfull \hbox (36.07521pt too wide) in paragraph at lines 895--895
[]                \OT1/cmtt/m/n/12 <WFC.$s>                 link to file "./K$n
/evc.dat"[] 
 []


Overfull \hbox (110.17525pt too wide) in paragraph at lines 895--895
[]                \OT1/cmtt/m/n/12 <WFCM.$s>                link to file "./K$n
/evcm.dat" (optional)[] 
 []


Overfull \hbox (122.52525pt too wide) in paragraph at lines 895--895
[]                                         \OT1/cmtt/m/n/12 containing wavefunc
tions at preceding step[] 
 []


Overfull \hbox (80.75963pt too wide) in paragraph at lines 899--899
[] \OT1/cmr/bx/n/17.28 Mod-i-fy-ing/adding/extending Quantum-ESPRESSO 
 []

[24] [25]
Overfull \hbox (67.26616pt too wide) in paragraph at lines 938--947
\OT1/cmr/m/n/12 ules/read[]cards.f90''. Files ''in-put[]parameters.f90'', ''rea
d[]namelists.f90'', ''read[]cards.f90''
 []


Overfull \hbox (57.97061pt too wide) in paragraph at lines 959--960
[]\OT1/cmr/m/n/12 * add pippo to the con-trol[]default sub-rou-tine (con-tained
 in mod-ule read[]namelists.f90
 []


Overfull \hbox (49.54987pt too wide) in paragraph at lines 969--970
[]\OT1/cmr/m/n/12 * add pippo to the con-trol[]bcast sub-rou-tine (con-tained i
n mod-ule read[]namelists.f90
 []

[26] [27] [28] [29] (./developer_man.aux) ) 
Here is how much of TeX's memory you used:
 2997 strings out of 94500
 39945 string characters out of 1173670
 92167 words of memory out of 1000000
 6077 multiletter control sequences out of 10000+50000
 10267 words of font info for 36 fonts, out of 500000 for 2000
 580 hyphenation exceptions out of 1000
 34i,5n,36p,1003b,326s stack positions out of 1500i,500n,5000p,200000b,5000s
PDF statistics:
 427 PDF objects out of 300000
 85 named destinations out of 131072
 411 words of extra memory for PDF output out of 65536
</usr/share/texmf/fonts/type1/bluesk
y/cm/cmr6.pfb></usr/share/texmf/fonts/type1/bluesky/cm/cmsy6.pfb></usr/share/te
xmf/fonts/type1/bluesky/cm/cmr8.pfb></usr/share/texmf/fonts/type1/bluesky/cm/cm
mi8.pfb></usr/share/texmf/fonts/type1/bluesky/cm/cmsy8.pfb></usr/share/texmf/fo
nts/type1/bluesky/cm/cmmi12.pfb></usr/share/texmf/fonts/type1/bluesky/cm/cmtt12
.pfb></usr/share/texmf/fonts/type1/bluesky/cm/cmsy10.pfb></usr/share/texmf/font
s/type1/bluesky/cm/cmr12.pfb></usr/share/texmf/fonts/type1/bluesky/cm/cmbx12.pf
b></usr/share/texmf/fonts/type1/bluesky/cm/cmcsc10.pfb></usr/share/texmf/fonts/
type1/bluesky/cm/cmr17.pfb>
Output written on developer_man.pdf (29 pages, 227842 bytes).
