
     Program LD1       v.4.1    starts ...
     Today is 19Sep2009 at 17:43:29 
     --------------------------- All-electron run ----------------------------

     Ge+                                                                        

     atomic number is 32.00
     dft =LDA   lsd =1 sic =1 latt =0  beta=0.30 tr2=1.0E-14 fref=5.0E-01 rhobarfact=1.0E+00
     mesh =1759 r(mesh) =  99.31177 xmin = -6.00 dx = 0.00800
     1 Ry =  13.60569193 eV

     n l     nl                  e(Ry)          e(Ha)          e(eV)
     1 0     1S 1( 1.00)      -807.5918      -403.7959    -10987.8455
     2 0     2S 1( 1.00)      -101.6579       -50.8290     -1383.1265
     2 1     2P 1( 3.00)       -91.6648       -45.8324     -1247.1629
     3 0     3S 1( 1.00)       -13.4841        -6.7420      -183.4600
     3 1     3P 1( 3.00)        -9.9421        -4.9711      -135.2696
     3 2     3D 1( 5.00)        -3.7324        -1.8662       -50.7817
     4 0     4S 1( 1.00)        -1.8052        -0.9026       -24.5613
     4 1     4P 1( 1.00)        -1.1438        -0.5719       -15.5628
     1 0     1S 2( 1.00)      -807.5878      -403.7939    -10987.7915
     2 0     2S 2( 1.00)      -101.6563       -50.8281     -1383.1040
     2 1     2P 2( 3.00)       -91.6619       -45.8310     -1247.1238
     3 0     3S 2( 1.00)       -13.4801        -6.7401      -183.4062
     3 1     3P 2( 3.00)        -9.9376        -4.9688      -135.2078
     3 2     3D 2( 5.00)        -3.7259        -1.8630       -50.6939
     4 0     4S 2( 1.00)        -1.7356        -0.8678       -23.6141
     4 1     4P 2( 0.00)        -0.4596        -0.2298        -6.2531

     eps = 9.2E-16  iter = 49

     Etot =   -4147.708169 Ry,   -2073.854084 Ha,  -56432.439558 eV
     Total magnetization:    1.00 Bohr mag. 

     Ekin =    4194.723999 Ry,    2097.361999 Ha,   57072.122462 eV
     Encl =   -9979.923844 Ry,   -4989.961922 Ha, -135783.769302 eV
     Eh   =    1790.767631 Ry,     895.383815 Ha,   24364.632703 eV
     Exc  =    -152.380215 Ry,     -76.190108 Ha,   -2073.238267 eV

     SIC information:
     Esich=       0.000000 Ry,       0.000000 Ha,       0.000000 eV
     Esicxc=     -0.895739 Ry,      -0.447870 Ha,     -12.187154 eV
     Esictot=    -0.895739 Ry,      -0.447870 Ha,     -12.187154 eV

     tot-Exc=  -151.484476 Ry,     -75.742238 Ha,   -2061.051113 eV
     int-Exc=  -153.275955 Ry,     -76.637977 Ha,   -2085.425422 eV
     int-Eh=   1790.767631 Ry,     895.383815 Ha,   24364.632703 eV


     normalization and overlap integrals

     s(1S/1S) =  1.000000  <r> =   0.0476  <r2> =    0.0030  r(max) =   0.0315
     s(1S/2S) =  0.004064
     s(1S/3S) =  0.001413
     s(1S/4S) =  0.000424
     s(2S/2S) =  1.000000  <r> =   0.2133  <r2> =    0.0536  r(max) =   0.1788
     s(2S/3S) =  0.004997
     s(2S/4S) =  0.001394
     s(2P/2P) =  1.000000  <r> =   0.1840  <r2> =    0.0414  r(max) =   0.1417
     s(2P/3P) =  0.006841
     s(2P/4P) =  0.001639
     s(3S/3S) =  1.000000  <r> =   0.6340  <r2> =    0.4634  r(max) =   0.5523
     s(3S/4S) =  0.010624
     s(3P/3P) =  1.000000  <r> =   0.6486  <r2> =    0.4945  r(max) =   0.5479
     s(3P/4P) =  0.013337
     s(3D/3D) =  1.000000  <r> =   0.7130  <r2> =    0.6438  r(max) =   0.4977
     s(4S/4S) =  1.000000  <r> =   2.0199  <r2> =    4.6437  r(max) =   1.7337
     s(4P/4P) =  1.000000  <r> =   2.4545  <r2> =    6.9079  r(max) =   2.0673
     s(1S/1S) =  1.000000  <r> =   0.0476  <r2> =    0.0030  r(max) =   0.0315
     s(1S/2S) =  0.004065
     s(1S/3S) =  0.001413
     s(1S/4S) =  0.000427
     s(2S/2S) =  1.000000  <r> =   0.2133  <r2> =    0.0536  r(max) =   0.1788
     s(2S/3S) =  0.004997
     s(2S/4S) =  0.001400
     s(2P/2P) =  1.000000  <r> =   0.1840  <r2> =    0.0414  r(max) =   0.1417
     s(2P/3P) =  0.006841
     s(2P/4P) =  0.001412
     s(3S/3S) =  1.000000  <r> =   0.6339  <r2> =    0.4631  r(max) =   0.5523
     s(3S/4S) =  0.010632
     s(3P/3P) =  1.000000  <r> =   0.6483  <r2> =    0.4940  r(max) =   0.5479
     s(3P/4P) =  0.013073
     s(3D/3D) =  1.000000  <r> =   0.7107  <r2> =    0.6385  r(max) =   0.4977
     s(4S/4S) =  1.000000  <r> =   2.0188  <r2> =    4.6454  r(max) =   1.7337
     s(4P/4P) =  1.000000  <r> =   2.8482  <r2> =    9.5779  r(max) =   2.2217

     ------------------------ End of All-electron run ------------------------


     occupation(    8 ) =  0.000
     --------------------------- All-electron run ----------------------------

     Ge+                                                                        

     atomic number is 32.00
     dft =LDA   lsd =1 sic =1 latt =0  beta=0.30 tr2=1.0E-14 fref=5.0E-01 rhobarfact=1.0E+00
     mesh =1759 r(mesh) =  99.31177 xmin = -6.00 dx = 0.00800
     1 Ry =  13.60569193 eV

     n l     nl                  e(Ry)          e(Ha)          e(eV)
     1 0     1S 1( 1.00)      -807.5918      -403.7959    -10987.8455
     2 0     2S 1( 1.00)      -101.6579       -50.8290     -1383.1265
     2 1     2P 1( 3.00)       -91.6648       -45.8324     -1247.1629
     3 0     3S 1( 1.00)       -13.4841        -6.7420      -183.4600
     3 1     3P 1( 3.00)        -9.9421        -4.9711      -135.2696
     3 2     3D 1( 5.00)        -3.7324        -1.8662       -50.7817
     4 0     4S 1( 1.00)        -1.8052        -0.9026       -24.5613
     4 1     4P 1( 0.00)        -1.1438        -0.5719       -15.5628
     1 0     1S 2( 1.00)      -807.5878      -403.7939    -10987.7915
     2 0     2S 2( 1.00)      -101.6563       -50.8281     -1383.1040
     2 1     2P 2( 3.00)       -91.6619       -45.8310     -1247.1238
     3 0     3S 2( 1.00)       -13.4801        -6.7401      -183.4062
     3 1     3P 2( 3.00)        -9.9376        -4.9688      -135.2078
     3 2     3D 2( 5.00)        -3.7259        -1.8630       -50.6939
     4 0     4S 2( 1.00)        -1.7356        -0.8678       -23.6141
     4 1     4P 2( 0.00)        -0.4596        -0.2298        -6.2531

     eps = 9.2E-16  iter = 49

     Etot =   -4146.566560 Ry,   -2073.283280 Ha,  -56416.907183 eV
     Total magnetization:    0.00 Bohr mag. 

     Ekin =    4191.017578 Ry,    2095.508789 Ha,   57021.694047 eV
     Encl =   -9946.381647 Ry,   -4973.190824 Ha, -135327.404513 eV
     Eh   =    1761.293466 Ry,     880.646733 Ha,   23963.616298 eV
     Exc  =    -151.598402 Ry,     -75.799201 Ha,   -2062.601150 eV

     SIC information:
     Esich=       0.000000 Ry,       0.000000 Ha,       0.000000 eV
     Esicxc=     -0.897556 Ry,      -0.448778 Ha,     -12.211865 eV
     Esictot=    -1.897556 Ry,      -0.448778 Ha,     -12.211865 eV

     tot-Exc=  -150.700846 Ry,     -75.350423 Ha,   -2050.389284 eV
     int-Exc=  -152.495957 Ry,     -76.247979 Ha,   -2074.813015 eV
     int-Eh=   1761.293466 Ry,     880.646733 Ha,   23963.616298 eV


     normalization and overlap integrals

     s(1S/1S) =  1.000000  <r> =   0.0476  <r2> =    0.0030  r(max) =   0.0315
     s(1S/2S) =  0.004064
     s(1S/3S) =  0.001413
     s(1S/4S) =  0.000424
     s(2S/2S) =  1.000000  <r> =   0.2133  <r2> =    0.0536  r(max) =   0.1788
     s(2S/3S) =  0.004997
     s(2S/4S) =  0.001394
     s(2P/2P) =  1.000000  <r> =   0.1840  <r2> =    0.0414  r(max) =   0.1417
     s(2P/3P) =  0.006841
     s(2P/4P) =  0.001639
     s(3S/3S) =  1.000000  <r> =   0.6340  <r2> =    0.4634  r(max) =   0.5523
     s(3S/4S) =  0.010624
     s(3P/3P) =  1.000000  <r> =   0.6486  <r2> =    0.4945  r(max) =   0.5479
     s(3P/4P) =  0.013337
     s(3D/3D) =  1.000000  <r> =   0.7130  <r2> =    0.6438  r(max) =   0.4977
     s(4S/4S) =  1.000000  <r> =   2.0199  <r2> =    4.6437  r(max) =   1.7337
     s(4P/4P) =  1.000000  <r> =   2.4545  <r2> =    6.9079  r(max) =   2.0673
     s(1S/1S) =  1.000000  <r> =   0.0476  <r2> =    0.0030  r(max) =   0.0315
     s(1S/2S) =  0.004065
     s(1S/3S) =  0.001413
     s(1S/4S) =  0.000427
     s(2S/2S) =  1.000000  <r> =   0.2133  <r2> =    0.0536  r(max) =   0.1788
     s(2S/3S) =  0.004997
     s(2S/4S) =  0.001400
     s(2P/2P) =  1.000000  <r> =   0.1840  <r2> =    0.0414  r(max) =   0.1417
     s(2P/3P) =  0.006841
     s(2P/4P) =  0.001412
     s(3S/3S) =  1.000000  <r> =   0.6339  <r2> =    0.4631  r(max) =   0.5523
     s(3S/4S) =  0.010632
     s(3P/3P) =  1.000000  <r> =   0.6483  <r2> =    0.4940  r(max) =   0.5479
     s(3P/4P) =  0.013073
     s(3D/3D) =  1.000000  <r> =   0.7107  <r2> =    0.6385  r(max) =   0.4977
     s(4S/4S) =  1.000000  <r> =   2.0188  <r2> =    4.6454  r(max) =   1.7337
     s(4P/4P) =  1.000000  <r> =   2.8482  <r2> =    9.5779  r(max) =   2.2217

     ------------------------ End of All-electron run ------------------------


     occupation(    8 ) =  0.050
     --------------------------- All-electron run ----------------------------

     Ge+                                                                        

     atomic number is 32.00
     dft =LDA   lsd =1 sic =1 latt =0  beta=0.30 tr2=1.0E-14 fref=5.0E-01 rhobarfact=1.0E+00
     mesh =1759 r(mesh) =  99.31177 xmin = -6.00 dx = 0.00800
     1 Ry =  13.60569193 eV

     n l     nl                  e(Ry)          e(Ha)          e(eV)
     1 0     1S 1( 1.00)      -807.5918      -403.7959    -10987.8455
     2 0     2S 1( 1.00)      -101.6579       -50.8290     -1383.1265
     2 1     2P 1( 3.00)       -91.6648       -45.8324     -1247.1629
     3 0     3S 1( 1.00)       -13.4841        -6.7420      -183.4600
     3 1     3P 1( 3.00)        -9.9421        -4.9711      -135.2696
     3 2     3D 1( 5.00)        -3.7324        -1.8662       -50.7817
     4 0     4S 1( 1.00)        -1.8052        -0.9026       -24.5613
     4 1     4P 1( 0.05)        -1.1438        -0.5719       -15.5628
     1 0     1S 2( 1.00)      -807.5878      -403.7939    -10987.7915
     2 0     2S 2( 1.00)      -101.6563       -50.8281     -1383.1040
     2 1     2P 2( 3.00)       -91.6619       -45.8310     -1247.1238
     3 0     3S 2( 1.00)       -13.4801        -6.7401      -183.4062
     3 1     3P 2( 3.00)        -9.9376        -4.9688      -135.2078
     3 2     3D 2( 5.00)        -3.7259        -1.8630       -50.6939
     4 0     4S 2( 1.00)        -1.7356        -0.8678       -23.6141
     4 1     4P 2( 0.00)        -0.4596        -0.2298        -6.2531

     eps = 9.2E-16  iter = 49

     Etot =   -4146.623188 Ry,   -2073.311594 Ha,  -56417.677650 eV
     Total magnetization:    0.05 Bohr mag. 

     Ekin =    4191.202899 Ry,    2095.601450 Ha,   57024.215468 eV
     Encl =   -9948.058757 Ry,   -4974.029379 Ha, -135350.222752 eV
     Eh   =    1762.749713 Ry,     881.374857 Ha,   23983.429550 eV
     Exc  =    -151.635346 Ry,     -75.817673 Ha,   -2063.103809 eV

     SIC information:
     Esich=       0.017461 Ry,       0.008730 Ha,       0.237569 eV
     Esicxc=     -0.899159 Ry,      -0.449579 Ha,     -12.233675 eV
     Esictot=    -0.881698 Ry,      -0.440849 Ha,     -11.996106 eV

     tot-Exc=  -150.753649 Ry,     -75.376824 Ha,   -2051.107703 eV
     int-Exc=  -152.534505 Ry,     -76.267253 Ha,   -2075.337484 eV
     int-Eh=   1762.767174 Ry,     881.383587 Ha,   23983.667119 eV


     normalization and overlap integrals

     s(1S/1S) =  1.000000  <r> =   0.0476  <r2> =    0.0030  r(max) =   0.0315
     s(1S/2S) =  0.004064
     s(1S/3S) =  0.001413
     s(1S/4S) =  0.000424
     s(2S/2S) =  1.000000  <r> =   0.2133  <r2> =    0.0536  r(max) =   0.1788
     s(2S/3S) =  0.004997
     s(2S/4S) =  0.001394
     s(2P/2P) =  1.000000  <r> =   0.1840  <r2> =    0.0414  r(max) =   0.1417
     s(2P/3P) =  0.006841
     s(2P/4P) =  0.001639
     s(3S/3S) =  1.000000  <r> =   0.6340  <r2> =    0.4634  r(max) =   0.5523
     s(3S/4S) =  0.010624
     s(3P/3P) =  1.000000  <r> =   0.6486  <r2> =    0.4945  r(max) =   0.5479
     s(3P/4P) =  0.013337
     s(3D/3D) =  1.000000  <r> =   0.7130  <r2> =    0.6438  r(max) =   0.4977
     s(4S/4S) =  1.000000  <r> =   2.0199  <r2> =    4.6437  r(max) =   1.7337
     s(4P/4P) =  1.000000  <r> =   2.4545  <r2> =    6.9079  r(max) =   2.0673
     s(1S/1S) =  1.000000  <r> =   0.0476  <r2> =    0.0030  r(max) =   0.0315
     s(1S/2S) =  0.004065
     s(1S/3S) =  0.001413
     s(1S/4S) =  0.000427
     s(2S/2S) =  1.000000  <r> =   0.2133  <r2> =    0.0536  r(max) =   0.1788
     s(2S/3S) =  0.004997
     s(2S/4S) =  0.001400
     s(2P/2P) =  1.000000  <r> =   0.1840  <r2> =    0.0414  r(max) =   0.1417
     s(2P/3P) =  0.006841
     s(2P/4P) =  0.001412
     s(3S/3S) =  1.000000  <r> =   0.6339  <r2> =    0.4631  r(max) =   0.5523
     s(3S/4S) =  0.010632
     s(3P/3P) =  1.000000  <r> =   0.6483  <r2> =    0.4940  r(max) =   0.5479
     s(3P/4P) =  0.013073
     s(3D/3D) =  1.000000  <r> =   0.7107  <r2> =    0.6385  r(max) =   0.4977
     s(4S/4S) =  1.000000  <r> =   2.0188  <r2> =    4.6454  r(max) =   1.7337
     s(4P/4P) =  1.000000  <r> =   2.8482  <r2> =    9.5779  r(max) =   2.2217

     ------------------------ End of All-electron run ------------------------


     occupation(    8 ) =  0.100
     --------------------------- All-electron run ----------------------------

     Ge+                                                                        

     atomic number is 32.00
     dft =LDA   lsd =1 sic =1 latt =0  beta=0.30 tr2=1.0E-14 fref=5.0E-01 rhobarfact=1.0E+00
     mesh =1759 r(mesh) =  99.31177 xmin = -6.00 dx = 0.00800
     1 Ry =  13.60569193 eV

     n l     nl                  e(Ry)          e(Ha)          e(eV)
     1 0     1S 1( 1.00)      -807.5918      -403.7959    -10987.8455
     2 0     2S 1( 1.00)      -101.6579       -50.8290     -1383.1265
     2 1     2P 1( 3.00)       -91.6648       -45.8324     -1247.1629
     3 0     3S 1( 1.00)       -13.4841        -6.7420      -183.4600
     3 1     3P 1( 3.00)        -9.9421        -4.9711      -135.2696
     3 2     3D 1( 5.00)        -3.7324        -1.8662       -50.7817
     4 0     4S 1( 1.00)        -1.8052        -0.9026       -24.5613
     4 1     4P 1( 0.10)        -1.1438        -0.5719       -15.5628
     1 0     1S 2( 1.00)      -807.5878      -403.7939    -10987.7915
     2 0     2S 2( 1.00)      -101.6563       -50.8281     -1383.1040
     2 1     2P 2( 3.00)       -91.6619       -45.8310     -1247.1238
     3 0     3S 2( 1.00)       -13.4801        -6.7401      -183.4062
     3 1     3P 2( 3.00)        -9.9376        -4.9688      -135.2078
     3 2     3D 2( 5.00)        -3.7259        -1.8630       -50.6939
     4 0     4S 2( 1.00)        -1.7356        -0.8678       -23.6141
     4 1     4P 2( 0.00)        -0.4596        -0.2298        -6.2531

     eps = 9.2E-16  iter = 49

     Etot =   -4146.680012 Ry,   -2073.340006 Ha,  -56418.450772 eV
     Total magnetization:    0.10 Bohr mag. 

     Ekin =    4191.388221 Ry,    2095.694110 Ha,   57026.736888 eV
     Encl =   -9949.735867 Ry,   -4974.867933 Ha, -135373.040992 eV
     Eh   =    1764.207799 Ry,     882.103899 Ha,   24003.267809 eV
     Exc  =    -151.672550 Ry,     -75.836275 Ha,   -2063.609988 eV

     SIC information:
     Esich=       0.033084 Ry,       0.016542 Ha,       0.450130 eV
     Esicxc=     -0.900698 Ry,      -0.450349 Ha,     -12.254620 eV
     Esictot=    -0.867614 Ry,      -0.433807 Ha,     -11.804490 eV

     tot-Exc=  -150.804936 Ry,     -75.402468 Ha,   -2051.805498 eV
     int-Exc=  -152.573248 Ry,     -76.286624 Ha,   -2075.864608 eV
     int-Eh=   1764.240883 Ry,     882.120441 Ha,   24003.717939 eV


     normalization and overlap integrals

     s(1S/1S) =  1.000000  <r> =   0.0476  <r2> =    0.0030  r(max) =   0.0315
     s(1S/2S) =  0.004064
     s(1S/3S) =  0.001413
     s(1S/4S) =  0.000424
     s(2S/2S) =  1.000000  <r> =   0.2133  <r2> =    0.0536  r(max) =   0.1788
     s(2S/3S) =  0.004997
     s(2S/4S) =  0.001394
     s(2P/2P) =  1.000000  <r> =   0.1840  <r2> =    0.0414  r(max) =   0.1417
     s(2P/3P) =  0.006841
     s(2P/4P) =  0.001639
     s(3S/3S) =  1.000000  <r> =   0.6340  <r2> =    0.4634  r(max) =   0.5523
     s(3S/4S) =  0.010624
     s(3P/3P) =  1.000000  <r> =   0.6486  <r2> =    0.4945  r(max) =   0.5479
     s(3P/4P) =  0.013337
     s(3D/3D) =  1.000000  <r> =   0.7130  <r2> =    0.6438  r(max) =   0.4977
     s(4S/4S) =  1.000000  <r> =   2.0199  <r2> =    4.6437  r(max) =   1.7337
     s(4P/4P) =  1.000000  <r> =   2.4545  <r2> =    6.9079  r(max) =   2.0673
     s(1S/1S) =  1.000000  <r> =   0.0476  <r2> =    0.0030  r(max) =   0.0315
     s(1S/2S) =  0.004065
     s(1S/3S) =  0.001413
     s(1S/4S) =  0.000427
     s(2S/2S) =  1.000000  <r> =   0.2133  <r2> =    0.0536  r(max) =   0.1788
     s(2S/3S) =  0.004997
     s(2S/4S) =  0.001400
     s(2P/2P) =  1.000000  <r> =   0.1840  <r2> =    0.0414  r(max) =   0.1417
     s(2P/3P) =  0.006841
     s(2P/4P) =  0.001412
     s(3S/3S) =  1.000000  <r> =   0.6339  <r2> =    0.4631  r(max) =   0.5523
     s(3S/4S) =  0.010632
     s(3P/3P) =  1.000000  <r> =   0.6483  <r2> =    0.4940  r(max) =   0.5479
     s(3P/4P) =  0.013073
     s(3D/3D) =  1.000000  <r> =   0.7107  <r2> =    0.6385  r(max) =   0.4977
     s(4S/4S) =  1.000000  <r> =   2.0188  <r2> =    4.6454  r(max) =   1.7337
     s(4P/4P) =  1.000000  <r> =   2.8482  <r2> =    9.5779  r(max) =   2.2217

     ------------------------ End of All-electron run ------------------------


     occupation(    8 ) =  0.150
     --------------------------- All-electron run ----------------------------

     Ge+                                                                        

     atomic number is 32.00
     dft =LDA   lsd =1 sic =1 latt =0  beta=0.30 tr2=1.0E-14 fref=5.0E-01 rhobarfact=1.0E+00
     mesh =1759 r(mesh) =  99.31177 xmin = -6.00 dx = 0.00800
     1 Ry =  13.60569193 eV

     n l     nl                  e(Ry)          e(Ha)          e(eV)
     1 0     1S 1( 1.00)      -807.5918      -403.7959    -10987.8455
     2 0     2S 1( 1.00)      -101.6579       -50.8290     -1383.1265
     2 1     2P 1( 3.00)       -91.6648       -45.8324     -1247.1629
     3 0     3S 1( 1.00)       -13.4841        -6.7420      -183.4600
     3 1     3P 1( 3.00)        -9.9421        -4.9711      -135.2696
     3 2     3D 1( 5.00)        -3.7324        -1.8662       -50.7817
     4 0     4S 1( 1.00)        -1.8052        -0.9026       -24.5613
     4 1     4P 1( 0.15)        -1.1438        -0.5719       -15.5628
     1 0     1S 2( 1.00)      -807.5878      -403.7939    -10987.7915
     2 0     2S 2( 1.00)      -101.6563       -50.8281     -1383.1040
     2 1     2P 2( 3.00)       -91.6619       -45.8310     -1247.1238
     3 0     3S 2( 1.00)       -13.4801        -6.7401      -183.4062
     3 1     3P 2( 3.00)        -9.9376        -4.9688      -135.2078
     3 2     3D 2( 5.00)        -3.7259        -1.8630       -50.6939
     4 0     4S 2( 1.00)        -1.7356        -0.8678       -23.6141
     4 1     4P 2( 0.00)        -0.4596        -0.2298        -6.2531

     eps = 9.2E-16  iter = 49

     Etot =   -4146.736935 Ry,   -2073.368468 Ha,  -56419.225258 eV
     Total magnetization:    0.15 Bohr mag. 

     Ekin =    4191.573542 Ry,    2095.786771 Ha,   57029.258309 eV
     Encl =   -9951.412977 Ry,   -4975.706488 Ha, -135395.859231 eV
     Eh   =    1765.667722 Ry,     882.833861 Ha,   24023.131075 eV
     Exc  =    -151.710005 Ry,     -75.855002 Ha,   -2064.119586 eV

     SIC information:
     Esich=       0.046869 Ry,       0.023434 Ha,       0.637684 eV
     Esicxc=     -0.902086 Ry,      -0.451043 Ha,     -12.273509 eV
     Esictot=    -0.855217 Ry,      -0.427609 Ha,     -11.635824 eV

     tot-Exc=  -150.854787 Ry,     -75.427394 Ha,   -2052.483762 eV
     int-Exc=  -152.612091 Ry,     -76.306045 Ha,   -2076.393095 eV
     int-Eh=   1765.714591 Ry,     882.857295 Ha,   24023.768759 eV


     normalization and overlap integrals

     s(1S/1S) =  1.000000  <r> =   0.0476  <r2> =    0.0030  r(max) =   0.0315
     s(1S/2S) =  0.004064
     s(1S/3S) =  0.001413
     s(1S/4S) =  0.000424
     s(2S/2S) =  1.000000  <r> =   0.2133  <r2> =    0.0536  r(max) =   0.1788
     s(2S/3S) =  0.004997
     s(2S/4S) =  0.001394
     s(2P/2P) =  1.000000  <r> =   0.1840  <r2> =    0.0414  r(max) =   0.1417
     s(2P/3P) =  0.006841
     s(2P/4P) =  0.001639
     s(3S/3S) =  1.000000  <r> =   0.6340  <r2> =    0.4634  r(max) =   0.5523
     s(3S/4S) =  0.010624
     s(3P/3P) =  1.000000  <r> =   0.6486  <r2> =    0.4945  r(max) =   0.5479
     s(3P/4P) =  0.013337
     s(3D/3D) =  1.000000  <r> =   0.7130  <r2> =    0.6438  r(max) =   0.4977
     s(4S/4S) =  1.000000  <r> =   2.0199  <r2> =    4.6437  r(max) =   1.7337
     s(4P/4P) =  1.000000  <r> =   2.4545  <r2> =    6.9079  r(max) =   2.0673
     s(1S/1S) =  1.000000  <r> =   0.0476  <r2> =    0.0030  r(max) =   0.0315
     s(1S/2S) =  0.004065
     s(1S/3S) =  0.001413
     s(1S/4S) =  0.000427
     s(2S/2S) =  1.000000  <r> =   0.2133  <r2> =    0.0536  r(max) =   0.1788
     s(2S/3S) =  0.004997
     s(2S/4S) =  0.001400
     s(2P/2P) =  1.000000  <r> =   0.1840  <r2> =    0.0414  r(max) =   0.1417
     s(2P/3P) =  0.006841
     s(2P/4P) =  0.001412
     s(3S/3S) =  1.000000  <r> =   0.6339  <r2> =    0.4631  r(max) =   0.5523
     s(3S/4S) =  0.010632
     s(3P/3P) =  1.000000  <r> =   0.6483  <r2> =    0.4940  r(max) =   0.5479
     s(3P/4P) =  0.013073
     s(3D/3D) =  1.000000  <r> =   0.7107  <r2> =    0.6385  r(max) =   0.4977
     s(4S/4S) =  1.000000  <r> =   2.0188  <r2> =    4.6454  r(max) =   1.7337
     s(4P/4P) =  1.000000  <r> =   2.8482  <r2> =    9.5779  r(max) =   2.2217

     ------------------------ End of All-electron run ------------------------


     occupation(    8 ) =  0.200
     --------------------------- All-electron run ----------------------------

     Ge+                                                                        

     atomic number is 32.00
     dft =LDA   lsd =1 sic =1 latt =0  beta=0.30 tr2=1.0E-14 fref=5.0E-01 rhobarfact=1.0E+00
     mesh =1759 r(mesh) =  99.31177 xmin = -6.00 dx = 0.00800
     1 Ry =  13.60569193 eV

     n l     nl                  e(Ry)          e(Ha)          e(eV)
     1 0     1S 1( 1.00)      -807.5918      -403.7959    -10987.8455
     2 0     2S 1( 1.00)      -101.6579       -50.8290     -1383.1265
     2 1     2P 1( 3.00)       -91.6648       -45.8324     -1247.1629
     3 0     3S 1( 1.00)       -13.4841        -6.7420      -183.4600
     3 1     3P 1( 3.00)        -9.9421        -4.9711      -135.2696
     3 2     3D 1( 5.00)        -3.7324        -1.8662       -50.7817
     4 0     4S 1( 1.00)        -1.8052        -0.9026       -24.5613
     4 1     4P 1( 0.20)        -1.1438        -0.5719       -15.5628
     1 0     1S 2( 1.00)      -807.5878      -403.7939    -10987.7915
     2 0     2S 2( 1.00)      -101.6563       -50.8281     -1383.1040
     2 1     2P 2( 3.00)       -91.6619       -45.8310     -1247.1238
     3 0     3S 2( 1.00)       -13.4801        -6.7401      -183.4062
     3 1     3P 2( 3.00)        -9.9376        -4.9688      -135.2078
     3 2     3D 2( 5.00)        -3.7259        -1.8630       -50.6939
     4 0     4S 2( 1.00)        -1.7356        -0.8678       -23.6141
     4 1     4P 2( 0.00)        -0.4596        -0.2298        -6.2531

     eps = 9.2E-16  iter = 49

     Etot =   -4146.793919 Ry,   -2073.396959 Ha,  -56420.000559 eV
     Total magnetization:    0.20 Bohr mag. 

     Ekin =    4191.758863 Ry,    2095.879431 Ha,   57031.779730 eV
     Encl =   -9953.090086 Ry,   -4976.545043 Ha, -135418.677471 eV
     Eh   =    1767.129483 Ry,     883.564742 Ha,   24043.019348 eV
     Exc  =    -151.747704 Ry,     -75.873852 Ha,   -2064.632513 eV

     SIC information:
     Esich=       0.058816 Ry,       0.029408 Ha,       0.800231 eV
     Esicxc=     -0.903290 Ry,      -0.451645 Ha,     -12.289884 eV
     Esictot=    -0.844474 Ry,      -0.422237 Ha,     -11.489653 eV

     tot-Exc=  -150.903230 Ry,     -75.451615 Ha,   -2053.142860 eV
     int-Exc=  -152.650994 Ry,     -76.325497 Ha,   -2076.922397 eV
     int-Eh=   1767.188299 Ry,     883.594150 Ha,   24043.819579 eV


     normalization and overlap integrals

     s(1S/1S) =  1.000000  <r> =   0.0476  <r2> =    0.0030  r(max) =   0.0315
     s(1S/2S) =  0.004064
     s(1S/3S) =  0.001413
     s(1S/4S) =  0.000424
     s(2S/2S) =  1.000000  <r> =   0.2133  <r2> =    0.0536  r(max) =   0.1788
     s(2S/3S) =  0.004997
     s(2S/4S) =  0.001394
     s(2P/2P) =  1.000000  <r> =   0.1840  <r2> =    0.0414  r(max) =   0.1417
     s(2P/3P) =  0.006841
     s(2P/4P) =  0.001639
     s(3S/3S) =  1.000000  <r> =   0.6340  <r2> =    0.4634  r(max) =   0.5523
     s(3S/4S) =  0.010624
     s(3P/3P) =  1.000000  <r> =   0.6486  <r2> =    0.4945  r(max) =   0.5479
     s(3P/4P) =  0.013337
     s(3D/3D) =  1.000000  <r> =   0.7130  <r2> =    0.6438  r(max) =   0.4977
     s(4S/4S) =  1.000000  <r> =   2.0199  <r2> =    4.6437  r(max) =   1.7337
     s(4P/4P) =  1.000000  <r> =   2.4545  <r2> =    6.9079  r(max) =   2.0673
     s(1S/1S) =  1.000000  <r> =   0.0476  <r2> =    0.0030  r(max) =   0.0315
     s(1S/2S) =  0.004065
     s(1S/3S) =  0.001413
     s(1S/4S) =  0.000427
     s(2S/2S) =  1.000000  <r> =   0.2133  <r2> =    0.0536  r(max) =   0.1788
     s(2S/3S) =  0.004997
     s(2S/4S) =  0.001400
     s(2P/2P) =  1.000000  <r> =   0.1840  <r2> =    0.0414  r(max) =   0.1417
     s(2P/3P) =  0.006841
     s(2P/4P) =  0.001412
     s(3S/3S) =  1.000000  <r> =   0.6339  <r2> =    0.4631  r(max) =   0.5523
     s(3S/4S) =  0.010632
     s(3P/3P) =  1.000000  <r> =   0.6483  <r2> =    0.4940  r(max) =   0.5479
     s(3P/4P) =  0.013073
     s(3D/3D) =  1.000000  <r> =   0.7107  <r2> =    0.6385  r(max) =   0.4977
     s(4S/4S) =  1.000000  <r> =   2.0188  <r2> =    4.6454  r(max) =   1.7337
     s(4P/4P) =  1.000000  <r> =   2.8482  <r2> =    9.5779  r(max) =   2.2217

     ------------------------ End of All-electron run ------------------------


     occupation(    8 ) =  0.250
     --------------------------- All-electron run ----------------------------

     Ge+                                                                        

     atomic number is 32.00
     dft =LDA   lsd =1 sic =1 latt =0  beta=0.30 tr2=1.0E-14 fref=5.0E-01 rhobarfact=1.0E+00
     mesh =1759 r(mesh) =  99.31177 xmin = -6.00 dx = 0.00800
     1 Ry =  13.60569193 eV

     n l     nl                  e(Ry)          e(Ha)          e(eV)
     1 0     1S 1( 1.00)      -807.5918      -403.7959    -10987.8455
     2 0     2S 1( 1.00)      -101.6579       -50.8290     -1383.1265
     2 1     2P 1( 3.00)       -91.6648       -45.8324     -1247.1629
     3 0     3S 1( 1.00)       -13.4841        -6.7420      -183.4600
     3 1     3P 1( 3.00)        -9.9421        -4.9711      -135.2696
     3 2     3D 1( 5.00)        -3.7324        -1.8662       -50.7817
     4 0     4S 1( 1.00)        -1.8052        -0.9026       -24.5613
     4 1     4P 1( 0.25)        -1.1438        -0.5719       -15.5628
     1 0     1S 2( 1.00)      -807.5878      -403.7939    -10987.7915
     2 0     2S 2( 1.00)      -101.6563       -50.8281     -1383.1040
     2 1     2P 2( 3.00)       -91.6619       -45.8310     -1247.1238
     3 0     3S 2( 1.00)       -13.4801        -6.7401      -183.4062
     3 1     3P 2( 3.00)        -9.9376        -4.9688      -135.2078
     3 2     3D 2( 5.00)        -3.7259        -1.8630       -50.6939
     4 0     4S 2( 1.00)        -1.7356        -0.8678       -23.6141
     4 1     4P 2( 0.00)        -0.4596        -0.2298        -6.2531

     eps = 9.2E-16  iter = 49

     Etot =   -4146.850946 Ry,   -2073.425473 Ha,  -56420.776450 eV
     Total magnetization:    0.25 Bohr mag. 

     Ekin =    4191.944184 Ry,    2095.972092 Ha,   57034.301151 eV
     Encl =   -9954.767196 Ry,   -4977.383598 Ha, -135441.495710 eV
     Eh   =    1768.593082 Ry,     884.296541 Ha,   24062.932628 eV
     Exc  =    -151.785642 Ry,     -75.892821 Ha,   -2065.148685 eV

     SIC information:
     Esich=       0.068925 Ry,       0.034462 Ha,       0.937771 eV
     Esicxc=     -0.904298 Ry,      -0.452149 Ha,     -12.303605 eV
     Esictot=    -0.835373 Ry,      -0.417687 Ha,     -11.365834 eV

     tot-Exc=  -150.950269 Ry,     -75.475134 Ha,   -2053.782851 eV
     int-Exc=  -152.689940 Ry,     -76.344970 Ha,   -2077.452290 eV
     int-Eh=   1768.662007 Ry,     884.331004 Ha,   24063.870400 eV


     normalization and overlap integrals

     s(1S/1S) =  1.000000  <r> =   0.0476  <r2> =    0.0030  r(max) =   0.0315
     s(1S/2S) =  0.004064
     s(1S/3S) =  0.001413
     s(1S/4S) =  0.000424
     s(2S/2S) =  1.000000  <r> =   0.2133  <r2> =    0.0536  r(max) =   0.1788
     s(2S/3S) =  0.004997
     s(2S/4S) =  0.001394
     s(2P/2P) =  1.000000  <r> =   0.1840  <r2> =    0.0414  r(max) =   0.1417
     s(2P/3P) =  0.006841
     s(2P/4P) =  0.001639
     s(3S/3S) =  1.000000  <r> =   0.6340  <r2> =    0.4634  r(max) =   0.5523
     s(3S/4S) =  0.010624
     s(3P/3P) =  1.000000  <r> =   0.6486  <r2> =    0.4945  r(max) =   0.5479
     s(3P/4P) =  0.013337
     s(3D/3D) =  1.000000  <r> =   0.7130  <r2> =    0.6438  r(max) =   0.4977
     s(4S/4S) =  1.000000  <r> =   2.0199  <r2> =    4.6437  r(max) =   1.7337
     s(4P/4P) =  1.000000  <r> =   2.4545  <r2> =    6.9079  r(max) =   2.0673
     s(1S/1S) =  1.000000  <r> =   0.0476  <r2> =    0.0030  r(max) =   0.0315
     s(1S/2S) =  0.004065
     s(1S/3S) =  0.001413
     s(1S/4S) =  0.000427
     s(2S/2S) =  1.000000  <r> =   0.2133  <r2> =    0.0536  r(max) =   0.1788
     s(2S/3S) =  0.004997
     s(2S/4S) =  0.001400
     s(2P/2P) =  1.000000  <r> =   0.1840  <r2> =    0.0414  r(max) =   0.1417
     s(2P/3P) =  0.006841
     s(2P/4P) =  0.001412
     s(3S/3S) =  1.000000  <r> =   0.6339  <r2> =    0.4631  r(max) =   0.5523
     s(3S/4S) =  0.010632
     s(3P/3P) =  1.000000  <r> =   0.6483  <r2> =    0.4940  r(max) =   0.5479
     s(3P/4P) =  0.013073
     s(3D/3D) =  1.000000  <r> =   0.7107  <r2> =    0.6385  r(max) =   0.4977
     s(4S/4S) =  1.000000  <r> =   2.0188  <r2> =    4.6454  r(max) =   1.7337
     s(4P/4P) =  1.000000  <r> =   2.8482  <r2> =    9.5779  r(max) =   2.2217

     ------------------------ End of All-electron run ------------------------


     occupation(    8 ) =  0.300
     --------------------------- All-electron run ----------------------------

     Ge+                                                                        

     atomic number is 32.00
     dft =LDA   lsd =1 sic =1 latt =0  beta=0.30 tr2=1.0E-14 fref=5.0E-01 rhobarfact=1.0E+00
     mesh =1759 r(mesh) =  99.31177 xmin = -6.00 dx = 0.00800
     1 Ry =  13.60569193 eV

     n l     nl                  e(Ry)          e(Ha)          e(eV)
     1 0     1S 1( 1.00)      -807.5918      -403.7959    -10987.8455
     2 0     2S 1( 1.00)      -101.6579       -50.8290     -1383.1265
     2 1     2P 1( 3.00)       -91.6648       -45.8324     -1247.1629
     3 0     3S 1( 1.00)       -13.4841        -6.7420      -183.4600
     3 1     3P 1( 3.00)        -9.9421        -4.9711      -135.2696
     3 2     3D 1( 5.00)        -3.7324        -1.8662       -50.7817
     4 0     4S 1( 1.00)        -1.8052        -0.9026       -24.5613
     4 1     4P 1( 0.30)        -1.1438        -0.5719       -15.5628
     1 0     1S 2( 1.00)      -807.5878      -403.7939    -10987.7915
     2 0     2S 2( 1.00)      -101.6563       -50.8281     -1383.1040
     2 1     2P 2( 3.00)       -91.6619       -45.8310     -1247.1238
     3 0     3S 2( 1.00)       -13.4801        -6.7401      -183.4062
     3 1     3P 2( 3.00)        -9.9376        -4.9688      -135.2078
     3 2     3D 2( 5.00)        -3.7259        -1.8630       -50.6939
     4 0     4S 2( 1.00)        -1.7356        -0.8678       -23.6141
     4 1     4P 2( 0.00)        -0.4596        -0.2298        -6.2531

     eps = 9.2E-16  iter = 49

     Etot =   -4146.908007 Ry,   -2073.454003 Ha,  -56421.552800 eV
     Total magnetization:    0.30 Bohr mag. 

     Ekin =    4192.129505 Ry,    2096.064752 Ha,   57036.822571 eV
     Encl =   -9956.444306 Ry,   -4978.222153 Ha, -135464.313950 eV
     Eh   =    1770.058520 Ry,     885.029260 Ha,   24082.870916 eV
     Exc  =    -151.823813 Ry,     -75.911906 Ha,   -2065.668025 eV

     SIC information:
     Esich=       0.077196 Ry,       0.038598 Ha,       1.050304 eV
     Esicxc=     -0.905108 Ry,      -0.452554 Ha,     -12.314617 eV
     Esictot=    -0.827912 Ry,      -0.413956 Ha,     -11.264313 eV

     tot-Exc=  -150.995901 Ry,     -75.497951 Ha,   -2054.403712 eV
     int-Exc=  -152.728921 Ry,     -76.364460 Ha,   -2077.982642 eV
     int-Eh=   1770.135715 Ry,     885.067858 Ha,   24083.921220 eV


     normalization and overlap integrals

     s(1S/1S) =  1.000000  <r> =   0.0476  <r2> =    0.0030  r(max) =   0.0315
     s(1S/2S) =  0.004064
     s(1S/3S) =  0.001413
     s(1S/4S) =  0.000424
     s(2S/2S) =  1.000000  <r> =   0.2133  <r2> =    0.0536  r(max) =   0.1788
     s(2S/3S) =  0.004997
     s(2S/4S) =  0.001394
     s(2P/2P) =  1.000000  <r> =   0.1840  <r2> =    0.0414  r(max) =   0.1417
     s(2P/3P) =  0.006841
     s(2P/4P) =  0.001639
     s(3S/3S) =  1.000000  <r> =   0.6340  <r2> =    0.4634  r(max) =   0.5523
     s(3S/4S) =  0.010624
     s(3P/3P) =  1.000000  <r> =   0.6486  <r2> =    0.4945  r(max) =   0.5479
     s(3P/4P) =  0.013337
     s(3D/3D) =  1.000000  <r> =   0.7130  <r2> =    0.6438  r(max) =   0.4977
     s(4S/4S) =  1.000000  <r> =   2.0199  <r2> =    4.6437  r(max) =   1.7337
     s(4P/4P) =  1.000000  <r> =   2.4545  <r2> =    6.9079  r(max) =   2.0673
     s(1S/1S) =  1.000000  <r> =   0.0476  <r2> =    0.0030  r(max) =   0.0315
     s(1S/2S) =  0.004065
     s(1S/3S) =  0.001413
     s(1S/4S) =  0.000427
     s(2S/2S) =  1.000000  <r> =   0.2133  <r2> =    0.0536  r(max) =   0.1788
     s(2S/3S) =  0.004997
     s(2S/4S) =  0.001400
     s(2P/2P) =  1.000000  <r> =   0.1840  <r2> =    0.0414  r(max) =   0.1417
     s(2P/3P) =  0.006841
     s(2P/4P) =  0.001412
     s(3S/3S) =  1.000000  <r> =   0.6339  <r2> =    0.4631  r(max) =   0.5523
     s(3S/4S) =  0.010632
     s(3P/3P) =  1.000000  <r> =   0.6483  <r2> =    0.4940  r(max) =   0.5479
     s(3P/4P) =  0.013073
     s(3D/3D) =  1.000000  <r> =   0.7107  <r2> =    0.6385  r(max) =   0.4977
     s(4S/4S) =  1.000000  <r> =   2.0188  <r2> =    4.6454  r(max) =   1.7337
     s(4P/4P) =  1.000000  <r> =   2.8482  <r2> =    9.5779  r(max) =   2.2217

     ------------------------ End of All-electron run ------------------------


     occupation(    8 ) =  0.350
     --------------------------- All-electron run ----------------------------

     Ge+                                                                        

     atomic number is 32.00
     dft =LDA   lsd =1 sic =1 latt =0  beta=0.30 tr2=1.0E-14 fref=5.0E-01 rhobarfact=1.0E+00
     mesh =1759 r(mesh) =  99.31177 xmin = -6.00 dx = 0.00800
     1 Ry =  13.60569193 eV

     n l     nl                  e(Ry)          e(Ha)          e(eV)
     1 0     1S 1( 1.00)      -807.5918      -403.7959    -10987.8455
     2 0     2S 1( 1.00)      -101.6579       -50.8290     -1383.1265
     2 1     2P 1( 3.00)       -91.6648       -45.8324     -1247.1629
     3 0     3S 1( 1.00)       -13.4841        -6.7420      -183.4600
     3 1     3P 1( 3.00)        -9.9421        -4.9711      -135.2696
     3 2     3D 1( 5.00)        -3.7324        -1.8662       -50.7817
     4 0     4S 1( 1.00)        -1.8052        -0.9026       -24.5613
     4 1     4P 1( 0.35)        -1.1438        -0.5719       -15.5628
     1 0     1S 2( 1.00)      -807.5878      -403.7939    -10987.7915
     2 0     2S 2( 1.00)      -101.6563       -50.8281     -1383.1040
     2 1     2P 2( 3.00)       -91.6619       -45.8310     -1247.1238
     3 0     3S 2( 1.00)       -13.4801        -6.7401      -183.4062
     3 1     3P 2( 3.00)        -9.9376        -4.9688      -135.2078
     3 2     3D 2( 5.00)        -3.7259        -1.8630       -50.6939
     4 0     4S 2( 1.00)        -1.7356        -0.8678       -23.6141
     4 1     4P 2( 0.00)        -0.4596        -0.2298        -6.2531

     eps = 9.2E-16  iter = 49

     Etot =   -4146.965090 Ry,   -2073.482545 Ha,  -56422.329458 eV
     Total magnetization:    0.35 Bohr mag. 

     Ekin =    4192.314826 Ry,    2096.157413 Ha,   57039.343992 eV
     Encl =   -9958.121416 Ry,   -4979.060708 Ha, -135487.132189 eV
     Eh   =    1771.525795 Ry,     885.762897 Ha,   24102.834211 eV
     Exc  =    -151.862211 Ry,     -75.931106 Ha,   -2066.190462 eV

     SIC information:
     Esich=       0.083629 Ry,       0.041814 Ha,       1.137829 eV
     Esicxc=     -0.905712 Ry,      -0.452856 Ha,     -12.322839 eV
     Esictot=    -0.822083 Ry,      -0.411042 Ha,     -11.185010 eV

     tot-Exc=  -151.040128 Ry,     -75.520064 Ha,   -2055.005453 eV
     int-Exc=  -152.767923 Ry,     -76.383962 Ha,   -2078.513301 eV
     int-Eh=   1771.609424 Ry,     885.804712 Ha,   24103.972040 eV


     normalization and overlap integrals

     s(1S/1S) =  1.000000  <r> =   0.0476  <r2> =    0.0030  r(max) =   0.0315
     s(1S/2S) =  0.004064
     s(1S/3S) =  0.001413
     s(1S/4S) =  0.000424
     s(2S/2S) =  1.000000  <r> =   0.2133  <r2> =    0.0536  r(max) =   0.1788
     s(2S/3S) =  0.004997
     s(2S/4S) =  0.001394
     s(2P/2P) =  1.000000  <r> =   0.1840  <r2> =    0.0414  r(max) =   0.1417
     s(2P/3P) =  0.006841
     s(2P/4P) =  0.001639
     s(3S/3S) =  1.000000  <r> =   0.6340  <r2> =    0.4634  r(max) =   0.5523
     s(3S/4S) =  0.010624
     s(3P/3P) =  1.000000  <r> =   0.6486  <r2> =    0.4945  r(max) =   0.5479
     s(3P/4P) =  0.013337
     s(3D/3D) =  1.000000  <r> =   0.7130  <r2> =    0.6438  r(max) =   0.4977
     s(4S/4S) =  1.000000  <r> =   2.0199  <r2> =    4.6437  r(max) =   1.7337
     s(4P/4P) =  1.000000  <r> =   2.4545  <r2> =    6.9079  r(max) =   2.0673
     s(1S/1S) =  1.000000  <r> =   0.0476  <r2> =    0.0030  r(max) =   0.0315
     s(1S/2S) =  0.004065
     s(1S/3S) =  0.001413
     s(1S/4S) =  0.000427
     s(2S/2S) =  1.000000  <r> =   0.2133  <r2> =    0.0536  r(max) =   0.1788
     s(2S/3S) =  0.004997
     s(2S/4S) =  0.001400
     s(2P/2P) =  1.000000  <r> =   0.1840  <r2> =    0.0414  r(max) =   0.1417
     s(2P/3P) =  0.006841
     s(2P/4P) =  0.001412
     s(3S/3S) =  1.000000  <r> =   0.6339  <r2> =    0.4631  r(max) =   0.5523
     s(3S/4S) =  0.010632
     s(3P/3P) =  1.000000  <r> =   0.6483  <r2> =    0.4940  r(max) =   0.5479
     s(3P/4P) =  0.013073
     s(3D/3D) =  1.000000  <r> =   0.7107  <r2> =    0.6385  r(max) =   0.4977
     s(4S/4S) =  1.000000  <r> =   2.0188  <r2> =    4.6454  r(max) =   1.7337
     s(4P/4P) =  1.000000  <r> =   2.8482  <r2> =    9.5779  r(max) =   2.2217

     ------------------------ End of All-electron run ------------------------


     occupation(    8 ) =  0.400
     --------------------------- All-electron run ----------------------------

     Ge+                                                                        

     atomic number is 32.00
     dft =LDA   lsd =1 sic =1 latt =0  beta=0.30 tr2=1.0E-14 fref=5.0E-01 rhobarfact=1.0E+00
     mesh =1759 r(mesh) =  99.31177 xmin = -6.00 dx = 0.00800
     1 Ry =  13.60569193 eV

     n l     nl                  e(Ry)          e(Ha)          e(eV)
     1 0     1S 1( 1.00)      -807.5918      -403.7959    -10987.8455
     2 0     2S 1( 1.00)      -101.6579       -50.8290     -1383.1265
     2 1     2P 1( 3.00)       -91.6648       -45.8324     -1247.1629
     3 0     3S 1( 1.00)       -13.4841        -6.7420      -183.4600
     3 1     3P 1( 3.00)        -9.9421        -4.9711      -135.2696
     3 2     3D 1( 5.00)        -3.7324        -1.8662       -50.7817
     4 0     4S 1( 1.00)        -1.8052        -0.9026       -24.5613
     4 1     4P 1( 0.40)        -1.1438        -0.5719       -15.5628
     1 0     1S 2( 1.00)      -807.5878      -403.7939    -10987.7915
     2 0     2S 2( 1.00)      -101.6563       -50.8281     -1383.1040
     2 1     2P 2( 3.00)       -91.6619       -45.8310     -1247.1238
     3 0     3S 2( 1.00)       -13.4801        -6.7401      -183.4062
     3 1     3P 2( 3.00)        -9.9376        -4.9688      -135.2078
     3 2     3D 2( 5.00)        -3.7259        -1.8630       -50.6939
     4 0     4S 2( 1.00)        -1.7356        -0.8678       -23.6141
     4 1     4P 2( 0.00)        -0.4596        -0.2298        -6.2531

     eps = 9.2E-16  iter = 49

     Etot =   -4147.022194 Ry,   -2073.511097 Ha,  -56423.106403 eV
     Total magnetization:    0.40 Bohr mag. 

     Ekin =    4192.500147 Ry,    2096.250073 Ha,   57041.865413 eV
     Encl =   -9959.798526 Ry,   -4979.899263 Ha, -135509.950428 eV
     Eh   =    1772.994908 Ry,     886.497454 Ha,   24122.822513 eV
     Exc  =    -151.900832 Ry,     -75.950416 Ha,   -2066.715929 eV

     SIC information:
     Esich=       0.088224 Ry,       0.044112 Ha,       1.200347 eV
     Esicxc=     -0.906115 Ry,      -0.453057 Ha,     -12.328319 eV
     Esictot=    -0.817891 Ry,      -0.408945 Ha,     -11.127972 eV

     tot-Exc=  -151.082941 Ry,     -75.541471 Ha,   -2055.587958 eV
     int-Exc=  -152.806947 Ry,     -76.403474 Ha,   -2079.044248 eV
     int-Eh=   1773.083132 Ry,     886.541566 Ha,   24124.022860 eV


     normalization and overlap integrals

     s(1S/1S) =  1.000000  <r> =   0.0476  <r2> =    0.0030  r(max) =   0.0315
     s(1S/2S) =  0.004064
     s(1S/3S) =  0.001413
     s(1S/4S) =  0.000424
     s(2S/2S) =  1.000000  <r> =   0.2133  <r2> =    0.0536  r(max) =   0.1788
     s(2S/3S) =  0.004997
     s(2S/4S) =  0.001394
     s(2P/2P) =  1.000000  <r> =   0.1840  <r2> =    0.0414  r(max) =   0.1417
     s(2P/3P) =  0.006841
     s(2P/4P) =  0.001639
     s(3S/3S) =  1.000000  <r> =   0.6340  <r2> =    0.4634  r(max) =   0.5523
     s(3S/4S) =  0.010624
     s(3P/3P) =  1.000000  <r> =   0.6486  <r2> =    0.4945  r(max) =   0.5479
     s(3P/4P) =  0.013337
     s(3D/3D) =  1.000000  <r> =   0.7130  <r2> =    0.6438  r(max) =   0.4977
     s(4S/4S) =  1.000000  <r> =   2.0199  <r2> =    4.6437  r(max) =   1.7337
     s(4P/4P) =  1.000000  <r> =   2.4545  <r2> =    6.9079  r(max) =   2.0673
     s(1S/1S) =  1.000000  <r> =   0.0476  <r2> =    0.0030  r(max) =   0.0315
     s(1S/2S) =  0.004065
     s(1S/3S) =  0.001413
     s(1S/4S) =  0.000427
     s(2S/2S) =  1.000000  <r> =   0.2133  <r2> =    0.0536  r(max) =   0.1788
     s(2S/3S) =  0.004997
     s(2S/4S) =  0.001400
     s(2P/2P) =  1.000000  <r> =   0.1840  <r2> =    0.0414  r(max) =   0.1417
     s(2P/3P) =  0.006841
     s(2P/4P) =  0.001412
     s(3S/3S) =  1.000000  <r> =   0.6339  <r2> =    0.4631  r(max) =   0.5523
     s(3S/4S) =  0.010632
     s(3P/3P) =  1.000000  <r> =   0.6483  <r2> =    0.4940  r(max) =   0.5479
     s(3P/4P) =  0.013073
     s(3D/3D) =  1.000000  <r> =   0.7107  <r2> =    0.6385  r(max) =   0.4977
     s(4S/4S) =  1.000000  <r> =   2.0188  <r2> =    4.6454  r(max) =   1.7337
     s(4P/4P) =  1.000000  <r> =   2.8482  <r2> =    9.5779  r(max) =   2.2217

     ------------------------ End of All-electron run ------------------------


     occupation(    8 ) =  0.450
     --------------------------- All-electron run ----------------------------

     Ge+                                                                        

     atomic number is 32.00
     dft =LDA   lsd =1 sic =1 latt =0  beta=0.30 tr2=1.0E-14 fref=5.0E-01 rhobarfact=1.0E+00
     mesh =1759 r(mesh) =  99.31177 xmin = -6.00 dx = 0.00800
     1 Ry =  13.60569193 eV

     n l     nl                  e(Ry)          e(Ha)          e(eV)
     1 0     1S 1( 1.00)      -807.5918      -403.7959    -10987.8455
     2 0     2S 1( 1.00)      -101.6579       -50.8290     -1383.1265
     2 1     2P 1( 3.00)       -91.6648       -45.8324     -1247.1629
     3 0     3S 1( 1.00)       -13.4841        -6.7420      -183.4600
     3 1     3P 1( 3.00)        -9.9421        -4.9711      -135.2696
     3 2     3D 1( 5.00)        -3.7324        -1.8662       -50.7817
     4 0     4S 1( 1.00)        -1.8052        -0.9026       -24.5613
     4 1     4P 1( 0.45)        -1.1438        -0.5719       -15.5628
     1 0     1S 2( 1.00)      -807.5878      -403.7939    -10987.7915
     2 0     2S 2( 1.00)      -101.6563       -50.8281     -1383.1040
     2 1     2P 2( 3.00)       -91.6619       -45.8310     -1247.1238
     3 0     3S 2( 1.00)       -13.4801        -6.7401      -183.4062
     3 1     3P 2( 3.00)        -9.9376        -4.9688      -135.2078
     3 2     3D 2( 5.00)        -3.7259        -1.8630       -50.6939
     4 0     4S 2( 1.00)        -1.7356        -0.8678       -23.6141
     4 1     4P 2( 0.00)        -0.4596        -0.2298        -6.2531

     eps = 9.2E-16  iter = 49

     Etot =   -4147.079276 Ry,   -2073.539638 Ha,  -56423.883043 eV
     Total magnetization:    0.45 Bohr mag. 

     Ekin =    4192.685468 Ry,    2096.342734 Ha,   57044.386834 eV
     Encl =   -9961.475636 Ry,   -4980.737818 Ha, -135532.768668 eV
     Eh   =    1774.465859 Ry,     887.232930 Ha,   24142.835823 eV
     Exc  =    -151.939672 Ry,     -75.969836 Ha,   -2067.244365 eV

     SIC information:
     Esich=       0.090981 Ry,       0.045490 Ha,       1.237858 eV
     Esicxc=     -0.906277 Ry,      -0.453138 Ha,     -12.330525 eV
     Esictot=    -0.815296 Ry,      -0.407648 Ha,     -11.092667 eV

     tot-Exc=  -151.124376 Ry,     -75.562188 Ha,   -2056.151698 eV
     int-Exc=  -152.845949 Ry,     -76.422974 Ha,   -2079.574890 eV
     int-Eh=   1774.556840 Ry,     887.278420 Ha,   24144.073681 eV


     normalization and overlap integrals

     s(1S/1S) =  1.000000  <r> =   0.0476  <r2> =    0.0030  r(max) =   0.0315
     s(1S/2S) =  0.004064
     s(1S/3S) =  0.001413
     s(1S/4S) =  0.000424
     s(2S/2S) =  1.000000  <r> =   0.2133  <r2> =    0.0536  r(max) =   0.1788
     s(2S/3S) =  0.004997
     s(2S/4S) =  0.001394
     s(2P/2P) =  1.000000  <r> =   0.1840  <r2> =    0.0414  r(max) =   0.1417
     s(2P/3P) =  0.006841
     s(2P/4P) =  0.001639
     s(3S/3S) =  1.000000  <r> =   0.6340  <r2> =    0.4634  r(max) =   0.5523
     s(3S/4S) =  0.010624
     s(3P/3P) =  1.000000  <r> =   0.6486  <r2> =    0.4945  r(max) =   0.5479
     s(3P/4P) =  0.013337
     s(3D/3D) =  1.000000  <r> =   0.7130  <r2> =    0.6438  r(max) =   0.4977
     s(4S/4S) =  1.000000  <r> =   2.0199  <r2> =    4.6437  r(max) =   1.7337
     s(4P/4P) =  1.000000  <r> =   2.4545  <r2> =    6.9079  r(max) =   2.0673
     s(1S/1S) =  1.000000  <r> =   0.0476  <r2> =    0.0030  r(max) =   0.0315
     s(1S/2S) =  0.004065
     s(1S/3S) =  0.001413
     s(1S/4S) =  0.000427
     s(2S/2S) =  1.000000  <r> =   0.2133  <r2> =    0.0536  r(max) =   0.1788
     s(2S/3S) =  0.004997
     s(2S/4S) =  0.001400
     s(2P/2P) =  1.000000  <r> =   0.1840  <r2> =    0.0414  r(max) =   0.1417
     s(2P/3P) =  0.006841
     s(2P/4P) =  0.001412
     s(3S/3S) =  1.000000  <r> =   0.6339  <r2> =    0.4631  r(max) =   0.5523
     s(3S/4S) =  0.010632
     s(3P/3P) =  1.000000  <r> =   0.6483  <r2> =    0.4940  r(max) =   0.5479
     s(3P/4P) =  0.013073
     s(3D/3D) =  1.000000  <r> =   0.7107  <r2> =    0.6385  r(max) =   0.4977
     s(4S/4S) =  1.000000  <r> =   2.0188  <r2> =    4.6454  r(max) =   1.7337
     s(4P/4P) =  1.000000  <r> =   2.8482  <r2> =    9.5779  r(max) =   2.2217

     ------------------------ End of All-electron run ------------------------


     occupation(    8 ) =  0.500
     --------------------------- All-electron run ----------------------------

     Ge+                                                                        

     atomic number is 32.00
     dft =LDA   lsd =1 sic =1 latt =0  beta=0.30 tr2=1.0E-14 fref=5.0E-01 rhobarfact=1.0E+00
     mesh =1759 r(mesh) =  99.31177 xmin = -6.00 dx = 0.00800
     1 Ry =  13.60569193 eV

     n l     nl                  e(Ry)          e(Ha)          e(eV)
     1 0     1S 1( 1.00)      -807.5918      -403.7959    -10987.8455
     2 0     2S 1( 1.00)      -101.6579       -50.8290     -1383.1265
     2 1     2P 1( 3.00)       -91.6648       -45.8324     -1247.1629
     3 0     3S 1( 1.00)       -13.4841        -6.7420      -183.4600
     3 1     3P 1( 3.00)        -9.9421        -4.9711      -135.2696
     3 2     3D 1( 5.00)        -3.7324        -1.8662       -50.7817
     4 0     4S 1( 1.00)        -1.8052        -0.9026       -24.5613
     4 1     4P 1( 0.50)        -1.1438        -0.5719       -15.5628
     1 0     1S 2( 1.00)      -807.5878      -403.7939    -10987.7915
     2 0     2S 2( 1.00)      -101.6563       -50.8281     -1383.1040
     2 1     2P 2( 3.00)       -91.6619       -45.8310     -1247.1238
     3 0     3S 2( 1.00)       -13.4801        -6.7401      -183.4062
     3 1     3P 2( 3.00)        -9.9376        -4.9688      -135.2078
     3 2     3D 2( 5.00)        -3.7259        -1.8630       -50.6939
     4 0     4S 2( 1.00)        -1.7356        -0.8678       -23.6141
     4 1     4P 2( 0.00)        -0.4596        -0.2298        -6.2531

     eps = 9.2E-16  iter = 49

     Etot =   -4147.136406 Ry,   -2073.568203 Ha,  -56424.660330 eV
     Total magnetization:    0.50 Bohr mag. 

     Ekin =    4192.870789 Ry,    2096.435394 Ha,   57046.908254 eV
     Encl =   -9963.152745 Ry,   -4981.576373 Ha, -135555.586907 eV
     Eh   =    1775.938649 Ry,     887.969324 Ha,   24162.874139 eV
     Exc  =    -151.978725 Ry,     -75.989362 Ha,   -2067.775710 eV

     SIC information:
     Esich=       0.091900 Ry,       0.045950 Ha,       1.250362 eV
     Esicxc=     -0.906273 Ry,      -0.453136 Ha,     -12.330468 eV
     Esictot=    -0.814373 Ry,      -0.407186 Ha,     -11.080106 eV

     tot-Exc=  -151.164352 Ry,     -75.582176 Ha,   -2056.695603 eV
     int-Exc=  -152.884998 Ry,     -76.442499 Ha,   -2080.106178 eV
     int-Eh=   1776.030548 Ry,     888.015274 Ha,   24164.124501 eV


     normalization and overlap integrals

     s(1S/1S) =  1.000000  <r> =   0.0476  <r2> =    0.0030  r(max) =   0.0315
     s(1S/2S) =  0.004064
     s(1S/3S) =  0.001413
     s(1S/4S) =  0.000424
     s(2S/2S) =  1.000000  <r> =   0.2133  <r2> =    0.0536  r(max) =   0.1788
     s(2S/3S) =  0.004997
     s(2S/4S) =  0.001394
     s(2P/2P) =  1.000000  <r> =   0.1840  <r2> =    0.0414  r(max) =   0.1417
     s(2P/3P) =  0.006841
     s(2P/4P) =  0.001639
     s(3S/3S) =  1.000000  <r> =   0.6340  <r2> =    0.4634  r(max) =   0.5523
     s(3S/4S) =  0.010624
     s(3P/3P) =  1.000000  <r> =   0.6486  <r2> =    0.4945  r(max) =   0.5479
     s(3P/4P) =  0.013337
     s(3D/3D) =  1.000000  <r> =   0.7130  <r2> =    0.6438  r(max) =   0.4977
     s(4S/4S) =  1.000000  <r> =   2.0199  <r2> =    4.6437  r(max) =   1.7337
     s(4P/4P) =  1.000000  <r> =   2.4545  <r2> =    6.9079  r(max) =   2.0673
     s(1S/1S) =  1.000000  <r> =   0.0476  <r2> =    0.0030  r(max) =   0.0315
     s(1S/2S) =  0.004065
     s(1S/3S) =  0.001413
     s(1S/4S) =  0.000427
     s(2S/2S) =  1.000000  <r> =   0.2133  <r2> =    0.0536  r(max) =   0.1788
     s(2S/3S) =  0.004997
     s(2S/4S) =  0.001400
     s(2P/2P) =  1.000000  <r> =   0.1840  <r2> =    0.0414  r(max) =   0.1417
     s(2P/3P) =  0.006841
     s(2P/4P) =  0.001412
     s(3S/3S) =  1.000000  <r> =   0.6339  <r2> =    0.4631  r(max) =   0.5523
     s(3S/4S) =  0.010632
     s(3P/3P) =  1.000000  <r> =   0.6483  <r2> =    0.4940  r(max) =   0.5479
     s(3P/4P) =  0.013073
     s(3D/3D) =  1.000000  <r> =   0.7107  <r2> =    0.6385  r(max) =   0.4977
     s(4S/4S) =  1.000000  <r> =   2.0188  <r2> =    4.6454  r(max) =   1.7337
     s(4P/4P) =  1.000000  <r> =   2.8482  <r2> =    9.5779  r(max) =   2.2217

     ------------------------ End of All-electron run ------------------------


     occupation(    8 ) =  0.550
     --------------------------- All-electron run ----------------------------

     Ge+                                                                        

     atomic number is 32.00
     dft =LDA   lsd =1 sic =1 latt =0  beta=0.30 tr2=1.0E-14 fref=5.0E-01 rhobarfact=1.0E+00
     mesh =1759 r(mesh) =  99.31177 xmin = -6.00 dx = 0.00800
     1 Ry =  13.60569193 eV

     n l     nl                  e(Ry)          e(Ha)          e(eV)
     1 0     1S 1( 1.00)      -807.5918      -403.7959    -10987.8455
     2 0     2S 1( 1.00)      -101.6579       -50.8290     -1383.1265
     2 1     2P 1( 3.00)       -91.6648       -45.8324     -1247.1629
     3 0     3S 1( 1.00)       -13.4841        -6.7420      -183.4600
     3 1     3P 1( 3.00)        -9.9421        -4.9711      -135.2696
     3 2     3D 1( 5.00)        -3.7324        -1.8662       -50.7817
     4 0     4S 1( 1.00)        -1.8052        -0.9026       -24.5613
     4 1     4P 1( 0.55)        -1.1438        -0.5719       -15.5628
     1 0     1S 2( 1.00)      -807.5878      -403.7939    -10987.7915
     2 0     2S 2( 1.00)      -101.6563       -50.8281     -1383.1040
     2 1     2P 2( 3.00)       -91.6619       -45.8310     -1247.1238
     3 0     3S 2( 1.00)       -13.4801        -6.7401      -183.4062
     3 1     3P 2( 3.00)        -9.9376        -4.9688      -135.2078
     3 2     3D 2( 5.00)        -3.7259        -1.8630       -50.6939
     4 0     4S 2( 1.00)        -1.7356        -0.8678       -23.6141
     4 1     4P 2( 0.00)        -0.4596        -0.2298        -6.2531

     eps = 9.2E-16  iter = 49

     Etot =   -4147.193545 Ry,   -2073.596772 Ha,  -56425.437747 eV
     Total magnetization:    0.55 Bohr mag. 

     Ekin =    4193.056110 Ry,    2096.528055 Ha,   57049.429675 eV
     Encl =   -9964.829855 Ry,   -4982.414928 Ha, -135578.405147 eV
     Eh   =    1777.413276 Ry,     888.706638 Ha,   24182.937463 eV
     Exc  =    -152.017988 Ry,     -76.008994 Ha,   -2068.309909 eV

     SIC information:
     Esich=       0.090981 Ry,       0.045490 Ha,       1.237858 eV
     Esicxc=     -0.906068 Ry,      -0.453034 Ha,     -12.327688 eV
     Esictot=    -0.815088 Ry,      -0.407544 Ha,     -11.089830 eV

     tot-Exc=  -151.202900 Ry,     -75.601450 Ha,   -2057.220079 eV
     int-Exc=  -152.924056 Ry,     -76.462028 Ha,   -2080.637596 eV
     int-Eh=   1777.504257 Ry,     888.752128 Ha,   24184.175321 eV


     normalization and overlap integrals

     s(1S/1S) =  1.000000  <r> =   0.0476  <r2> =    0.0030  r(max) =   0.0315
     s(1S/2S) =  0.004064
     s(1S/3S) =  0.001413
     s(1S/4S) =  0.000424
     s(2S/2S) =  1.000000  <r> =   0.2133  <r2> =    0.0536  r(max) =   0.1788
     s(2S/3S) =  0.004997
     s(2S/4S) =  0.001394
     s(2P/2P) =  1.000000  <r> =   0.1840  <r2> =    0.0414  r(max) =   0.1417
     s(2P/3P) =  0.006841
     s(2P/4P) =  0.001639
     s(3S/3S) =  1.000000  <r> =   0.6340  <r2> =    0.4634  r(max) =   0.5523
     s(3S/4S) =  0.010624
     s(3P/3P) =  1.000000  <r> =   0.6486  <r2> =    0.4945  r(max) =   0.5479
     s(3P/4P) =  0.013337
     s(3D/3D) =  1.000000  <r> =   0.7130  <r2> =    0.6438  r(max) =   0.4977
     s(4S/4S) =  1.000000  <r> =   2.0199  <r2> =    4.6437  r(max) =   1.7337
     s(4P/4P) =  1.000000  <r> =   2.4545  <r2> =    6.9079  r(max) =   2.0673
     s(1S/1S) =  1.000000  <r> =   0.0476  <r2> =    0.0030  r(max) =   0.0315
     s(1S/2S) =  0.004065
     s(1S/3S) =  0.001413
     s(1S/4S) =  0.000427
     s(2S/2S) =  1.000000  <r> =   0.2133  <r2> =    0.0536  r(max) =   0.1788
     s(2S/3S) =  0.004997
     s(2S/4S) =  0.001400
     s(2P/2P) =  1.000000  <r> =   0.1840  <r2> =    0.0414  r(max) =   0.1417
     s(2P/3P) =  0.006841
     s(2P/4P) =  0.001412
     s(3S/3S) =  1.000000  <r> =   0.6339  <r2> =    0.4631  r(max) =   0.5523
     s(3S/4S) =  0.010632
     s(3P/3P) =  1.000000  <r> =   0.6483  <r2> =    0.4940  r(max) =   0.5479
     s(3P/4P) =  0.013073
     s(3D/3D) =  1.000000  <r> =   0.7107  <r2> =    0.6385  r(max) =   0.4977
     s(4S/4S) =  1.000000  <r> =   2.0188  <r2> =    4.6454  r(max) =   1.7337
     s(4P/4P) =  1.000000  <r> =   2.8482  <r2> =    9.5779  r(max) =   2.2217

     ------------------------ End of All-electron run ------------------------


     occupation(    8 ) =  0.600
     --------------------------- All-electron run ----------------------------

     Ge+                                                                        

     atomic number is 32.00
     dft =LDA   lsd =1 sic =1 latt =0  beta=0.30 tr2=1.0E-14 fref=5.0E-01 rhobarfact=1.0E+00
     mesh =1759 r(mesh) =  99.31177 xmin = -6.00 dx = 0.00800
     1 Ry =  13.60569193 eV

     n l     nl                  e(Ry)          e(Ha)          e(eV)
     1 0     1S 1( 1.00)      -807.5918      -403.7959    -10987.8455
     2 0     2S 1( 1.00)      -101.6579       -50.8290     -1383.1265
     2 1     2P 1( 3.00)       -91.6648       -45.8324     -1247.1629
     3 0     3S 1( 1.00)       -13.4841        -6.7420      -183.4600
     3 1     3P 1( 3.00)        -9.9421        -4.9711      -135.2696
     3 2     3D 1( 5.00)        -3.7324        -1.8662       -50.7817
     4 0     4S 1( 1.00)        -1.8052        -0.9026       -24.5613
     4 1     4P 1( 0.60)        -1.1438        -0.5719       -15.5628
     1 0     1S 2( 1.00)      -807.5878      -403.7939    -10987.7915
     2 0     2S 2( 1.00)      -101.6563       -50.8281     -1383.1040
     2 1     2P 2( 3.00)       -91.6619       -45.8310     -1247.1238
     3 0     3S 2( 1.00)       -13.4801        -6.7401      -183.4062
     3 1     3P 2( 3.00)        -9.9376        -4.9688      -135.2078
     3 2     3D 2( 5.00)        -3.7259        -1.8630       -50.6939
     4 0     4S 2( 1.00)        -1.7356        -0.8678       -23.6141
     4 1     4P 2( 0.00)        -0.4596        -0.2298        -6.2531

     eps = 9.2E-16  iter = 49

     Etot =   -4147.250698 Ry,   -2073.625349 Ha,  -56426.215349 eV
     Total magnetization:    0.60 Bohr mag. 

     Ekin =    4193.241431 Ry,    2096.620715 Ha,   57051.951096 eV
     Encl =   -9966.506965 Ry,   -4983.253482 Ha, -135601.223386 eV
     Eh   =    1778.889741 Ry,     889.444871 Ha,   24203.025794 eV
     Exc  =    -152.057457 Ry,     -76.028728 Ha,   -2068.846910 eV

     SIC information:
     Esich=       0.088224 Ry,       0.044112 Ha,       1.200347 eV
     Esicxc=     -0.905672 Ry,      -0.452836 Ha,     -12.322290 eV
     Esictot=    -0.817448 Ry,      -0.408724 Ha,     -11.121942 eV

     tot-Exc=  -151.240009 Ry,     -75.620004 Ha,   -2057.724968 eV
     int-Exc=  -152.963128 Ry,     -76.481564 Ha,   -2081.169200 eV
     int-Eh=   1778.977965 Ry,     889.488982 Ha,   24204.226141 eV


     normalization and overlap integrals

     s(1S/1S) =  1.000000  <r> =   0.0476  <r2> =    0.0030  r(max) =   0.0315
     s(1S/2S) =  0.004064
     s(1S/3S) =  0.001413
     s(1S/4S) =  0.000424
     s(2S/2S) =  1.000000  <r> =   0.2133  <r2> =    0.0536  r(max) =   0.1788
     s(2S/3S) =  0.004997
     s(2S/4S) =  0.001394
     s(2P/2P) =  1.000000  <r> =   0.1840  <r2> =    0.0414  r(max) =   0.1417
     s(2P/3P) =  0.006841
     s(2P/4P) =  0.001639
     s(3S/3S) =  1.000000  <r> =   0.6340  <r2> =    0.4634  r(max) =   0.5523
     s(3S/4S) =  0.010624
     s(3P/3P) =  1.000000  <r> =   0.6486  <r2> =    0.4945  r(max) =   0.5479
     s(3P/4P) =  0.013337
     s(3D/3D) =  1.000000  <r> =   0.7130  <r2> =    0.6438  r(max) =   0.4977
     s(4S/4S) =  1.000000  <r> =   2.0199  <r2> =    4.6437  r(max) =   1.7337
     s(4P/4P) =  1.000000  <r> =   2.4545  <r2> =    6.9079  r(max) =   2.0673
     s(1S/1S) =  1.000000  <r> =   0.0476  <r2> =    0.0030  r(max) =   0.0315
     s(1S/2S) =  0.004065
     s(1S/3S) =  0.001413
     s(1S/4S) =  0.000427
     s(2S/2S) =  1.000000  <r> =   0.2133  <r2> =    0.0536  r(max) =   0.1788
     s(2S/3S) =  0.004997
     s(2S/4S) =  0.001400
     s(2P/2P) =  1.000000  <r> =   0.1840  <r2> =    0.0414  r(max) =   0.1417
     s(2P/3P) =  0.006841
     s(2P/4P) =  0.001412
     s(3S/3S) =  1.000000  <r> =   0.6339  <r2> =    0.4631  r(max) =   0.5523
     s(3S/4S) =  0.010632
     s(3P/3P) =  1.000000  <r> =   0.6483  <r2> =    0.4940  r(max) =   0.5479
     s(3P/4P) =  0.013073
     s(3D/3D) =  1.000000  <r> =   0.7107  <r2> =    0.6385  r(max) =   0.4977
     s(4S/4S) =  1.000000  <r> =   2.0188  <r2> =    4.6454  r(max) =   1.7337
     s(4P/4P) =  1.000000  <r> =   2.8482  <r2> =    9.5779  r(max) =   2.2217

     ------------------------ End of All-electron run ------------------------


     occupation(    8 ) =  0.650
     --------------------------- All-electron run ----------------------------

     Ge+                                                                        

     atomic number is 32.00
     dft =LDA   lsd =1 sic =1 latt =0  beta=0.30 tr2=1.0E-14 fref=5.0E-01 rhobarfact=1.0E+00
     mesh =1759 r(mesh) =  99.31177 xmin = -6.00 dx = 0.00800
     1 Ry =  13.60569193 eV

     n l     nl                  e(Ry)          e(Ha)          e(eV)
     1 0     1S 1( 1.00)      -807.5918      -403.7959    -10987.8455
     2 0     2S 1( 1.00)      -101.6579       -50.8290     -1383.1265
     2 1     2P 1( 3.00)       -91.6648       -45.8324     -1247.1629
     3 0     3S 1( 1.00)       -13.4841        -6.7420      -183.4600
     3 1     3P 1( 3.00)        -9.9421        -4.9711      -135.2696
     3 2     3D 1( 5.00)        -3.7324        -1.8662       -50.7817
     4 0     4S 1( 1.00)        -1.8052        -0.9026       -24.5613
     4 1     4P 1( 0.65)        -1.1438        -0.5719       -15.5628
     1 0     1S 2( 1.00)      -807.5878      -403.7939    -10987.7915
     2 0     2S 2( 1.00)      -101.6563       -50.8281     -1383.1040
     2 1     2P 2( 3.00)       -91.6619       -45.8310     -1247.1238
     3 0     3S 2( 1.00)       -13.4801        -6.7401      -183.4062
     3 1     3P 2( 3.00)        -9.9376        -4.9688      -135.2078
     3 2     3D 2( 5.00)        -3.7259        -1.8630       -50.6939
     4 0     4S 2( 1.00)        -1.7356        -0.8678       -23.6141
     4 1     4P 2( 0.00)        -0.4596        -0.2298        -6.2531

     eps = 9.2E-16  iter = 49

     Etot =   -4147.307853 Ry,   -2073.653927 Ha,  -56426.992994 eV
     Total magnetization:    0.65 Bohr mag. 

     Ekin =    4193.426752 Ry,    2096.713376 Ha,   57054.472517 eV
     Encl =   -9968.184075 Ry,   -4984.092037 Ha, -135624.041626 eV
     Eh   =    1780.368044 Ry,     890.184022 Ha,   24223.139133 eV
     Exc  =    -152.097128 Ry,     -76.048564 Ha,   -2069.386664 eV

     SIC information:
     Esich=       0.083629 Ry,       0.041814 Ha,       1.137829 eV
     Esicxc=     -0.905076 Ry,      -0.452538 Ha,     -12.314183 eV
     Esictot=    -0.821447 Ry,      -0.410723 Ha,     -11.176354 eV

     tot-Exc=  -151.275681 Ry,     -75.637840 Ha,   -2058.210310 eV
     int-Exc=  -153.002204 Ry,     -76.501102 Ha,   -2081.700846 eV
     int-Eh=   1780.451673 Ry,     890.225837 Ha,   24224.276962 eV


     normalization and overlap integrals

     s(1S/1S) =  1.000000  <r> =   0.0476  <r2> =    0.0030  r(max) =   0.0315
     s(1S/2S) =  0.004064
     s(1S/3S) =  0.001413
     s(1S/4S) =  0.000424
     s(2S/2S) =  1.000000  <r> =   0.2133  <r2> =    0.0536  r(max) =   0.1788
     s(2S/3S) =  0.004997
     s(2S/4S) =  0.001394
     s(2P/2P) =  1.000000  <r> =   0.1840  <r2> =    0.0414  r(max) =   0.1417
     s(2P/3P) =  0.006841
     s(2P/4P) =  0.001639
     s(3S/3S) =  1.000000  <r> =   0.6340  <r2> =    0.4634  r(max) =   0.5523
     s(3S/4S) =  0.010624
     s(3P/3P) =  1.000000  <r> =   0.6486  <r2> =    0.4945  r(max) =   0.5479
     s(3P/4P) =  0.013337
     s(3D/3D) =  1.000000  <r> =   0.7130  <r2> =    0.6438  r(max) =   0.4977
     s(4S/4S) =  1.000000  <r> =   2.0199  <r2> =    4.6437  r(max) =   1.7337
     s(4P/4P) =  1.000000  <r> =   2.4545  <r2> =    6.9079  r(max) =   2.0673
     s(1S/1S) =  1.000000  <r> =   0.0476  <r2> =    0.0030  r(max) =   0.0315
     s(1S/2S) =  0.004065
     s(1S/3S) =  0.001413
     s(1S/4S) =  0.000427
     s(2S/2S) =  1.000000  <r> =   0.2133  <r2> =    0.0536  r(max) =   0.1788
     s(2S/3S) =  0.004997
     s(2S/4S) =  0.001400
     s(2P/2P) =  1.000000  <r> =   0.1840  <r2> =    0.0414  r(max) =   0.1417
     s(2P/3P) =  0.006841
     s(2P/4P) =  0.001412
     s(3S/3S) =  1.000000  <r> =   0.6339  <r2> =    0.4631  r(max) =   0.5523
     s(3S/4S) =  0.010632
     s(3P/3P) =  1.000000  <r> =   0.6483  <r2> =    0.4940  r(max) =   0.5479
     s(3P/4P) =  0.013073
     s(3D/3D) =  1.000000  <r> =   0.7107  <r2> =    0.6385  r(max) =   0.4977
     s(4S/4S) =  1.000000  <r> =   2.0188  <r2> =    4.6454  r(max) =   1.7337
     s(4P/4P) =  1.000000  <r> =   2.8482  <r2> =    9.5779  r(max) =   2.2217

     ------------------------ End of All-electron run ------------------------


     occupation(    8 ) =  0.700
     --------------------------- All-electron run ----------------------------

     Ge+                                                                        

     atomic number is 32.00
     dft =LDA   lsd =1 sic =1 latt =0  beta=0.30 tr2=1.0E-14 fref=5.0E-01 rhobarfact=1.0E+00
     mesh =1759 r(mesh) =  99.31177 xmin = -6.00 dx = 0.00800
     1 Ry =  13.60569193 eV

     n l     nl                  e(Ry)          e(Ha)          e(eV)
     1 0     1S 1( 1.00)      -807.5918      -403.7959    -10987.8455
     2 0     2S 1( 1.00)      -101.6579       -50.8290     -1383.1265
     2 1     2P 1( 3.00)       -91.6648       -45.8324     -1247.1629
     3 0     3S 1( 1.00)       -13.4841        -6.7420      -183.4600
     3 1     3P 1( 3.00)        -9.9421        -4.9711      -135.2696
     3 2     3D 1( 5.00)        -3.7324        -1.8662       -50.7817
     4 0     4S 1( 1.00)        -1.8052        -0.9026       -24.5613
     4 1     4P 1( 0.70)        -1.1438        -0.5719       -15.5628
     1 0     1S 2( 1.00)      -807.5878      -403.7939    -10987.7915
     2 0     2S 2( 1.00)      -101.6563       -50.8281     -1383.1040
     2 1     2P 2( 3.00)       -91.6619       -45.8310     -1247.1238
     3 0     3S 2( 1.00)       -13.4801        -6.7401      -183.4062
     3 1     3P 2( 3.00)        -9.9376        -4.9688      -135.2078
     3 2     3D 2( 5.00)        -3.7259        -1.8630       -50.6939
     4 0     4S 2( 1.00)        -1.7356        -0.8678       -23.6141
     4 1     4P 2( 0.00)        -0.4596        -0.2298        -6.2531

     eps = 9.2E-16  iter = 49

     Etot =   -4147.365018 Ry,   -2073.682509 Ha,  -56427.770763 eV
     Total magnetization:    0.70 Bohr mag. 

     Ekin =    4193.612073 Ry,    2096.806036 Ha,   57056.993937 eV
     Encl =   -9969.861185 Ry,   -4984.930592 Ha, -135646.859865 eV
     Eh   =    1781.848185 Ry,     890.924093 Ha,   24243.277478 eV
     Exc  =    -152.136998 Ry,     -76.068499 Ha,   -2069.929123 eV

     SIC information:
     Esich=       0.077196 Ry,       0.038598 Ha,       1.050304 eV
     Esicxc=     -0.904290 Ry,      -0.452145 Ha,     -12.303494 eV
     Esictot=    -0.827094 Ry,      -0.413547 Ha,     -11.253191 eV

     tot-Exc=  -151.309903 Ry,     -75.654952 Ha,   -2058.675932 eV
     int-Exc=  -153.041288 Ry,     -76.520644 Ha,   -2082.232617 eV
     int-Eh=   1781.925381 Ry,     890.962691 Ha,   24244.327782 eV


     normalization and overlap integrals

     s(1S/1S) =  1.000000  <r> =   0.0476  <r2> =    0.0030  r(max) =   0.0315
     s(1S/2S) =  0.004064
     s(1S/3S) =  0.001413
     s(1S/4S) =  0.000424
     s(2S/2S) =  1.000000  <r> =   0.2133  <r2> =    0.0536  r(max) =   0.1788
     s(2S/3S) =  0.004997
     s(2S/4S) =  0.001394
     s(2P/2P) =  1.000000  <r> =   0.1840  <r2> =    0.0414  r(max) =   0.1417
     s(2P/3P) =  0.006841
     s(2P/4P) =  0.001639
     s(3S/3S) =  1.000000  <r> =   0.6340  <r2> =    0.4634  r(max) =   0.5523
     s(3S/4S) =  0.010624
     s(3P/3P) =  1.000000  <r> =   0.6486  <r2> =    0.4945  r(max) =   0.5479
     s(3P/4P) =  0.013337
     s(3D/3D) =  1.000000  <r> =   0.7130  <r2> =    0.6438  r(max) =   0.4977
     s(4S/4S) =  1.000000  <r> =   2.0199  <r2> =    4.6437  r(max) =   1.7337
     s(4P/4P) =  1.000000  <r> =   2.4545  <r2> =    6.9079  r(max) =   2.0673
     s(1S/1S) =  1.000000  <r> =   0.0476  <r2> =    0.0030  r(max) =   0.0315
     s(1S/2S) =  0.004065
     s(1S/3S) =  0.001413
     s(1S/4S) =  0.000427
     s(2S/2S) =  1.000000  <r> =   0.2133  <r2> =    0.0536  r(max) =   0.1788
     s(2S/3S) =  0.004997
     s(2S/4S) =  0.001400
     s(2P/2P) =  1.000000  <r> =   0.1840  <r2> =    0.0414  r(max) =   0.1417
     s(2P/3P) =  0.006841
     s(2P/4P) =  0.001412
     s(3S/3S) =  1.000000  <r> =   0.6339  <r2> =    0.4631  r(max) =   0.5523
     s(3S/4S) =  0.010632
     s(3P/3P) =  1.000000  <r> =   0.6483  <r2> =    0.4940  r(max) =   0.5479
     s(3P/4P) =  0.013073
     s(3D/3D) =  1.000000  <r> =   0.7107  <r2> =    0.6385  r(max) =   0.4977
     s(4S/4S) =  1.000000  <r> =   2.0188  <r2> =    4.6454  r(max) =   1.7337
     s(4P/4P) =  1.000000  <r> =   2.8482  <r2> =    9.5779  r(max) =   2.2217

     ------------------------ End of All-electron run ------------------------


     occupation(    8 ) =  0.750
     --------------------------- All-electron run ----------------------------

     Ge+                                                                        

     atomic number is 32.00
     dft =LDA   lsd =1 sic =1 latt =0  beta=0.30 tr2=1.0E-14 fref=5.0E-01 rhobarfact=1.0E+00
     mesh =1759 r(mesh) =  99.31177 xmin = -6.00 dx = 0.00800
     1 Ry =  13.60569193 eV

     n l     nl                  e(Ry)          e(Ha)          e(eV)
     1 0     1S 1( 1.00)      -807.5918      -403.7959    -10987.8455
     2 0     2S 1( 1.00)      -101.6579       -50.8290     -1383.1265
     2 1     2P 1( 3.00)       -91.6648       -45.8324     -1247.1629
     3 0     3S 1( 1.00)       -13.4841        -6.7420      -183.4600
     3 1     3P 1( 3.00)        -9.9421        -4.9711      -135.2696
     3 2     3D 1( 5.00)        -3.7324        -1.8662       -50.7817
     4 0     4S 1( 1.00)        -1.8052        -0.9026       -24.5613
     4 1     4P 1( 0.75)        -1.1438        -0.5719       -15.5628
     1 0     1S 2( 1.00)      -807.5878      -403.7939    -10987.7915
     2 0     2S 2( 1.00)      -101.6563       -50.8281     -1383.1040
     2 1     2P 2( 3.00)       -91.6619       -45.8310     -1247.1238
     3 0     3S 2( 1.00)       -13.4801        -6.7401      -183.4062
     3 1     3P 2( 3.00)        -9.9376        -4.9688      -135.2078
     3 2     3D 2( 5.00)        -3.7259        -1.8630       -50.6939
     4 0     4S 2( 1.00)        -1.7356        -0.8678       -23.6141
     4 1     4P 2( 0.00)        -0.4596        -0.2298        -6.2531

     eps = 9.2E-16  iter = 49

     Etot =   -4147.422190 Ry,   -2073.711095 Ha,  -56428.548626 eV
     Total magnetization:    0.75 Bohr mag. 

     Ekin =    4193.797394 Ry,    2096.898697 Ha,   57059.515358 eV
     Encl =   -9971.538294 Ry,   -4985.769147 Ha, -135669.678105 eV
     Eh   =    1783.330165 Ry,     891.665082 Ha,   24263.440831 eV
     Exc  =    -152.177063 Ry,     -76.088532 Ha,   -2070.474243 eV

     SIC information:
     Esich=       0.068925 Ry,       0.034462 Ha,       0.937771 eV
     Esicxc=     -0.903316 Ry,      -0.451658 Ha,     -12.290239 eV
     Esictot=    -0.834391 Ry,      -0.417196 Ha,     -11.352467 eV

     tot-Exc=  -151.342672 Ry,     -75.671336 Ha,   -2059.121775 eV
     int-Exc=  -153.080379 Ry,     -76.540190 Ha,   -2082.764481 eV
     int-Eh=   1783.399090 Ry,     891.699545 Ha,   24264.378602 eV


     normalization and overlap integrals

     s(1S/1S) =  1.000000  <r> =   0.0476  <r2> =    0.0030  r(max) =   0.0315
     s(1S/2S) =  0.004064
     s(1S/3S) =  0.001413
     s(1S/4S) =  0.000424
     s(2S/2S) =  1.000000  <r> =   0.2133  <r2> =    0.0536  r(max) =   0.1788
     s(2S/3S) =  0.004997
     s(2S/4S) =  0.001394
     s(2P/2P) =  1.000000  <r> =   0.1840  <r2> =    0.0414  r(max) =   0.1417
     s(2P/3P) =  0.006841
     s(2P/4P) =  0.001639
     s(3S/3S) =  1.000000  <r> =   0.6340  <r2> =    0.4634  r(max) =   0.5523
     s(3S/4S) =  0.010624
     s(3P/3P) =  1.000000  <r> =   0.6486  <r2> =    0.4945  r(max) =   0.5479
     s(3P/4P) =  0.013337
     s(3D/3D) =  1.000000  <r> =   0.7130  <r2> =    0.6438  r(max) =   0.4977
     s(4S/4S) =  1.000000  <r> =   2.0199  <r2> =    4.6437  r(max) =   1.7337
     s(4P/4P) =  1.000000  <r> =   2.4545  <r2> =    6.9079  r(max) =   2.0673
     s(1S/1S) =  1.000000  <r> =   0.0476  <r2> =    0.0030  r(max) =   0.0315
     s(1S/2S) =  0.004065
     s(1S/3S) =  0.001413
     s(1S/4S) =  0.000427
     s(2S/2S) =  1.000000  <r> =   0.2133  <r2> =    0.0536  r(max) =   0.1788
     s(2S/3S) =  0.004997
     s(2S/4S) =  0.001400
     s(2P/2P) =  1.000000  <r> =   0.1840  <r2> =    0.0414  r(max) =   0.1417
     s(2P/3P) =  0.006841
     s(2P/4P) =  0.001412
     s(3S/3S) =  1.000000  <r> =   0.6339  <r2> =    0.4631  r(max) =   0.5523
     s(3S/4S) =  0.010632
     s(3P/3P) =  1.000000  <r> =   0.6483  <r2> =    0.4940  r(max) =   0.5479
     s(3P/4P) =  0.013073
     s(3D/3D) =  1.000000  <r> =   0.7107  <r2> =    0.6385  r(max) =   0.4977
     s(4S/4S) =  1.000000  <r> =   2.0188  <r2> =    4.6454  r(max) =   1.7337
     s(4P/4P) =  1.000000  <r> =   2.8482  <r2> =    9.5779  r(max) =   2.2217

     ------------------------ End of All-electron run ------------------------


     occupation(    8 ) =  0.800
     --------------------------- All-electron run ----------------------------

     Ge+                                                                        

     atomic number is 32.00
     dft =LDA   lsd =1 sic =1 latt =0  beta=0.30 tr2=1.0E-14 fref=5.0E-01 rhobarfact=1.0E+00
     mesh =1759 r(mesh) =  99.31177 xmin = -6.00 dx = 0.00800
     1 Ry =  13.60569193 eV

     n l     nl                  e(Ry)          e(Ha)          e(eV)
     1 0     1S 1( 1.00)      -807.5918      -403.7959    -10987.8455
     2 0     2S 1( 1.00)      -101.6579       -50.8290     -1383.1265
     2 1     2P 1( 3.00)       -91.6648       -45.8324     -1247.1629
     3 0     3S 1( 1.00)       -13.4841        -6.7420      -183.4600
     3 1     3P 1( 3.00)        -9.9421        -4.9711      -135.2696
     3 2     3D 1( 5.00)        -3.7324        -1.8662       -50.7817
     4 0     4S 1( 1.00)        -1.8052        -0.9026       -24.5613
     4 1     4P 1( 0.80)        -1.1438        -0.5719       -15.5628
     1 0     1S 2( 1.00)      -807.5878      -403.7939    -10987.7915
     2 0     2S 2( 1.00)      -101.6563       -50.8281     -1383.1040
     2 1     2P 2( 3.00)       -91.6619       -45.8310     -1247.1238
     3 0     3S 2( 1.00)       -13.4801        -6.7401      -183.4062
     3 1     3P 2( 3.00)        -9.9376        -4.9688      -135.2078
     3 2     3D 2( 5.00)        -3.7259        -1.8630       -50.6939
     4 0     4S 2( 1.00)        -1.7356        -0.8678       -23.6141
     4 1     4P 2( 0.00)        -0.4596        -0.2298        -6.2531

     eps = 9.2E-16  iter = 49

     Etot =   -4147.479355 Ry,   -2073.739678 Ha,  -56429.326396 eV
     Total magnetization:    0.80 Bohr mag. 

     Ekin =    4193.982715 Ry,    2096.991357 Ha,   57062.036779 eV
     Encl =   -9973.215404 Ry,   -4986.607702 Ha, -135692.496344 eV
     Eh   =    1784.813982 Ry,     892.406991 Ha,   24283.629191 eV
     Exc  =    -152.217321 Ry,     -76.108661 Ha,   -2071.021980 eV

     SIC information:
     Esich=       0.058816 Ry,       0.029408 Ha,       0.800231 eV
     Esicxc=     -0.902142 Ry,      -0.451071 Ha,     -12.274273 eV
     Esictot=    -0.843327 Ry,      -0.421663 Ha,     -11.474041 eV

     tot-Exc=  -151.373995 Ry,     -75.686997 Ha,   -2059.547939 eV
     int-Exc=  -153.119464 Ry,     -76.559732 Ha,   -2083.296253 eV
     int-Eh=   1784.872798 Ry,     892.436399 Ha,   24284.429422 eV


     normalization and overlap integrals

     s(1S/1S) =  1.000000  <r> =   0.0476  <r2> =    0.0030  r(max) =   0.0315
     s(1S/2S) =  0.004064
     s(1S/3S) =  0.001413
     s(1S/4S) =  0.000424
     s(2S/2S) =  1.000000  <r> =   0.2133  <r2> =    0.0536  r(max) =   0.1788
     s(2S/3S) =  0.004997
     s(2S/4S) =  0.001394
     s(2P/2P) =  1.000000  <r> =   0.1840  <r2> =    0.0414  r(max) =   0.1417
     s(2P/3P) =  0.006841
     s(2P/4P) =  0.001639
     s(3S/3S) =  1.000000  <r> =   0.6340  <r2> =    0.4634  r(max) =   0.5523
     s(3S/4S) =  0.010624
     s(3P/3P) =  1.000000  <r> =   0.6486  <r2> =    0.4945  r(max) =   0.5479
     s(3P/4P) =  0.013337
     s(3D/3D) =  1.000000  <r> =   0.7130  <r2> =    0.6438  r(max) =   0.4977
     s(4S/4S) =  1.000000  <r> =   2.0199  <r2> =    4.6437  r(max) =   1.7337
     s(4P/4P) =  1.000000  <r> =   2.4545  <r2> =    6.9079  r(max) =   2.0673
     s(1S/1S) =  1.000000  <r> =   0.0476  <r2> =    0.0030  r(max) =   0.0315
     s(1S/2S) =  0.004065
     s(1S/3S) =  0.001413
     s(1S/4S) =  0.000427
     s(2S/2S) =  1.000000  <r> =   0.2133  <r2> =    0.0536  r(max) =   0.1788
     s(2S/3S) =  0.004997
     s(2S/4S) =  0.001400
     s(2P/2P) =  1.000000  <r> =   0.1840  <r2> =    0.0414  r(max) =   0.1417
     s(2P/3P) =  0.006841
     s(2P/4P) =  0.001412
     s(3S/3S) =  1.000000  <r> =   0.6339  <r2> =    0.4631  r(max) =   0.5523
     s(3S/4S) =  0.010632
     s(3P/3P) =  1.000000  <r> =   0.6483  <r2> =    0.4940  r(max) =   0.5479
     s(3P/4P) =  0.013073
     s(3D/3D) =  1.000000  <r> =   0.7107  <r2> =    0.6385  r(max) =   0.4977
     s(4S/4S) =  1.000000  <r> =   2.0188  <r2> =    4.6454  r(max) =   1.7337
     s(4P/4P) =  1.000000  <r> =   2.8482  <r2> =    9.5779  r(max) =   2.2217

     ------------------------ End of All-electron run ------------------------


     occupation(    8 ) =  0.850
     --------------------------- All-electron run ----------------------------

     Ge+                                                                        

     atomic number is 32.00
     dft =LDA   lsd =1 sic =1 latt =0  beta=0.30 tr2=1.0E-14 fref=5.0E-01 rhobarfact=1.0E+00
     mesh =1759 r(mesh) =  99.31177 xmin = -6.00 dx = 0.00800
     1 Ry =  13.60569193 eV

     n l     nl                  e(Ry)          e(Ha)          e(eV)
     1 0     1S 1( 1.00)      -807.5918      -403.7959    -10987.8455
     2 0     2S 1( 1.00)      -101.6579       -50.8290     -1383.1265
     2 1     2P 1( 3.00)       -91.6648       -45.8324     -1247.1629
     3 0     3S 1( 1.00)       -13.4841        -6.7420      -183.4600
     3 1     3P 1( 3.00)        -9.9421        -4.9711      -135.2696
     3 2     3D 1( 5.00)        -3.7324        -1.8662       -50.7817
     4 0     4S 1( 1.00)        -1.8052        -0.9026       -24.5613
     4 1     4P 1( 0.85)        -1.1438        -0.5719       -15.5628
     1 0     1S 2( 1.00)      -807.5878      -403.7939    -10987.7915
     2 0     2S 2( 1.00)      -101.6563       -50.8281     -1383.1040
     2 1     2P 2( 3.00)       -91.6619       -45.8310     -1247.1238
     3 0     3S 2( 1.00)       -13.4801        -6.7401      -183.4062
     3 1     3P 2( 3.00)        -9.9376        -4.9688      -135.2078
     3 2     3D 2( 5.00)        -3.7259        -1.8630       -50.6939
     4 0     4S 2( 1.00)        -1.7356        -0.8678       -23.6141
     4 1     4P 2( 0.00)        -0.4596        -0.2298        -6.2531

     eps = 9.2E-16  iter = 49

     Etot =   -4147.536534 Ry,   -2073.768267 Ha,  -56430.104344 eV
     Total magnetization:    0.85 Bohr mag. 

     Ekin =    4194.168036 Ry,    2097.084018 Ha,   57064.558200 eV
     Encl =   -9974.892514 Ry,   -4987.446257 Ha, -135715.314584 eV
     Eh   =    1786.299637 Ry,     893.149819 Ha,   24303.842558 eV
     Exc  =    -152.257769 Ry,     -76.128884 Ha,   -2071.572295 eV

     SIC information:
     Esich=       0.046869 Ry,       0.023434 Ha,       0.637684 eV
     Esicxc=     -0.900793 Ry,      -0.450396 Ha,     -12.255908 eV
     Esictot=    -0.853924 Ry,      -0.426962 Ha,     -11.618223 eV

     tot-Exc=  -151.403845 Ry,     -75.701923 Ha,   -2059.954072 eV
     int-Exc=  -153.158561 Ry,     -76.579281 Ha,   -2083.828203 eV
     int-Eh=   1786.346506 Ry,     893.173253 Ha,   24304.480243 eV


     normalization and overlap integrals

     s(1S/1S) =  1.000000  <r> =   0.0476  <r2> =    0.0030  r(max) =   0.0315
     s(1S/2S) =  0.004064
     s(1S/3S) =  0.001413
     s(1S/4S) =  0.000424
     s(2S/2S) =  1.000000  <r> =   0.2133  <r2> =    0.0536  r(max) =   0.1788
     s(2S/3S) =  0.004997
     s(2S/4S) =  0.001394
     s(2P/2P) =  1.000000  <r> =   0.1840  <r2> =    0.0414  r(max) =   0.1417
     s(2P/3P) =  0.006841
     s(2P/4P) =  0.001639
     s(3S/3S) =  1.000000  <r> =   0.6340  <r2> =    0.4634  r(max) =   0.5523
     s(3S/4S) =  0.010624
     s(3P/3P) =  1.000000  <r> =   0.6486  <r2> =    0.4945  r(max) =   0.5479
     s(3P/4P) =  0.013337
     s(3D/3D) =  1.000000  <r> =   0.7130  <r2> =    0.6438  r(max) =   0.4977
     s(4S/4S) =  1.000000  <r> =   2.0199  <r2> =    4.6437  r(max) =   1.7337
     s(4P/4P) =  1.000000  <r> =   2.4545  <r2> =    6.9079  r(max) =   2.0673
     s(1S/1S) =  1.000000  <r> =   0.0476  <r2> =    0.0030  r(max) =   0.0315
     s(1S/2S) =  0.004065
     s(1S/3S) =  0.001413
     s(1S/4S) =  0.000427
     s(2S/2S) =  1.000000  <r> =   0.2133  <r2> =    0.0536  r(max) =   0.1788
     s(2S/3S) =  0.004997
     s(2S/4S) =  0.001400
     s(2P/2P) =  1.000000  <r> =   0.1840  <r2> =    0.0414  r(max) =   0.1417
     s(2P/3P) =  0.006841
     s(2P/4P) =  0.001412
     s(3S/3S) =  1.000000  <r> =   0.6339  <r2> =    0.4631  r(max) =   0.5523
     s(3S/4S) =  0.010632
     s(3P/3P) =  1.000000  <r> =   0.6483  <r2> =    0.4940  r(max) =   0.5479
     s(3P/4P) =  0.013073
     s(3D/3D) =  1.000000  <r> =   0.7107  <r2> =    0.6385  r(max) =   0.4977
     s(4S/4S) =  1.000000  <r> =   2.0188  <r2> =    4.6454  r(max) =   1.7337
     s(4P/4P) =  1.000000  <r> =   2.8482  <r2> =    9.5779  r(max) =   2.2217

     ------------------------ End of All-electron run ------------------------


     occupation(    8 ) =  0.900
     --------------------------- All-electron run ----------------------------

     Ge+                                                                        

     atomic number is 32.00
     dft =LDA   lsd =1 sic =1 latt =0  beta=0.30 tr2=1.0E-14 fref=5.0E-01 rhobarfact=1.0E+00
     mesh =1759 r(mesh) =  99.31177 xmin = -6.00 dx = 0.00800
     1 Ry =  13.60569193 eV

     n l     nl                  e(Ry)          e(Ha)          e(eV)
     1 0     1S 1( 1.00)      -807.5918      -403.7959    -10987.8455
     2 0     2S 1( 1.00)      -101.6579       -50.8290     -1383.1265
     2 1     2P 1( 3.00)       -91.6648       -45.8324     -1247.1629
     3 0     3S 1( 1.00)       -13.4841        -6.7420      -183.4600
     3 1     3P 1( 3.00)        -9.9421        -4.9711      -135.2696
     3 2     3D 1( 5.00)        -3.7324        -1.8662       -50.7817
     4 0     4S 1( 1.00)        -1.8052        -0.9026       -24.5613
     4 1     4P 1( 0.90)        -1.1438        -0.5719       -15.5628
     1 0     1S 2( 1.00)      -807.5878      -403.7939    -10987.7915
     2 0     2S 2( 1.00)      -101.6563       -50.8281     -1383.1040
     2 1     2P 2( 3.00)       -91.6619       -45.8310     -1247.1238
     3 0     3S 2( 1.00)       -13.4801        -6.7401      -183.4062
     3 1     3P 2( 3.00)        -9.9376        -4.9688      -135.2078
     3 2     3D 2( 5.00)        -3.7259        -1.8630       -50.6939
     4 0     4S 2( 1.00)        -1.7356        -0.8678       -23.6141
     4 1     4P 2( 0.00)        -0.4596        -0.2298        -6.2531

     eps = 9.2E-16  iter = 49

     Etot =   -4147.593711 Ry,   -2073.796856 Ha,  -56430.882288 eV
     Total magnetization:    0.90 Bohr mag. 

     Ekin =    4194.353357 Ry,    2097.176678 Ha,   57067.079620 eV
     Encl =   -9976.569624 Ry,   -4988.284812 Ha, -135738.132823 eV
     Eh   =    1787.787130 Ry,     893.893565 Ha,   24324.080933 eV
     Exc  =    -152.298403 Ry,     -76.149201 Ha,   -2072.125149 eV

     SIC information:
     Esich=       0.033084 Ry,       0.016542 Ha,       0.450130 eV
     Esicxc=     -0.899256 Ry,      -0.449628 Ha,     -12.235000 eV
     Esictot=    -0.866172 Ry,      -0.433086 Ha,     -11.784870 eV

     tot-Exc=  -151.432231 Ry,     -75.716115 Ha,   -2060.340279 eV
     int-Exc=  -153.197659 Ry,     -76.598829 Ha,   -2084.360148 eV
     int-Eh=   1787.820214 Ry,     893.910107 Ha,   24324.531063 eV


     normalization and overlap integrals

     s(1S/1S) =  1.000000  <r> =   0.0476  <r2> =    0.0030  r(max) =   0.0315
     s(1S/2S) =  0.004064
     s(1S/3S) =  0.001413
     s(1S/4S) =  0.000424
     s(2S/2S) =  1.000000  <r> =   0.2133  <r2> =    0.0536  r(max) =   0.1788
     s(2S/3S) =  0.004997
     s(2S/4S) =  0.001394
     s(2P/2P) =  1.000000  <r> =   0.1840  <r2> =    0.0414  r(max) =   0.1417
     s(2P/3P) =  0.006841
     s(2P/4P) =  0.001639
     s(3S/3S) =  1.000000  <r> =   0.6340  <r2> =    0.4634  r(max) =   0.5523
     s(3S/4S) =  0.010624
     s(3P/3P) =  1.000000  <r> =   0.6486  <r2> =    0.4945  r(max) =   0.5479
     s(3P/4P) =  0.013337
     s(3D/3D) =  1.000000  <r> =   0.7130  <r2> =    0.6438  r(max) =   0.4977
     s(4S/4S) =  1.000000  <r> =   2.0199  <r2> =    4.6437  r(max) =   1.7337
     s(4P/4P) =  1.000000  <r> =   2.4545  <r2> =    6.9079  r(max) =   2.0673
     s(1S/1S) =  1.000000  <r> =   0.0476  <r2> =    0.0030  r(max) =   0.0315
     s(1S/2S) =  0.004065
     s(1S/3S) =  0.001413
     s(1S/4S) =  0.000427
     s(2S/2S) =  1.000000  <r> =   0.2133  <r2> =    0.0536  r(max) =   0.1788
     s(2S/3S) =  0.004997
     s(2S/4S) =  0.001400
     s(2P/2P) =  1.000000  <r> =   0.1840  <r2> =    0.0414  r(max) =   0.1417
     s(2P/3P) =  0.006841
     s(2P/4P) =  0.001412
     s(3S/3S) =  1.000000  <r> =   0.6339  <r2> =    0.4631  r(max) =   0.5523
     s(3S/4S) =  0.010632
     s(3P/3P) =  1.000000  <r> =   0.6483  <r2> =    0.4940  r(max) =   0.5479
     s(3P/4P) =  0.013073
     s(3D/3D) =  1.000000  <r> =   0.7107  <r2> =    0.6385  r(max) =   0.4977
     s(4S/4S) =  1.000000  <r> =   2.0188  <r2> =    4.6454  r(max) =   1.7337
     s(4P/4P) =  1.000000  <r> =   2.8482  <r2> =    9.5779  r(max) =   2.2217

     ------------------------ End of All-electron run ------------------------


     occupation(    8 ) =  0.950
     --------------------------- All-electron run ----------------------------

     Ge+                                                                        

     atomic number is 32.00
     dft =LDA   lsd =1 sic =1 latt =0  beta=0.30 tr2=1.0E-14 fref=5.0E-01 rhobarfact=1.0E+00
     mesh =1759 r(mesh) =  99.31177 xmin = -6.00 dx = 0.00800
     1 Ry =  13.60569193 eV

     n l     nl                  e(Ry)          e(Ha)          e(eV)
     1 0     1S 1( 1.00)      -807.5918      -403.7959    -10987.8455
     2 0     2S 1( 1.00)      -101.6579       -50.8290     -1383.1265
     2 1     2P 1( 3.00)       -91.6648       -45.8324     -1247.1629
     3 0     3S 1( 1.00)       -13.4841        -6.7420      -183.4600
     3 1     3P 1( 3.00)        -9.9421        -4.9711      -135.2696
     3 2     3D 1( 5.00)        -3.7324        -1.8662       -50.7817
     4 0     4S 1( 1.00)        -1.8052        -0.9026       -24.5613
     4 1     4P 1( 0.95)        -1.1438        -0.5719       -15.5628
     1 0     1S 2( 1.00)      -807.5878      -403.7939    -10987.7915
     2 0     2S 2( 1.00)      -101.6563       -50.8281     -1383.1040
     2 1     2P 2( 3.00)       -91.6619       -45.8310     -1247.1238
     3 0     3S 2( 1.00)       -13.4801        -6.7401      -183.4062
     3 1     3P 2( 3.00)        -9.9376        -4.9688      -135.2078
     3 2     3D 2( 5.00)        -3.7259        -1.8630       -50.6939
     4 0     4S 2( 1.00)        -1.7356        -0.8678       -23.6141
     4 1     4P 2( 0.00)        -0.4596        -0.2298        -6.2531

     eps = 9.2E-16  iter = 49

     Etot =   -4147.650897 Ry,   -2073.825449 Ha,  -56431.660342 eV
     Total magnetization:    0.95 Bohr mag. 

     Ekin =    4194.538678 Ry,    2097.269339 Ha,   57069.601041 eV
     Encl =   -9978.246734 Ry,   -4989.123367 Ha, -135760.951063 eV
     Eh   =    1789.276462 Ry,     894.638231 Ha,   24344.344314 eV
     Exc  =    -152.339220 Ry,     -76.169610 Ha,   -2072.680503 eV

     SIC information:
     Esich=       0.017461 Ry,       0.008730 Ha,       0.237569 eV
     Esicxc=     -0.897544 Ry,      -0.448772 Ha,     -12.211701 eV
     Esictot=    -0.880083 Ry,      -0.440041 Ha,     -11.974132 eV

     tot-Exc=  -151.459138 Ry,     -75.729569 Ha,   -2060.706370 eV
     int-Exc=  -153.236764 Ry,     -76.618382 Ha,   -2084.892204 eV
     int-Eh=   1789.293923 Ry,     894.646961 Ha,   24344.581883 eV


     normalization and overlap integrals

     s(1S/1S) =  1.000000  <r> =   0.0476  <r2> =    0.0030  r(max) =   0.0315
     s(1S/2S) =  0.004064
     s(1S/3S) =  0.001413
     s(1S/4S) =  0.000424
     s(2S/2S) =  1.000000  <r> =   0.2133  <r2> =    0.0536  r(max) =   0.1788
     s(2S/3S) =  0.004997
     s(2S/4S) =  0.001394
     s(2P/2P) =  1.000000  <r> =   0.1840  <r2> =    0.0414  r(max) =   0.1417
     s(2P/3P) =  0.006841
     s(2P/4P) =  0.001639
     s(3S/3S) =  1.000000  <r> =   0.6340  <r2> =    0.4634  r(max) =   0.5523
     s(3S/4S) =  0.010624
     s(3P/3P) =  1.000000  <r> =   0.6486  <r2> =    0.4945  r(max) =   0.5479
     s(3P/4P) =  0.013337
     s(3D/3D) =  1.000000  <r> =   0.7130  <r2> =    0.6438  r(max) =   0.4977
     s(4S/4S) =  1.000000  <r> =   2.0199  <r2> =    4.6437  r(max) =   1.7337
     s(4P/4P) =  1.000000  <r> =   2.4545  <r2> =    6.9079  r(max) =   2.0673
     s(1S/1S) =  1.000000  <r> =   0.0476  <r2> =    0.0030  r(max) =   0.0315
     s(1S/2S) =  0.004065
     s(1S/3S) =  0.001413
     s(1S/4S) =  0.000427
     s(2S/2S) =  1.000000  <r> =   0.2133  <r2> =    0.0536  r(max) =   0.1788
     s(2S/3S) =  0.004997
     s(2S/4S) =  0.001400
     s(2P/2P) =  1.000000  <r> =   0.1840  <r2> =    0.0414  r(max) =   0.1417
     s(2P/3P) =  0.006841
     s(2P/4P) =  0.001412
     s(3S/3S) =  1.000000  <r> =   0.6339  <r2> =    0.4631  r(max) =   0.5523
     s(3S/4S) =  0.010632
     s(3P/3P) =  1.000000  <r> =   0.6483  <r2> =    0.4940  r(max) =   0.5479
     s(3P/4P) =  0.013073
     s(3D/3D) =  1.000000  <r> =   0.7107  <r2> =    0.6385  r(max) =   0.4977
     s(4S/4S) =  1.000000  <r> =   2.0188  <r2> =    4.6454  r(max) =   1.7337
     s(4P/4P) =  1.000000  <r> =   2.8482  <r2> =    9.5779  r(max) =   2.2217

     ------------------------ End of All-electron run ------------------------


     occupation(    8 ) =  1.000
     --------------------------- All-electron run ----------------------------

     Ge+                                                                        

     atomic number is 32.00
     dft =LDA   lsd =1 sic =1 latt =0  beta=0.30 tr2=1.0E-14 fref=5.0E-01 rhobarfact=1.0E+00
     mesh =1759 r(mesh) =  99.31177 xmin = -6.00 dx = 0.00800
     1 Ry =  13.60569193 eV

     n l     nl                  e(Ry)          e(Ha)          e(eV)
     1 0     1S 1( 1.00)      -807.5918      -403.7959    -10987.8455
     2 0     2S 1( 1.00)      -101.6579       -50.8290     -1383.1265
     2 1     2P 1( 3.00)       -91.6648       -45.8324     -1247.1629
     3 0     3S 1( 1.00)       -13.4841        -6.7420      -183.4600
     3 1     3P 1( 3.00)        -9.9421        -4.9711      -135.2696
     3 2     3D 1( 5.00)        -3.7324        -1.8662       -50.7817
     4 0     4S 1( 1.00)        -1.8052        -0.9026       -24.5613
     4 1     4P 1( 1.00)        -1.1438        -0.5719       -15.5628
     1 0     1S 2( 1.00)      -807.5878      -403.7939    -10987.7915
     2 0     2S 2( 1.00)      -101.6563       -50.8281     -1383.1040
     2 1     2P 2( 3.00)       -91.6619       -45.8310     -1247.1238
     3 0     3S 2( 1.00)       -13.4801        -6.7401      -183.4062
     3 1     3P 2( 3.00)        -9.9376        -4.9688      -135.2078
     3 2     3D 2( 5.00)        -3.7259        -1.8630       -50.6939
     4 0     4S 2( 1.00)        -1.7356        -0.8678       -23.6141
     4 1     4P 2( 0.00)        -0.4596        -0.2298        -6.2531

     eps = 9.2E-16  iter = 49

     Etot =   -4147.708169 Ry,   -2073.854084 Ha,  -56432.439559 eV
     Total magnetization:    1.00 Bohr mag. 

     Ekin =    4194.723999 Ry,    2097.361999 Ha,   57072.122462 eV
     Encl =   -9979.923844 Ry,   -4989.961922 Ha, -135783.769302 eV
     Eh   =    1790.767631 Ry,     895.383815 Ha,   24364.632703 eV
     Exc  =    -152.380215 Ry,     -76.190108 Ha,   -2073.238267 eV

     SIC information:
     Esich=       0.000000 Ry,       0.000000 Ha,       0.000000 eV
     Esicxc=     -0.895739 Ry,      -0.447870 Ha,     -12.187155 eV
     Esictot=    -0.895739 Ry,      -0.447870 Ha,     -12.187155 eV

     tot-Exc=  -151.484476 Ry,     -75.742238 Ha,   -2061.051112 eV
     int-Exc=  -153.275955 Ry,     -76.637977 Ha,   -2085.425423 eV
     int-Eh=   1790.767631 Ry,     895.383815 Ha,   24364.632703 eV


     normalization and overlap integrals

     s(1S/1S) =  1.000000  <r> =   0.0476  <r2> =    0.0030  r(max) =   0.0315
     s(1S/2S) =  0.004064
     s(1S/3S) =  0.001413
     s(1S/4S) =  0.000424
     s(2S/2S) =  1.000000  <r> =   0.2133  <r2> =    0.0536  r(max) =   0.1788
     s(2S/3S) =  0.004997
     s(2S/4S) =  0.001394
     s(2P/2P) =  1.000000  <r> =   0.1840  <r2> =    0.0414  r(max) =   0.1417
     s(2P/3P) =  0.006841
     s(2P/4P) =  0.001639
     s(3S/3S) =  1.000000  <r> =   0.6340  <r2> =    0.4634  r(max) =   0.5523
     s(3S/4S) =  0.010624
     s(3P/3P) =  1.000000  <r> =   0.6486  <r2> =    0.4945  r(max) =   0.5479
     s(3P/4P) =  0.013337
     s(3D/3D) =  1.000000  <r> =   0.7130  <r2> =    0.6438  r(max) =   0.4977
     s(4S/4S) =  1.000000  <r> =   2.0199  <r2> =    4.6437  r(max) =   1.7337
     s(4P/4P) =  1.000000  <r> =   2.4545  <r2> =    6.9079  r(max) =   2.0673
     s(1S/1S) =  1.000000  <r> =   0.0476  <r2> =    0.0030  r(max) =   0.0315
     s(1S/2S) =  0.004065
     s(1S/3S) =  0.001413
     s(1S/4S) =  0.000427
     s(2S/2S) =  1.000000  <r> =   0.2133  <r2> =    0.0536  r(max) =   0.1788
     s(2S/3S) =  0.004997
     s(2S/4S) =  0.001400
     s(2P/2P) =  1.000000  <r> =   0.1840  <r2> =    0.0414  r(max) =   0.1417
     s(2P/3P) =  0.006841
     s(2P/4P) =  0.001412
     s(3S/3S) =  1.000000  <r> =   0.6339  <r2> =    0.4631  r(max) =   0.5523
     s(3S/4S) =  0.010632
     s(3P/3P) =  1.000000  <r> =   0.6483  <r2> =    0.4940  r(max) =   0.5479
     s(3P/4P) =  0.013073
     s(3D/3D) =  1.000000  <r> =   0.7107  <r2> =    0.6385  r(max) =   0.4977
     s(4S/4S) =  1.000000  <r> =   2.0188  <r2> =    4.6454  r(max) =   1.7337
     s(4P/4P) =  1.000000  <r> =   2.8482  <r2> =    9.5779  r(max) =   2.2217

     ------------------------ End of All-electron run ------------------------

