This file contains any messages produced by compilers while
running configure, to aid debugging if configure makes a mistake.

It was created by ESPRESSO configure 4.1, which was
generated by GNU Autoconf 2.59.  Invocation command line was

  $ ./configure 

## --------- ##
## Platform. ##
## --------- ##

hostname = clustern34
uname -m = x86_64
uname -r = 2.6.30-1-amd64
uname -s = Linux
uname -v = #1 SMP Sat Aug 15 18:09:19 UTC 2009

/usr/bin/uname -p = unknown
/bin/uname -X     = unknown

/bin/arch              = unknown
/usr/bin/arch -k       = unknown
/usr/convex/getsysinfo = unknown
hostinfo               = unknown
/bin/machine           = unknown
/usr/bin/oslevel       = unknown
/bin/universe          = unknown

PATH: /opt/intel/fce/9.1.043/bin
PATH: /usr/local/bin
PATH: /usr/bin
PATH: /bin
PATH: /usr/games


## ----------- ##
## Core tests. ##
## ----------- ##

configure:1451: checking build system type
configure:1469: result: x86_64-unknown-linux-gnu
configure:1675: checking for ifort
configure:1691: found /opt/intel/fce/9.1.043/bin/ifort
configure:1701: result: ifort
configure:1716: checking for Fortran 77 compiler version
configure:1719: ifort --version </dev/null >&5
ifort (IFORT) 9.1 20070215
Copyright (C) 1985-2007 Intel Corporation.  All rights reserved.

configure:1722: $? = 0
configure:1724: ifort -v </dev/null >&5
Version 9.1 
configure:1727: $? = 0
configure:1729: ifort -V </dev/null >&5
Intel(R) Fortran Compiler for Intel(R) EM64T-based applications, Version 9.1    Build 20070215 Package ID: <installpackageid>
Copyright (C) 1985-2007 Intel Corporation.  All rights reserved.
FOR NON-COMMERCIAL USE ONLY

configure:1732: $? = 0
configure:1746: checking for Fortran 77 compiler default output file name
configure:1749: ifort   conftest.f  >&5
configure:1752: $? = 0
configure:1798: result: a.out
configure:1803: checking whether the Fortran 77 compiler works
configure:1829: result: yes
configure:1836: checking whether we are cross compiling
configure:1838: result: yes
configure:1841: checking for suffix of executables
configure:1843: ifort -o conftest   conftest.f  >&5
configure:1846: $? = 0
configure:1871: result: 
configure:1877: checking for suffix of object files
configure:1888: ifort -c  conftest.f >&5
configure:1891: $? = 0
configure:1913: result: o
configure:1921: checking whether we are using the GNU Fortran 77 compiler
configure:1935: ifort -c  conftest.F >&5
fortcom: Error: conftest.F, line 3: Syntax error, found END-OF-STATEMENT when expecting one of: => = . ( : %
       choke me
---------------^
fortcom: Error: conftest.F, line 3: This statement is positioned incorrectly and/or has syntax errors.
       choke me
---------------^
compilation aborted for conftest.F (code 1)
configure:1941: $? = 1
configure: failed program was:
|       program main
| #ifndef __GNUC__
|        choke me
| #endif
| 
|       end
configure:1967: result: no
configure:1973: checking whether ifort accepts -g
configure:1985: ifort -c -g conftest.f >&5
configure:1991: $? = 0
configure:1995: test -z 
			 || test ! -s conftest.err
configure:1998: $? = 0
configure:2001: test -s conftest.o
configure:2004: $? = 0
configure:2016: result: yes
configure:2102: checking for mpif90
configure:2118: found /usr/bin/mpif90
configure:2128: result: mpif90
configure:2143: checking for Fortran 77 compiler version
configure:2146: mpif90 --version </dev/null >&5
GNU Fortran (Debian 4.3.2-1.1) 4.3.2
Copyright (C) 2008 Free Software Foundation, Inc.

GNU Fortran comes with NO WARRANTY, to the extent permitted by law.
You may redistribute copies of GNU Fortran
under the terms of the GNU General Public License.
For more information about these matters, see the file named COPYING

configure:2149: $? = 0
configure:2151: mpif90 -v </dev/null >&5
Using built-in specs.
Target: x86_64-linux-gnu
Configured with: ../src/configure -v --with-pkgversion='Debian 4.3.2-1.1' --with-bugurl=file:///usr/share/doc/gcc-4.3/README.Bugs --enable-languages=c,c++,fortran,objc,obj-c++ --prefix=/usr --enable-shared --with-system-zlib --libexecdir=/usr/lib --without-included-gettext --enable-threads=posix --enable-nls --with-gxx-include-dir=/usr/include/c++/4.3 --program-suffix=-4.3 --enable-clocale=gnu --enable-libstdcxx-debug --enable-objc-gc --enable-mpfr --enable-cld --enable-checking=release --build=x86_64-linux-gnu --host=x86_64-linux-gnu --target=x86_64-linux-gnu
Thread model: posix
gcc version 4.3.2 (Debian 4.3.2-1.1) 
configure:2154: $? = 0
configure:2156: mpif90 -V </dev/null >&5
gfortran: '-V' option must have argument
configure:2159: $? = 1
configure:2167: checking whether we are using the GNU Fortran 77 compiler
configure:2181: mpif90 -c -g conftest.F >&5
configure:2187: $? = 0
configure:2191: test -z 
			 || test ! -s conftest.err
configure:2194: $? = 0
configure:2197: test -s conftest.o
configure:2200: $? = 0
configure:2213: result: yes
configure:2219: checking whether mpif90 accepts -g
configure:2231: mpif90 -c -g conftest.f >&5
configure:2237: $? = 0
configure:2241: test -z 
			 || test ! -s conftest.err
configure:2244: $? = 0
configure:2247: test -s conftest.o
configure:2250: $? = 0
configure:2262: result: yes
configure:2341: WARNING: parallel compiler mpif90 uses gfortran, but serial compiler ifort was detected
configure:2343: WARNING: assuming F90=gfortran, discarding ifort
configure:2460: checking for cc
configure:2476: found /usr/bin/cc
configure:2486: result: cc
configure:2507: checking for C compiler version
configure:2510: cc --version </dev/null >&5
cc (Debian 4.3.2-1.1) 4.3.2
Copyright (C) 2008 Free Software Foundation, Inc.
This is free software; see the source for copying conditions.  There is NO
warranty; not even for MERCHANTABILITY or FITNESS FOR A PARTICULAR PURPOSE.

configure:2513: $? = 0
configure:2515: cc -v </dev/null >&5
Using built-in specs.
Target: x86_64-linux-gnu
Configured with: ../src/configure -v --with-pkgversion='Debian 4.3.2-1.1' --with-bugurl=file:///usr/share/doc/gcc-4.3/README.Bugs --enable-languages=c,c++,fortran,objc,obj-c++ --prefix=/usr --enable-shared --with-system-zlib --libexecdir=/usr/lib --without-included-gettext --enable-threads=posix --enable-nls --with-gxx-include-dir=/usr/include/c++/4.3 --program-suffix=-4.3 --enable-clocale=gnu --enable-libstdcxx-debug --enable-objc-gc --enable-mpfr --enable-cld --enable-checking=release --build=x86_64-linux-gnu --host=x86_64-linux-gnu --target=x86_64-linux-gnu
Thread model: posix
gcc version 4.3.2 (Debian 4.3.2-1.1) 
configure:2518: $? = 0
configure:2520: cc -V </dev/null >&5
cc: '-V' option must have argument
configure:2523: $? = 1
configure:2526: checking whether we are using the GNU C compiler
configure:2550: cc -c   conftest.c >&5
configure:2556: $? = 0
configure:2560: test -z 
			 || test ! -s conftest.err
configure:2563: $? = 0
configure:2566: test -s conftest.o
configure:2569: $? = 0
configure:2582: result: yes
configure:2588: checking whether cc accepts -g
configure:2609: cc -c -g  conftest.c >&5
configure:2615: $? = 0
configure:2619: test -z 
			 || test ! -s conftest.err
configure:2622: $? = 0
configure:2625: test -s conftest.o
configure:2628: $? = 0
configure:2639: result: yes
configure:2656: checking for cc option to accept ANSI C
configure:2726: cc  -c -g -O2  conftest.c >&5
configure:2732: $? = 0
configure:2736: test -z 
			 || test ! -s conftest.err
configure:2739: $? = 0
configure:2742: test -s conftest.o
configure:2745: $? = 0
configure:2763: result: none needed
configure:2781: cc -c -g -O2  conftest.c >&5
conftest.c:2: error: expected '=', ',', ';', 'asm' or '__attribute__' before 'me'
configure:2787: $? = 1
configure: failed program was:
| #ifndef __cplusplus
|   choke me
| #endif
configure:2933: checking how to run the C preprocessor
configure:2968: cc -E  conftest.c
configure:2974: $? = 0
configure:3006: cc -E  conftest.c
conftest.c:9:28: error: ac_nonexistent.h: No such file or directory
configure:3012: $? = 1
configure: failed program was:
| /* confdefs.h.  */
| 
| #define PACKAGE_NAME "ESPRESSO"
| #define PACKAGE_TARNAME "espresso"
| #define PACKAGE_VERSION "4.1"
| #define PACKAGE_STRING "ESPRESSO 4.1"
| #define PACKAGE_BUGREPORT ""
| /* end confdefs.h.  */
| #include <ac_nonexistent.h>
configure:3051: result: cc -E
configure:3075: cc -E  conftest.c
configure:3081: $? = 0
configure:3113: cc -E  conftest.c
conftest.c:9:28: error: ac_nonexistent.h: No such file or directory
configure:3119: $? = 1
configure: failed program was:
| /* confdefs.h.  */
| 
| #define PACKAGE_NAME "ESPRESSO"
| #define PACKAGE_TARNAME "espresso"
| #define PACKAGE_VERSION "4.1"
| #define PACKAGE_STRING "ESPRESSO 4.1"
| #define PACKAGE_BUGREPORT ""
| /* end confdefs.h.  */
| #include <ac_nonexistent.h>
configure:3163: checking for egrep
configure:3173: result: grep -E
configure:3178: checking for ANSI C header files
configure:3203: cc -c -g -O2  conftest.c >&5
configure:3209: $? = 0
configure:3213: test -z 
			 || test ! -s conftest.err
configure:3216: $? = 0
configure:3219: test -s conftest.o
configure:3222: $? = 0
configure:3334: result: yes
configure:3358: checking for sys/types.h
configure:3374: cc -c -g -O2  conftest.c >&5
configure:3380: $? = 0
configure:3384: test -z 
			 || test ! -s conftest.err
configure:3387: $? = 0
configure:3390: test -s conftest.o
configure:3393: $? = 0
configure:3404: result: yes
configure:3358: checking for sys/stat.h
configure:3374: cc -c -g -O2  conftest.c >&5
configure:3380: $? = 0
configure:3384: test -z 
			 || test ! -s conftest.err
configure:3387: $? = 0
configure:3390: test -s conftest.o
configure:3393: $? = 0
configure:3404: result: yes
configure:3358: checking for stdlib.h
configure:3374: cc -c -g -O2  conftest.c >&5
configure:3380: $? = 0
configure:3384: test -z 
			 || test ! -s conftest.err
configure:3387: $? = 0
configure:3390: test -s conftest.o
configure:3393: $? = 0
configure:3404: result: yes
configure:3358: checking for string.h
configure:3374: cc -c -g -O2  conftest.c >&5
configure:3380: $? = 0
configure:3384: test -z 
			 || test ! -s conftest.err
configure:3387: $? = 0
configure:3390: test -s conftest.o
configure:3393: $? = 0
configure:3404: result: yes
configure:3358: checking for memory.h
configure:3374: cc -c -g -O2  conftest.c >&5
configure:3380: $? = 0
configure:3384: test -z 
			 || test ! -s conftest.err
configure:3387: $? = 0
configure:3390: test -s conftest.o
configure:3393: $? = 0
configure:3404: result: yes
configure:3358: checking for strings.h
configure:3374: cc -c -g -O2  conftest.c >&5
configure:3380: $? = 0
configure:3384: test -z 
			 || test ! -s conftest.err
configure:3387: $? = 0
configure:3390: test -s conftest.o
configure:3393: $? = 0
configure:3404: result: yes
configure:3358: checking for inttypes.h
configure:3374: cc -c -g -O2  conftest.c >&5
configure:3380: $? = 0
configure:3384: test -z 
			 || test ! -s conftest.err
configure:3387: $? = 0
configure:3390: test -s conftest.o
configure:3393: $? = 0
configure:3404: result: yes
configure:3358: checking for stdint.h
configure:3374: cc -c -g -O2  conftest.c >&5
configure:3380: $? = 0
configure:3384: test -z 
			 || test ! -s conftest.err
configure:3387: $? = 0
configure:3390: test -s conftest.o
configure:3393: $? = 0
configure:3404: result: yes
configure:3358: checking for unistd.h
configure:3374: cc -c -g -O2  conftest.c >&5
configure:3380: $? = 0
configure:3384: test -z 
			 || test ! -s conftest.err
configure:3387: $? = 0
configure:3390: test -s conftest.o
configure:3393: $? = 0
configure:3404: result: yes
configure:3416: checking for int *
configure:3440: cc -c -g -O2  conftest.c >&5
configure:3446: $? = 0
configure:3450: test -z 
			 || test ! -s conftest.err
configure:3453: $? = 0
configure:3456: test -s conftest.o
configure:3459: $? = 0
configure:3470: result: yes
configure:3473: checking size of int *
configure:3503: cc -c -g -O2  conftest.c >&5
configure:3509: $? = 0
configure:3513: test -z 
			 || test ! -s conftest.err
configure:3516: $? = 0
configure:3519: test -s conftest.o
configure:3522: $? = 0
configure:3544: cc -c -g -O2  conftest.c >&5
conftest.c: In function 'main':
conftest.c:56: error: size of array 'test_array' is negative
configure:3550: $? = 1
configure: failed program was:
| /* confdefs.h.  */
| 
| #define PACKAGE_NAME "ESPRESSO"
| #define PACKAGE_TARNAME "espresso"
| #define PACKAGE_VERSION "4.1"
| #define PACKAGE_STRING "ESPRESSO 4.1"
| #define PACKAGE_BUGREPORT ""
| #define STDC_HEADERS 1
| #define HAVE_SYS_TYPES_H 1
| #define HAVE_SYS_STAT_H 1
| #define HAVE_STDLIB_H 1
| #define HAVE_STRING_H 1
| #define HAVE_MEMORY_H 1
| #define HAVE_STRINGS_H 1
| #define HAVE_INTTYPES_H 1
| #define HAVE_STDINT_H 1
| #define HAVE_UNISTD_H 1
| /* end confdefs.h.  */
| #include <stdio.h>
| #if HAVE_SYS_TYPES_H
| # include <sys/types.h>
| #endif
| #if HAVE_SYS_STAT_H
| # include <sys/stat.h>
| #endif
| #if STDC_HEADERS
| # include <stdlib.h>
| # include <stddef.h>
| #else
| # if HAVE_STDLIB_H
| #  include <stdlib.h>
| # endif
| #endif
| #if HAVE_STRING_H
| # if !STDC_HEADERS && HAVE_MEMORY_H
| #  include <memory.h>
| # endif
| # include <string.h>
| #endif
| #if HAVE_STRINGS_H
| # include <strings.h>
| #endif
| #if HAVE_INTTYPES_H
| # include <inttypes.h>
| #else
| # if HAVE_STDINT_H
| #  include <stdint.h>
| # endif
| #endif
| #if HAVE_UNISTD_H
| # include <unistd.h>
| #endif
| int
| main ()
| {
| static int test_array [1 - 2 * !(((long) (sizeof (int *))) <= 0)];
| test_array [0] = 0
| 
|   ;
|   return 0;
| }
configure:3544: cc -c -g -O2  conftest.c >&5
conftest.c: In function 'main':
conftest.c:56: error: size of array 'test_array' is negative
configure:3550: $? = 1
configure: failed program was:
| /* confdefs.h.  */
| 
| #define PACKAGE_NAME "ESPRESSO"
| #define PACKAGE_TARNAME "espresso"
| #define PACKAGE_VERSION "4.1"
| #define PACKAGE_STRING "ESPRESSO 4.1"
| #define PACKAGE_BUGREPORT ""
| #define STDC_HEADERS 1
| #define HAVE_SYS_TYPES_H 1
| #define HAVE_SYS_STAT_H 1
| #define HAVE_STDLIB_H 1
| #define HAVE_STRING_H 1
| #define HAVE_MEMORY_H 1
| #define HAVE_STRINGS_H 1
| #define HAVE_INTTYPES_H 1
| #define HAVE_STDINT_H 1
| #define HAVE_UNISTD_H 1
| /* end confdefs.h.  */
| #include <stdio.h>
| #if HAVE_SYS_TYPES_H
| # include <sys/types.h>
| #endif
| #if HAVE_SYS_STAT_H
| # include <sys/stat.h>
| #endif
| #if STDC_HEADERS
| # include <stdlib.h>
| # include <stddef.h>
| #else
| # if HAVE_STDLIB_H
| #  include <stdlib.h>
| # endif
| #endif
| #if HAVE_STRING_H
| # if !STDC_HEADERS && HAVE_MEMORY_H
| #  include <memory.h>
| # endif
| # include <string.h>
| #endif
| #if HAVE_STRINGS_H
| # include <strings.h>
| #endif
| #if HAVE_INTTYPES_H
| # include <inttypes.h>
| #else
| # if HAVE_STDINT_H
| #  include <stdint.h>
| # endif
| #endif
| #if HAVE_UNISTD_H
| # include <unistd.h>
| #endif
| int
| main ()
| {
| static int test_array [1 - 2 * !(((long) (sizeof (int *))) <= 1)];
| test_array [0] = 0
| 
|   ;
|   return 0;
| }
configure:3544: cc -c -g -O2  conftest.c >&5
conftest.c: In function 'main':
conftest.c:56: error: size of array 'test_array' is negative
configure:3550: $? = 1
configure: failed program was:
| /* confdefs.h.  */
| 
| #define PACKAGE_NAME "ESPRESSO"
| #define PACKAGE_TARNAME "espresso"
| #define PACKAGE_VERSION "4.1"
| #define PACKAGE_STRING "ESPRESSO 4.1"
| #define PACKAGE_BUGREPORT ""
| #define STDC_HEADERS 1
| #define HAVE_SYS_TYPES_H 1
| #define HAVE_SYS_STAT_H 1
| #define HAVE_STDLIB_H 1
| #define HAVE_STRING_H 1
| #define HAVE_MEMORY_H 1
| #define HAVE_STRINGS_H 1
| #define HAVE_INTTYPES_H 1
| #define HAVE_STDINT_H 1
| #define HAVE_UNISTD_H 1
| /* end confdefs.h.  */
| #include <stdio.h>
| #if HAVE_SYS_TYPES_H
| # include <sys/types.h>
| #endif
| #if HAVE_SYS_STAT_H
| # include <sys/stat.h>
| #endif
| #if STDC_HEADERS
| # include <stdlib.h>
| # include <stddef.h>
| #else
| # if HAVE_STDLIB_H
| #  include <stdlib.h>
| # endif
| #endif
| #if HAVE_STRING_H
| # if !STDC_HEADERS && HAVE_MEMORY_H
| #  include <memory.h>
| # endif
| # include <string.h>
| #endif
| #if HAVE_STRINGS_H
| # include <strings.h>
| #endif
| #if HAVE_INTTYPES_H
| # include <inttypes.h>
| #else
| # if HAVE_STDINT_H
| #  include <stdint.h>
| # endif
| #endif
| #if HAVE_UNISTD_H
| # include <unistd.h>
| #endif
| int
| main ()
| {
| static int test_array [1 - 2 * !(((long) (sizeof (int *))) <= 3)];
| test_array [0] = 0
| 
|   ;
|   return 0;
| }
configure:3544: cc -c -g -O2  conftest.c >&5
conftest.c: In function 'main':
conftest.c:56: error: size of array 'test_array' is negative
configure:3550: $? = 1
configure: failed program was:
| /* confdefs.h.  */
| 
| #define PACKAGE_NAME "ESPRESSO"
| #define PACKAGE_TARNAME "espresso"
| #define PACKAGE_VERSION "4.1"
| #define PACKAGE_STRING "ESPRESSO 4.1"
| #define PACKAGE_BUGREPORT ""
| #define STDC_HEADERS 1
| #define HAVE_SYS_TYPES_H 1
| #define HAVE_SYS_STAT_H 1
| #define HAVE_STDLIB_H 1
| #define HAVE_STRING_H 1
| #define HAVE_MEMORY_H 1
| #define HAVE_STRINGS_H 1
| #define HAVE_INTTYPES_H 1
| #define HAVE_STDINT_H 1
| #define HAVE_UNISTD_H 1
| /* end confdefs.h.  */
| #include <stdio.h>
| #if HAVE_SYS_TYPES_H
| # include <sys/types.h>
| #endif
| #if HAVE_SYS_STAT_H
| # include <sys/stat.h>
| #endif
| #if STDC_HEADERS
| # include <stdlib.h>
| # include <stddef.h>
| #else
| # if HAVE_STDLIB_H
| #  include <stdlib.h>
| # endif
| #endif
| #if HAVE_STRING_H
| # if !STDC_HEADERS && HAVE_MEMORY_H
| #  include <memory.h>
| # endif
| # include <string.h>
| #endif
| #if HAVE_STRINGS_H
| # include <strings.h>
| #endif
| #if HAVE_INTTYPES_H
| # include <inttypes.h>
| #else
| # if HAVE_STDINT_H
| #  include <stdint.h>
| # endif
| #endif
| #if HAVE_UNISTD_H
| # include <unistd.h>
| #endif
| int
| main ()
| {
| static int test_array [1 - 2 * !(((long) (sizeof (int *))) <= 7)];
| test_array [0] = 0
| 
|   ;
|   return 0;
| }
configure:3544: cc -c -g -O2  conftest.c >&5
configure:3550: $? = 0
configure:3554: test -z 
			 || test ! -s conftest.err
configure:3557: $? = 0
configure:3560: test -s conftest.o
configure:3563: $? = 0
configure:3707: cc -c -g -O2  conftest.c >&5
configure:3713: $? = 0
configure:3717: test -z 
			 || test ! -s conftest.err
configure:3720: $? = 0
configure:3723: test -s conftest.o
configure:3726: $? = 0
configure:3707: cc -c -g -O2  conftest.c >&5
configure:3713: $? = 0
configure:3717: test -z 
			 || test ! -s conftest.err
configure:3720: $? = 0
configure:3723: test -s conftest.o
configure:3726: $? = 0
configure:3707: cc -c -g -O2  conftest.c >&5
configure:3713: $? = 0
configure:3717: test -z 
			 || test ! -s conftest.err
configure:3720: $? = 0
configure:3723: test -s conftest.o
configure:3726: $? = 0
configure:3823: result: 8
configure:3846: checking malloc.h usability
configure:3858: cc -c -g -O2  conftest.c >&5
configure:3864: $? = 0
configure:3868: test -z 
			 || test ! -s conftest.err
configure:3871: $? = 0
configure:3874: test -s conftest.o
configure:3877: $? = 0
configure:3887: result: yes
configure:3891: checking malloc.h presence
configure:3901: cc -E  conftest.c
configure:3907: $? = 0
configure:3927: result: yes
configure:3962: checking for malloc.h
configure:3969: result: yes
configure:3982: checking for struct mallinfo.arena
configure:4006: cc -c -g -O2  conftest.c >&5
configure:4012: $? = 0
configure:4016: test -z 
			 || test ! -s conftest.err
configure:4019: $? = 0
configure:4022: test -s conftest.o
configure:4025: $? = 0
configure:4083: result: yes
configure:4151: checking for gfortran
configure:4167: found /usr/bin/gfortran
configure:4177: result: gfortran
configure:4192: checking for Fortran 77 compiler version
configure:4195: gfortran --version </dev/null >&5
GNU Fortran (Debian 4.3.2-1.1) 4.3.2
Copyright (C) 2008 Free Software Foundation, Inc.

GNU Fortran comes with NO WARRANTY, to the extent permitted by law.
You may redistribute copies of GNU Fortran
under the terms of the GNU General Public License.
For more information about these matters, see the file named COPYING

configure:4198: $? = 0
configure:4200: gfortran -v </dev/null >&5
Using built-in specs.
Target: x86_64-linux-gnu
Configured with: ../src/configure -v --with-pkgversion='Debian 4.3.2-1.1' --with-bugurl=file:///usr/share/doc/gcc-4.3/README.Bugs --enable-languages=c,c++,fortran,objc,obj-c++ --prefix=/usr --enable-shared --with-system-zlib --libexecdir=/usr/lib --without-included-gettext --enable-threads=posix --enable-nls --with-gxx-include-dir=/usr/include/c++/4.3 --program-suffix=-4.3 --enable-clocale=gnu --enable-libstdcxx-debug --enable-objc-gc --enable-mpfr --enable-cld --enable-checking=release --build=x86_64-linux-gnu --host=x86_64-linux-gnu --target=x86_64-linux-gnu
Thread model: posix
gcc version 4.3.2 (Debian 4.3.2-1.1) 
configure:4203: $? = 0
configure:4205: gfortran -V </dev/null >&5
gfortran: '-V' option must have argument
configure:4208: $? = 1
configure:4216: checking whether we are using the GNU Fortran 77 compiler
configure:4230: gfortran -c -g conftest.F >&5
configure:4236: $? = 0
configure:4240: test -z 
			 || test ! -s conftest.err
configure:4243: $? = 0
configure:4246: test -s conftest.o
configure:4249: $? = 0
configure:4262: result: yes
configure:4268: checking whether gfortran accepts -g
configure:4280: gfortran -c -g conftest.f >&5
configure:4286: $? = 0
configure:4290: test -z 
			 || test ! -s conftest.err
configure:4293: $? = 0
configure:4296: test -s conftest.o
configure:4299: $? = 0
configure:4311: result: yes
configure:4616: checking whether make sets $(MAKE)
configure:4636: result: yes
configure:4677: checking how to get verbose linking output from gfortran
configure:4688: gfortran -c -g conftest.f >&5
configure:4694: $? = 0
configure:4698: test -z 
			 || test ! -s conftest.err
configure:4701: $? = 0
configure:4704: test -s conftest.o
configure:4707: $? = 0
configure:4724: gfortran -o conftest -g -v  conftest.f  >&5
Using built-in specs.
Target: x86_64-linux-gnu
Configured with: ../src/configure -v --with-pkgversion='Debian 4.3.2-1.1' --with-bugurl=file:///usr/share/doc/gcc-4.3/README.Bugs --enable-languages=c,c++,fortran,objc,obj-c++ --prefix=/usr --enable-shared --with-system-zlib --libexecdir=/usr/lib --without-included-gettext --enable-threads=posix --enable-nls --with-gxx-include-dir=/usr/include/c++/4.3 --program-suffix=-4.3 --enable-clocale=gnu --enable-libstdcxx-debug --enable-objc-gc --enable-mpfr --enable-cld --enable-checking=release --build=x86_64-linux-gnu --host=x86_64-linux-gnu --target=x86_64-linux-gnu
Thread model: posix
gcc version 4.3.2 (Debian 4.3.2-1.1) 
COLLECT_GCC_OPTIONS='-o' 'conftest' '-g' '-v' '-shared-libgcc' '-mtune=generic'
 /usr/lib/gcc/x86_64-linux-gnu/4.3.2/f951 conftest.f -ffixed-form -quiet -dumpbase conftest.f -mtune=generic -auxbase conftest -g -version -fintrinsic-modules-path /usr/lib/gcc/x86_64-linux-gnu/4.3.2/finclude -o /tmp/ccgG13Mh.s
GNU F95 (Debian 4.3.2-1.1) version 4.3.2 (x86_64-linux-gnu)
	compiled by GNU C version 4.3.2, GMP version 4.2.2, MPFR version 2.3.2.
warning: MPFR header version 2.3.2 differs from library version 2.3.1.
GGC heuristics: --param ggc-min-expand=100 --param ggc-min-heapsize=131072
COLLECT_GCC_OPTIONS='-o' 'conftest' '-g' '-v' '-shared-libgcc' '-mtune=generic'
 as -V -Qy -o /tmp/ccek3tFp.o /tmp/ccgG13Mh.s
GNU assembler version 2.18.0 (x86_64-linux-gnu) using BFD version (GNU Binutils for Debian) 2.18.0.20080103
COMPILER_PATH=/usr/lib/gcc/x86_64-linux-gnu/4.3.2/:/usr/lib/gcc/x86_64-linux-gnu/4.3.2/:/usr/lib/gcc/x86_64-linux-gnu/:/usr/lib/gcc/x86_64-linux-gnu/4.3.2/:/usr/lib/gcc/x86_64-linux-gnu/:/usr/lib/gcc/x86_64-linux-gnu/4.3.2/:/usr/lib/gcc/x86_64-linux-gnu/
LIBRARY_PATH=/usr/lib/gcc/x86_64-linux-gnu/4.3.2/:/usr/lib/gcc/x86_64-linux-gnu/4.3.2/:/usr/lib/gcc/x86_64-linux-gnu/4.3.2/../../../../lib/:/lib/../lib/:/usr/lib/../lib/:/usr/lib/gcc/x86_64-linux-gnu/4.3.2/../../../:/lib/:/usr/lib/
COLLECT_GCC_OPTIONS='-o' 'conftest' '-g' '-v' '-shared-libgcc' '-mtune=generic'
 /usr/lib/gcc/x86_64-linux-gnu/4.3.2/collect2 --eh-frame-hdr -m elf_x86_64 --hash-style=both -dynamic-linker /lib64/ld-linux-x86-64.so.2 -o conftest /usr/lib/gcc/x86_64-linux-gnu/4.3.2/../../../../lib/crt1.o /usr/lib/gcc/x86_64-linux-gnu/4.3.2/../../../../lib/crti.o /usr/lib/gcc/x86_64-linux-gnu/4.3.2/crtbegin.o -L/usr/lib/gcc/x86_64-linux-gnu/4.3.2 -L/usr/lib/gcc/x86_64-linux-gnu/4.3.2 -L/usr/lib/gcc/x86_64-linux-gnu/4.3.2/../../../../lib -L/lib/../lib -L/usr/lib/../lib -L/usr/lib/gcc/x86_64-linux-gnu/4.3.2/../../.. /tmp/ccek3tFp.o -lgfortranbegin -lgfortran -lm -lgcc_s -lgcc -lc -lgcc_s -lgcc /usr/lib/gcc/x86_64-linux-gnu/4.3.2/crtend.o /usr/lib/gcc/x86_64-linux-gnu/4.3.2/../../../../lib/crtn.o
configure:4779: result: -v
configure:4781: checking for Fortran libraries of gfortran
configure:4802: gfortran -o conftest -g -v  conftest.f  >&5
Using built-in specs.
Target: x86_64-linux-gnu
Configured with: ../src/configure -v --with-pkgversion='Debian 4.3.2-1.1' --with-bugurl=file:///usr/share/doc/gcc-4.3/README.Bugs --enable-languages=c,c++,fortran,objc,obj-c++ --prefix=/usr --enable-shared --with-system-zlib --libexecdir=/usr/lib --without-included-gettext --enable-threads=posix --enable-nls --with-gxx-include-dir=/usr/include/c++/4.3 --program-suffix=-4.3 --enable-clocale=gnu --enable-libstdcxx-debug --enable-objc-gc --enable-mpfr --enable-cld --enable-checking=release --build=x86_64-linux-gnu --host=x86_64-linux-gnu --target=x86_64-linux-gnu
Thread model: posix
gcc version 4.3.2 (Debian 4.3.2-1.1) 
COLLECT_GCC_OPTIONS='-o' 'conftest' '-g' '-v' '-shared-libgcc' '-mtune=generic'
 /usr/lib/gcc/x86_64-linux-gnu/4.3.2/f951 conftest.f -ffixed-form -quiet -dumpbase conftest.f -mtune=generic -auxbase conftest -g -version -fintrinsic-modules-path /usr/lib/gcc/x86_64-linux-gnu/4.3.2/finclude -o /tmp/cc5JaWyG.s
GNU F95 (Debian 4.3.2-1.1) version 4.3.2 (x86_64-linux-gnu)
	compiled by GNU C version 4.3.2, GMP version 4.2.2, MPFR version 2.3.2.
warning: MPFR header version 2.3.2 differs from library version 2.3.1.
GGC heuristics: --param ggc-min-expand=100 --param ggc-min-heapsize=131072
COLLECT_GCC_OPTIONS='-o' 'conftest' '-g' '-v' '-shared-libgcc' '-mtune=generic'
 as -V -Qy -o /tmp/cc0HxNdd.o /tmp/cc5JaWyG.s
GNU assembler version 2.18.0 (x86_64-linux-gnu) using BFD version (GNU Binutils for Debian) 2.18.0.20080103
COMPILER_PATH=/usr/lib/gcc/x86_64-linux-gnu/4.3.2/:/usr/lib/gcc/x86_64-linux-gnu/4.3.2/:/usr/lib/gcc/x86_64-linux-gnu/:/usr/lib/gcc/x86_64-linux-gnu/4.3.2/:/usr/lib/gcc/x86_64-linux-gnu/:/usr/lib/gcc/x86_64-linux-gnu/4.3.2/:/usr/lib/gcc/x86_64-linux-gnu/
LIBRARY_PATH=/usr/lib/gcc/x86_64-linux-gnu/4.3.2/:/usr/lib/gcc/x86_64-linux-gnu/4.3.2/:/usr/lib/gcc/x86_64-linux-gnu/4.3.2/../../../../lib/:/lib/../lib/:/usr/lib/../lib/:/usr/lib/gcc/x86_64-linux-gnu/4.3.2/../../../:/lib/:/usr/lib/
COLLECT_GCC_OPTIONS='-o' 'conftest' '-g' '-v' '-shared-libgcc' '-mtune=generic'
 /usr/lib/gcc/x86_64-linux-gnu/4.3.2/collect2 --eh-frame-hdr -m elf_x86_64 --hash-style=both -dynamic-linker /lib64/ld-linux-x86-64.so.2 -o conftest /usr/lib/gcc/x86_64-linux-gnu/4.3.2/../../../../lib/crt1.o /usr/lib/gcc/x86_64-linux-gnu/4.3.2/../../../../lib/crti.o /usr/lib/gcc/x86_64-linux-gnu/4.3.2/crtbegin.o -L/usr/lib/gcc/x86_64-linux-gnu/4.3.2 -L/usr/lib/gcc/x86_64-linux-gnu/4.3.2 -L/usr/lib/gcc/x86_64-linux-gnu/4.3.2/../../../../lib -L/lib/../lib -L/usr/lib/../lib -L/usr/lib/gcc/x86_64-linux-gnu/4.3.2/../../.. /tmp/cc0HxNdd.o -lgfortranbegin -lgfortran -lm -lgcc_s -lgcc -lc -lgcc_s -lgcc /usr/lib/gcc/x86_64-linux-gnu/4.3.2/crtend.o /usr/lib/gcc/x86_64-linux-gnu/4.3.2/../../../../lib/crtn.o
configure:4963: result:  -L/usr/lib/gcc/x86_64-linux-gnu/4.3.2 -L/usr/lib/gcc/x86_64-linux-gnu/4.3.2/../../../../lib -L/lib/../lib -L/usr/lib/../lib -L/usr/lib/gcc/x86_64-linux-gnu/4.3.2/../../.. -lgfortranbegin -lgfortran -lm -lgcc_s
configure:4979: checking for dummy main to link with Fortran libraries
configure:5018: cc -o conftest -g -O2   conftest.c   -L/usr/lib/gcc/x86_64-linux-gnu/4.3.2 -L/usr/lib/gcc/x86_64-linux-gnu/4.3.2/../../../../lib -L/lib/../lib -L/usr/lib/../lib -L/usr/lib/gcc/x86_64-linux-gnu/4.3.2/../../.. -lgfortranbegin -lgfortran -lm -lgcc_s >&5
configure:5024: $? = 0
configure:5028: test -z 
			 || test ! -s conftest.err
configure:5031: $? = 0
configure:5034: test -s conftest
configure:5037: $? = 0
configure:5115: result: none
configure:5152: checking for Fortran name-mangling scheme
configure:5166: gfortran -c -g conftest.f >&5
configure:5172: $? = 0
configure:5176: test -z 
			 || test ! -s conftest.err
configure:5179: $? = 0
configure:5182: test -s conftest.o
configure:5185: $? = 0
configure:5232: cc -o conftest -g -O2   conftest.c cfortran_test.o   -L/usr/lib/gcc/x86_64-linux-gnu/4.3.2 -L/usr/lib/gcc/x86_64-linux-gnu/4.3.2/../../../../lib -L/lib/../lib -L/usr/lib/../lib -L/usr/lib/gcc/x86_64-linux-gnu/4.3.2/../../.. -lgfortranbegin -lgfortran -lm -lgcc_s >&5
/tmp/ccPnZPgm.o: In function `main':
/home/daboi/Codes/espresso-4.1-nk-para/conftest.c:40: undefined reference to `foobar'
collect2: ld returned 1 exit status
configure:5238: $? = 1
configure: failed program was:
| /* confdefs.h.  */
| 
| #define PACKAGE_NAME "ESPRESSO"
| #define PACKAGE_TARNAME "espresso"
| #define PACKAGE_VERSION "4.1"
| #define PACKAGE_STRING "ESPRESSO 4.1"
| #define PACKAGE_BUGREPORT ""
| #define STDC_HEADERS 1
| #define HAVE_SYS_TYPES_H 1
| #define HAVE_SYS_STAT_H 1
| #define HAVE_STDLIB_H 1
| #define HAVE_STRING_H 1
| #define HAVE_MEMORY_H 1
| #define HAVE_STRINGS_H 1
| #define HAVE_INTTYPES_H 1
| #define HAVE_STDINT_H 1
| #define HAVE_UNISTD_H 1
| #define SIZEOF_INT_P 8
| #define HAVE_MALLINFO 1
| /* end confdefs.h.  */
| 
| /* Override any gcc2 internal prototype to avoid an error.  */
| #ifdef __cplusplus
| extern "C"
| #endif
| /* We use char because int might match the return type of a gcc2
|    builtin and then its argument prototype would still apply.  */
| char foobar ();
| #ifdef F77_DUMMY_MAIN
| 
| #  ifdef __cplusplus
|      extern "C"
| #  endif
|    int F77_DUMMY_MAIN() { return 1; }
| 
| #endif
| int
| main ()
| {
| foobar ();
|   ;
|   return 0;
| }
configure:5232: cc -o conftest -g -O2   conftest.c cfortran_test.o   -L/usr/lib/gcc/x86_64-linux-gnu/4.3.2 -L/usr/lib/gcc/x86_64-linux-gnu/4.3.2/../../../../lib -L/lib/../lib -L/usr/lib/../lib -L/usr/lib/gcc/x86_64-linux-gnu/4.3.2/../../.. -lgfortranbegin -lgfortran -lm -lgcc_s >&5
configure:5238: $? = 0
configure:5242: test -z 
			 || test ! -s conftest.err
configure:5245: $? = 0
configure:5248: test -s conftest
configure:5251: $? = 0
configure:5319: cc -o conftest -g -O2   conftest.c cfortran_test.o   -L/usr/lib/gcc/x86_64-linux-gnu/4.3.2 -L/usr/lib/gcc/x86_64-linux-gnu/4.3.2/../../../../lib -L/lib/../lib -L/usr/lib/../lib -L/usr/lib/gcc/x86_64-linux-gnu/4.3.2/../../.. -lgfortranbegin -lgfortran -lm -lgcc_s >&5
configure:5325: $? = 0
configure:5329: test -z 
			 || test ! -s conftest.err
configure:5332: $? = 0
configure:5335: test -s conftest
configure:5338: $? = 0
configure:5388: result: lower case, underscore, no extra underscore
configure:5779: checking for library containing dgemm
configure:5792: gfortran -o conftest -O3  -x f95-cpp-input    conftest.f -lguide -lpthread >&5
/usr/bin/ld: cannot find -lguide
collect2: ld returned 1 exit status
configure:5798: $? = 1
configure: failed program was:
|       program main
|       call dgemm
|       end
configure:5830: gfortran -o conftest -O3  -x f95-cpp-input    conftest.f -lmkl_em64t  -lguide -lpthread >&5
/usr/bin/ld: cannot find -lmkl_em64t
collect2: ld returned 1 exit status
configure:5836: $? = 1
configure: failed program was:
|       program main
|       call dgemm
|       end
configure:5864: result: no
configure:5779: checking for library containing dgemm
configure:5792: gfortran -o conftest -O3  -x f95-cpp-input   -L/opt/intel/mkl/*/lib/em64t conftest.f -lguide -lpthread >&5
/usr/bin/ld: cannot find -lguide
collect2: ld returned 1 exit status
configure:5798: $? = 1
configure: failed program was:
|       program main
|       call dgemm
|       end
configure:5830: gfortran -o conftest -O3  -x f95-cpp-input   -L/opt/intel/mkl/*/lib/em64t conftest.f -lmkl_em64t  -lguide -lpthread >&5
/usr/bin/ld: cannot find -lmkl_em64t
collect2: ld returned 1 exit status
configure:5836: $? = 1
configure: failed program was:
|       program main
|       call dgemm
|       end
configure:5864: result: no
configure:5779: checking for library containing dgemm
configure:5792: gfortran -o conftest -O3  -x f95-cpp-input   -L/opt/intel/mkl*/lib/em64t conftest.f -lguide -lpthread >&5
/usr/bin/ld: cannot find -lguide
collect2: ld returned 1 exit status
configure:5798: $? = 1
configure: failed program was:
|       program main
|       call dgemm
|       end
configure:5830: gfortran -o conftest -O3  -x f95-cpp-input   -L/opt/intel/mkl*/lib/em64t conftest.f -lmkl_em64t  -lguide -lpthread >&5
/usr/bin/ld: cannot find -lmkl_em64t
collect2: ld returned 1 exit status
configure:5836: $? = 1
configure: failed program was:
|       program main
|       call dgemm
|       end
configure:5864: result: no
configure:5779: checking for library containing dgemm
configure:5792: gfortran -o conftest -O3  -x f95-cpp-input   -L/opt/intel/fce/9.1.043/lib conftest.f -lguide -lpthread >&5
/tmp/ccrj1idU.o: In function `MAIN__':
conftest.f:(.text+0x1a): undefined reference to `dgemm_'
collect2: ld returned 1 exit status
configure:5798: $? = 1
configure: failed program was:
|       program main
|       call dgemm
|       end
configure:5830: gfortran -o conftest -O3  -x f95-cpp-input   -L/opt/intel/fce/9.1.043/lib conftest.f -lmkl_em64t  -lguide -lpthread >&5
/usr/bin/ld: cannot find -lmkl_em64t
collect2: ld returned 1 exit status
configure:5836: $? = 1
configure: failed program was:
|       program main
|       call dgemm
|       end
configure:5864: result: no
configure:6764: checking for library containing dgemm
configure:6777: gfortran -o conftest -O3  -x f95-cpp-input   conftest.f -latlas >&5
/tmp/cc7Py6bp.o: In function `MAIN__':
conftest.f:(.text+0x1a): undefined reference to `dgemm_'
collect2: ld returned 1 exit status
configure:6783: $? = 1
configure: failed program was:
|       program main
|       call dgemm
|       end
configure:6815: gfortran -o conftest -O3  -x f95-cpp-input   conftest.f -lf77blas -lg2c -latlas >&5
/usr/bin/ld: cannot find -lg2c
collect2: ld returned 1 exit status
configure:6821: $? = 1
configure: failed program was:
|       program main
|       call dgemm
|       end
configure:6849: result: no
configure:6764: checking for library containing dgemm
configure:6777: gfortran -o conftest -O3  -x f95-cpp-input  -L/usr/local/lib conftest.f -latlas >&5
/tmp/ccMlzHKn.o: In function `MAIN__':
conftest.f:(.text+0x1a): undefined reference to `dgemm_'
collect2: ld returned 1 exit status
configure:6783: $? = 1
configure: failed program was:
|       program main
|       call dgemm
|       end
configure:6815: gfortran -o conftest -O3  -x f95-cpp-input  -L/usr/local/lib conftest.f -lf77blas -lg2c -latlas >&5
/usr/bin/ld: cannot find -lg2c
collect2: ld returned 1 exit status
configure:6821: $? = 1
configure: failed program was:
|       program main
|       call dgemm
|       end
configure:6849: result: no
configure:6764: checking for library containing dgemm
configure:6777: gfortran -o conftest -O3  -x f95-cpp-input  -L/opt/intel/fce/9.1.043/lib conftest.f -latlas >&5
/tmp/cc2kMpzT.o: In function `MAIN__':
conftest.f:(.text+0x1a): undefined reference to `dgemm_'
collect2: ld returned 1 exit status
configure:6783: $? = 1
configure: failed program was:
|       program main
|       call dgemm
|       end
configure:6815: gfortran -o conftest -O3  -x f95-cpp-input  -L/opt/intel/fce/9.1.043/lib conftest.f -lf77blas -lg2c -latlas >&5
/usr/bin/ld: cannot find -lg2c
collect2: ld returned 1 exit status
configure:6821: $? = 1
configure: failed program was:
|       program main
|       call dgemm
|       end
configure:6849: result: no
configure:6881: checking for library containing dgemm
configure:6894: gfortran -o conftest -O3  -x f95-cpp-input   conftest.f  >&5
/tmp/cc7DtDDp.o: In function `MAIN__':
conftest.f:(.text+0x1a): undefined reference to `dgemm_'
collect2: ld returned 1 exit status
configure:6900: $? = 1
configure: failed program was:
|       program main
|       call dgemm
|       end
configure:6932: gfortran -o conftest -O3  -x f95-cpp-input   conftest.f -lblas   >&5
configure:6938: $? = 0
configure:6942: test -z 
			 || test ! -s conftest.err
configure:6945: $? = 0
configure:6948: test -s conftest
configure:6951: $? = 0
configure:6966: result: -lblas
configure:7436: checking for library containing dspev
configure:7449: gfortran -o conftest -O3  -x f95-cpp-input   conftest.f  -lblas  >&5
/tmp/cckuY21a.o: In function `MAIN__':
conftest.f:(.text+0x1a): undefined reference to `dspev_'
collect2: ld returned 1 exit status
configure:7455: $? = 1
configure: failed program was:
|       program main
|       call dspev
|       end
configure:7487: gfortran -o conftest -O3  -x f95-cpp-input   conftest.f -llapack   -lblas  >&5
configure:7493: $? = 0
configure:7497: test -z 
			 || test ! -s conftest.err
configure:7500: $? = 0
configure:7503: test -s conftest
configure:7506: $? = 0
configure:7521: result: -llapack
configure:8267: checking for library containing dfftw_execute_dft
configure:8280: gfortran -o conftest -O3  -x f95-cpp-input   conftest.f  >&5
/tmp/cclU2BqB.o: In function `MAIN__':
conftest.f:(.text+0x1a): undefined reference to `dfftw_execute_dft_'
collect2: ld returned 1 exit status
configure:8286: $? = 1
configure: failed program was:
|       program main
|       call dfftw_execute_dft
|       end
configure:8318: gfortran -o conftest -O3  -x f95-cpp-input   conftest.f -lfftw3 -lm  >&5
configure:8324: $? = 0
configure:8328: test -z 
			 || test ! -s conftest.err
configure:8331: $? = 0
configure:8334: test -s conftest
configure:8337: $? = 0
configure:8352: result: -lfftw3
configure:9046: checking for library containing mpi_init
configure:9059: mpif90 -o conftest -O3  -x f95-cpp-input  conftest.f  >&5
configure:9065: $? = 0
configure:9069: test -z 
			 || test ! -s conftest.err
configure:9072: $? = 0
configure:9075: test -s conftest
configure:9078: $? = 0
configure:9131: result: none required
configure:9149: checking for library containing mpi_init
configure:9234: result: none required
configure:9563: checking for ranlib
configure:9579: found /usr/bin/ranlib
configure:9590: result: ranlib
configure:9772: creating ./config.status

## ---------------------- ##
## Running config.status. ##
## ---------------------- ##

This file was extended by ESPRESSO config.status 4.1, which was
generated by GNU Autoconf 2.59.  Invocation command line was

  CONFIG_FILES    = 
  CONFIG_HEADERS  = 
  CONFIG_LINKS    = 
  CONFIG_COMMANDS = 
  $ ./config.status 

on clustern34

config.status:688: creating include/fft_defs.h
config.status:688: creating make.sys
config.status:688: creating configure.msg
config.status:791: creating include/c_defs.h
config.status:901: include/c_defs.h is unchanged

## ---------------- ##
## Cache variables. ##
## ---------------- ##

ac_cv_build=x86_64-unknown-linux-gnu
ac_cv_build_alias=x86_64-unknown-linux-gnu
ac_cv_c_compiler_gnu=yes
ac_cv_env_CC_set=
ac_cv_env_CC_value=
ac_cv_env_CFLAGS_set=
ac_cv_env_CFLAGS_value=
ac_cv_env_CPPFLAGS_set=
ac_cv_env_CPPFLAGS_value=
ac_cv_env_CPP_set=
ac_cv_env_CPP_value=
ac_cv_env_F77_set=
ac_cv_env_F77_value=
ac_cv_env_FFLAGS_set=
ac_cv_env_FFLAGS_value=
ac_cv_env_LDFLAGS_set=
ac_cv_env_LDFLAGS_value=
ac_cv_env_build_alias_set=
ac_cv_env_build_alias_value=
ac_cv_env_host_alias_set=
ac_cv_env_host_alias_value=
ac_cv_env_target_alias_set=
ac_cv_env_target_alias_value=
ac_cv_exeext=
ac_cv_f77_compiler_gnu=yes
ac_cv_f77_dummy_main=none
ac_cv_f77_libs=' -L/usr/lib/gcc/x86_64-linux-gnu/4.3.2 -L/usr/lib/gcc/x86_64-linux-gnu/4.3.2/../../../../lib -L/lib/../lib -L/usr/lib/../lib -L/usr/lib/gcc/x86_64-linux-gnu/4.3.2/../../.. -lgfortranbegin -lgfortran -lm -lgcc_s'
ac_cv_f77_mangling='lower case, underscore, no extra underscore'
ac_cv_fortran_dummy_main=none
ac_cv_header_inttypes_h=yes
ac_cv_header_malloc_h=yes
ac_cv_header_memory_h=yes
ac_cv_header_stdc=yes
ac_cv_header_stdint_h=yes
ac_cv_header_stdlib_h=yes
ac_cv_header_string_h=yes
ac_cv_header_strings_h=yes
ac_cv_header_sys_stat_h=yes
ac_cv_header_sys_types_h=yes
ac_cv_header_unistd_h=yes
ac_cv_member_struct_mallinfo_arena=yes
ac_cv_objext=o
ac_cv_prog_CPP='cc -E'
ac_cv_prog_ac_ct_CC=cc
ac_cv_prog_ac_ct_F77=gfortran
ac_cv_prog_cc_g=yes
ac_cv_prog_cc_stdc=
ac_cv_prog_egrep='grep -E'
ac_cv_prog_f77_g=yes
ac_cv_prog_f77_v=-v
ac_cv_prog_make_make_set=yes
ac_cv_prog_ranlib=ranlib
ac_cv_search_dfftw_execute_dft=-lfftw3
ac_cv_search_dgemm=-lblas
ac_cv_search_dspev=-llapack
ac_cv_search_mpi_init='none required'
ac_cv_sizeof_int_p=8
ac_cv_type_int_p=yes

## ----------------- ##
## Output variables. ##
## ----------------- ##

CC='cc'
CFLAGS='-O3'
CPP='cc -E'
CPPFLAGS='-O3'
Configured for compilation of parallel executables.'
DEFS='-DHAVE_CONFIG_H'
ECHO_C=''
ECHO_N='-n'
ECHO_T=''
EGREP='grep -E'
EXEEXT=''
F77='mpif90'
FFLAGS='-O3  -x f95-cpp-input'
FLIBS=' -L/usr/lib/gcc/x86_64-linux-gnu/4.3.2 -L/usr/lib/gcc/x86_64-linux-gnu/4.3.2/../../../../lib -L/lib/../lib -L/usr/lib/../lib -L/usr/lib/gcc/x86_64-linux-gnu/4.3.2/../../.. -lgfortranbegin -lgfortran -lm -lgcc_s'
LDFLAGS=''
LIBOBJS=''
LIBS=''
LTLIBOBJS=''
OBJEXT='o'
PACKAGE_BUGREPORT=''
PACKAGE_NAME='ESPRESSO'
PACKAGE_STRING='ESPRESSO 4.1'
PACKAGE_TARNAME='espresso'
PACKAGE_VERSION='4.1'
PATH_SEPARATOR=':'
SET_MAKE=''
SHELL='/bin/sh'
SIZEOF_INT_P='8'
ac_ct_CC='cc'
ac_ct_F77='gfortran'
ar='ar'
arflags='ruv'
arflags_dynamic='ruv'
bindir='${exec_prefix}/bin'
blas_libs=' -lblas '
blas_line='BLAS_LIBS= -lblas '
build='x86_64-unknown-linux-gnu'
build_alias=''
build_cpu='x86_64'
build_os='linux-gnu'
build_vendor='unknown'
cc='cc'
cflags='-O3'
cpp='cpp'
cppflags='-P -traditional'
datadir='${prefix}/share'
dflags=' -D__GFORTRAN -D__FFTW3 -D__MPI -D__PARA'
exec_prefix='${prefix}'
f77='gfortran'
f90='gfortran'
f90flags='$(FFLAGS) -x f95-cpp-input'
f90rule='$(MPIF90) $(F90FLAGS) -c $<'
fdflags='$(DFLAGS)'
fflags='-O3'
fflags_noopt='-O0'
fft_libs=' -lfftw3 '
fft_line='FFT_LIBS= -lfftw3 '
host_alias=''
iflags='-I../include'
imod='-I'
includedir='${prefix}/include'
infodir='${prefix}/info'
lapack_libs=' -llapack'
lapack_line='LAPACK_LIBS= -llapack'
ld='mpif90'
ldflags=''
libdir='${exec_prefix}/lib'
libexecdir='${exec_prefix}/libexec'
localstatedir='${prefix}/var'
mandir='${prefix}/man'
mass_libs=''
mass_line='@delete@'
mpi_libs=''
mpi_line='@delete@'
mpif90='mpif90'
oldincludedir='/usr/include'
parallel_report='Parallel environment detected successfully.\
pgplot_libs=''
pre_fdflags=''
prefix='/usr/local'
program_transform_name='s,x,x,'
ranlib='ranlib'
sbindir='${exec_prefix}/sbin'
sharedstatedir='${prefix}/com'
sysconfdir='${prefix}/etc'
target_alias=''

## ----------- ##
## confdefs.h. ##
## ----------- ##

#define F77_FUNC(name,NAME) name ## _
#define F77_FUNC_(name,NAME) name ## _
#define HAVE_INTTYPES_H 1
#define HAVE_MALLINFO 1
#define HAVE_MEMORY_H 1
#define HAVE_STDINT_H 1
#define HAVE_STDLIB_H 1
#define HAVE_STRINGS_H 1
#define HAVE_STRING_H 1
#define HAVE_SYS_STAT_H 1
#define HAVE_SYS_TYPES_H 1
#define HAVE_UNISTD_H 1
#define PACKAGE_BUGREPORT ""
#define PACKAGE_NAME "ESPRESSO"
#define PACKAGE_STRING "ESPRESSO 4.1"
#define PACKAGE_TARNAME "espresso"
#define PACKAGE_VERSION "4.1"
#define SIZEOF_INT_P 8
#define STDC_HEADERS 1

configure: exit 0
