This file contains any messages produced by compilers while
running configure, to aid debugging if configure makes a mistake.

It was created by ESPRESSO configure 6.6, which was
generated by GNU Autoconf 2.71.  Invocation command line was

  $ ./install/configure MPIF90=mpiifort

## --------- ##
## Platform. ##
## --------- ##

hostname = theospc17
uname -m = x86_64
uname -r = 5.4.0-104-generic
uname -s = Linux
uname -v = #118-Ubuntu SMP Wed Mar 2 19:02:41 UTC 2022

/usr/bin/uname -p = unknown
/bin/uname -X     = unknown

/bin/arch              = unknown
/usr/bin/arch -k       = unknown
/usr/convex/getsysinfo = unknown
/usr/bin/hostinfo      = unknown
/bin/machine           = unknown
/usr/bin/oslevel       = unknown
/bin/universe          = unknown

PATH: /home/yshubert/code/q-e/bin/
PATH: /opt/intel/compilers_and_libraries_2020.4.304/linux/mpi/intel64/libfabric/bin/
PATH: /opt/intel/compilers_and_libraries_2020.4.304/linux/mpi/intel64/bin/
PATH: /opt/intel/compilers_and_libraries_2020.4.304/linux/bin/intel64/
PATH: /opt/intel/compilers_and_libraries_2020.4.304/linux/bin/
PATH: /opt/intel/compilers_and_libraries_2020.4.304/linux/mpi/intel64/libfabric/bin/
PATH: /opt/intel/compilers_and_libraries_2020.4.304/linux/mpi/intel64/bin/
PATH: /home/yshubert/.vscode-server/bin/f80445acd5a3dadef24aa209168452a3d97cc326/bin/remote-cli/
PATH: /home/yshubert/.local/bin/
PATH: /home/yshubert/code/q-e/bin/
PATH: /opt/intel/debugger_2020/gdb/intel64/bin/
PATH: /usr/local/sbin/
PATH: /usr/local/bin/
PATH: /usr/sbin/
PATH: /usr/bin/
PATH: /sbin/
PATH: /bin/
PATH: /usr/games/
PATH: /usr/local/games/
PATH: /snap/bin/


## ----------- ##
## Core tests. ##
## ----------- ##

configure:2762: looking for aux files: config.guess config.sub
configure:2775:  trying ./install/
configure:2804:   ./install/config.guess found
configure:2804:   ./install/config.sub found
configure:2976: checking build system type
configure:2991: result: x86_64-pc-linux-gnu
configure:3015: checking ARCH
configure:3066: result: x86_64
configure:3086: checking setting AR... 
configure:3092: result: ar
configure:3097: checking setting ARFLAGS... 
configure:3103: result: ruv
configure:3187: checking for gfortran
configure:3208: found /usr/bin/gfortran
configure:3219: result: gfortran
configure:3245: checking for Fortran compiler version
configure:3254: gfortran --version >&5
GNU Fortran (Ubuntu 9.4.0-1ubuntu1~20.04) 9.4.0
Copyright (C) 2019 Free Software Foundation, Inc.
This is free software; see the source for copying conditions.  There is NO
warranty; not even for MERCHANTABILITY or FITNESS FOR A PARTICULAR PURPOSE.

configure:3265: $? = 0
configure:3254: gfortran -v >&5
Using built-in specs.
COLLECT_GCC=gfortran
COLLECT_LTO_WRAPPER=/usr/lib/gcc/x86_64-linux-gnu/9/lto-wrapper
OFFLOAD_TARGET_NAMES=nvptx-none:hsa
OFFLOAD_TARGET_DEFAULT=1
Target: x86_64-linux-gnu
Configured with: ../src/configure -v --with-pkgversion='Ubuntu 9.4.0-1ubuntu1~20.04' --with-bugurl=file:///usr/share/doc/gcc-9/README.Bugs --enable-languages=c,ada,c++,go,brig,d,fortran,objc,obj-c++,gm2 --prefix=/usr --with-gcc-major-version-only --program-suffix=-9 --program-prefix=x86_64-linux-gnu- --enable-shared --enable-linker-build-id --libexecdir=/usr/lib --without-included-gettext --enable-threads=posix --libdir=/usr/lib --enable-nls --enable-clocale=gnu --enable-libstdcxx-debug --enable-libstdcxx-time=yes --with-default-libstdcxx-abi=new --enable-gnu-unique-object --disable-vtable-verify --enable-plugin --enable-default-pie --with-system-zlib --with-target-system-zlib=auto --enable-objc-gc=auto --enable-multiarch --disable-werror --with-arch-32=i686 --with-abi=m64 --with-multilib-list=m32,m64,mx32 --enable-multilib --with-tune=generic --enable-offload-targets=nvptx-none=/build/gcc-9-yTrUTS/gcc-9-9.4.0/debian/tmp-nvptx/usr,hsa --without-cuda-driver --enable-checking=release --build=x86_64-linux-gnu --host=x86_64-linux-gnu --target=x86_64-linux-gnu
Thread model: posix
gcc version 9.4.0 (Ubuntu 9.4.0-1ubuntu1~20.04) 
configure:3265: $? = 0
configure:3254: gfortran -V >&5
gfortran: error: unrecognized command line option '-V'
gfortran: fatal error: no input files
compilation terminated.
configure:3265: $? = 1
configure:3254: gfortran -qversion >&5
gfortran: error: unrecognized command line option '-qversion'; did you mean '--version'?
gfortran: fatal error: no input files
compilation terminated.
configure:3265: $? = 1
configure:3280: checking whether the Fortran compiler works
configure:3302: gfortran    conftest.f  >&5
configure:3306: $? = 0
configure:3356: result: yes
configure:3359: checking for Fortran compiler default output file name
configure:3361: result: a.out
configure:3367: checking for suffix of executables
configure:3374: gfortran -o conftest    conftest.f  >&5
configure:3378: $? = 0
configure:3401: result: 
configure:3417: checking whether we are cross compiling
configure:3425: gfortran -o conftest    conftest.f  >&5
configure:3429: $? = 0
configure:3436: ./conftest
configure:3440: $? = 0
configure:3428: result: no
configure:3433: checking for suffix of object files
configure:3450: gfortran -c   conftest.f >&5
configure:3454: $? = 0
configure:3476: result: o
configure:3484: checking whether the compiler supports GNU Fortran
configure:3498: gfortran -c   conftest.F >&5
configure:3498: $? = 0
configure:3508: result: yes
configure:3516: checking whether gfortran accepts -g
configure:3528: gfortran -c -g  conftest.f >&5
configure:3528: $? = 0
configure:3537: result: yes
configure:3735: checking for mpiifort
configure:3756: found /opt/intel/compilers_and_libraries_2020.4.304/linux/mpi/intel64/bin/mpiifort
configure:3767: result: mpiifort
configure:3793: checking for Fortran compiler version
configure:3802: mpiifort --version >&5
ifort (IFORT) 19.1.3.304 20200925
Copyright (C) 1985-2020 Intel Corporation.  All rights reserved.

configure:3813: $? = 0
configure:3802: mpiifort -v >&5
mpiifort for the Intel(R) MPI Library 2019 Update 9 for Linux*
Copyright 2003-2020, Intel Corporation.
ifort version 19.1.3.304
configure:3813: $? = 0
configure:3802: mpiifort -V >&5
Intel(R) Fortran Intel(R) 64 Compiler for applications running on Intel(R) 64, Version 19.1.3.304 Build 20200925_000000
Copyright (C) 1985-2020 Intel Corporation.  All rights reserved.

configure:3813: $? = 0
configure:3802: mpiifort -qversion >&5
ifort: command line warning #10006: ignoring unknown option '-qversion'
ld: /opt/intel/compilers_and_libraries_2020.4.304/linux/compiler/lib/intel64_lin/for_main.o: in function `main':
for_main.c:(.text+0x2e): undefined reference to `MAIN__'
configure:3813: $? = 1
configure:3822: checking whether the compiler supports GNU Fortran
configure:3836: mpiifort -c -g -O2  conftest.F >&5
conftest.F(3): error #5082: Syntax error, found END-OF-STATEMENT when expecting one of: ( : % [ . = =>
       choke me
---------------^
conftest.F(3): error #6218: This statement is positioned incorrectly and/or has syntax errors.
       choke me
-------^
compilation aborted for conftest.F (code 1)
configure:3836: $? = 1
configure: failed program was:
|       program main
| #ifndef __GNUC__
|        choke me
| #endif
| 
|       end
configure:3846: result: no
configure:3854: checking whether mpiifort accepts -g
configure:3866: mpiifort -c -g  conftest.f >&5
configure:3866: $? = 0
configure:3875: result: yes
configure:3985: checking for Fortran flag to compile .f90 files
configure:4006: mpiifort -c -g -O2  conftest.f90 >&5
configure:4006: $? = 0
configure:4016: result: none
configure:4197: checking for icc
configure:4218: found /opt/intel/compilers_and_libraries_2020.4.304/linux/bin/intel64/icc
configure:4229: result: icc
configure:4260: checking for C compiler version
configure:4269: icc --version >&5
icc (ICC) 19.1.3.304 20200925
Copyright (C) 1985-2020 Intel Corporation.  All rights reserved.

configure:4280: $? = 0
configure:4269: icc -v >&5
icc version 19.1.3.304 (gcc version 9.4.0 compatibility)
configure:4280: $? = 0
configure:4269: icc -V >&5
Intel(R) C Intel(R) 64 Compiler for applications running on Intel(R) 64, Version 19.1.3.304 Build 20200925_000000
Copyright (C) 1985-2020 Intel Corporation.  All rights reserved.

configure:4280: $? = 0
configure:4269: icc -qversion >&5
icc: command line warning #10006: ignoring unknown option '-qversion'
icc: command line error: no files specified; for help type "icc -help"
configure:4280: $? = 1
configure:4269: icc -version >&5
icc: command line warning #10006: ignoring unknown option '-version'
icc: command line error: no files specified; for help type "icc -help"
configure:4280: $? = 1
configure:4284: checking whether the compiler supports GNU C
configure:4304: icc -c   conftest.c >&5
configure:4304: $? = 0
configure:4314: result: yes
configure:4325: checking whether icc accepts -g
configure:4346: icc -c -g  conftest.c >&5
configure:4346: $? = 0
configure:4390: result: yes
configure:4410: checking for icc option to enable C11 features
configure:4425: icc  -c -g -O2  conftest.c >&5
configure:4425: $? = 0
configure:4443: result: none needed
configure:4948: checking whether make sets $(MAKE)
configure:4971: result: yes
configure:5006: checking for stdio.h
configure:5006: icc -c -g -O2  conftest.c >&5
configure:5006: $? = 0
configure:5006: result: yes
configure:5006: checking for stdlib.h
configure:5006: icc -c -g -O2  conftest.c >&5
configure:5006: $? = 0
configure:5006: result: yes
configure:5006: checking for string.h
configure:5006: icc -c -g -O2  conftest.c >&5
configure:5006: $? = 0
configure:5006: result: yes
configure:5006: checking for inttypes.h
configure:5006: icc -c -g -O2  conftest.c >&5
configure:5006: $? = 0
configure:5006: result: yes
configure:5006: checking for stdint.h
configure:5006: icc -c -g -O2  conftest.c >&5
configure:5006: $? = 0
configure:5006: result: yes
configure:5006: checking for strings.h
configure:5006: icc -c -g -O2  conftest.c >&5
configure:5006: $? = 0
configure:5006: result: yes
configure:5006: checking for sys/stat.h
configure:5006: icc -c -g -O2  conftest.c >&5
configure:5006: $? = 0
configure:5006: result: yes
configure:5006: checking for sys/types.h
configure:5006: icc -c -g -O2  conftest.c >&5
configure:5006: $? = 0
configure:5006: result: yes
configure:5006: checking for unistd.h
configure:5006: icc -c -g -O2  conftest.c >&5
configure:5006: $? = 0
configure:5006: result: yes
configure:5035: checking size of int *
configure:5041: icc -o conftest -g -O2   conftest.c  >&5
configure:5041: $? = 0
configure:5041: ./conftest
configure:5041: $? = 0
configure:5056: result: 8
configure:5128: checking for g77
configure:5163: result: no
configure:5128: checking for xlf
configure:5163: result: no
configure:5128: checking for f77
configure:5149: found /usr/bin/f77
configure:5160: result: f77
configure:5186: checking for Fortran 77 compiler version
configure:5195: f77 --version >&5
GNU Fortran (Ubuntu 9.4.0-1ubuntu1~20.04) 9.4.0
Copyright (C) 2019 Free Software Foundation, Inc.
This is free software; see the source for copying conditions.  There is NO
warranty; not even for MERCHANTABILITY or FITNESS FOR A PARTICULAR PURPOSE.

configure:5206: $? = 0
configure:5195: f77 -v >&5
Using built-in specs.
COLLECT_GCC=f77
COLLECT_LTO_WRAPPER=/usr/lib/gcc/x86_64-linux-gnu/9/lto-wrapper
OFFLOAD_TARGET_NAMES=nvptx-none:hsa
OFFLOAD_TARGET_DEFAULT=1
Target: x86_64-linux-gnu
Configured with: ../src/configure -v --with-pkgversion='Ubuntu 9.4.0-1ubuntu1~20.04' --with-bugurl=file:///usr/share/doc/gcc-9/README.Bugs --enable-languages=c,ada,c++,go,brig,d,fortran,objc,obj-c++,gm2 --prefix=/usr --with-gcc-major-version-only --program-suffix=-9 --program-prefix=x86_64-linux-gnu- --enable-shared --enable-linker-build-id --libexecdir=/usr/lib --without-included-gettext --enable-threads=posix --libdir=/usr/lib --enable-nls --enable-clocale=gnu --enable-libstdcxx-debug --enable-libstdcxx-time=yes --with-default-libstdcxx-abi=new --enable-gnu-unique-object --disable-vtable-verify --enable-plugin --enable-default-pie --with-system-zlib --with-target-system-zlib=auto --enable-objc-gc=auto --enable-multiarch --disable-werror --with-arch-32=i686 --with-abi=m64 --with-multilib-list=m32,m64,mx32 --enable-multilib --with-tune=generic --enable-offload-targets=nvptx-none=/build/gcc-9-yTrUTS/gcc-9-9.4.0/debian/tmp-nvptx/usr,hsa --without-cuda-driver --enable-checking=release --build=x86_64-linux-gnu --host=x86_64-linux-gnu --target=x86_64-linux-gnu
Thread model: posix
gcc version 9.4.0 (Ubuntu 9.4.0-1ubuntu1~20.04) 
configure:5206: $? = 0
configure:5195: f77 -V >&5
f77: error: unrecognized command line option '-V'
f77: fatal error: no input files
compilation terminated.
configure:5206: $? = 1
configure:5195: f77 -qversion >&5
f77: error: unrecognized command line option '-qversion'; did you mean '--version'?
f77: fatal error: no input files
compilation terminated.
configure:5206: $? = 1
configure:5215: checking whether the compiler supports GNU Fortran 77
configure:5229: f77 -c  conftest.F >&5
configure:5229: $? = 0
configure:5239: result: yes
configure:5247: checking whether f77 accepts -g
configure:5259: f77 -c -g conftest.f >&5
configure:5259: $? = 0
configure:5268: result: yes
configure:5297: checking host system type
configure:5311: result: x86_64-pc-linux-gnu
configure:5336: checking how to get verbose linking output from f77
configure:5347: f77 -c -g -O2 conftest.f >&5
configure:5347: $? = 0
configure:5366: f77 -o conftest -g -O2 -v conftest.f
Using built-in specs.
Target: x86_64-linux-gnu
Thread model: posix
gcc version 9.4.0 (Ubuntu 9.4.0-1ubuntu1~20.04) 
 /usr/lib/gcc/x86_64-linux-gnu/9/f951 conftest.f -ffixed-form -quiet -dumpbase conftest.f -mtune=generic -march=x86-64 -auxbase conftest -g -O2 -version -fintrinsic-modules-path /usr/lib/gcc/x86_64-linux-gnu/9/finclude -fpre-include=/usr/include/finclude/math-vector-fortran.h -o /tmp/ccWqYtwY.s
GNU Fortran (Ubuntu 9.4.0-1ubuntu1~20.04) version 9.4.0 (x86_64-linux-gnu)
	compiled by GNU C version 9.4.0, GMP version 6.2.0, MPFR version 4.0.2, MPC version 1.1.0, isl version isl-0.22.1-GMP

GGC heuristics: --param ggc-min-expand=100 --param ggc-min-heapsize=131072
GNU Fortran2008 (Ubuntu 9.4.0-1ubuntu1~20.04) version 9.4.0 (x86_64-linux-gnu)
	compiled by GNU C version 9.4.0, GMP version 6.2.0, MPFR version 4.0.2, MPC version 1.1.0, isl version isl-0.22.1-GMP

GGC heuristics: --param ggc-min-expand=100 --param ggc-min-heapsize=131072
 as -v --64 -o /tmp/cc37yCOU.o /tmp/ccWqYtwY.s
GNU assembler version 2.34 (x86_64-linux-gnu) using BFD version (GNU Binutils for Ubuntu) 2.34
Reading specs from /usr/lib/gcc/x86_64-linux-gnu/9/libgfortran.spec
rename spec lib to liborig
 /usr/lib/gcc/x86_64-linux-gnu/9/collect2 -plugin /usr/lib/gcc/x86_64-linux-gnu/9/liblto_plugin.so -plugin-opt=/usr/lib/gcc/x86_64-linux-gnu/9/lto-wrapper -plugin-opt=-fresolution=/tmp/cchwcNLX.res -plugin-opt=-pass-through=-lgcc_s -plugin-opt=-pass-through=-lgcc -plugin-opt=-pass-through=-lquadmath -plugin-opt=-pass-through=-lm -plugin-opt=-pass-through=-lgcc_s -plugin-opt=-pass-through=-lgcc -plugin-opt=-pass-through=-lc -plugin-opt=-pass-through=-lgcc_s -plugin-opt=-pass-through=-lgcc --build-id --eh-frame-hdr -m elf_x86_64 --hash-style=gnu --as-needed -dynamic-linker /lib64/ld-linux-x86-64.so.2 -pie -z now -z relro -o conftest /usr/lib/gcc/x86_64-linux-gnu/9/../../../x86_64-linux-gnu/Scrt1.o /usr/lib/gcc/x86_64-linux-gnu/9/../../../x86_64-linux-gnu/crti.o /usr/lib/gcc/x86_64-linux-gnu/9/crtbeginS.o -L/opt/intel/compilers_and_libraries_2020.4.304/linux/mpi/intel64/libfabric/lib/../lib -L/opt/intel/compilers_and_libraries_2020.4.304/linux/mpi/intel64/libfabric/lib/../lib -L/opt/intel/compilers_and_libraries_2020.4.304/linux/mpi/intel64/libfabric/lib/../lib -L/opt/intel/compilers_and_libraries_2020.4.304/linux/mpi/intel64/libfabric/lib/../lib -L/usr/lib/gcc/x86_64-linux-gnu/9 -L/usr/lib/gcc/x86_64-linux-gnu/9/../../../x86_64-linux-gnu -L/usr/lib/gcc/x86_64-linux-gnu/9/../../../../lib -L/lib/x86_64-linux-gnu -L/lib/../lib -L/usr/lib/x86_64-linux-gnu -L/usr/lib/../lib -L/opt/intel/compilers_and_libraries_2020.4.304/linux/compiler/lib/intel64_lin -L/opt/intel/compilers_and_libraries_2020.4.304/linux/mkl/lib/intel64_lin -L/opt/intel/compilers_and_libraries_2020.4.304/linux/mpi/intel64/libfabric/lib -L/opt/intel/compilers_and_libraries_2020.4.304/linux/mpi/intel64/libfabric/lib -L/opt/intel/compilers_and_libraries_2020.4.304/linux/ipp/lib/intel64 -L/opt/intel/compilers_and_libraries_2020.4.304/linux/compiler/lib/intel64_lin -L/opt/intel/compilers_and_libraries_2020.4.304/linux/mkl/lib/intel64_lin -L/opt/intel/compilers_and_libraries_2020.4.304/linux/tbb/lib/intel64/gcc4.8 -L/opt/intel/compilers_and_libraries_2020.4.304/linux/tbb/lib/intel64/gcc4.8 -L/opt/intel/compilers_and_libraries_2020.4.304/linux/daal/lib/intel64_lin -L/opt/intel/compilers_and_libraries_2020.4.304/linux/compiler/lib/intel64_lin -L/opt/intel/compilers_and_libraries_2020.4.304/linux/mkl/lib/intel64_lin -L/opt/intel/compilers_and_libraries_2020.4.304/linux/mpi/intel64/libfabric/lib -L/opt/intel/compilers_and_libraries_2020.4.304/linux/mpi/intel64/libfabric/lib -L/opt/intel/compilers_and_libraries_2020.4.304/linux/ipp/lib/intel64 -L/opt/intel/compilers_and_libraries_2020.4.304/linux/compiler/lib/intel64_lin -L/opt/intel/compilers_and_libraries_2020.4.304/linux/mkl/lib/intel64_lin -L/opt/intel/compilers_and_libraries_2020.4.304/linux/tbb/lib/intel64/gcc4.8 -L/opt/intel/compilers_and_libraries_2020.4.304/linux/tbb/lib/intel64/gcc4.8 -L/opt/intel/compilers_and_libraries_2020.4.304/linux/daal/lib/intel64_lin -L/opt/intel/compilers_and_libraries_2020.4.304/linux/daal/../tbb/lib/intel64_lin/gcc4.8 -L/usr/lib/gcc/x86_64-linux-gnu/9/../../.. /tmp/cc37yCOU.o -lgfortran -lm -lgcc_s -lgcc -lquadmath -lm -lgcc_s -lgcc -lc -lgcc_s -lgcc /usr/lib/gcc/x86_64-linux-gnu/9/crtendS.o /usr/lib/gcc/x86_64-linux-gnu/9/../../../x86_64-linux-gnu/crtn.o
configure:5449: result: -v
configure:5451: checking for Fortran 77 libraries of f77
configure:5475: f77 -o conftest -g -O2 -v conftest.f
Using built-in specs.
Target: x86_64-linux-gnu
Thread model: posix
gcc version 9.4.0 (Ubuntu 9.4.0-1ubuntu1~20.04) 
 /usr/lib/gcc/x86_64-linux-gnu/9/f951 conftest.f -ffixed-form -quiet -dumpbase conftest.f -mtune=generic -march=x86-64 -auxbase conftest -g -O2 -version -fintrinsic-modules-path /usr/lib/gcc/x86_64-linux-gnu/9/finclude -fpre-include=/usr/include/finclude/math-vector-fortran.h -o /tmp/cc3usyp3.s
GNU Fortran (Ubuntu 9.4.0-1ubuntu1~20.04) version 9.4.0 (x86_64-linux-gnu)
	compiled by GNU C version 9.4.0, GMP version 6.2.0, MPFR version 4.0.2, MPC version 1.1.0, isl version isl-0.22.1-GMP

GGC heuristics: --param ggc-min-expand=100 --param ggc-min-heapsize=131072
GNU Fortran2008 (Ubuntu 9.4.0-1ubuntu1~20.04) version 9.4.0 (x86_64-linux-gnu)
	compiled by GNU C version 9.4.0, GMP version 6.2.0, MPFR version 4.0.2, MPC version 1.1.0, isl version isl-0.22.1-GMP

GGC heuristics: --param ggc-min-expand=100 --param ggc-min-heapsize=131072
 as -v --64 -o /tmp/ccfkx873.o /tmp/cc3usyp3.s
GNU assembler version 2.34 (x86_64-linux-gnu) using BFD version (GNU Binutils for Ubuntu) 2.34
Reading specs from /usr/lib/gcc/x86_64-linux-gnu/9/libgfortran.spec
rename spec lib to liborig
 /usr/lib/gcc/x86_64-linux-gnu/9/collect2 -plugin /usr/lib/gcc/x86_64-linux-gnu/9/liblto_plugin.so -plugin-opt=/usr/lib/gcc/x86_64-linux-gnu/9/lto-wrapper -plugin-opt=-fresolution=/tmp/ccczCHf5.res -plugin-opt=-pass-through=-lgcc_s -plugin-opt=-pass-through=-lgcc -plugin-opt=-pass-through=-lquadmath -plugin-opt=-pass-through=-lm -plugin-opt=-pass-through=-lgcc_s -plugin-opt=-pass-through=-lgcc -plugin-opt=-pass-through=-lc -plugin-opt=-pass-through=-lgcc_s -plugin-opt=-pass-through=-lgcc --build-id --eh-frame-hdr -m elf_x86_64 --hash-style=gnu --as-needed -dynamic-linker /lib64/ld-linux-x86-64.so.2 -pie -z now -z relro -o conftest /usr/lib/gcc/x86_64-linux-gnu/9/../../../x86_64-linux-gnu/Scrt1.o /usr/lib/gcc/x86_64-linux-gnu/9/../../../x86_64-linux-gnu/crti.o /usr/lib/gcc/x86_64-linux-gnu/9/crtbeginS.o -L/opt/intel/compilers_and_libraries_2020.4.304/linux/mpi/intel64/libfabric/lib/../lib -L/opt/intel/compilers_and_libraries_2020.4.304/linux/mpi/intel64/libfabric/lib/../lib -L/opt/intel/compilers_and_libraries_2020.4.304/linux/mpi/intel64/libfabric/lib/../lib -L/opt/intel/compilers_and_libraries_2020.4.304/linux/mpi/intel64/libfabric/lib/../lib -L/usr/lib/gcc/x86_64-linux-gnu/9 -L/usr/lib/gcc/x86_64-linux-gnu/9/../../../x86_64-linux-gnu -L/usr/lib/gcc/x86_64-linux-gnu/9/../../../../lib -L/lib/x86_64-linux-gnu -L/lib/../lib -L/usr/lib/x86_64-linux-gnu -L/usr/lib/../lib -L/opt/intel/compilers_and_libraries_2020.4.304/linux/compiler/lib/intel64_lin -L/opt/intel/compilers_and_libraries_2020.4.304/linux/mkl/lib/intel64_lin -L/opt/intel/compilers_and_libraries_2020.4.304/linux/mpi/intel64/libfabric/lib -L/opt/intel/compilers_and_libraries_2020.4.304/linux/mpi/intel64/libfabric/lib -L/opt/intel/compilers_and_libraries_2020.4.304/linux/ipp/lib/intel64 -L/opt/intel/compilers_and_libraries_2020.4.304/linux/compiler/lib/intel64_lin -L/opt/intel/compilers_and_libraries_2020.4.304/linux/mkl/lib/intel64_lin -L/opt/intel/compilers_and_libraries_2020.4.304/linux/tbb/lib/intel64/gcc4.8 -L/opt/intel/compilers_and_libraries_2020.4.304/linux/tbb/lib/intel64/gcc4.8 -L/opt/intel/compilers_and_libraries_2020.4.304/linux/daal/lib/intel64_lin -L/opt/intel/compilers_and_libraries_2020.4.304/linux/compiler/lib/intel64_lin -L/opt/intel/compilers_and_libraries_2020.4.304/linux/mkl/lib/intel64_lin -L/opt/intel/compilers_and_libraries_2020.4.304/linux/mpi/intel64/libfabric/lib -L/opt/intel/compilers_and_libraries_2020.4.304/linux/mpi/intel64/libfabric/lib -L/opt/intel/compilers_and_libraries_2020.4.304/linux/ipp/lib/intel64 -L/opt/intel/compilers_and_libraries_2020.4.304/linux/compiler/lib/intel64_lin -L/opt/intel/compilers_and_libraries_2020.4.304/linux/mkl/lib/intel64_lin -L/opt/intel/compilers_and_libraries_2020.4.304/linux/tbb/lib/intel64/gcc4.8 -L/opt/intel/compilers_and_libraries_2020.4.304/linux/tbb/lib/intel64/gcc4.8 -L/opt/intel/compilers_and_libraries_2020.4.304/linux/daal/lib/intel64_lin -L/opt/intel/compilers_and_libraries_2020.4.304/linux/daal/../tbb/lib/intel64_lin/gcc4.8 -L/usr/lib/gcc/x86_64-linux-gnu/9/../../.. /tmp/ccfkx873.o -lgfortran -lm -lgcc_s -lgcc -lquadmath -lm -lgcc_s -lgcc -lc -lgcc_s -lgcc /usr/lib/gcc/x86_64-linux-gnu/9/crtendS.o /usr/lib/gcc/x86_64-linux-gnu/9/../../../x86_64-linux-gnu/crtn.o
configure:5691: result:  -L/opt/intel/compilers_and_libraries_2020.4.304/linux/mpi/intel64/libfabric/lib/../lib -L/usr/lib/gcc/x86_64-linux-gnu/9 -L/usr/lib/gcc/x86_64-linux-gnu/9/../../../x86_64-linux-gnu -L/usr/lib/gcc/x86_64-linux-gnu/9/../../../../lib -L/lib/x86_64-linux-gnu -L/lib/../lib -L/usr/lib/x86_64-linux-gnu -L/usr/lib/../lib -L/opt/intel/compilers_and_libraries_2020.4.304/linux/compiler/lib/intel64_lin -L/opt/intel/compilers_and_libraries_2020.4.304/linux/mkl/lib/intel64_lin -L/opt/intel/compilers_and_libraries_2020.4.304/linux/mpi/intel64/libfabric/lib -L/opt/intel/compilers_and_libraries_2020.4.304/linux/ipp/lib/intel64 -L/opt/intel/compilers_and_libraries_2020.4.304/linux/tbb/lib/intel64/gcc4.8 -L/opt/intel/compilers_and_libraries_2020.4.304/linux/daal/lib/intel64_lin -L/opt/intel/compilers_and_libraries_2020.4.304/linux/daal/../tbb/lib/intel64_lin/gcc4.8 -L/usr/lib/gcc/x86_64-linux-gnu/9/../../.. -lgfortran -lm -lquadmath
configure:5707: checking for dummy main to link with Fortran 77 libraries
configure:5742: icc -o conftest -g -O2   conftest.c   -L/opt/intel/compilers_and_libraries_2020.4.304/linux/mpi/intel64/libfabric/lib/../lib -L/usr/lib/gcc/x86_64-linux-gnu/9 -L/usr/lib/gcc/x86_64-linux-gnu/9/../../../x86_64-linux-gnu -L/usr/lib/gcc/x86_64-linux-gnu/9/../../../../lib -L/lib/x86_64-linux-gnu -L/lib/../lib -L/usr/lib/x86_64-linux-gnu -L/usr/lib/../lib -L/opt/intel/compilers_and_libraries_2020.4.304/linux/compiler/lib/intel64_lin -L/opt/intel/compilers_and_libraries_2020.4.304/linux/mkl/lib/intel64_lin -L/opt/intel/compilers_and_libraries_2020.4.304/linux/mpi/intel64/libfabric/lib -L/opt/intel/compilers_and_libraries_2020.4.304/linux/ipp/lib/intel64 -L/opt/intel/compilers_and_libraries_2020.4.304/linux/tbb/lib/intel64/gcc4.8 -L/opt/intel/compilers_and_libraries_2020.4.304/linux/daal/lib/intel64_lin -L/opt/intel/compilers_and_libraries_2020.4.304/linux/daal/../tbb/lib/intel64_lin/gcc4.8 -L/usr/lib/gcc/x86_64-linux-gnu/9/../../.. -lgfortran -lm -lquadmath >&5
configure:5742: $? = 0
configure:5789: result: none
configure:5821: checking for Fortran 77 name-mangling scheme
configure:5835: f77 -c -g -O2 conftest.f >&5
configure:5835: $? = 0
configure:5874: icc -o conftest -g -O2   conftest.c cfortran_test.o   -L/opt/intel/compilers_and_libraries_2020.4.304/linux/mpi/intel64/libfabric/lib/../lib -L/usr/lib/gcc/x86_64-linux-gnu/9 -L/usr/lib/gcc/x86_64-linux-gnu/9/../../../x86_64-linux-gnu -L/usr/lib/gcc/x86_64-linux-gnu/9/../../../../lib -L/lib/x86_64-linux-gnu -L/lib/../lib -L/usr/lib/x86_64-linux-gnu -L/usr/lib/../lib -L/opt/intel/compilers_and_libraries_2020.4.304/linux/compiler/lib/intel64_lin -L/opt/intel/compilers_and_libraries_2020.4.304/linux/mkl/lib/intel64_lin -L/opt/intel/compilers_and_libraries_2020.4.304/linux/mpi/intel64/libfabric/lib -L/opt/intel/compilers_and_libraries_2020.4.304/linux/ipp/lib/intel64 -L/opt/intel/compilers_and_libraries_2020.4.304/linux/tbb/lib/intel64/gcc4.8 -L/opt/intel/compilers_and_libraries_2020.4.304/linux/daal/lib/intel64_lin -L/opt/intel/compilers_and_libraries_2020.4.304/linux/daal/../tbb/lib/intel64_lin/gcc4.8 -L/usr/lib/gcc/x86_64-linux-gnu/9/../../.. -lgfortran -lm -lquadmath >&5
ld: /tmp/iccAxLbmM.o: in function `main':
/home/yshubert/code/koopmans/quantum_espresso/cp_koopmans/conftest.c:36: undefined reference to `foobar'
configure:5874: $? = 1
configure: failed program was:
| /* confdefs.h */
| #define PACKAGE_NAME "ESPRESSO"
| #define PACKAGE_TARNAME "espresso"
| #define PACKAGE_VERSION "6.6"
| #define PACKAGE_STRING "ESPRESSO 6.6"
| #define PACKAGE_BUGREPORT ""
| #define PACKAGE_URL ""
| #define HAVE_STDIO_H 1
| #define HAVE_STDLIB_H 1
| #define HAVE_STRING_H 1
| #define HAVE_INTTYPES_H 1
| #define HAVE_STDINT_H 1
| #define HAVE_STRINGS_H 1
| #define HAVE_SYS_STAT_H 1
| #define HAVE_SYS_TYPES_H 1
| #define HAVE_UNISTD_H 1
| #define STDC_HEADERS 1
| #define SIZEOF_INT_P 8
| /* end confdefs.h.  */
| 
| /* Override any GCC internal prototype to avoid an error.
|    Use char because int might match the return type of a GCC
|    builtin and then its argument prototype would still apply.  */
| char foobar ();
| #ifdef F77_DUMMY_MAIN
| 
| #  ifdef __cplusplus
|      extern "C"
| #  endif
|    int F77_DUMMY_MAIN() { return 1; }
| 
| #endif
| int
| main (void)
| {
| return foobar ();
|   ;
|   return 0;
| }
configure:5874: icc -o conftest -g -O2   conftest.c cfortran_test.o   -L/opt/intel/compilers_and_libraries_2020.4.304/linux/mpi/intel64/libfabric/lib/../lib -L/usr/lib/gcc/x86_64-linux-gnu/9 -L/usr/lib/gcc/x86_64-linux-gnu/9/../../../x86_64-linux-gnu -L/usr/lib/gcc/x86_64-linux-gnu/9/../../../../lib -L/lib/x86_64-linux-gnu -L/lib/../lib -L/usr/lib/x86_64-linux-gnu -L/usr/lib/../lib -L/opt/intel/compilers_and_libraries_2020.4.304/linux/compiler/lib/intel64_lin -L/opt/intel/compilers_and_libraries_2020.4.304/linux/mkl/lib/intel64_lin -L/opt/intel/compilers_and_libraries_2020.4.304/linux/mpi/intel64/libfabric/lib -L/opt/intel/compilers_and_libraries_2020.4.304/linux/ipp/lib/intel64 -L/opt/intel/compilers_and_libraries_2020.4.304/linux/tbb/lib/intel64/gcc4.8 -L/opt/intel/compilers_and_libraries_2020.4.304/linux/daal/lib/intel64_lin -L/opt/intel/compilers_and_libraries_2020.4.304/linux/daal/../tbb/lib/intel64_lin/gcc4.8 -L/usr/lib/gcc/x86_64-linux-gnu/9/../../.. -lgfortran -lm -lquadmath >&5
configure:5874: $? = 0
configure:5930: icc -o conftest -g -O2   conftest.c cfortran_test.o   -L/opt/intel/compilers_and_libraries_2020.4.304/linux/mpi/intel64/libfabric/lib/../lib -L/usr/lib/gcc/x86_64-linux-gnu/9 -L/usr/lib/gcc/x86_64-linux-gnu/9/../../../x86_64-linux-gnu -L/usr/lib/gcc/x86_64-linux-gnu/9/../../../../lib -L/lib/x86_64-linux-gnu -L/lib/../lib -L/usr/lib/x86_64-linux-gnu -L/usr/lib/../lib -L/opt/intel/compilers_and_libraries_2020.4.304/linux/compiler/lib/intel64_lin -L/opt/intel/compilers_and_libraries_2020.4.304/linux/mkl/lib/intel64_lin -L/opt/intel/compilers_and_libraries_2020.4.304/linux/mpi/intel64/libfabric/lib -L/opt/intel/compilers_and_libraries_2020.4.304/linux/ipp/lib/intel64 -L/opt/intel/compilers_and_libraries_2020.4.304/linux/tbb/lib/intel64/gcc4.8 -L/opt/intel/compilers_and_libraries_2020.4.304/linux/daal/lib/intel64_lin -L/opt/intel/compilers_and_libraries_2020.4.304/linux/daal/../tbb/lib/intel64_lin/gcc4.8 -L/usr/lib/gcc/x86_64-linux-gnu/9/../../.. -lgfortran -lm -lquadmath >&5
configure:5930: $? = 0
configure:5973: result: lower case, underscore, no extra underscore
configure:6145: checking for library containing dgemm
configure:6165: ifort -o conftest -O2 -assume byterecl -g -traceback  -nomodule     conftest.f  >&5
ld: /tmp/ifortWEn8MB.o: in function `MAIN__':
/home/yshubert/code/koopmans/quantum_espresso/cp_koopmans/conftest.f:2: undefined reference to `dgemm_'
configure:6165: $? = 1
configure: failed program was:
|       program main
|       call dgemm
|       end
configure:6165: ifort -o conftest -O2 -assume byterecl -g -traceback  -nomodule     conftest.f -lmkl_intel_lp64 -lmkl_sequential -lmkl_core   >&5
configure:6165: $? = 0
configure:6185: result: -lmkl_intel_lp64
configure:7196: checking FFT
configure:7628: result: 
configure:7795: checking MASS
configure:8050: result: 
configure:8081: checking for library containing mpi_init
configure:8101: mpiifort -o conftest -O2 -assume byterecl -g -traceback  -nomodule  conftest.f  >&5
configure:8101: $? = 0
configure:8121: result: none required
configure:8204: checking for library containing pdgemr2d
configure:8224: mpiifort -o conftest -O2 -assume byterecl -g -traceback  -nomodule  conftest.f  >&5
ld: /tmp/ifortCjyxNJ.o: in function `MAIN__':
/home/yshubert/code/koopmans/quantum_espresso/cp_koopmans/conftest.f:2: undefined reference to `pdgemr2d_'
configure:8224: $? = 1
configure: failed program was:
|       program main
|       call pdgemr2d
|       end
configure:8224: mpiifort -o conftest -O2 -assume byterecl -g -traceback  -nomodule  conftest.f  >&5
ld: /tmp/ifortcUtufW.o: in function `MAIN__':
/home/yshubert/code/koopmans/quantum_espresso/cp_koopmans/conftest.f:2: undefined reference to `pdgemr2d_'
configure:8224: $? = 1
configure: failed program was:
|       program main
|       call pdgemr2d
|       end
configure:8244: result: no
configure:8265: checking for library containing pdgemr2d
configure:8285: mpiifort -o conftest -O2 -assume byterecl -g -traceback  -nomodule  conftest.f    -lmkl_intel_lp64  -lmkl_sequential -lmkl_core >&5
ld: /tmp/iforth8Cjar.o: in function `MAIN__':
/home/yshubert/code/koopmans/quantum_espresso/cp_koopmans/conftest.f:2: undefined reference to `pdgemr2d_'
configure:8285: $? = 1
configure: failed program was:
|       program main
|       call pdgemr2d
|       end
configure:8285: mpiifort -o conftest -O2 -assume byterecl -g -traceback  -nomodule  conftest.f -lmkl_scalapack_lp64 -lmkl_blacs_openmpi_lp64     -lmkl_intel_lp64  -lmkl_sequential -lmkl_core >&5
ld: /opt/intel/compilers_and_libraries_2020.4.304/linux/mkl/lib/intel64_lin/libmkl_blacs_openmpi_lp64.so: undefined reference to `ompi_mpi_comm_null'
ld: /opt/intel/compilers_and_libraries_2020.4.304/linux/mkl/lib/intel64_lin/libmkl_blacs_openmpi_lp64.so: undefined reference to `MPI_Comm_f2c'
ld: /opt/intel/compilers_and_libraries_2020.4.304/linux/mkl/lib/intel64_lin/libmkl_blacs_openmpi_lp64.so: undefined reference to `ompi_mpi_double'
ld: /opt/intel/compilers_and_libraries_2020.4.304/linux/mkl/lib/intel64_lin/libmkl_blacs_openmpi_lp64.so: undefined reference to `ompi_mpi_dblcplex'
ld: /opt/intel/compilers_and_libraries_2020.4.304/linux/mkl/lib/intel64_lin/libmkl_blacs_openmpi_lp64.so: undefined reference to `ompi_mpi_packed'
ld: /opt/intel/compilers_and_libraries_2020.4.304/linux/mkl/lib/intel64_lin/libmkl_blacs_openmpi_lp64.so: undefined reference to `ompi_mpi_op_max'
ld: /opt/intel/compilers_and_libraries_2020.4.304/linux/mkl/lib/intel64_lin/libmkl_blacs_openmpi_lp64.so: undefined reference to `ompi_mpi_op_maxloc'
ld: /opt/intel/compilers_and_libraries_2020.4.304/linux/mkl/lib/intel64_lin/libmkl_blacs_openmpi_lp64.so: undefined reference to `ompi_mpi_op_min'
ld: /opt/intel/compilers_and_libraries_2020.4.304/linux/mkl/lib/intel64_lin/libmkl_blacs_openmpi_lp64.so: undefined reference to `ompi_mpi_byte'
ld: /opt/intel/compilers_and_libraries_2020.4.304/linux/mkl/lib/intel64_lin/libmkl_blacs_openmpi_lp64.so: undefined reference to `ompi_mpi_comm_world'
ld: /opt/intel/compilers_and_libraries_2020.4.304/linux/mkl/lib/intel64_lin/libmkl_blacs_openmpi_lp64.so: undefined reference to `ompi_mpi_float'
ld: /opt/intel/compilers_and_libraries_2020.4.304/linux/mkl/lib/intel64_lin/libmkl_blacs_openmpi_lp64.so: undefined reference to `ompi_request_null'
ld: /opt/intel/compilers_and_libraries_2020.4.304/linux/mkl/lib/intel64_lin/libmkl_blacs_openmpi_lp64.so: undefined reference to `ompi_mpi_cplex'
ld: /opt/intel/compilers_and_libraries_2020.4.304/linux/mkl/lib/intel64_lin/libmkl_blacs_openmpi_lp64.so: undefined reference to `ompi_mpi_unsigned_short'
ld: /opt/intel/compilers_and_libraries_2020.4.304/linux/mkl/lib/intel64_lin/libmkl_blacs_openmpi_lp64.so: undefined reference to `MPI_Comm_c2f'
ld: /opt/intel/compilers_and_libraries_2020.4.304/linux/mkl/lib/intel64_lin/libmkl_blacs_openmpi_lp64.so: undefined reference to `ompi_mpi_double_int'
ld: /opt/intel/compilers_and_libraries_2020.4.304/linux/mkl/lib/intel64_lin/libmkl_blacs_openmpi_lp64.so: undefined reference to `ompi_mpi_int'
ld: /opt/intel/compilers_and_libraries_2020.4.304/linux/mkl/lib/intel64_lin/libmkl_blacs_openmpi_lp64.so: undefined reference to `ompi_mpi_long_long_int'
ld: /opt/intel/compilers_and_libraries_2020.4.304/linux/mkl/lib/intel64_lin/libmkl_blacs_openmpi_lp64.so: undefined reference to `ompi_mpi_integer'
ld: /opt/intel/compilers_and_libraries_2020.4.304/linux/mkl/lib/intel64_lin/libmkl_blacs_openmpi_lp64.so: undefined reference to `ompi_mpi_dblprec'
ld: /opt/intel/compilers_and_libraries_2020.4.304/linux/mkl/lib/intel64_lin/libmkl_blacs_openmpi_lp64.so: undefined reference to `MPI_Type_f2c'
ld: /opt/intel/compilers_and_libraries_2020.4.304/linux/mkl/lib/intel64_lin/libmkl_blacs_openmpi_lp64.so: undefined reference to `MPI_Op_f2c'
ld: /opt/intel/compilers_and_libraries_2020.4.304/linux/mkl/lib/intel64_lin/libmkl_blacs_openmpi_lp64.so: undefined reference to `ompi_mpi_op_sum'
ld: /opt/intel/compilers_and_libraries_2020.4.304/linux/mkl/lib/intel64_lin/libmkl_blacs_openmpi_lp64.so: undefined reference to `MPI_Op_c2f'
ld: /opt/intel/compilers_and_libraries_2020.4.304/linux/mkl/lib/intel64_lin/libmkl_blacs_openmpi_lp64.so: undefined reference to `ompi_mpi_real'
ld: /opt/intel/compilers_and_libraries_2020.4.304/linux/mkl/lib/intel64_lin/libmkl_blacs_openmpi_lp64.so: undefined reference to `MPI_Type_c2f'
configure:8285: $? = 1
configure: failed program was:
|       program main
|       call pdgemr2d
|       end
configure:8305: result: no
configure:8323: checking for library containing pdgemr2d
configure:8343: mpiifort -o conftest -O2 -assume byterecl -g -traceback  -nomodule  conftest.f  -lsci >&5
ld: cannot find -lsci
configure:8343: $? = 1
configure: failed program was:
|       program main
|       call pdgemr2d
|       end
configure:8343: mpiifort -o conftest -O2 -assume byterecl -g -traceback  -nomodule  conftest.f  -lsci >&5
ld: cannot find -lsci
configure:8343: $? = 1
configure: failed program was:
|       program main
|       call pdgemr2d
|       end
configure:8363: result: no
configure:8379: checking for library containing pdgemr2d
configure:8399: mpiifort -o conftest -O2 -assume byterecl -g -traceback  -nomodule  conftest.f  -lscalapack >&5
ld: cannot find -lscalapack
configure:8399: $? = 1
configure: failed program was:
|       program main
|       call pdgemr2d
|       end
configure:8399: mpiifort -o conftest -O2 -assume byterecl -g -traceback  -nomodule  conftest.f  -lscalapack >&5
ld: cannot find -lscalapack
configure:8399: $? = 1
configure: failed program was:
|       program main
|       call pdgemr2d
|       end
configure:8419: result: no
configure:8436: checking for library containing pdgemr2d
configure:8456: mpiifort -o conftest -O2 -assume byterecl -g -traceback  -nomodule  conftest.f  -lscalapack -lblacs -lblacsF77init -lblacs >&5
ld: cannot find -lscalapack
ld: cannot find -lblacs
ld: cannot find -lblacsF77init
ld: cannot find -lblacs
configure:8456: $? = 1
configure: failed program was:
|       program main
|       call pdgemr2d
|       end
configure:8456: mpiifort -o conftest -O2 -assume byterecl -g -traceback  -nomodule  conftest.f  -lscalapack -lblacs -lblacsF77init -lblacs >&5
ld: cannot find -lscalapack
ld: cannot find -lblacs
ld: cannot find -lblacsF77init
ld: cannot find -lblacs
configure:8456: $? = 1
configure: failed program was:
|       program main
|       call pdgemr2d
|       end
configure:8476: result: no
configure:8495: checking for library containing pdgemr2d
configure:8515: mpiifort -o conftest -O2 -assume byterecl -g -traceback  -nomodule  conftest.f  -L/bgsys/local/scalapack/lib -lscalapack -L/bgsys/local/blacs/lib -lblacs -lblacsF77init -lblacs >&5
ld: cannot find -lscalapack
ld: cannot find -lblacs
ld: cannot find -lblacsF77init
ld: cannot find -lblacs
configure:8515: $? = 1
configure: failed program was:
|       program main
|       call pdgemr2d
|       end
configure:8515: mpiifort -o conftest -O2 -assume byterecl -g -traceback  -nomodule  conftest.f  -L/bgsys/local/scalapack/lib -lscalapack -L/bgsys/local/blacs/lib -lblacs -lblacsF77init -lblacs >&5
ld: cannot find -lscalapack
ld: cannot find -lblacs
ld: cannot find -lblacsF77init
ld: cannot find -lblacs
configure:8515: $? = 1
configure: failed program was:
|       program main
|       call pdgemr2d
|       end
configure:8535: result: no
configure:8569: checking ELPA
configure:8650: result: 
configure:9214: checking for ranlib
configure:9235: found /usr/bin/ranlib
configure:9247: result: ranlib
configure:9273: checking for wget
configure:9294: found /usr/bin/wget
configure:9305: result: wget -O
configure:9511: creating ./config.status

## ---------------------- ##
## Running config.status. ##
## ---------------------- ##

This file was extended by ESPRESSO config.status 6.6, which was
generated by GNU Autoconf 2.71.  Invocation command line was

  CONFIG_FILES    = 
  CONFIG_HEADERS  = 
  CONFIG_LINKS    = 
  CONFIG_COMMANDS = 
  $ ./config.status 

on theospc17

config.status:867: creating include/fft_defs.h
config.status:867: creating install/make_lapack.inc
config.status:867: creating include/configure.h
config.status:867: creating make.inc
config.status:867: creating configure.msg
config.status:867: creating install/make_wannier90.inc
config.status:867: creating include/c_defs.h
config.status:1022: include/c_defs.h is unchanged

## ---------------- ##
## Cache variables. ##
## ---------------- ##

ac_cv_build=x86_64-pc-linux-gnu
ac_cv_c_compiler_gnu=yes
ac_cv_env_CC_set=
ac_cv_env_CC_value=
ac_cv_env_CFLAGS_set=
ac_cv_env_CFLAGS_value=
ac_cv_env_CPPFLAGS_set=
ac_cv_env_CPPFLAGS_value=
ac_cv_env_EXTLIB_FLAGS_set=
ac_cv_env_EXTLIB_FLAGS_value=
ac_cv_env_F77_set=
ac_cv_env_F77_value=
ac_cv_env_FCFLAGS_set=
ac_cv_env_FCFLAGS_value=
ac_cv_env_FC_set=
ac_cv_env_FC_value=
ac_cv_env_FFLAGS_set=
ac_cv_env_FFLAGS_value=
ac_cv_env_LDFLAGS_set=
ac_cv_env_LDFLAGS_value=
ac_cv_env_LIBS_set=
ac_cv_env_LIBS_value=
ac_cv_env_build_alias_set=
ac_cv_env_build_alias_value=
ac_cv_env_host_alias_set=
ac_cv_env_host_alias_value=
ac_cv_env_target_alias_set=
ac_cv_env_target_alias_value=
ac_cv_f77_compiler_gnu=yes
ac_cv_f77_dummy_main=none
ac_cv_f77_libs=' -L/opt/intel/compilers_and_libraries_2020.4.304/linux/mpi/intel64/libfabric/lib/../lib -L/usr/lib/gcc/x86_64-linux-gnu/9 -L/usr/lib/gcc/x86_64-linux-gnu/9/../../../x86_64-linux-gnu -L/usr/lib/gcc/x86_64-linux-gnu/9/../../../../lib -L/lib/x86_64-linux-gnu -L/lib/../lib -L/usr/lib/x86_64-linux-gnu -L/usr/lib/../lib -L/opt/intel/compilers_and_libraries_2020.4.304/linux/compiler/lib/intel64_lin -L/opt/intel/compilers_and_libraries_2020.4.304/linux/mkl/lib/intel64_lin -L/opt/intel/compilers_and_libraries_2020.4.304/linux/mpi/intel64/libfabric/lib -L/opt/intel/compilers_and_libraries_2020.4.304/linux/ipp/lib/intel64 -L/opt/intel/compilers_and_libraries_2020.4.304/linux/tbb/lib/intel64/gcc4.8 -L/opt/intel/compilers_and_libraries_2020.4.304/linux/daal/lib/intel64_lin -L/opt/intel/compilers_and_libraries_2020.4.304/linux/daal/../tbb/lib/intel64_lin/gcc4.8 -L/usr/lib/gcc/x86_64-linux-gnu/9/../../.. -lgfortran -lm -lquadmath'
ac_cv_f77_mangling='lower case, underscore, no extra underscore'
ac_cv_fc_compiler_gnu=no
ac_cv_fc_srcext_f90=none
ac_cv_fortran_dummy_main=none
ac_cv_header_inttypes_h=yes
ac_cv_header_stdint_h=yes
ac_cv_header_stdio_h=yes
ac_cv_header_stdlib_h=yes
ac_cv_header_string_h=yes
ac_cv_header_strings_h=yes
ac_cv_header_sys_stat_h=yes
ac_cv_header_sys_types_h=yes
ac_cv_header_unistd_h=yes
ac_cv_host=x86_64-pc-linux-gnu
ac_cv_objext=o
ac_cv_prog_ac_ct_CC=icc
ac_cv_prog_ac_ct_F77=f77
ac_cv_prog_ac_ct_FC=mpiifort
ac_cv_prog_cc_c11=
ac_cv_prog_cc_g=yes
ac_cv_prog_cc_stdc=
ac_cv_prog_f77_g=yes
ac_cv_prog_f77_v=-v
ac_cv_prog_fc_g=yes
ac_cv_prog_make_make_set=yes
ac_cv_prog_ranlib=ranlib
ac_cv_prog_wget='wget -O'
ac_cv_search_dgemm=-lmkl_intel_lp64
ac_cv_search_mpi_init='none required'
ac_cv_search_pdgemr2d=no
ac_cv_sizeof_int_p=8

## ----------------- ##
## Output variables. ##
## ----------------- ##

CC='icc'
CFLAGS='-g -O2'
CPPFLAGS=''
Configured for compilation of parallel executables.'
DEFS='-DHAVE_CONFIG_H'
ECHO_C=''
ECHO_N='-n'
ECHO_T=''
EXEEXT=''
EXTLIB_FLAGS=''
F77='mpiifort'
FC='mpiifort'
FCFLAGS='-g -O2'
FCFLAGS_f90=''
FFLAGS='-O2 -assume byterecl -g -traceback  -nomodule'
FLIBS=' -L/opt/intel/compilers_and_libraries_2020.4.304/linux/mpi/intel64/libfabric/lib/../lib -L/usr/lib/gcc/x86_64-linux-gnu/9 -L/usr/lib/gcc/x86_64-linux-gnu/9/../../../x86_64-linux-gnu -L/usr/lib/gcc/x86_64-linux-gnu/9/../../../../lib -L/lib/x86_64-linux-gnu -L/lib/../lib -L/usr/lib/x86_64-linux-gnu -L/usr/lib/../lib -L/opt/intel/compilers_and_libraries_2020.4.304/linux/compiler/lib/intel64_lin -L/opt/intel/compilers_and_libraries_2020.4.304/linux/mkl/lib/intel64_lin -L/opt/intel/compilers_and_libraries_2020.4.304/linux/mpi/intel64/libfabric/lib -L/opt/intel/compilers_and_libraries_2020.4.304/linux/ipp/lib/intel64 -L/opt/intel/compilers_and_libraries_2020.4.304/linux/tbb/lib/intel64/gcc4.8 -L/opt/intel/compilers_and_libraries_2020.4.304/linux/daal/lib/intel64_lin -L/opt/intel/compilers_and_libraries_2020.4.304/linux/daal/../tbb/lib/intel64_lin/gcc4.8 -L/usr/lib/gcc/x86_64-linux-gnu/9/../../.. -lgfortran -lm -lquadmath'
LDFLAGS=''
LIBOBJS=''
LIBS=' -L/bgsys/local/scalapack/lib -lscalapack -L/bgsys/local/blacs/lib -lblacs -lblacsF77init -lblacs'
LIBS_LIBXC=''
LTLIBOBJS=''
OBJEXT='o'
PACKAGE_BUGREPORT=''
PACKAGE_NAME='ESPRESSO'
PACKAGE_STRING='ESPRESSO 6.6'
PACKAGE_TARNAME='espresso'
PACKAGE_URL=''
PACKAGE_VERSION='6.6'
PATH_SEPARATOR=':'
SET_MAKE=''
SHELL='/bin/bash'
SIZEOF_INT_P='8'
ac_ct_CC='icc'
ac_ct_F77='f77'
ac_ct_FC='mpiifort'
ar='ar'
arch='x86_64'
arflags='ruv'
bindir='${exec_prefix}/bin'
blas_libs='  -lmkl_intel_lp64  -lmkl_sequential -lmkl_core'
blas_line='BLAS_LIBS=  -lmkl_intel_lp64  -lmkl_sequential -lmkl_core'
build='x86_64-pc-linux-gnu'
build_alias=''
build_cpu='x86_64'
build_os='linux-gnu'
build_vendor='pc'
cc='icc'
cflags='-O3'
cpp='cpp'
cppflags='-P -traditional -Uvector'
datadir='${datarootdir}'
datarootdir='${prefix}/share'
dflags=' -D__INTEL -D__FFTW3 -D__MPI -D__PARA'
docdir='${datarootdir}/doc/${PACKAGE_TARNAME}'
dvidir='${docdir}'
elpa_libs=''
elpa_line='@delete@'
exec_prefix='${prefix}'
extlib_flags=''
f90='ifort'
f90flags='$(FFLAGS) -nomodule'
f90rule='$(MPIF90) $(F90FLAGS) -c $<'
fdflags='$(DFLAGS)'
fflags='-O2 -assume byterecl -g -traceback'
fflags_nomain='-nofor_main'
fflags_noopt='-O0 -assume byterecl -g -traceback'
fft_libs=''
fft_line='FFT_LIBS='
foxflags=''
hdf5_libs=''
hdf5_line=''
host='x86_64-pc-linux-gnu'
host_alias=''
host_cpu='x86_64'
host_os='linux-gnu'
host_vendor='pc'
htmldir='${docdir}'
iflags='-I../include  -I/opt/intel/compilers_and_libraries_2020.4.304/linux/mkl/include'
imod='-I'
includedir='${prefix}/include'
infodir='${datarootdir}/info'
lapack_libs=''
lapack_libs_switch='external'
lapack_line='LAPACK_LIBS='
ld='mpiifort'
ld_libs=''
ldflags=' '
libdir='${exec_prefix}/lib'
libexecdir='${exec_prefix}/libexec'
libxc_line=''
localedir='${datarootdir}/locale'
localstatedir='${prefix}/var'
mandir='${datarootdir}/man'
mass_libs=''
mass_line='@delete@'
mpi_libs=''
mpi_line='@delete@'
mpif90='mpiifort'
oldincludedir='/usr/include'
parallel_report='Parallel environment detected successfully.\
pdfdir='${docdir}'
pre_fdflags='-fpp '
prefix='/usr/local'
program_transform_name='s,x,x,'
psdir='${docdir}'
ranlib='ranlib'
runstatedir='${localstatedir}/run'
sbindir='${exec_prefix}/sbin'
scalapack_libs=''
scalapack_line='@delete@'
sharedstatedir='${prefix}/com'
sysconfdir='${prefix}/etc'
target_alias=''
topdir='/home/yshubert/code/koopmans/quantum_espresso/cp_koopmans'
wget='wget -O'

## ----------- ##
## confdefs.h. ##
## ----------- ##

/* confdefs.h */
#define PACKAGE_NAME "ESPRESSO"
#define PACKAGE_TARNAME "espresso"
#define PACKAGE_VERSION "6.6"
#define PACKAGE_STRING "ESPRESSO 6.6"
#define PACKAGE_BUGREPORT ""
#define PACKAGE_URL ""
#define HAVE_STDIO_H 1
#define HAVE_STDLIB_H 1
#define HAVE_STRING_H 1
#define HAVE_INTTYPES_H 1
#define HAVE_STDINT_H 1
#define HAVE_STRINGS_H 1
#define HAVE_SYS_STAT_H 1
#define HAVE_SYS_TYPES_H 1
#define HAVE_UNISTD_H 1
#define STDC_HEADERS 1
#define SIZEOF_INT_P 8
#define F77_FUNC(name,NAME) name ## _
#define F77_FUNC_(name,NAME) name ## _

configure: exit 0
