  _
 | | _____   ___  _ __  _ __ ___   __ _ _ __  ___
 | |/ / _ \ / _ \| '_ \| '_ ` _ \ / _` | '_ \/ __|
 |   < (_) | (_) | |_) | | | | | | (_| | | | \__ \ 
 |_|\_\___/ \___/| .__/|_| |_| |_|\__,_|_| |_|___/
                 |_|

 Koopmans spectral functional calculations with Quantum ESPRESSO

 version 1.0.1

 Written by Edward Linscott, Riccardo De Gennaro, and Nicola Colonna

 Please cite the papers listed in cri3.bib in work involving this calculation

  Initialization of density and variational orbitals
  ==================================================

   Wannierization
   ==============
    Running wannier/scf... done
    Running wannier/nscf... done
    Running wannier/spin_up_block_1/wann_preproc... done
    Running wannier/spin_up_block_1/pw2wan... done
    Running wannier/spin_up_block_1/wann... done
    Running wannier/spin_up_block_2/wann_preproc... done
    Running wannier/spin_up_block_2/pw2wan... done
    Running wannier/spin_up_block_2/wann... done
    Running wannier/spin_up_block_3/wann_preproc... done
    Running wannier/spin_up_block_3/pw2wan... done
    Running wannier/spin_up_block_3/wann... done
    Running wannier/spin_up_block_4/wann_preproc... done
    Running wannier/spin_up_block_4/pw2wan... done
    Running wannier/spin_up_block_4/wann... done
    Running wannier/spin_up_block_5/wann_preproc... done
    Running wannier/spin_up_block_5/pw2wan... done
    Running wannier/spin_up_block_5/wann... done
    Running wannier/spin_down_block_1/wann_preproc... done
    Running wannier/spin_down_block_1/pw2wan... done
    Running wannier/spin_down_block_1/wann... done
    Running wannier/spin_down_block_2/wann_preproc... done
    Running wannier/spin_down_block_2/pw2wan... done
    Running wannier/spin_down_block_2/wann... done
    Running wannier/spin_down_block_3/wann_preproc... done
    Running wannier/spin_down_block_3/pw2wan... done
    Running wannier/spin_down_block_3/wann... done
    Running wannier/spin_down_block_4/wann_preproc... done
    Running wannier/spin_down_block_4/pw2wan... done
    Running wannier/spin_down_block_4/wann... done
    Running wannier/spin_down_block_5/wann_preproc... done
    Running wannier/spin_down_block_5/pw2wan... done
    Running wannier/spin_down_block_5/wann... done
    Running wannier/spin_down_block_6/wann_preproc... done
    Running wannier/spin_down_block_6/pw2wan... done
    Running wannier/spin_down_block_6/wann... done
    Running wannier/bands... done
    Running pdos/projwfc... done

   Folding to supercell
   --------------------
    Running spin_up_block_1/w2kcp... done
    Running spin_up_block_2/w2kcp... done
    Running spin_up_block_3/w2kcp... done
    Running spin_up_block_4/w2kcp... done
    Running spin_up_block_5/w2kcp... done
    Running spin_down_block_1/w2kcp... done
    Running spin_down_block_2/w2kcp... done
    Running spin_down_block_3/w2kcp... done
    Running spin_down_block_4/w2kcp... done
    Running spin_down_block_5/w2kcp... done
    Running spin_down_block_6/w2kcp... done
    Merging the occupied spin up band blocks... done
    Merging the occupied spin down band blocks... done
    Merging the empty spin down band blocks... done
   Running init/dft_dummy...UserWarning: Small box parameters "nrb" not provided in input: these will be automatically set to safe default values. These values can probably be decreased, but this would require convergence tests.
   Estimated real mesh dimension (nr1, nr2, nr3) = 108 108 108 
   Small box mesh dimension (nr1b, nr2b, nr3b) = 24 24 24

 done
   Running init/dft_init... done

  Calculating screening parameters
  ================================
   Skipping calculation of screening parameters
   
   alpha
     spin 0                                                                                                           ... spin 1                                                                                                         
        1      2      3      4      5      6      7      8      9      10     11     12     13     14     15     16   ...    321    322    323    324    325    326    327    328    329    330    331    332    333    334    335    336
   0  0.122  0.122  0.122  0.122  0.122  0.122  0.122  0.122  0.122  0.122  0.122  0.122  0.122  0.122  0.122  0.122  ...  0.122  0.122  0.122  0.122  0.122  0.122  0.122  0.122  0.122  0.122  0.122  0.122  0.122  0.122  0.122  0.122
   
   [1 rows x 672 columns]


  Final KI calculation
  ====================
   Running final/ki_final...UserWarning: Small box parameters "nrb" not provided in input: these will be automatically set to safe default values. These values can probably be decreased, but this would require convergence tests.
   Estimated real mesh dimension (nr1, nr2, nr3) = 108 108 108 
   Small box mesh dimension (nr1b, nr2b, nr3b) = 24 24 24

 done

  
  Postprocessing
  ===============
    Running occ_up/ki... done
    Running emp_up/ki... done
    Running occ_down/ki... done
    Running emp_down/ki... done

 Workflow complete

