\BOOKMARK [1][-]{section.1}{Introduction}{}
\BOOKMARK [2][-]{subsection.1.1}{Who should read \(and who should ''write''\) this guide}{section.1}
\BOOKMARK [2][-]{subsection.1.2}{Who may read this guide but will not necessarily profit from it}{section.1}
\BOOKMARK [2][-]{subsection.1.3}{How to Contribute to Quantum-ESPRESSO}{section.1}
\BOOKMARK [1][-]{section.2}{ Structure of the distribution}{}
\BOOKMARK [2][-]{subsection.2.1}{Contents of the various directories}{section.2}
\BOOKMARK [3][-]{subsubsection.2.1.1}{ Modules}{subsection.2.1}
\BOOKMARK [3][-]{subsubsection.2.1.2}{ Sources}{subsection.2.1}
\BOOKMARK [3][-]{subsubsection.2.1.3}{ Utilities}{subsection.2.1}
\BOOKMARK [3][-]{subsubsection.2.1.4}{ Libraries}{subsection.2.1}
\BOOKMARK [2][-]{subsection.2.2}{Installation mechanism}{section.2}
\BOOKMARK [3][-]{subsubsection.2.2.1}{ How to edit the configure script}{subsection.2.2}
\BOOKMARK [3][-]{subsubsection.2.2.2}{How to add support for a new architecture}{subsection.2.2}
\BOOKMARK [2][-]{subsection.2.3}{Adding new directories or routines}{section.2}
\BOOKMARK [1][-]{section.3}{ Algorithms}{}
\BOOKMARK [2][-]{subsection.3.1}{Diagonalization}{section.3}
\BOOKMARK [2][-]{subsection.3.2}{Self-consistency}{section.3}
\BOOKMARK [2][-]{subsection.3.3}{Structural optimization}{section.3}
\BOOKMARK [2][-]{subsection.3.4}{Symmetrization}{section.3}
\BOOKMARK [2][-]{subsection.3.5}{Gamma tricks}{section.3}
\BOOKMARK [1][-]{section.4}{ Structure of the code}{}
\BOOKMARK [2][-]{subsection.4.1}{Modules and global variables}{section.4}
\BOOKMARK [2][-]{subsection.4.2}{Meaning of the most important variables}{section.4}
\BOOKMARK [2][-]{subsection.4.3}{Conventions for indices}{section.4}
\BOOKMARK [2][-]{subsection.4.4}{Preprocessing}{section.4}
\BOOKMARK [2][-]{subsection.4.5}{Performance issues}{section.4}
\BOOKMARK [2][-]{subsection.4.6}{Portability issues}{section.4}
\BOOKMARK [1][-]{section.5}{ Parallelization}{}
\BOOKMARK [2][-]{subsection.5.1}{Paradigms}{section.5}
\BOOKMARK [2][-]{subsection.5.2}{Implementation}{section.5}
\BOOKMARK [3][-]{subsubsection.5.2.1}{ Data distribution}{subsection.5.2}
\BOOKMARK [3][-]{subsubsection.5.2.2}{ Parallel fft}{subsection.5.2}
\BOOKMARK [1][-]{section.6}{ File Formats}{}
\BOOKMARK [2][-]{subsection.6.1}{Data file\(s\)}{section.6}
\BOOKMARK [3][-]{subsubsection.6.1.1}{Rationale}{subsection.6.1}
\BOOKMARK [3][-]{subsubsection.6.1.2}{General structure}{subsection.6.1}
\BOOKMARK [3][-]{subsubsection.6.1.3}{ Structure of file "data-file.xml"}{subsection.6.1}
\BOOKMARK [3][-]{subsubsection.6.1.4}{Sample}{subsection.6.1}
\BOOKMARK [2][-]{subsection.6.2}{Restart files}{section.6}
\BOOKMARK [1][-]{section.7}{ Modifying/adding/extending Quantum-ESPRESSO}{}
\BOOKMARK [2][-]{subsection.7.1}{Hints, Caveats, Do's and Dont's}{section.7}
\BOOKMARK [2][-]{subsection.7.2}{Programming style \(or lack of it\)}{section.7}
\BOOKMARK [2][-]{subsection.7.3}{Adding or modifying input variables}{section.7}
\BOOKMARK [1][-]{section.8}{ Using CVS}{}
\BOOKMARK [2][-]{subsection.8.1}{Anonymous CVS}{section.8}
\BOOKMARK [2][-]{subsection.8.2}{Read/Write CVS}{section.8}
\BOOKMARK [2][-]{subsection.8.3}{CVS operations}{section.8}
\BOOKMARK [2][-]{subsection.8.4}{Web-CVS interface}{section.8}
