
     Program LD1       v.4.1    starts ...
     Today is 19Sep2009 at 15:15:37 
     --------------------------- All-electron run ----------------------------

     Ar                                                                         

     atomic number is 18.00
     dft =LDA   lsd =1 sic =1 latt =0  beta=0.30 tr2=1.0E-14 fref=5.0E-01 rhobarfact=1.0E+00
     mesh =1687 r(mesh) =  99.24864 xmin = -6.00 dx = 0.00800
     1 Ry =  13.60569193 eV

     n l     nl                  e(Ry)          e(Ha)          e(eV)
     1 0     1S 1( 1.00)      -235.3236      -117.6618     -3201.7406
     2 0     2S 1( 1.00)       -23.0785       -11.5393      -313.9991
     2 1     2P 1( 3.00)       -18.6325        -9.3163      -253.5086
     3 0     3S 1( 1.00)        -2.2104        -1.1052       -30.0739
     3 1     3P 1( 3.00)        -1.1564        -0.5782       -15.7342
     1 0     1S 2( 1.00)      -235.3236      -117.6618     -3201.7406
     2 0     2S 2( 1.00)       -23.0785       -11.5393      -313.9991
     2 1     2P 2( 3.00)       -18.6325        -9.3163      -253.5086
     3 0     3S 2( 1.00)        -2.2104        -1.1052       -30.0739
     3 1     3P 2( 3.00)        -1.1564        -0.5782       -15.7342

     eps = 1.9E-16  iter = 45

     Etot =   -1052.271449 Ry,    -526.135724 Ha,  -14316.881158 eV
     Total magnetization:    0.00 Bohr mag. 

     Ekin =    1073.244676 Ry,     536.622338 Ha,   14602.236421 eV
     Encl =   -2536.149509 Ry,   -1268.074754 Ha,  -34506.068902 eV
     Eh   =     470.494635 Ry,     235.247317 Ha,    6401.405054 eV
     Exc  =     -59.306837 Ry,     -29.653419 Ha,    -806.910558 eV

     SIC information:
     Esich=       0.000000 Ry,       0.000000 Ha,       0.000000 eV
     Esicxc=     -0.554413 Ry,      -0.277207 Ha,      -7.543173 eV
     Esictot=    -0.554413 Ry,      -0.277207 Ha,      -7.543173 eV

     tot-Exc=   -58.752424 Ry,     -29.376212 Ha,    -799.367385 eV
     int-Exc=   -59.861250 Ry,     -29.930625 Ha,    -814.453732 eV
     int-Eh=    470.494635 Ry,     235.247317 Ha,    6401.405054 eV


     normalization and overlap integrals

     s(1S/1S) =  1.000000  <r> =   0.0854  <r2> =    0.0098  r(max) =   0.0565
     s(1S/2S) =  0.007429
     s(1S/3S) =  0.002312
     s(2S/2S) =  1.000000  <r> =   0.4146  <r2> =    0.2037  r(max) =   0.3415
     s(2S/3S) =  0.010616
     s(2P/2P) =  1.000000  <r> =   0.3719  <r2> =    0.1714  r(max) =   0.2796
     s(2P/3P) =  0.014683
     s(3S/3S) =  1.000000  <r> =   1.3925  <r2> =    2.2510  r(max) =   1.1707
     s(3P/3P) =  1.000000  <r> =   1.6112  <r2> =    3.0991  r(max) =   1.2784
     s(1S/1S) =  1.000000  <r> =   0.0854  <r2> =    0.0098  r(max) =   0.0565
     s(1S/2S) =  0.007429
     s(1S/3S) =  0.002312
     s(2S/2S) =  1.000000  <r> =   0.4146  <r2> =    0.2037  r(max) =   0.3415
     s(2S/3S) =  0.010616
     s(2P/2P) =  1.000000  <r> =   0.3719  <r2> =    0.1714  r(max) =   0.2796
     s(2P/3P) =  0.014683
     s(3S/3S) =  1.000000  <r> =   1.3925  <r2> =    2.2510  r(max) =   1.1707
     s(3P/3P) =  1.000000  <r> =   1.6112  <r2> =    3.0991  r(max) =   1.2784

     ------------------------ End of All-electron run ------------------------


     occupation(    5 ) =  2.000
     --------------------------- All-electron run ----------------------------

     Ar                                                                         

     atomic number is 18.00
     dft =LDA   lsd =1 sic =1 latt =0  beta=0.30 tr2=1.0E-14 fref=5.0E-01 rhobarfact=1.0E+00
     mesh =1687 r(mesh) =  99.24864 xmin = -6.00 dx = 0.00800
     1 Ry =  13.60569193 eV

     n l     nl                  e(Ry)          e(Ha)          e(eV)
     1 0     1S 1( 1.00)      -235.3236      -117.6618     -3201.7406
     2 0     2S 1( 1.00)       -23.0785       -11.5393      -313.9991
     2 1     2P 1( 3.00)       -18.6325        -9.3163      -253.5086
     3 0     3S 1( 1.00)        -2.2104        -1.1052       -30.0739
     3 1     3P 1( 2.00)        -1.1564        -0.5782       -15.7342
     1 0     1S 2( 1.00)      -235.3236      -117.6618     -3201.7406
     2 0     2S 2( 1.00)       -23.0785       -11.5393      -313.9991
     2 1     2P 2( 3.00)       -18.6325        -9.3163      -253.5086
     3 0     3S 2( 1.00)        -2.2104        -1.1052       -30.0739
     3 1     3P 2( 3.00)        -1.1564        -0.5782       -15.7342

     eps = 1.9E-16  iter = 45

     Etot =   -1051.115441 Ry,    -525.557721 Ha,  -14301.152875 eV
     Total magnetization:   -1.00 Bohr mag. 

     Ekin =    1066.769025 Ry,     533.384513 Ha,   14514.130720 eV
     Encl =   -2505.455216 Ry,   -1252.727608 Ha,  -34088.451812 eV
     Eh   =     446.095761 Ry,     223.047880 Ha,    6069.441489 eV
     Exc  =     -57.968384 Ry,     -28.984192 Ha,    -788.699970 eV

     SIC information:
     Esich=       0.000000 Ry,       0.000000 Ha,       0.000000 eV
     Esicxc=     -0.556627 Ry,      -0.278314 Ha,      -7.573302 eV
     Esictot=    -0.556627 Ry,      -0.278314 Ha,      -7.573302 eV

     tot-Exc=   -57.411756 Ry,     -28.705878 Ha,    -781.126668 eV
     int-Exc=   -58.525011 Ry,     -29.262506 Ha,    -796.273272 eV
     int-Eh=    446.095761 Ry,     223.047880 Ha,    6069.441489 eV


     normalization and overlap integrals

     s(1S/1S) =  1.000000  <r> =   0.0854  <r2> =    0.0098  r(max) =   0.0565
     s(1S/2S) =  0.007429
     s(1S/3S) =  0.002312
     s(2S/2S) =  1.000000  <r> =   0.4146  <r2> =    0.2037  r(max) =   0.3415
     s(2S/3S) =  0.010616
     s(2P/2P) =  1.000000  <r> =   0.3719  <r2> =    0.1714  r(max) =   0.2796
     s(2P/3P) =  0.014683
     s(3S/3S) =  1.000000  <r> =   1.3925  <r2> =    2.2510  r(max) =   1.1707
     s(3P/3P) =  1.000000  <r> =   1.6112  <r2> =    3.0991  r(max) =   1.2784
     s(1S/1S) =  1.000000  <r> =   0.0854  <r2> =    0.0098  r(max) =   0.0565
     s(1S/2S) =  0.007429
     s(1S/3S) =  0.002312
     s(2S/2S) =  1.000000  <r> =   0.4146  <r2> =    0.2037  r(max) =   0.3415
     s(2S/3S) =  0.010616
     s(2P/2P) =  1.000000  <r> =   0.3719  <r2> =    0.1714  r(max) =   0.2796
     s(2P/3P) =  0.014683
     s(3S/3S) =  1.000000  <r> =   1.3925  <r2> =    2.2510  r(max) =   1.1707
     s(3P/3P) =  1.000000  <r> =   1.6112  <r2> =    3.0991  r(max) =   1.2784

     ------------------------ End of All-electron run ------------------------


     occupation(    5 ) =  2.050
     --------------------------- All-electron run ----------------------------

     Ar                                                                         

     atomic number is 18.00
     dft =LDA   lsd =1 sic =1 latt =0  beta=0.30 tr2=1.0E-14 fref=5.0E-01 rhobarfact=1.0E+00
     mesh =1687 r(mesh) =  99.24864 xmin = -6.00 dx = 0.00800
     1 Ry =  13.60569193 eV

     n l     nl                  e(Ry)          e(Ha)          e(eV)
     1 0     1S 1( 1.00)      -235.3236      -117.6618     -3201.7406
     2 0     2S 1( 1.00)       -23.0785       -11.5393      -313.9991
     2 1     2P 1( 3.00)       -18.6325        -9.3163      -253.5086
     3 0     3S 1( 1.00)        -2.2104        -1.1052       -30.0739
     3 1     3P 1( 2.05)        -1.1564        -0.5782       -15.7342
     1 0     1S 2( 1.00)      -235.3236      -117.6618     -3201.7406
     2 0     2S 2( 1.00)       -23.0785       -11.5393      -313.9991
     2 1     2P 2( 3.00)       -18.6325        -9.3163      -253.5086
     3 0     3S 2( 1.00)        -2.2104        -1.1052       -30.0739
     3 1     3P 2( 3.00)        -1.1564        -0.5782       -15.7342

     eps = 1.9E-16  iter = 45

     Etot =   -1051.173208 Ry,    -525.586604 Ha,  -14301.938834 eV
     Total magnetization:   -0.95 Bohr mag. 

     Ekin =    1067.092808 Ry,     533.546404 Ha,   14518.536005 eV
     Encl =   -2506.989930 Ry,   -1253.494965 Ha,  -34109.332666 eV
     Eh   =     447.288951 Ry,     223.644476 Ha,    6085.675677 eV
     Exc  =     -58.033491 Ry,     -29.016745 Ha,    -789.585796 eV

     SIC information:
     Esich=       0.026753 Ry,       0.013376 Ha,       0.363990 eV
     Esicxc=     -0.558299 Ry,      -0.279149 Ha,      -7.596043 eV
     Esictot=    -0.531546 Ry,      -0.265773 Ha,      -7.232053 eV

     tot-Exc=   -57.501945 Ry,     -28.750972 Ha,    -782.353743 eV
     int-Exc=   -58.591790 Ry,     -29.295895 Ha,    -797.181839 eV
     int-Eh=    447.315704 Ry,     223.657852 Ha,    6086.039667 eV


     normalization and overlap integrals

     s(1S/1S) =  1.000000  <r> =   0.0854  <r2> =    0.0098  r(max) =   0.0565
     s(1S/2S) =  0.007429
     s(1S/3S) =  0.002312
     s(2S/2S) =  1.000000  <r> =   0.4146  <r2> =    0.2037  r(max) =   0.3415
     s(2S/3S) =  0.010616
     s(2P/2P) =  1.000000  <r> =   0.3719  <r2> =    0.1714  r(max) =   0.2796
     s(2P/3P) =  0.014683
     s(3S/3S) =  1.000000  <r> =   1.3925  <r2> =    2.2510  r(max) =   1.1707
     s(3P/3P) =  1.000000  <r> =   1.6112  <r2> =    3.0991  r(max) =   1.2784
     s(1S/1S) =  1.000000  <r> =   0.0854  <r2> =    0.0098  r(max) =   0.0565
     s(1S/2S) =  0.007429
     s(1S/3S) =  0.002312
     s(2S/2S) =  1.000000  <r> =   0.4146  <r2> =    0.2037  r(max) =   0.3415
     s(2S/3S) =  0.010616
     s(2P/2P) =  1.000000  <r> =   0.3719  <r2> =    0.1714  r(max) =   0.2796
     s(2P/3P) =  0.014683
     s(3S/3S) =  1.000000  <r> =   1.3925  <r2> =    2.2510  r(max) =   1.1707
     s(3P/3P) =  1.000000  <r> =   1.6112  <r2> =    3.0991  r(max) =   1.2784

     ------------------------ End of All-electron run ------------------------


     occupation(    5 ) =  2.100
     --------------------------- All-electron run ----------------------------

     Ar                                                                         

     atomic number is 18.00
     dft =LDA   lsd =1 sic =1 latt =0  beta=0.30 tr2=1.0E-14 fref=5.0E-01 rhobarfact=1.0E+00
     mesh =1687 r(mesh) =  99.24864 xmin = -6.00 dx = 0.00800
     1 Ry =  13.60569193 eV

     n l     nl                  e(Ry)          e(Ha)          e(eV)
     1 0     1S 1( 1.00)      -235.3236      -117.6618     -3201.7406
     2 0     2S 1( 1.00)       -23.0785       -11.5393      -313.9991
     2 1     2P 1( 3.00)       -18.6325        -9.3163      -253.5086
     3 0     3S 1( 1.00)        -2.2104        -1.1052       -30.0739
     3 1     3P 1( 2.10)        -1.1564        -0.5782       -15.7342
     1 0     1S 2( 1.00)      -235.3236      -117.6618     -3201.7406
     2 0     2S 2( 1.00)       -23.0785       -11.5393      -313.9991
     2 1     2P 2( 3.00)       -18.6325        -9.3163      -253.5086
     3 0     3S 2( 1.00)        -2.2104        -1.1052       -30.0739
     3 1     3P 2( 3.00)        -1.1564        -0.5782       -15.7342

     eps = 1.9E-16  iter = 45

     Etot =   -1051.230977 Ry,    -525.615488 Ha,  -14302.724815 eV
     Total magnetization:   -0.90 Bohr mag. 

     Ekin =    1067.416590 Ry,     533.708295 Ha,   14522.941290 eV
     Encl =   -2508.524645 Ry,   -1254.262323 Ha,  -34130.213521 eV
     Eh   =     448.484958 Ry,     224.242479 Ha,    6101.948180 eV
     Exc  =     -58.098798 Ry,     -29.049399 Ha,    -790.474350 eV

     SIC information:
     Esich=       0.050689 Ry,       0.025345 Ha,       0.689665 eV
     Esicxc=     -0.559772 Ry,      -0.279886 Ha,      -7.616079 eV
     Esictot=    -0.509082 Ry,      -0.254541 Ha,      -6.926413 eV

     tot-Exc=   -57.589716 Ry,     -28.794858 Ha,    -783.547937 eV
     int-Exc=   -58.658570 Ry,     -29.329285 Ha,    -798.090429 eV
     int-Eh=    448.535648 Ry,     224.267824 Ha,    6102.637845 eV


     normalization and overlap integrals

     s(1S/1S) =  1.000000  <r> =   0.0854  <r2> =    0.0098  r(max) =   0.0565
     s(1S/2S) =  0.007429
     s(1S/3S) =  0.002312
     s(2S/2S) =  1.000000  <r> =   0.4146  <r2> =    0.2037  r(max) =   0.3415
     s(2S/3S) =  0.010616
     s(2P/2P) =  1.000000  <r> =   0.3719  <r2> =    0.1714  r(max) =   0.2796
     s(2P/3P) =  0.014683
     s(3S/3S) =  1.000000  <r> =   1.3925  <r2> =    2.2510  r(max) =   1.1707
     s(3P/3P) =  1.000000  <r> =   1.6112  <r2> =    3.0991  r(max) =   1.2784
     s(1S/1S) =  1.000000  <r> =   0.0854  <r2> =    0.0098  r(max) =   0.0565
     s(1S/2S) =  0.007429
     s(1S/3S) =  0.002312
     s(2S/2S) =  1.000000  <r> =   0.4146  <r2> =    0.2037  r(max) =   0.3415
     s(2S/3S) =  0.010616
     s(2P/2P) =  1.000000  <r> =   0.3719  <r2> =    0.1714  r(max) =   0.2796
     s(2P/3P) =  0.014683
     s(3S/3S) =  1.000000  <r> =   1.3925  <r2> =    2.2510  r(max) =   1.1707
     s(3P/3P) =  1.000000  <r> =   1.6112  <r2> =    3.0991  r(max) =   1.2784

     ------------------------ End of All-electron run ------------------------


     occupation(    5 ) =  2.150
     --------------------------- All-electron run ----------------------------

     Ar                                                                         

     atomic number is 18.00
     dft =LDA   lsd =1 sic =1 latt =0  beta=0.30 tr2=1.0E-14 fref=5.0E-01 rhobarfact=1.0E+00
     mesh =1687 r(mesh) =  99.24864 xmin = -6.00 dx = 0.00800
     1 Ry =  13.60569193 eV

     n l     nl                  e(Ry)          e(Ha)          e(eV)
     1 0     1S 1( 1.00)      -235.3236      -117.6618     -3201.7406
     2 0     2S 1( 1.00)       -23.0785       -11.5393      -313.9991
     2 1     2P 1( 3.00)       -18.6325        -9.3163      -253.5086
     3 0     3S 1( 1.00)        -2.2104        -1.1052       -30.0739
     3 1     3P 1( 2.15)        -1.1564        -0.5782       -15.7342
     1 0     1S 2( 1.00)      -235.3236      -117.6618     -3201.7406
     2 0     2S 2( 1.00)       -23.0785       -11.5393      -313.9991
     2 1     2P 2( 3.00)       -18.6325        -9.3163      -253.5086
     3 0     3S 2( 1.00)        -2.2104        -1.1052       -30.0739
     3 1     3P 2( 3.00)        -1.1564        -0.5782       -15.7342

     eps = 1.9E-16  iter = 45

     Etot =   -1051.288772 Ry,    -525.644386 Ha,  -14303.511167 eV
     Total magnetization:   -0.85 Bohr mag. 

     Ekin =    1067.740373 Ry,     533.870186 Ha,   14527.346575 eV
     Encl =   -2510.059360 Ry,   -1255.029680 Ha,  -34151.094375 eV
     Eh   =     449.683782 Ry,     224.841891 Ha,    6118.258998 eV
     Exc  =     -58.164302 Ry,     -29.082151 Ha,    -791.365578 eV

     SIC information:
     Esich=       0.071810 Ry,       0.035905 Ha,       0.977026 eV
     Esicxc=     -0.561075 Ry,      -0.280537 Ha,      -7.633813 eV
     Esictot=    -0.489265 Ry,      -0.244632 Ha,      -6.656786 eV

     tot-Exc=   -57.675037 Ry,     -28.837519 Ha,    -784.708792 eV
     int-Exc=   -58.725377 Ry,     -29.362689 Ha,    -798.999391 eV
     int-Eh=    449.755592 Ry,     224.877796 Ha,    6119.236024 eV


     normalization and overlap integrals

     s(1S/1S) =  1.000000  <r> =   0.0854  <r2> =    0.0098  r(max) =   0.0565
     s(1S/2S) =  0.007429
     s(1S/3S) =  0.002312
     s(2S/2S) =  1.000000  <r> =   0.4146  <r2> =    0.2037  r(max) =   0.3415
     s(2S/3S) =  0.010616
     s(2P/2P) =  1.000000  <r> =   0.3719  <r2> =    0.1714  r(max) =   0.2796
     s(2P/3P) =  0.014683
     s(3S/3S) =  1.000000  <r> =   1.3925  <r2> =    2.2510  r(max) =   1.1707
     s(3P/3P) =  1.000000  <r> =   1.6112  <r2> =    3.0991  r(max) =   1.2784
     s(1S/1S) =  1.000000  <r> =   0.0854  <r2> =    0.0098  r(max) =   0.0565
     s(1S/2S) =  0.007429
     s(1S/3S) =  0.002312
     s(2S/2S) =  1.000000  <r> =   0.4146  <r2> =    0.2037  r(max) =   0.3415
     s(2S/3S) =  0.010616
     s(2P/2P) =  1.000000  <r> =   0.3719  <r2> =    0.1714  r(max) =   0.2796
     s(2P/3P) =  0.014683
     s(3S/3S) =  1.000000  <r> =   1.3925  <r2> =    2.2510  r(max) =   1.1707
     s(3P/3P) =  1.000000  <r> =   1.6112  <r2> =    3.0991  r(max) =   1.2784

     ------------------------ End of All-electron run ------------------------


     occupation(    5 ) =  2.200
     --------------------------- All-electron run ----------------------------

     Ar                                                                         

     atomic number is 18.00
     dft =LDA   lsd =1 sic =1 latt =0  beta=0.30 tr2=1.0E-14 fref=5.0E-01 rhobarfact=1.0E+00
     mesh =1687 r(mesh) =  99.24864 xmin = -6.00 dx = 0.00800
     1 Ry =  13.60569193 eV

     n l     nl                  e(Ry)          e(Ha)          e(eV)
     1 0     1S 1( 1.00)      -235.3236      -117.6618     -3201.7406
     2 0     2S 1( 1.00)       -23.0785       -11.5393      -313.9991
     2 1     2P 1( 3.00)       -18.6325        -9.3163      -253.5086
     3 0     3S 1( 1.00)        -2.2104        -1.1052       -30.0739
     3 1     3P 1( 2.20)        -1.1564        -0.5782       -15.7342
     1 0     1S 2( 1.00)      -235.3236      -117.6618     -3201.7406
     2 0     2S 2( 1.00)       -23.0785       -11.5393      -313.9991
     2 1     2P 2( 3.00)       -18.6325        -9.3163      -253.5086
     3 0     3S 2( 1.00)        -2.2104        -1.1052       -30.0739
     3 1     3P 2( 3.00)        -1.1564        -0.5782       -15.7342

     eps = 1.9E-16  iter = 45

     Etot =   -1051.346536 Ry,    -525.673268 Ha,  -14304.297078 eV
     Total magnetization:   -0.80 Bohr mag. 

     Ekin =    1068.064155 Ry,     534.032078 Ha,   14531.751860 eV
     Encl =   -2511.594074 Ry,   -1255.797037 Ha,  -34171.975230 eV
     Eh   =     450.885421 Ry,     225.442710 Ha,    6134.608130 eV
     Exc  =     -58.230006 Ry,     -29.115003 Ha,    -792.259520 eV

     SIC information:
     Esich=       0.090115 Ry,       0.045057 Ha,       1.226072 eV
     Esicxc=     -0.562146 Ry,      -0.281073 Ha,      -7.648390 eV
     Esictot=    -0.472032 Ry,      -0.236016 Ha,      -6.422318 eV

     tot-Exc=   -57.757974 Ry,     -28.878987 Ha,    -785.837202 eV
     int-Exc=   -58.792152 Ry,     -29.396076 Ha,    -799.907910 eV
     int-Eh=    450.975535 Ry,     225.487768 Ha,    6135.834202 eV


     normalization and overlap integrals

     s(1S/1S) =  1.000000  <r> =   0.0854  <r2> =    0.0098  r(max) =   0.0565
     s(1S/2S) =  0.007429
     s(1S/3S) =  0.002312
     s(2S/2S) =  1.000000  <r> =   0.4146  <r2> =    0.2037  r(max) =   0.3415
     s(2S/3S) =  0.010616
     s(2P/2P) =  1.000000  <r> =   0.3719  <r2> =    0.1714  r(max) =   0.2796
     s(2P/3P) =  0.014683
     s(3S/3S) =  1.000000  <r> =   1.3925  <r2> =    2.2510  r(max) =   1.1707
     s(3P/3P) =  1.000000  <r> =   1.6112  <r2> =    3.0991  r(max) =   1.2784
     s(1S/1S) =  1.000000  <r> =   0.0854  <r2> =    0.0098  r(max) =   0.0565
     s(1S/2S) =  0.007429
     s(1S/3S) =  0.002312
     s(2S/2S) =  1.000000  <r> =   0.4146  <r2> =    0.2037  r(max) =   0.3415
     s(2S/3S) =  0.010616
     s(2P/2P) =  1.000000  <r> =   0.3719  <r2> =    0.1714  r(max) =   0.2796
     s(2P/3P) =  0.014683
     s(3S/3S) =  1.000000  <r> =   1.3925  <r2> =    2.2510  r(max) =   1.1707
     s(3P/3P) =  1.000000  <r> =   1.6112  <r2> =    3.0991  r(max) =   1.2784

     ------------------------ End of All-electron run ------------------------


     occupation(    5 ) =  2.250
     --------------------------- All-electron run ----------------------------

     Ar                                                                         

     atomic number is 18.00
     dft =LDA   lsd =1 sic =1 latt =0  beta=0.30 tr2=1.0E-14 fref=5.0E-01 rhobarfact=1.0E+00
     mesh =1687 r(mesh) =  99.24864 xmin = -6.00 dx = 0.00800
     1 Ry =  13.60569193 eV

     n l     nl                  e(Ry)          e(Ha)          e(eV)
     1 0     1S 1( 1.00)      -235.3236      -117.6618     -3201.7406
     2 0     2S 1( 1.00)       -23.0785       -11.5393      -313.9991
     2 1     2P 1( 3.00)       -18.6325        -9.3163      -253.5086
     3 0     3S 1( 1.00)        -2.2104        -1.1052       -30.0739
     3 1     3P 1( 2.25)        -1.1564        -0.5782       -15.7342
     1 0     1S 2( 1.00)      -235.3236      -117.6618     -3201.7406
     2 0     2S 2( 1.00)       -23.0785       -11.5393      -313.9991
     2 1     2P 2( 3.00)       -18.6325        -9.3163      -253.5086
     3 0     3S 2( 1.00)        -2.2104        -1.1052       -30.0739
     3 1     3P 2( 3.00)        -1.1564        -0.5782       -15.7342

     eps = 1.9E-16  iter = 45

     Etot =   -1051.404318 Ry,    -525.702159 Ha,  -14305.083250 eV
     Total magnetization:   -0.75 Bohr mag. 

     Ekin =    1068.387938 Ry,     534.193969 Ha,   14536.157145 eV
     Encl =   -2513.128789 Ry,   -1256.564395 Ha,  -34192.856084 eV
     Eh   =     452.089876 Ry,     226.044938 Ha,    6150.995577 eV
     Exc  =     -58.295905 Ry,     -29.147952 Ha,    -793.156123 eV

     SIC information:
     Esich=       0.105603 Ry,       0.052802 Ha,       1.436803 eV
     Esicxc=     -0.563041 Ry,      -0.281521 Ha,      -7.660568 eV
     Esictot=    -0.457438 Ry,      -0.228719 Ha,      -6.223765 eV

     tot-Exc=   -57.838467 Ry,     -28.919233 Ha,    -786.932358 eV
     int-Exc=   -58.858946 Ry,     -29.429473 Ha,    -800.816691 eV
     int-Eh=    452.195479 Ry,     226.097740 Ha,    6152.432380 eV


     normalization and overlap integrals

     s(1S/1S) =  1.000000  <r> =   0.0854  <r2> =    0.0098  r(max) =   0.0565
     s(1S/2S) =  0.007429
     s(1S/3S) =  0.002312
     s(2S/2S) =  1.000000  <r> =   0.4146  <r2> =    0.2037  r(max) =   0.3415
     s(2S/3S) =  0.010616
     s(2P/2P) =  1.000000  <r> =   0.3719  <r2> =    0.1714  r(max) =   0.2796
     s(2P/3P) =  0.014683
     s(3S/3S) =  1.000000  <r> =   1.3925  <r2> =    2.2510  r(max) =   1.1707
     s(3P/3P) =  1.000000  <r> =   1.6112  <r2> =    3.0991  r(max) =   1.2784
     s(1S/1S) =  1.000000  <r> =   0.0854  <r2> =    0.0098  r(max) =   0.0565
     s(1S/2S) =  0.007429
     s(1S/3S) =  0.002312
     s(2S/2S) =  1.000000  <r> =   0.4146  <r2> =    0.2037  r(max) =   0.3415
     s(2S/3S) =  0.010616
     s(2P/2P) =  1.000000  <r> =   0.3719  <r2> =    0.1714  r(max) =   0.2796
     s(2P/3P) =  0.014683
     s(3S/3S) =  1.000000  <r> =   1.3925  <r2> =    2.2510  r(max) =   1.1707
     s(3P/3P) =  1.000000  <r> =   1.6112  <r2> =    3.0991  r(max) =   1.2784

     ------------------------ End of All-electron run ------------------------


     occupation(    5 ) =  2.300
     --------------------------- All-electron run ----------------------------

     Ar                                                                         

     atomic number is 18.00
     dft =LDA   lsd =1 sic =1 latt =0  beta=0.30 tr2=1.0E-14 fref=5.0E-01 rhobarfact=1.0E+00
     mesh =1687 r(mesh) =  99.24864 xmin = -6.00 dx = 0.00800
     1 Ry =  13.60569193 eV

     n l     nl                  e(Ry)          e(Ha)          e(eV)
     1 0     1S 1( 1.00)      -235.3236      -117.6618     -3201.7406
     2 0     2S 1( 1.00)       -23.0785       -11.5393      -313.9991
     2 1     2P 1( 3.00)       -18.6325        -9.3163      -253.5086
     3 0     3S 1( 1.00)        -2.2104        -1.1052       -30.0739
     3 1     3P 1( 2.30)        -1.1564        -0.5782       -15.7342
     1 0     1S 2( 1.00)      -235.3236      -117.6618     -3201.7406
     2 0     2S 2( 1.00)       -23.0785       -11.5393      -313.9991
     2 1     2P 2( 3.00)       -18.6325        -9.3163      -253.5086
     3 0     3S 2( 1.00)        -2.2104        -1.1052       -30.0739
     3 1     3P 2( 3.00)        -1.1564        -0.5782       -15.7342

     eps = 1.9E-16  iter = 45

     Etot =   -1051.462143 Ry,    -525.731072 Ha,  -14305.869999 eV
     Total magnetization:   -0.70 Bohr mag. 

     Ekin =    1068.711720 Ry,     534.355860 Ha,   14540.562430 eV
     Encl =   -2514.663504 Ry,   -1257.331752 Ha,  -34213.736939 eV
     Eh   =     453.297147 Ry,     226.648574 Ha,    6167.421339 eV
     Exc  =     -58.361993 Ry,     -29.180997 Ha,    -794.055299 eV

     SIC information:
     Esich=       0.118275 Ry,       0.059138 Ha,       1.609219 eV
     Esicxc=     -0.563790 Ry,      -0.281895 Ha,      -7.670750 eV
     Esictot=    -0.445514 Ry,      -0.222757 Ha,      -6.061530 eV

     tot-Exc=   -57.916479 Ry,     -28.958239 Ha,    -787.993769 eV
     int-Exc=   -58.925783 Ry,     -29.462891 Ha,    -801.726049 eV
     int-Eh=    453.415423 Ry,     226.707711 Ha,    6169.030558 eV


     normalization and overlap integrals

     s(1S/1S) =  1.000000  <r> =   0.0854  <r2> =    0.0098  r(max) =   0.0565
     s(1S/2S) =  0.007429
     s(1S/3S) =  0.002312
     s(2S/2S) =  1.000000  <r> =   0.4146  <r2> =    0.2037  r(max) =   0.3415
     s(2S/3S) =  0.010616
     s(2P/2P) =  1.000000  <r> =   0.3719  <r2> =    0.1714  r(max) =   0.2796
     s(2P/3P) =  0.014683
     s(3S/3S) =  1.000000  <r> =   1.3925  <r2> =    2.2510  r(max) =   1.1707
     s(3P/3P) =  1.000000  <r> =   1.6112  <r2> =    3.0991  r(max) =   1.2784
     s(1S/1S) =  1.000000  <r> =   0.0854  <r2> =    0.0098  r(max) =   0.0565
     s(1S/2S) =  0.007429
     s(1S/3S) =  0.002312
     s(2S/2S) =  1.000000  <r> =   0.4146  <r2> =    0.2037  r(max) =   0.3415
     s(2S/3S) =  0.010616
     s(2P/2P) =  1.000000  <r> =   0.3719  <r2> =    0.1714  r(max) =   0.2796
     s(2P/3P) =  0.014683
     s(3S/3S) =  1.000000  <r> =   1.3925  <r2> =    2.2510  r(max) =   1.1707
     s(3P/3P) =  1.000000  <r> =   1.6112  <r2> =    3.0991  r(max) =   1.2784

     ------------------------ End of All-electron run ------------------------


     occupation(    5 ) =  2.350
     --------------------------- All-electron run ----------------------------

     Ar                                                                         

     atomic number is 18.00
     dft =LDA   lsd =1 sic =1 latt =0  beta=0.30 tr2=1.0E-14 fref=5.0E-01 rhobarfact=1.0E+00
     mesh =1687 r(mesh) =  99.24864 xmin = -6.00 dx = 0.00800
     1 Ry =  13.60569193 eV

     n l     nl                  e(Ry)          e(Ha)          e(eV)
     1 0     1S 1( 1.00)      -235.3236      -117.6618     -3201.7406
     2 0     2S 1( 1.00)       -23.0785       -11.5393      -313.9991
     2 1     2P 1( 3.00)       -18.6325        -9.3163      -253.5086
     3 0     3S 1( 1.00)        -2.2104        -1.1052       -30.0739
     3 1     3P 1( 2.35)        -1.1564        -0.5782       -15.7342
     1 0     1S 2( 1.00)      -235.3236      -117.6618     -3201.7406
     2 0     2S 2( 1.00)       -23.0785       -11.5393      -313.9991
     2 1     2P 2( 3.00)       -18.6325        -9.3163      -253.5086
     3 0     3S 2( 1.00)        -2.2104        -1.1052       -30.0739
     3 1     3P 2( 3.00)        -1.1564        -0.5782       -15.7342

     eps = 1.9E-16  iter = 45

     Etot =   -1051.519924 Ry,    -525.759962 Ha,  -14306.656145 eV
     Total magnetization:   -0.65 Bohr mag. 

     Ekin =    1069.035503 Ry,     534.517751 Ha,   14544.967715 eV
     Encl =   -2516.198218 Ry,   -1258.099109 Ha,  -34234.617793 eV
     Eh   =     454.507235 Ry,     227.253617 Ha,    6183.885416 eV
     Exc  =     -58.428279 Ry,     -29.214139 Ha,    -794.957158 eV

     SIC information:
     Esich=       0.128132 Ry,       0.064066 Ha,       1.743321 eV
     Esicxc=     -0.564297 Ry,      -0.282148 Ha,      -7.677645 eV
     Esictot=    -0.436165 Ry,      -0.218082 Ha,      -5.934324 eV

     tot-Exc=   -57.992114 Ry,     -28.996057 Ha,    -789.022834 eV
     int-Exc=   -58.992575 Ry,     -29.496288 Ha,    -802.634804 eV
     int-Eh=    454.635366 Ry,     227.317683 Ha,    6185.628737 eV


     normalization and overlap integrals

     s(1S/1S) =  1.000000  <r> =   0.0854  <r2> =    0.0098  r(max) =   0.0565
     s(1S/2S) =  0.007429
     s(1S/3S) =  0.002312
     s(2S/2S) =  1.000000  <r> =   0.4146  <r2> =    0.2037  r(max) =   0.3415
     s(2S/3S) =  0.010616
     s(2P/2P) =  1.000000  <r> =   0.3719  <r2> =    0.1714  r(max) =   0.2796
     s(2P/3P) =  0.014683
     s(3S/3S) =  1.000000  <r> =   1.3925  <r2> =    2.2510  r(max) =   1.1707
     s(3P/3P) =  1.000000  <r> =   1.6112  <r2> =    3.0991  r(max) =   1.2784
     s(1S/1S) =  1.000000  <r> =   0.0854  <r2> =    0.0098  r(max) =   0.0565
     s(1S/2S) =  0.007429
     s(1S/3S) =  0.002312
     s(2S/2S) =  1.000000  <r> =   0.4146  <r2> =    0.2037  r(max) =   0.3415
     s(2S/3S) =  0.010616
     s(2P/2P) =  1.000000  <r> =   0.3719  <r2> =    0.1714  r(max) =   0.2796
     s(2P/3P) =  0.014683
     s(3S/3S) =  1.000000  <r> =   1.3925  <r2> =    2.2510  r(max) =   1.1707
     s(3P/3P) =  1.000000  <r> =   1.6112  <r2> =    3.0991  r(max) =   1.2784

     ------------------------ End of All-electron run ------------------------


     occupation(    5 ) =  2.400
     --------------------------- All-electron run ----------------------------

     Ar                                                                         

     atomic number is 18.00
     dft =LDA   lsd =1 sic =1 latt =0  beta=0.30 tr2=1.0E-14 fref=5.0E-01 rhobarfact=1.0E+00
     mesh =1687 r(mesh) =  99.24864 xmin = -6.00 dx = 0.00800
     1 Ry =  13.60569193 eV

     n l     nl                  e(Ry)          e(Ha)          e(eV)
     1 0     1S 1( 1.00)      -235.3236      -117.6618     -3201.7406
     2 0     2S 1( 1.00)       -23.0785       -11.5393      -313.9991
     2 1     2P 1( 3.00)       -18.6325        -9.3163      -253.5086
     3 0     3S 1( 1.00)        -2.2104        -1.1052       -30.0739
     3 1     3P 1( 2.40)        -1.1564        -0.5782       -15.7342
     1 0     1S 2( 1.00)      -235.3236      -117.6618     -3201.7406
     2 0     2S 2( 1.00)       -23.0785       -11.5393      -313.9991
     2 1     2P 2( 3.00)       -18.6325        -9.3163      -253.5086
     3 0     3S 2( 1.00)        -2.2104        -1.1052       -30.0739
     3 1     3P 2( 3.00)        -1.1564        -0.5782       -15.7342

     eps = 1.9E-16  iter = 45

     Etot =   -1051.577725 Ry,    -525.788862 Ha,  -14307.442562 eV
     Total magnetization:   -0.60 Bohr mag. 

     Ekin =    1069.359285 Ry,     534.679643 Ha,   14549.373000 eV
     Encl =   -2517.732933 Ry,   -1258.866466 Ha,  -34255.498648 eV
     Eh   =     455.720138 Ry,     227.860069 Ha,    6200.387807 eV
     Exc  =     -58.494755 Ry,     -29.247377 Ha,    -795.861615 eV

     SIC information:
     Esich=       0.135172 Ry,       0.067586 Ha,       1.839108 eV
     Esicxc=     -0.564632 Ry,      -0.282316 Ha,      -7.682215 eV
     Esictot=    -0.429460 Ry,      -0.214730 Ha,      -5.843107 eV

     tot-Exc=   -58.065294 Ry,     -29.032647 Ha,    -790.018509 eV
     int-Exc=   -59.059387 Ry,     -29.529694 Ha,    -803.543830 eV
     int-Eh=    455.855310 Ry,     227.927655 Ha,    6202.226915 eV


     normalization and overlap integrals

     s(1S/1S) =  1.000000  <r> =   0.0854  <r2> =    0.0098  r(max) =   0.0565
     s(1S/2S) =  0.007429
     s(1S/3S) =  0.002312
     s(2S/2S) =  1.000000  <r> =   0.4146  <r2> =    0.2037  r(max) =   0.3415
     s(2S/3S) =  0.010616
     s(2P/2P) =  1.000000  <r> =   0.3719  <r2> =    0.1714  r(max) =   0.2796
     s(2P/3P) =  0.014683
     s(3S/3S) =  1.000000  <r> =   1.3925  <r2> =    2.2510  r(max) =   1.1707
     s(3P/3P) =  1.000000  <r> =   1.6112  <r2> =    3.0991  r(max) =   1.2784
     s(1S/1S) =  1.000000  <r> =   0.0854  <r2> =    0.0098  r(max) =   0.0565
     s(1S/2S) =  0.007429
     s(1S/3S) =  0.002312
     s(2S/2S) =  1.000000  <r> =   0.4146  <r2> =    0.2037  r(max) =   0.3415
     s(2S/3S) =  0.010616
     s(2P/2P) =  1.000000  <r> =   0.3719  <r2> =    0.1714  r(max) =   0.2796
     s(2P/3P) =  0.014683
     s(3S/3S) =  1.000000  <r> =   1.3925  <r2> =    2.2510  r(max) =   1.1707
     s(3P/3P) =  1.000000  <r> =   1.6112  <r2> =    3.0991  r(max) =   1.2784

     ------------------------ End of All-electron run ------------------------


     occupation(    5 ) =  2.450
     --------------------------- All-electron run ----------------------------

     Ar                                                                         

     atomic number is 18.00
     dft =LDA   lsd =1 sic =1 latt =0  beta=0.30 tr2=1.0E-14 fref=5.0E-01 rhobarfact=1.0E+00
     mesh =1687 r(mesh) =  99.24864 xmin = -6.00 dx = 0.00800
     1 Ry =  13.60569193 eV

     n l     nl                  e(Ry)          e(Ha)          e(eV)
     1 0     1S 1( 1.00)      -235.3236      -117.6618     -3201.7406
     2 0     2S 1( 1.00)       -23.0785       -11.5393      -313.9991
     2 1     2P 1( 3.00)       -18.6325        -9.3163      -253.5086
     3 0     3S 1( 1.00)        -2.2104        -1.1052       -30.0739
     3 1     3P 1( 2.45)        -1.1564        -0.5782       -15.7342
     1 0     1S 2( 1.00)      -235.3236      -117.6618     -3201.7406
     2 0     2S 2( 1.00)       -23.0785       -11.5393      -313.9991
     2 1     2P 2( 3.00)       -18.6325        -9.3163      -253.5086
     3 0     3S 2( 1.00)        -2.2104        -1.1052       -30.0739
     3 1     3P 2( 3.00)        -1.1564        -0.5782       -15.7342

     eps = 1.9E-16  iter = 45

     Etot =   -1051.635514 Ry,    -525.817757 Ha,  -14308.228824 eV
     Total magnetization:   -0.55 Bohr mag. 

     Ekin =    1069.683068 Ry,     534.841534 Ha,   14553.778285 eV
     Encl =   -2519.267648 Ry,   -1259.633824 Ha,  -34276.379502 eV
     Eh   =     456.935858 Ry,     228.467929 Ha,    6216.928513 eV
     Exc  =     -58.561418 Ry,     -29.280709 Ha,    -796.768616 eV

     SIC information:
     Esich=       0.139396 Ry,       0.069698 Ha,       1.896580 eV
     Esicxc=     -0.564770 Ry,      -0.282385 Ha,      -7.684084 eV
     Esictot=    -0.425374 Ry,      -0.212687 Ha,      -5.787504 eV

     tot-Exc=   -58.136044 Ry,     -29.068022 Ha,    -790.981111 eV
     int-Exc=   -59.126188 Ry,     -29.563094 Ha,    -804.452700 eV
     int-Eh=    457.075254 Ry,     228.537627 Ha,    6218.825093 eV


     normalization and overlap integrals

     s(1S/1S) =  1.000000  <r> =   0.0854  <r2> =    0.0098  r(max) =   0.0565
     s(1S/2S) =  0.007429
     s(1S/3S) =  0.002312
     s(2S/2S) =  1.000000  <r> =   0.4146  <r2> =    0.2037  r(max) =   0.3415
     s(2S/3S) =  0.010616
     s(2P/2P) =  1.000000  <r> =   0.3719  <r2> =    0.1714  r(max) =   0.2796
     s(2P/3P) =  0.014683
     s(3S/3S) =  1.000000  <r> =   1.3925  <r2> =    2.2510  r(max) =   1.1707
     s(3P/3P) =  1.000000  <r> =   1.6112  <r2> =    3.0991  r(max) =   1.2784
     s(1S/1S) =  1.000000  <r> =   0.0854  <r2> =    0.0098  r(max) =   0.0565
     s(1S/2S) =  0.007429
     s(1S/3S) =  0.002312
     s(2S/2S) =  1.000000  <r> =   0.4146  <r2> =    0.2037  r(max) =   0.3415
     s(2S/3S) =  0.010616
     s(2P/2P) =  1.000000  <r> =   0.3719  <r2> =    0.1714  r(max) =   0.2796
     s(2P/3P) =  0.014683
     s(3S/3S) =  1.000000  <r> =   1.3925  <r2> =    2.2510  r(max) =   1.1707
     s(3P/3P) =  1.000000  <r> =   1.6112  <r2> =    3.0991  r(max) =   1.2784

     ------------------------ End of All-electron run ------------------------


     occupation(    5 ) =  2.500
     --------------------------- All-electron run ----------------------------

     Ar                                                                         

     atomic number is 18.00
     dft =LDA   lsd =1 sic =1 latt =0  beta=0.30 tr2=1.0E-14 fref=5.0E-01 rhobarfact=1.0E+00
     mesh =1687 r(mesh) =  99.24864 xmin = -6.00 dx = 0.00800
     1 Ry =  13.60569193 eV

     n l     nl                  e(Ry)          e(Ha)          e(eV)
     1 0     1S 1( 1.00)      -235.3236      -117.6618     -3201.7406
     2 0     2S 1( 1.00)       -23.0785       -11.5393      -313.9991
     2 1     2P 1( 3.00)       -18.6325        -9.3163      -253.5086
     3 0     3S 1( 1.00)        -2.2104        -1.1052       -30.0739
     3 1     3P 1( 2.50)        -1.1564        -0.5782       -15.7342
     1 0     1S 2( 1.00)      -235.3236      -117.6618     -3201.7406
     2 0     2S 2( 1.00)       -23.0785       -11.5393      -313.9991
     2 1     2P 2( 3.00)       -18.6325        -9.3163      -253.5086
     3 0     3S 2( 1.00)        -2.2104        -1.1052       -30.0739
     3 1     3P 2( 3.00)        -1.1564        -0.5782       -15.7342

     eps = 1.9E-16  iter = 45

     Etot =   -1051.693315 Ry,    -525.846658 Ha,  -14309.015255 eV
     Total magnetization:   -0.50 Bohr mag. 

     Ekin =    1070.006850 Ry,     535.003425 Ha,   14558.183571 eV
     Encl =   -2520.802362 Ry,   -1260.401181 Ha,  -34297.260357 eV
     Eh   =     458.154393 Ry,     229.077197 Ha,    6233.507534 eV
     Exc  =     -58.628272 Ry,     -29.314136 Ha,    -797.678208 eV

     SIC information:
     Esich=       0.140804 Ry,       0.070402 Ha,       1.915737 eV
     Esicxc=     -0.564729 Ry,      -0.282365 Ha,      -7.683533 eV
     Esictot=    -0.423925 Ry,      -0.211963 Ha,      -5.767795 eV

     tot-Exc=   -58.204347 Ry,     -29.102173 Ha,    -791.910412 eV
     int-Exc=   -59.193001 Ry,     -29.596501 Ha,    -805.361740 eV
     int-Eh=    458.295198 Ry,     229.147599 Ha,    6235.423271 eV


     normalization and overlap integrals

     s(1S/1S) =  1.000000  <r> =   0.0854  <r2> =    0.0098  r(max) =   0.0565
     s(1S/2S) =  0.007429
     s(1S/3S) =  0.002312
     s(2S/2S) =  1.000000  <r> =   0.4146  <r2> =    0.2037  r(max) =   0.3415
     s(2S/3S) =  0.010616
     s(2P/2P) =  1.000000  <r> =   0.3719  <r2> =    0.1714  r(max) =   0.2796
     s(2P/3P) =  0.014683
     s(3S/3S) =  1.000000  <r> =   1.3925  <r2> =    2.2510  r(max) =   1.1707
     s(3P/3P) =  1.000000  <r> =   1.6112  <r2> =    3.0991  r(max) =   1.2784
     s(1S/1S) =  1.000000  <r> =   0.0854  <r2> =    0.0098  r(max) =   0.0565
     s(1S/2S) =  0.007429
     s(1S/3S) =  0.002312
     s(2S/2S) =  1.000000  <r> =   0.4146  <r2> =    0.2037  r(max) =   0.3415
     s(2S/3S) =  0.010616
     s(2P/2P) =  1.000000  <r> =   0.3719  <r2> =    0.1714  r(max) =   0.2796
     s(2P/3P) =  0.014683
     s(3S/3S) =  1.000000  <r> =   1.3925  <r2> =    2.2510  r(max) =   1.1707
     s(3P/3P) =  1.000000  <r> =   1.6112  <r2> =    3.0991  r(max) =   1.2784

     ------------------------ End of All-electron run ------------------------


     occupation(    5 ) =  2.550
     --------------------------- All-electron run ----------------------------

     Ar                                                                         

     atomic number is 18.00
     dft =LDA   lsd =1 sic =1 latt =0  beta=0.30 tr2=1.0E-14 fref=5.0E-01 rhobarfact=1.0E+00
     mesh =1687 r(mesh) =  99.24864 xmin = -6.00 dx = 0.00800
     1 Ry =  13.60569193 eV

     n l     nl                  e(Ry)          e(Ha)          e(eV)
     1 0     1S 1( 1.00)      -235.3236      -117.6618     -3201.7406
     2 0     2S 1( 1.00)       -23.0785       -11.5393      -313.9991
     2 1     2P 1( 3.00)       -18.6325        -9.3163      -253.5086
     3 0     3S 1( 1.00)        -2.2104        -1.1052       -30.0739
     3 1     3P 1( 2.55)        -1.1564        -0.5782       -15.7342
     1 0     1S 2( 1.00)      -235.3236      -117.6618     -3201.7406
     2 0     2S 2( 1.00)       -23.0785       -11.5393      -313.9991
     2 1     2P 2( 3.00)       -18.6325        -9.3163      -253.5086
     3 0     3S 2( 1.00)        -2.2104        -1.1052       -30.0739
     3 1     3P 2( 3.00)        -1.1564        -0.5782       -15.7342

     eps = 1.9E-16  iter = 45

     Etot =   -1051.751117 Ry,    -525.875559 Ha,  -14309.801689 eV
     Total magnetization:   -0.45 Bohr mag. 

     Ekin =    1070.330633 Ry,     535.165316 Ha,   14562.588856 eV
     Encl =   -2522.337077 Ry,   -1261.168538 Ha,  -34318.141211 eV
     Eh   =     459.375745 Ry,     229.687873 Ha,    6250.124870 eV
     Exc  =     -58.695312 Ry,     -29.347656 Ha,    -798.590338 eV

     SIC information:
     Esich=       0.139396 Ry,       0.069698 Ha,       1.896580 eV
     Esicxc=     -0.564502 Ry,      -0.282251 Ha,      -7.680445 eV
     Esictot=    -0.425106 Ry,      -0.212553 Ha,      -5.783865 eV

     tot-Exc=   -58.270206 Ry,     -29.135103 Ha,    -792.806473 eV
     int-Exc=   -59.259815 Ry,     -29.629907 Ha,    -806.270782 eV
     int-Eh=    459.515141 Ry,     229.757571 Ha,    6252.021450 eV


     normalization and overlap integrals

     s(1S/1S) =  1.000000  <r> =   0.0854  <r2> =    0.0098  r(max) =   0.0565
     s(1S/2S) =  0.007429
     s(1S/3S) =  0.002312
     s(2S/2S) =  1.000000  <r> =   0.4146  <r2> =    0.2037  r(max) =   0.3415
     s(2S/3S) =  0.010616
     s(2P/2P) =  1.000000  <r> =   0.3719  <r2> =    0.1714  r(max) =   0.2796
     s(2P/3P) =  0.014683
     s(3S/3S) =  1.000000  <r> =   1.3925  <r2> =    2.2510  r(max) =   1.1707
     s(3P/3P) =  1.000000  <r> =   1.6112  <r2> =    3.0991  r(max) =   1.2784
     s(1S/1S) =  1.000000  <r> =   0.0854  <r2> =    0.0098  r(max) =   0.0565
     s(1S/2S) =  0.007429
     s(1S/3S) =  0.002312
     s(2S/2S) =  1.000000  <r> =   0.4146  <r2> =    0.2037  r(max) =   0.3415
     s(2S/3S) =  0.010616
     s(2P/2P) =  1.000000  <r> =   0.3719  <r2> =    0.1714  r(max) =   0.2796
     s(2P/3P) =  0.014683
     s(3S/3S) =  1.000000  <r> =   1.3925  <r2> =    2.2510  r(max) =   1.1707
     s(3P/3P) =  1.000000  <r> =   1.6112  <r2> =    3.0991  r(max) =   1.2784

     ------------------------ End of All-electron run ------------------------


     occupation(    5 ) =  2.600
     --------------------------- All-electron run ----------------------------

     Ar                                                                         

     atomic number is 18.00
     dft =LDA   lsd =1 sic =1 latt =0  beta=0.30 tr2=1.0E-14 fref=5.0E-01 rhobarfact=1.0E+00
     mesh =1687 r(mesh) =  99.24864 xmin = -6.00 dx = 0.00800
     1 Ry =  13.60569193 eV

     n l     nl                  e(Ry)          e(Ha)          e(eV)
     1 0     1S 1( 1.00)      -235.3236      -117.6618     -3201.7406
     2 0     2S 1( 1.00)       -23.0785       -11.5393      -313.9991
     2 1     2P 1( 3.00)       -18.6325        -9.3163      -253.5086
     3 0     3S 1( 1.00)        -2.2104        -1.1052       -30.0739
     3 1     3P 1( 2.60)        -1.1564        -0.5782       -15.7342
     1 0     1S 2( 1.00)      -235.3236      -117.6618     -3201.7406
     2 0     2S 2( 1.00)       -23.0785       -11.5393      -313.9991
     2 1     2P 2( 3.00)       -18.6325        -9.3163      -253.5086
     3 0     3S 2( 1.00)        -2.2104        -1.1052       -30.0739
     3 1     3P 2( 3.00)        -1.1564        -0.5782       -15.7342

     eps = 1.9E-16  iter = 45

     Etot =   -1051.808948 Ry,    -525.904474 Ha,  -14310.588523 eV
     Total magnetization:   -0.40 Bohr mag. 

     Ekin =    1070.654415 Ry,     535.327208 Ha,   14566.994141 eV
     Encl =   -2523.871791 Ry,   -1261.935896 Ha,  -34339.022066 eV
     Eh   =     460.599913 Ry,     230.299957 Ha,    6266.780520 eV
     Exc  =     -58.762533 Ry,     -29.381266 Ha,    -799.504918 eV

     SIC information:
     Esich=       0.135172 Ry,       0.067586 Ha,       1.839108 eV
     Esicxc=     -0.564125 Ry,      -0.282062 Ha,      -7.675307 eV
     Esictot=    -0.428953 Ry,      -0.214476 Ha,      -5.836199 eV

     tot-Exc=   -58.333580 Ry,     -29.166790 Ha,    -793.668719 eV
     int-Exc=   -59.326657 Ry,     -29.663329 Ha,    -807.180225 eV
     int-Eh=    460.735085 Ry,     230.367542 Ha,    6268.619628 eV


     normalization and overlap integrals

     s(1S/1S) =  1.000000  <r> =   0.0854  <r2> =    0.0098  r(max) =   0.0565
     s(1S/2S) =  0.007429
     s(1S/3S) =  0.002312
     s(2S/2S) =  1.000000  <r> =   0.4146  <r2> =    0.2037  r(max) =   0.3415
     s(2S/3S) =  0.010616
     s(2P/2P) =  1.000000  <r> =   0.3719  <r2> =    0.1714  r(max) =   0.2796
     s(2P/3P) =  0.014683
     s(3S/3S) =  1.000000  <r> =   1.3925  <r2> =    2.2510  r(max) =   1.1707
     s(3P/3P) =  1.000000  <r> =   1.6112  <r2> =    3.0991  r(max) =   1.2784
     s(1S/1S) =  1.000000  <r> =   0.0854  <r2> =    0.0098  r(max) =   0.0565
     s(1S/2S) =  0.007429
     s(1S/3S) =  0.002312
     s(2S/2S) =  1.000000  <r> =   0.4146  <r2> =    0.2037  r(max) =   0.3415
     s(2S/3S) =  0.010616
     s(2P/2P) =  1.000000  <r> =   0.3719  <r2> =    0.1714  r(max) =   0.2796
     s(2P/3P) =  0.014683
     s(3S/3S) =  1.000000  <r> =   1.3925  <r2> =    2.2510  r(max) =   1.1707
     s(3P/3P) =  1.000000  <r> =   1.6112  <r2> =    3.0991  r(max) =   1.2784

     ------------------------ End of All-electron run ------------------------


     occupation(    5 ) =  2.650
     --------------------------- All-electron run ----------------------------

     Ar                                                                         

     atomic number is 18.00
     dft =LDA   lsd =1 sic =1 latt =0  beta=0.30 tr2=1.0E-14 fref=5.0E-01 rhobarfact=1.0E+00
     mesh =1687 r(mesh) =  99.24864 xmin = -6.00 dx = 0.00800
     1 Ry =  13.60569193 eV

     n l     nl                  e(Ry)          e(Ha)          e(eV)
     1 0     1S 1( 1.00)      -235.3236      -117.6618     -3201.7406
     2 0     2S 1( 1.00)       -23.0785       -11.5393      -313.9991
     2 1     2P 1( 3.00)       -18.6325        -9.3163      -253.5086
     3 0     3S 1( 1.00)        -2.2104        -1.1052       -30.0739
     3 1     3P 1( 2.65)        -1.1564        -0.5782       -15.7342
     1 0     1S 2( 1.00)      -235.3236      -117.6618     -3201.7406
     2 0     2S 2( 1.00)       -23.0785       -11.5393      -313.9991
     2 1     2P 2( 3.00)       -18.6325        -9.3163      -253.5086
     3 0     3S 2( 1.00)        -2.2104        -1.1052       -30.0739
     3 1     3P 2( 3.00)        -1.1564        -0.5782       -15.7342

     eps = 1.9E-16  iter = 45

     Etot =   -1051.866754 Ry,    -525.933377 Ha,  -14311.375013 eV
     Total magnetization:   -0.35 Bohr mag. 

     Ekin =    1070.978198 Ry,     535.489099 Ha,   14571.399426 eV
     Encl =   -2525.406506 Ry,   -1262.703253 Ha,  -34359.902920 eV
     Eh   =     461.826897 Ry,     230.913448 Ha,    6283.474485 eV
     Exc  =     -58.829942 Ry,     -29.414971 Ha,    -800.422068 eV

     SIC information:
     Esich=       0.128132 Ry,       0.064066 Ha,       1.743321 eV
     Esicxc=     -0.563533 Ry,      -0.281766 Ha,      -7.667256 eV
     Esictot=    -0.435401 Ry,      -0.217701 Ha,      -5.923935 eV

     tot-Exc=   -58.394541 Ry,     -29.197270 Ha,    -794.498133 eV
     int-Exc=   -59.393475 Ry,     -29.696738 Ha,    -808.089324 eV
     int-Eh=    461.955029 Ry,     230.977514 Ha,    6285.217806 eV


     normalization and overlap integrals

     s(1S/1S) =  1.000000  <r> =   0.0854  <r2> =    0.0098  r(max) =   0.0565
     s(1S/2S) =  0.007429
     s(1S/3S) =  0.002312
     s(2S/2S) =  1.000000  <r> =   0.4146  <r2> =    0.2037  r(max) =   0.3415
     s(2S/3S) =  0.010616
     s(2P/2P) =  1.000000  <r> =   0.3719  <r2> =    0.1714  r(max) =   0.2796
     s(2P/3P) =  0.014683
     s(3S/3S) =  1.000000  <r> =   1.3925  <r2> =    2.2510  r(max) =   1.1707
     s(3P/3P) =  1.000000  <r> =   1.6112  <r2> =    3.0991  r(max) =   1.2784
     s(1S/1S) =  1.000000  <r> =   0.0854  <r2> =    0.0098  r(max) =   0.0565
     s(1S/2S) =  0.007429
     s(1S/3S) =  0.002312
     s(2S/2S) =  1.000000  <r> =   0.4146  <r2> =    0.2037  r(max) =   0.3415
     s(2S/3S) =  0.010616
     s(2P/2P) =  1.000000  <r> =   0.3719  <r2> =    0.1714  r(max) =   0.2796
     s(2P/3P) =  0.014683
     s(3S/3S) =  1.000000  <r> =   1.3925  <r2> =    2.2510  r(max) =   1.1707
     s(3P/3P) =  1.000000  <r> =   1.6112  <r2> =    3.0991  r(max) =   1.2784

     ------------------------ End of All-electron run ------------------------


     occupation(    5 ) =  2.700
     --------------------------- All-electron run ----------------------------

     Ar                                                                         

     atomic number is 18.00
     dft =LDA   lsd =1 sic =1 latt =0  beta=0.30 tr2=1.0E-14 fref=5.0E-01 rhobarfact=1.0E+00
     mesh =1687 r(mesh) =  99.24864 xmin = -6.00 dx = 0.00800
     1 Ry =  13.60569193 eV

     n l     nl                  e(Ry)          e(Ha)          e(eV)
     1 0     1S 1( 1.00)      -235.3236      -117.6618     -3201.7406
     2 0     2S 1( 1.00)       -23.0785       -11.5393      -313.9991
     2 1     2P 1( 3.00)       -18.6325        -9.3163      -253.5086
     3 0     3S 1( 1.00)        -2.2104        -1.1052       -30.0739
     3 1     3P 1( 2.70)        -1.1564        -0.5782       -15.7342
     1 0     1S 2( 1.00)      -235.3236      -117.6618     -3201.7406
     2 0     2S 2( 1.00)       -23.0785       -11.5393      -313.9991
     2 1     2P 2( 3.00)       -18.6325        -9.3163      -253.5086
     3 0     3S 2( 1.00)        -2.2104        -1.1052       -30.0739
     3 1     3P 2( 3.00)        -1.1564        -0.5782       -15.7342

     eps = 1.9E-16  iter = 45

     Etot =   -1051.924536 Ry,    -525.962268 Ha,  -14312.161177 eV
     Total magnetization:   -0.30 Bohr mag. 

     Ekin =    1071.301980 Ry,     535.650990 Ha,   14575.804711 eV
     Encl =   -2526.941221 Ry,   -1263.470610 Ha,  -34380.783775 eV
     Eh   =     463.056697 Ry,     231.528348 Ha,    6300.206765 eV
     Exc  =     -58.897534 Ry,     -29.448767 Ha,    -801.341701 eV

     SIC information:
     Esich=       0.118275 Ry,       0.059138 Ha,       1.609219 eV
     Esicxc=     -0.562735 Ry,      -0.281367 Ha,      -7.656396 eV
     Esictot=    -0.444459 Ry,      -0.222230 Ha,      -6.047177 eV

     tot-Exc=   -58.453075 Ry,     -29.226537 Ha,    -795.294524 eV
     int-Exc=   -59.460269 Ry,     -29.730134 Ha,    -808.998097 eV
     int-Eh=    463.174972 Ry,     231.587486 Ha,    6301.815984 eV


     normalization and overlap integrals

     s(1S/1S) =  1.000000  <r> =   0.0854  <r2> =    0.0098  r(max) =   0.0565
     s(1S/2S) =  0.007429
     s(1S/3S) =  0.002312
     s(2S/2S) =  1.000000  <r> =   0.4146  <r2> =    0.2037  r(max) =   0.3415
     s(2S/3S) =  0.010616
     s(2P/2P) =  1.000000  <r> =   0.3719  <r2> =    0.1714  r(max) =   0.2796
     s(2P/3P) =  0.014683
     s(3S/3S) =  1.000000  <r> =   1.3925  <r2> =    2.2510  r(max) =   1.1707
     s(3P/3P) =  1.000000  <r> =   1.6112  <r2> =    3.0991  r(max) =   1.2784
     s(1S/1S) =  1.000000  <r> =   0.0854  <r2> =    0.0098  r(max) =   0.0565
     s(1S/2S) =  0.007429
     s(1S/3S) =  0.002312
     s(2S/2S) =  1.000000  <r> =   0.4146  <r2> =    0.2037  r(max) =   0.3415
     s(2S/3S) =  0.010616
     s(2P/2P) =  1.000000  <r> =   0.3719  <r2> =    0.1714  r(max) =   0.2796
     s(2P/3P) =  0.014683
     s(3S/3S) =  1.000000  <r> =   1.3925  <r2> =    2.2510  r(max) =   1.1707
     s(3P/3P) =  1.000000  <r> =   1.6112  <r2> =    3.0991  r(max) =   1.2784

     ------------------------ End of All-electron run ------------------------


     occupation(    5 ) =  2.750
     --------------------------- All-electron run ----------------------------

     Ar                                                                         

     atomic number is 18.00
     dft =LDA   lsd =1 sic =1 latt =0  beta=0.30 tr2=1.0E-14 fref=5.0E-01 rhobarfact=1.0E+00
     mesh =1687 r(mesh) =  99.24864 xmin = -6.00 dx = 0.00800
     1 Ry =  13.60569193 eV

     n l     nl                  e(Ry)          e(Ha)          e(eV)
     1 0     1S 1( 1.00)      -235.3236      -117.6618     -3201.7406
     2 0     2S 1( 1.00)       -23.0785       -11.5393      -313.9991
     2 1     2P 1( 3.00)       -18.6325        -9.3163      -253.5086
     3 0     3S 1( 1.00)        -2.2104        -1.1052       -30.0739
     3 1     3P 1( 2.75)        -1.1564        -0.5782       -15.7342
     1 0     1S 2( 1.00)      -235.3236      -117.6618     -3201.7406
     2 0     2S 2( 1.00)       -23.0785       -11.5393      -313.9991
     2 1     2P 2( 3.00)       -18.6325        -9.3163      -253.5086
     3 0     3S 2( 1.00)        -2.2104        -1.1052       -30.0739
     3 1     3P 2( 3.00)        -1.1564        -0.5782       -15.7342

     eps = 1.9E-16  iter = 45

     Etot =   -1051.982349 Ry,    -525.991175 Ha,  -14312.947758 eV
     Total magnetization:   -0.25 Bohr mag. 

     Ekin =    1071.625763 Ry,     535.812882 Ha,   14580.209996 eV
     Encl =   -2528.475935 Ry,   -1264.237968 Ha,  -34401.664630 eV
     Eh   =     464.289313 Ry,     232.144657 Ha,    6316.977360 eV
     Exc  =     -58.965307 Ry,     -29.482653 Ha,    -802.263799 eV

     SIC information:
     Esich=       0.105603 Ry,       0.052802 Ha,       1.436803 eV
     Esicxc=     -0.561786 Ry,      -0.280893 Ha,      -7.643488 eV
     Esictot=    -0.456183 Ry,      -0.228091 Ha,      -6.206685 eV

     tot-Exc=   -58.509124 Ry,     -29.254562 Ha,    -796.057114 eV
     int-Exc=   -59.527093 Ry,     -29.763546 Ha,    -809.907287 eV
     int-Eh=    464.394916 Ry,     232.197458 Ha,    6318.414163 eV


     normalization and overlap integrals

     s(1S/1S) =  1.000000  <r> =   0.0854  <r2> =    0.0098  r(max) =   0.0565
     s(1S/2S) =  0.007429
     s(1S/3S) =  0.002312
     s(2S/2S) =  1.000000  <r> =   0.4146  <r2> =    0.2037  r(max) =   0.3415
     s(2S/3S) =  0.010616
     s(2P/2P) =  1.000000  <r> =   0.3719  <r2> =    0.1714  r(max) =   0.2796
     s(2P/3P) =  0.014683
     s(3S/3S) =  1.000000  <r> =   1.3925  <r2> =    2.2510  r(max) =   1.1707
     s(3P/3P) =  1.000000  <r> =   1.6112  <r2> =    3.0991  r(max) =   1.2784
     s(1S/1S) =  1.000000  <r> =   0.0854  <r2> =    0.0098  r(max) =   0.0565
     s(1S/2S) =  0.007429
     s(1S/3S) =  0.002312
     s(2S/2S) =  1.000000  <r> =   0.4146  <r2> =    0.2037  r(max) =   0.3415
     s(2S/3S) =  0.010616
     s(2P/2P) =  1.000000  <r> =   0.3719  <r2> =    0.1714  r(max) =   0.2796
     s(2P/3P) =  0.014683
     s(3S/3S) =  1.000000  <r> =   1.3925  <r2> =    2.2510  r(max) =   1.1707
     s(3P/3P) =  1.000000  <r> =   1.6112  <r2> =    3.0991  r(max) =   1.2784

     ------------------------ End of All-electron run ------------------------


     occupation(    5 ) =  2.800
     --------------------------- All-electron run ----------------------------

     Ar                                                                         

     atomic number is 18.00
     dft =LDA   lsd =1 sic =1 latt =0  beta=0.30 tr2=1.0E-14 fref=5.0E-01 rhobarfact=1.0E+00
     mesh =1687 r(mesh) =  99.24864 xmin = -6.00 dx = 0.00800
     1 Ry =  13.60569193 eV

     n l     nl                  e(Ry)          e(Ha)          e(eV)
     1 0     1S 1( 1.00)      -235.3236      -117.6618     -3201.7406
     2 0     2S 1( 1.00)       -23.0785       -11.5393      -313.9991
     2 1     2P 1( 3.00)       -18.6325        -9.3163      -253.5086
     3 0     3S 1( 1.00)        -2.2104        -1.1052       -30.0739
     3 1     3P 1( 2.80)        -1.1564        -0.5782       -15.7342
     1 0     1S 2( 1.00)      -235.3236      -117.6618     -3201.7406
     2 0     2S 2( 1.00)       -23.0785       -11.5393      -313.9991
     2 1     2P 2( 3.00)       -18.6325        -9.3163      -253.5086
     3 0     3S 2( 1.00)        -2.2104        -1.1052       -30.0739
     3 1     3P 2( 3.00)        -1.1564        -0.5782       -15.7342

     eps = 1.9E-16  iter = 45

     Etot =   -1052.040176 Ry,    -526.020088 Ha,  -14313.734526 eV
     Total magnetization:   -0.20 Bohr mag. 

     Ekin =    1071.949546 Ry,     535.974773 Ha,   14584.615281 eV
     Encl =   -2530.010650 Ry,   -1265.005325 Ha,  -34422.545484 eV
     Eh   =     465.524745 Ry,     232.762373 Ha,    6333.786269 eV
     Exc  =     -59.033257 Ry,     -29.516629 Ha,    -803.188310 eV

     SIC information:
     Esich=       0.090115 Ry,       0.045057 Ha,       1.226072 eV
     Esicxc=     -0.560674 Ry,      -0.280337 Ha,      -7.628355 eV
     Esictot=    -0.470559 Ry,      -0.235280 Ha,      -6.402283 eV

     tot-Exc=   -58.562698 Ry,     -29.281349 Ha,    -796.786027 eV
     int-Exc=   -59.593931 Ry,     -29.796965 Ha,    -810.816664 eV
     int-Eh=    465.614860 Ry,     232.807430 Ha,    6335.012341 eV


     normalization and overlap integrals

     s(1S/1S) =  1.000000  <r> =   0.0854  <r2> =    0.0098  r(max) =   0.0565
     s(1S/2S) =  0.007429
     s(1S/3S) =  0.002312
     s(2S/2S) =  1.000000  <r> =   0.4146  <r2> =    0.2037  r(max) =   0.3415
     s(2S/3S) =  0.010616
     s(2P/2P) =  1.000000  <r> =   0.3719  <r2> =    0.1714  r(max) =   0.2796
     s(2P/3P) =  0.014683
     s(3S/3S) =  1.000000  <r> =   1.3925  <r2> =    2.2510  r(max) =   1.1707
     s(3P/3P) =  1.000000  <r> =   1.6112  <r2> =    3.0991  r(max) =   1.2784
     s(1S/1S) =  1.000000  <r> =   0.0854  <r2> =    0.0098  r(max) =   0.0565
     s(1S/2S) =  0.007429
     s(1S/3S) =  0.002312
     s(2S/2S) =  1.000000  <r> =   0.4146  <r2> =    0.2037  r(max) =   0.3415
     s(2S/3S) =  0.010616
     s(2P/2P) =  1.000000  <r> =   0.3719  <r2> =    0.1714  r(max) =   0.2796
     s(2P/3P) =  0.014683
     s(3S/3S) =  1.000000  <r> =   1.3925  <r2> =    2.2510  r(max) =   1.1707
     s(3P/3P) =  1.000000  <r> =   1.6112  <r2> =    3.0991  r(max) =   1.2784

     ------------------------ End of All-electron run ------------------------


     occupation(    5 ) =  2.850
     --------------------------- All-electron run ----------------------------

     Ar                                                                         

     atomic number is 18.00
     dft =LDA   lsd =1 sic =1 latt =0  beta=0.30 tr2=1.0E-14 fref=5.0E-01 rhobarfact=1.0E+00
     mesh =1687 r(mesh) =  99.24864 xmin = -6.00 dx = 0.00800
     1 Ry =  13.60569193 eV

     n l     nl                  e(Ry)          e(Ha)          e(eV)
     1 0     1S 1( 1.00)      -235.3236      -117.6618     -3201.7406
     2 0     2S 1( 1.00)       -23.0785       -11.5393      -313.9991
     2 1     2P 1( 3.00)       -18.6325        -9.3163      -253.5086
     3 0     3S 1( 1.00)        -2.2104        -1.1052       -30.0739
     3 1     3P 1( 2.85)        -1.1564        -0.5782       -15.7342
     1 0     1S 2( 1.00)      -235.3236      -117.6618     -3201.7406
     2 0     2S 2( 1.00)       -23.0785       -11.5393      -313.9991
     2 1     2P 2( 3.00)       -18.6325        -9.3163      -253.5086
     3 0     3S 2( 1.00)        -2.2104        -1.1052       -30.0739
     3 1     3P 2( 3.00)        -1.1564        -0.5782       -15.7342

     eps = 1.9E-16  iter = 45

     Etot =   -1052.097981 Ry,    -526.048991 Ha,  -14314.521016 eV
     Total magnetization:   -0.15 Bohr mag. 

     Ekin =    1072.273328 Ry,     536.136664 Ha,   14589.020566 eV
     Encl =   -2531.545365 Ry,   -1265.772682 Ha,  -34443.426339 eV
     Eh   =     466.762993 Ry,     233.381497 Ha,    6350.633493 eV
     Exc  =     -59.101389 Ry,     -29.550694 Ha,    -804.115286 eV

     SIC information:
     Esich=       0.071810 Ry,       0.035905 Ha,       0.977026 eV
     Esicxc=     -0.559360 Ry,      -0.279680 Ha,      -7.610477 eV
     Esictot=    -0.487550 Ry,      -0.243775 Ha,      -6.633451 eV

     tot-Exc=   -58.613839 Ry,     -29.306919 Ha,    -797.481835 eV
     int-Exc=   -59.660748 Ry,     -29.830374 Ha,    -811.725763 eV
     int-Eh=    466.834804 Ry,     233.417402 Ha,    6351.610519 eV


     normalization and overlap integrals

     s(1S/1S) =  1.000000  <r> =   0.0854  <r2> =    0.0098  r(max) =   0.0565
     s(1S/2S) =  0.007429
     s(1S/3S) =  0.002312
     s(2S/2S) =  1.000000  <r> =   0.4146  <r2> =    0.2037  r(max) =   0.3415
     s(2S/3S) =  0.010616
     s(2P/2P) =  1.000000  <r> =   0.3719  <r2> =    0.1714  r(max) =   0.2796
     s(2P/3P) =  0.014683
     s(3S/3S) =  1.000000  <r> =   1.3925  <r2> =    2.2510  r(max) =   1.1707
     s(3P/3P) =  1.000000  <r> =   1.6112  <r2> =    3.0991  r(max) =   1.2784
     s(1S/1S) =  1.000000  <r> =   0.0854  <r2> =    0.0098  r(max) =   0.0565
     s(1S/2S) =  0.007429
     s(1S/3S) =  0.002312
     s(2S/2S) =  1.000000  <r> =   0.4146  <r2> =    0.2037  r(max) =   0.3415
     s(2S/3S) =  0.010616
     s(2P/2P) =  1.000000  <r> =   0.3719  <r2> =    0.1714  r(max) =   0.2796
     s(2P/3P) =  0.014683
     s(3S/3S) =  1.000000  <r> =   1.3925  <r2> =    2.2510  r(max) =   1.1707
     s(3P/3P) =  1.000000  <r> =   1.6112  <r2> =    3.0991  r(max) =   1.2784

     ------------------------ End of All-electron run ------------------------


     occupation(    5 ) =  2.900
     --------------------------- All-electron run ----------------------------

     Ar                                                                         

     atomic number is 18.00
     dft =LDA   lsd =1 sic =1 latt =0  beta=0.30 tr2=1.0E-14 fref=5.0E-01 rhobarfact=1.0E+00
     mesh =1687 r(mesh) =  99.24864 xmin = -6.00 dx = 0.00800
     1 Ry =  13.60569193 eV

     n l     nl                  e(Ry)          e(Ha)          e(eV)
     1 0     1S 1( 1.00)      -235.3236      -117.6618     -3201.7406
     2 0     2S 1( 1.00)       -23.0785       -11.5393      -313.9991
     2 1     2P 1( 3.00)       -18.6325        -9.3163      -253.5086
     3 0     3S 1( 1.00)        -2.2104        -1.1052       -30.0739
     3 1     3P 1( 2.90)        -1.1564        -0.5782       -15.7342
     1 0     1S 2( 1.00)      -235.3236      -117.6618     -3201.7406
     2 0     2S 2( 1.00)       -23.0785       -11.5393      -313.9991
     2 1     2P 2( 3.00)       -18.6325        -9.3163      -253.5086
     3 0     3S 2( 1.00)        -2.2104        -1.1052       -30.0739
     3 1     3P 2( 3.00)        -1.1564        -0.5782       -15.7342

     eps = 1.9E-16  iter = 45

     Etot =   -1052.155799 Ry,    -526.077899 Ha,  -14315.307657 eV
     Total magnetization:   -0.10 Bohr mag. 

     Ekin =    1072.597111 Ry,     536.298555 Ha,   14593.425851 eV
     Encl =   -2533.080079 Ry,   -1266.540040 Ha,  -34464.307193 eV
     Eh   =     468.004058 Ry,     234.002029 Ha,    6367.519032 eV
     Exc  =     -59.169697 Ry,     -29.584849 Ha,    -805.044676 eV

     SIC information:
     Esich=       0.050689 Ry,       0.025345 Ha,       0.689665 eV
     Esicxc=     -0.557880 Ry,      -0.278940 Ha,      -7.590337 eV
     Esictot=    -0.507190 Ry,      -0.253595 Ha,      -6.900672 eV

     tot-Exc=   -58.662507 Ry,     -29.331254 Ha,    -798.144004 eV
     int-Exc=   -59.727577 Ry,     -29.863789 Ha,    -812.635013 eV
     int-Eh=    468.054747 Ry,     234.027374 Ha,    6368.208697 eV


     normalization and overlap integrals

     s(1S/1S) =  1.000000  <r> =   0.0854  <r2> =    0.0098  r(max) =   0.0565
     s(1S/2S) =  0.007429
     s(1S/3S) =  0.002312
     s(2S/2S) =  1.000000  <r> =   0.4146  <r2> =    0.2037  r(max) =   0.3415
     s(2S/3S) =  0.010616
     s(2P/2P) =  1.000000  <r> =   0.3719  <r2> =    0.1714  r(max) =   0.2796
     s(2P/3P) =  0.014683
     s(3S/3S) =  1.000000  <r> =   1.3925  <r2> =    2.2510  r(max) =   1.1707
     s(3P/3P) =  1.000000  <r> =   1.6112  <r2> =    3.0991  r(max) =   1.2784
     s(1S/1S) =  1.000000  <r> =   0.0854  <r2> =    0.0098  r(max) =   0.0565
     s(1S/2S) =  0.007429
     s(1S/3S) =  0.002312
     s(2S/2S) =  1.000000  <r> =   0.4146  <r2> =    0.2037  r(max) =   0.3415
     s(2S/3S) =  0.010616
     s(2P/2P) =  1.000000  <r> =   0.3719  <r2> =    0.1714  r(max) =   0.2796
     s(2P/3P) =  0.014683
     s(3S/3S) =  1.000000  <r> =   1.3925  <r2> =    2.2510  r(max) =   1.1707
     s(3P/3P) =  1.000000  <r> =   1.6112  <r2> =    3.0991  r(max) =   1.2784

     ------------------------ End of All-electron run ------------------------


     occupation(    5 ) =  2.950
     --------------------------- All-electron run ----------------------------

     Ar                                                                         

     atomic number is 18.00
     dft =LDA   lsd =1 sic =1 latt =0  beta=0.30 tr2=1.0E-14 fref=5.0E-01 rhobarfact=1.0E+00
     mesh =1687 r(mesh) =  99.24864 xmin = -6.00 dx = 0.00800
     1 Ry =  13.60569193 eV

     n l     nl                  e(Ry)          e(Ha)          e(eV)
     1 0     1S 1( 1.00)      -235.3236      -117.6618     -3201.7406
     2 0     2S 1( 1.00)       -23.0785       -11.5393      -313.9991
     2 1     2P 1( 3.00)       -18.6325        -9.3163      -253.5086
     3 0     3S 1( 1.00)        -2.2104        -1.1052       -30.0739
     3 1     3P 1( 2.95)        -1.1564        -0.5782       -15.7342
     1 0     1S 2( 1.00)      -235.3236      -117.6618     -3201.7406
     2 0     2S 2( 1.00)       -23.0785       -11.5393      -313.9991
     2 1     2P 2( 3.00)       -18.6325        -9.3163      -253.5086
     3 0     3S 2( 1.00)        -2.2104        -1.1052       -30.0739
     3 1     3P 2( 3.00)        -1.1564        -0.5782       -15.7342

     eps = 1.9E-16  iter = 45

     Etot =   -1052.213646 Ry,    -526.106823 Ha,  -14316.094709 eV
     Total magnetization:   -0.05 Bohr mag. 

     Ekin =    1072.920893 Ry,     536.460447 Ha,   14597.831136 eV
     Encl =   -2534.614794 Ry,   -1267.307397 Ha,  -34485.188048 eV
     Eh   =     469.247938 Ry,     234.623969 Ha,    6384.442886 eV
     Exc  =     -59.238177 Ry,     -29.619089 Ha,    -805.976390 eV

     SIC information:
     Esich=       0.026753 Ry,       0.013376 Ha,       0.363990 eV
     Esicxc=     -0.556259 Ry,      -0.278129 Ha,      -7.568283 eV
     Esictot=    -0.529506 Ry,      -0.264753 Ha,      -7.204293 eV

     tot-Exc=   -58.708671 Ry,     -29.354336 Ha,    -798.772097 eV
     int-Exc=   -59.794436 Ry,     -29.897218 Ha,    -813.544673 eV
     int-Eh=    469.274691 Ry,     234.637345 Ha,    6384.806876 eV


     normalization and overlap integrals

     s(1S/1S) =  1.000000  <r> =   0.0854  <r2> =    0.0098  r(max) =   0.0565
     s(1S/2S) =  0.007429
     s(1S/3S) =  0.002312
     s(2S/2S) =  1.000000  <r> =   0.4146  <r2> =    0.2037  r(max) =   0.3415
     s(2S/3S) =  0.010616
     s(2P/2P) =  1.000000  <r> =   0.3719  <r2> =    0.1714  r(max) =   0.2796
     s(2P/3P) =  0.014683
     s(3S/3S) =  1.000000  <r> =   1.3925  <r2> =    2.2510  r(max) =   1.1707
     s(3P/3P) =  1.000000  <r> =   1.6112  <r2> =    3.0991  r(max) =   1.2784
     s(1S/1S) =  1.000000  <r> =   0.0854  <r2> =    0.0098  r(max) =   0.0565
     s(1S/2S) =  0.007429
     s(1S/3S) =  0.002312
     s(2S/2S) =  1.000000  <r> =   0.4146  <r2> =    0.2037  r(max) =   0.3415
     s(2S/3S) =  0.010616
     s(2P/2P) =  1.000000  <r> =   0.3719  <r2> =    0.1714  r(max) =   0.2796
     s(2P/3P) =  0.014683
     s(3S/3S) =  1.000000  <r> =   1.3925  <r2> =    2.2510  r(max) =   1.1707
     s(3P/3P) =  1.000000  <r> =   1.6112  <r2> =    3.0991  r(max) =   1.2784

     ------------------------ End of All-electron run ------------------------


     occupation(    5 ) =  3.000
     --------------------------- All-electron run ----------------------------

     Ar                                                                         

     atomic number is 18.00
     dft =LDA   lsd =1 sic =1 latt =0  beta=0.30 tr2=1.0E-14 fref=5.0E-01 rhobarfact=1.0E+00
     mesh =1687 r(mesh) =  99.24864 xmin = -6.00 dx = 0.00800
     1 Ry =  13.60569193 eV

     n l     nl                  e(Ry)          e(Ha)          e(eV)
     1 0     1S 1( 1.00)      -235.3236      -117.6618     -3201.7406
     2 0     2S 1( 1.00)       -23.0785       -11.5393      -313.9991
     2 1     2P 1( 3.00)       -18.6325        -9.3163      -253.5086
     3 0     3S 1( 1.00)        -2.2104        -1.1052       -30.0739
     3 1     3P 1( 3.00)        -1.1564        -0.5782       -15.7342
     1 0     1S 2( 1.00)      -235.3236      -117.6618     -3201.7406
     2 0     2S 2( 1.00)       -23.0785       -11.5393      -313.9991
     2 1     2P 2( 3.00)       -18.6325        -9.3163      -253.5086
     3 0     3S 2( 1.00)        -2.2104        -1.1052       -30.0739
     3 1     3P 2( 3.00)        -1.1564        -0.5782       -15.7342

     eps = 1.9E-16  iter = 45

     Etot =   -1052.271449 Ry,    -526.135724 Ha,  -14316.881159 eV
     Total magnetization:    0.00 Bohr mag. 

     Ekin =    1073.244676 Ry,     536.622338 Ha,   14602.236421 eV
     Encl =   -2536.149509 Ry,   -1268.074754 Ha,  -34506.068902 eV
     Eh   =     470.494635 Ry,     235.247317 Ha,    6401.405054 eV
     Exc  =     -59.306837 Ry,     -29.653419 Ha,    -806.910558 eV

     SIC information:
     Esich=       0.000000 Ry,       0.000000 Ha,       0.000000 eV
     Esicxc=     -0.554413 Ry,      -0.277207 Ha,      -7.543174 eV
     Esictot=    -0.554413 Ry,      -0.277207 Ha,      -7.543174 eV

     tot-Exc=   -58.752424 Ry,     -29.376212 Ha,    -799.367385 eV
     int-Exc=   -59.861250 Ry,     -29.930625 Ha,    -814.453732 eV
     int-Eh=    470.494635 Ry,     235.247317 Ha,    6401.405054 eV


     normalization and overlap integrals

     s(1S/1S) =  1.000000  <r> =   0.0854  <r2> =    0.0098  r(max) =   0.0565
     s(1S/2S) =  0.007429
     s(1S/3S) =  0.002312
     s(2S/2S) =  1.000000  <r> =   0.4146  <r2> =    0.2037  r(max) =   0.3415
     s(2S/3S) =  0.010616
     s(2P/2P) =  1.000000  <r> =   0.3719  <r2> =    0.1714  r(max) =   0.2796
     s(2P/3P) =  0.014683
     s(3S/3S) =  1.000000  <r> =   1.3925  <r2> =    2.2510  r(max) =   1.1707
     s(3P/3P) =  1.000000  <r> =   1.6112  <r2> =    3.0991  r(max) =   1.2784
     s(1S/1S) =  1.000000  <r> =   0.0854  <r2> =    0.0098  r(max) =   0.0565
     s(1S/2S) =  0.007429
     s(1S/3S) =  0.002312
     s(2S/2S) =  1.000000  <r> =   0.4146  <r2> =    0.2037  r(max) =   0.3415
     s(2S/3S) =  0.010616
     s(2P/2P) =  1.000000  <r> =   0.3719  <r2> =    0.1714  r(max) =   0.2796
     s(2P/3P) =  0.014683
     s(3S/3S) =  1.000000  <r> =   1.3925  <r2> =    2.2510  r(max) =   1.1707
     s(3P/3P) =  1.000000  <r> =   1.6112  <r2> =    3.0991  r(max) =   1.2784

     ------------------------ End of All-electron run ------------------------

